[2023-02-14T13:25:09.924+0000] {processor.py:153} INFO - Started process (PID=58) to work on /home/airflow/.local/lib/python3.7/site-packages/airflow/example_dags/example_short_circuit_operator.py
[2023-02-14T13:25:09.925+0000] {processor.py:743} INFO - Processing file /home/airflow/.local/lib/python3.7/site-packages/airflow/example_dags/example_short_circuit_operator.py for tasks to queue
[2023-02-14T13:25:09.926+0000] {logging_mixin.py:137} INFO - [2023-02-14T13:25:09.926+0000] {dagbag.py:538} INFO - Filling up the DagBag from /home/airflow/.local/lib/python3.7/site-packages/airflow/example_dags/example_short_circuit_operator.py
[2023-02-14T13:25:09.950+0000] {processor.py:753} INFO - DAG(s) dict_keys(['example_short_circuit_operator']) retrieved from /home/airflow/.local/lib/python3.7/site-packages/airflow/example_dags/example_short_circuit_operator.py
[2023-02-14T13:25:09.969+0000] {logging_mixin.py:137} INFO - [2023-02-14T13:25:09.969+0000] {dag.py:2690} INFO - Sync 1 DAGs
[2023-02-14T13:25:10.009+0000] {logging_mixin.py:137} INFO - [2023-02-14T13:25:10.009+0000] {dag.py:3441} INFO - Setting next_dagrun for example_short_circuit_operator to 2023-02-13T13:25:10.009269+00:00, run_after=2023-02-14T13:25:10.009269+00:00
[2023-02-14T13:25:10.058+0000] {processor.py:175} INFO - Processing /home/airflow/.local/lib/python3.7/site-packages/airflow/example_dags/example_short_circuit_operator.py took 0.138 seconds
[2023-02-14T13:25:40.371+0000] {processor.py:153} INFO - Started process (PID=129) to work on /home/airflow/.local/lib/python3.7/site-packages/airflow/example_dags/example_short_circuit_operator.py
[2023-02-14T13:25:40.372+0000] {processor.py:743} INFO - Processing file /home/airflow/.local/lib/python3.7/site-packages/airflow/example_dags/example_short_circuit_operator.py for tasks to queue
[2023-02-14T13:25:40.373+0000] {logging_mixin.py:137} INFO - [2023-02-14T13:25:40.373+0000] {dagbag.py:538} INFO - Filling up the DagBag from /home/airflow/.local/lib/python3.7/site-packages/airflow/example_dags/example_short_circuit_operator.py
[2023-02-14T13:25:40.403+0000] {processor.py:753} INFO - DAG(s) dict_keys(['example_short_circuit_operator']) retrieved from /home/airflow/.local/lib/python3.7/site-packages/airflow/example_dags/example_short_circuit_operator.py
[2023-02-14T13:25:40.434+0000] {logging_mixin.py:137} INFO - [2023-02-14T13:25:40.434+0000] {dag.py:2690} INFO - Sync 1 DAGs
[2023-02-14T13:25:40.464+0000] {logging_mixin.py:137} INFO - [2023-02-14T13:25:40.464+0000] {dag.py:3441} INFO - Setting next_dagrun for example_short_circuit_operator to 2023-02-13T13:25:40.464190+00:00, run_after=2023-02-14T13:25:40.464190+00:00
[2023-02-14T13:25:40.488+0000] {processor.py:175} INFO - Processing /home/airflow/.local/lib/python3.7/site-packages/airflow/example_dags/example_short_circuit_operator.py took 0.121 seconds
[2023-02-14T13:26:11.424+0000] {processor.py:153} INFO - Started process (PID=198) to work on /home/airflow/.local/lib/python3.7/site-packages/airflow/example_dags/example_short_circuit_operator.py
[2023-02-14T13:26:11.426+0000] {processor.py:743} INFO - Processing file /home/airflow/.local/lib/python3.7/site-packages/airflow/example_dags/example_short_circuit_operator.py for tasks to queue
[2023-02-14T13:26:11.427+0000] {logging_mixin.py:137} INFO - [2023-02-14T13:26:11.427+0000] {dagbag.py:538} INFO - Filling up the DagBag from /home/airflow/.local/lib/python3.7/site-packages/airflow/example_dags/example_short_circuit_operator.py
[2023-02-14T13:26:11.460+0000] {processor.py:753} INFO - DAG(s) dict_keys(['example_short_circuit_operator']) retrieved from /home/airflow/.local/lib/python3.7/site-packages/airflow/example_dags/example_short_circuit_operator.py
[2023-02-14T13:26:11.515+0000] {logging_mixin.py:137} INFO - [2023-02-14T13:26:11.514+0000] {dag.py:2690} INFO - Sync 1 DAGs
[2023-02-14T13:26:11.586+0000] {logging_mixin.py:137} INFO - [2023-02-14T13:26:11.585+0000] {dag.py:3441} INFO - Setting next_dagrun for example_short_circuit_operator to 2023-02-13T13:26:11.585146+00:00, run_after=2023-02-14T13:26:11.585146+00:00
[2023-02-14T13:26:11.633+0000] {processor.py:175} INFO - Processing /home/airflow/.local/lib/python3.7/site-packages/airflow/example_dags/example_short_circuit_operator.py took 0.215 seconds
[2023-02-14T13:26:42.666+0000] {processor.py:153} INFO - Started process (PID=268) to work on /home/airflow/.local/lib/python3.7/site-packages/airflow/example_dags/example_short_circuit_operator.py
[2023-02-14T13:26:42.669+0000] {processor.py:743} INFO - Processing file /home/airflow/.local/lib/python3.7/site-packages/airflow/example_dags/example_short_circuit_operator.py for tasks to queue
[2023-02-14T13:26:42.670+0000] {logging_mixin.py:137} INFO - [2023-02-14T13:26:42.670+0000] {dagbag.py:538} INFO - Filling up the DagBag from /home/airflow/.local/lib/python3.7/site-packages/airflow/example_dags/example_short_circuit_operator.py
[2023-02-14T13:26:42.710+0000] {processor.py:753} INFO - DAG(s) dict_keys(['example_short_circuit_operator']) retrieved from /home/airflow/.local/lib/python3.7/site-packages/airflow/example_dags/example_short_circuit_operator.py
[2023-02-14T13:26:42.751+0000] {logging_mixin.py:137} INFO - [2023-02-14T13:26:42.751+0000] {dag.py:2690} INFO - Sync 1 DAGs
[2023-02-14T13:26:42.810+0000] {logging_mixin.py:137} INFO - [2023-02-14T13:26:42.810+0000] {dag.py:3441} INFO - Setting next_dagrun for example_short_circuit_operator to 2023-02-13T13:26:42.809745+00:00, run_after=2023-02-14T13:26:42.809745+00:00
[2023-02-14T13:26:42.867+0000] {processor.py:175} INFO - Processing /home/airflow/.local/lib/python3.7/site-packages/airflow/example_dags/example_short_circuit_operator.py took 0.208 seconds
[2023-02-14T13:27:13.417+0000] {processor.py:153} INFO - Started process (PID=348) to work on /home/airflow/.local/lib/python3.7/site-packages/airflow/example_dags/example_short_circuit_operator.py
[2023-02-14T13:27:13.418+0000] {processor.py:743} INFO - Processing file /home/airflow/.local/lib/python3.7/site-packages/airflow/example_dags/example_short_circuit_operator.py for tasks to queue
[2023-02-14T13:27:13.418+0000] {logging_mixin.py:137} INFO - [2023-02-14T13:27:13.418+0000] {dagbag.py:538} INFO - Filling up the DagBag from /home/airflow/.local/lib/python3.7/site-packages/airflow/example_dags/example_short_circuit_operator.py
[2023-02-14T13:27:13.433+0000] {processor.py:753} INFO - DAG(s) dict_keys(['example_short_circuit_operator']) retrieved from /home/airflow/.local/lib/python3.7/site-packages/airflow/example_dags/example_short_circuit_operator.py
[2023-02-14T13:27:13.459+0000] {logging_mixin.py:137} INFO - [2023-02-14T13:27:13.458+0000] {dag.py:2690} INFO - Sync 1 DAGs
[2023-02-14T13:27:13.487+0000] {logging_mixin.py:137} INFO - [2023-02-14T13:27:13.487+0000] {dag.py:3441} INFO - Setting next_dagrun for example_short_circuit_operator to 2023-02-13T13:27:13.487435+00:00, run_after=2023-02-14T13:27:13.487435+00:00
[2023-02-14T13:27:13.525+0000] {processor.py:175} INFO - Processing /home/airflow/.local/lib/python3.7/site-packages/airflow/example_dags/example_short_circuit_operator.py took 0.111 seconds
[2023-02-14T13:27:44.202+0000] {processor.py:153} INFO - Started process (PID=426) to work on /home/airflow/.local/lib/python3.7/site-packages/airflow/example_dags/example_short_circuit_operator.py
[2023-02-14T13:27:44.203+0000] {processor.py:743} INFO - Processing file /home/airflow/.local/lib/python3.7/site-packages/airflow/example_dags/example_short_circuit_operator.py for tasks to queue
[2023-02-14T13:27:44.205+0000] {logging_mixin.py:137} INFO - [2023-02-14T13:27:44.204+0000] {dagbag.py:538} INFO - Filling up the DagBag from /home/airflow/.local/lib/python3.7/site-packages/airflow/example_dags/example_short_circuit_operator.py
[2023-02-14T13:27:44.232+0000] {processor.py:753} INFO - DAG(s) dict_keys(['example_short_circuit_operator']) retrieved from /home/airflow/.local/lib/python3.7/site-packages/airflow/example_dags/example_short_circuit_operator.py
[2023-02-14T13:27:44.277+0000] {logging_mixin.py:137} INFO - [2023-02-14T13:27:44.277+0000] {dag.py:2690} INFO - Sync 1 DAGs
[2023-02-14T13:27:44.314+0000] {logging_mixin.py:137} INFO - [2023-02-14T13:27:44.314+0000] {dag.py:3441} INFO - Setting next_dagrun for example_short_circuit_operator to 2023-02-13T13:27:44.314191+00:00, run_after=2023-02-14T13:27:44.314191+00:00
[2023-02-14T13:27:44.339+0000] {processor.py:175} INFO - Processing /home/airflow/.local/lib/python3.7/site-packages/airflow/example_dags/example_short_circuit_operator.py took 0.143 seconds
[2023-02-14T13:28:15.530+0000] {processor.py:153} INFO - Started process (PID=497) to work on /home/airflow/.local/lib/python3.7/site-packages/airflow/example_dags/example_short_circuit_operator.py
[2023-02-14T13:28:15.532+0000] {processor.py:743} INFO - Processing file /home/airflow/.local/lib/python3.7/site-packages/airflow/example_dags/example_short_circuit_operator.py for tasks to queue
[2023-02-14T13:28:15.534+0000] {logging_mixin.py:137} INFO - [2023-02-14T13:28:15.533+0000] {dagbag.py:538} INFO - Filling up the DagBag from /home/airflow/.local/lib/python3.7/site-packages/airflow/example_dags/example_short_circuit_operator.py
[2023-02-14T13:28:15.576+0000] {processor.py:753} INFO - DAG(s) dict_keys(['example_short_circuit_operator']) retrieved from /home/airflow/.local/lib/python3.7/site-packages/airflow/example_dags/example_short_circuit_operator.py
[2023-02-14T13:28:15.645+0000] {logging_mixin.py:137} INFO - [2023-02-14T13:28:15.645+0000] {dag.py:2690} INFO - Sync 1 DAGs
[2023-02-14T13:28:15.745+0000] {logging_mixin.py:137} INFO - [2023-02-14T13:28:15.744+0000] {dag.py:3441} INFO - Setting next_dagrun for example_short_circuit_operator to 2023-02-13T13:28:15.743749+00:00, run_after=2023-02-14T13:28:15.743749+00:00
[2023-02-14T13:28:15.813+0000] {processor.py:175} INFO - Processing /home/airflow/.local/lib/python3.7/site-packages/airflow/example_dags/example_short_circuit_operator.py took 0.288 seconds
[2023-02-14T13:28:46.459+0000] {processor.py:153} INFO - Started process (PID=576) to work on /home/airflow/.local/lib/python3.7/site-packages/airflow/example_dags/example_short_circuit_operator.py
[2023-02-14T13:28:46.460+0000] {processor.py:743} INFO - Processing file /home/airflow/.local/lib/python3.7/site-packages/airflow/example_dags/example_short_circuit_operator.py for tasks to queue
[2023-02-14T13:28:46.461+0000] {logging_mixin.py:137} INFO - [2023-02-14T13:28:46.460+0000] {dagbag.py:538} INFO - Filling up the DagBag from /home/airflow/.local/lib/python3.7/site-packages/airflow/example_dags/example_short_circuit_operator.py
[2023-02-14T13:28:46.477+0000] {processor.py:753} INFO - DAG(s) dict_keys(['example_short_circuit_operator']) retrieved from /home/airflow/.local/lib/python3.7/site-packages/airflow/example_dags/example_short_circuit_operator.py
[2023-02-14T13:28:46.504+0000] {logging_mixin.py:137} INFO - [2023-02-14T13:28:46.504+0000] {dag.py:2690} INFO - Sync 1 DAGs
[2023-02-14T13:28:46.530+0000] {logging_mixin.py:137} INFO - [2023-02-14T13:28:46.530+0000] {dag.py:3441} INFO - Setting next_dagrun for example_short_circuit_operator to 2023-02-13T13:28:46.530255+00:00, run_after=2023-02-14T13:28:46.530255+00:00
[2023-02-14T13:28:46.552+0000] {processor.py:175} INFO - Processing /home/airflow/.local/lib/python3.7/site-packages/airflow/example_dags/example_short_circuit_operator.py took 0.097 seconds
[2023-02-14T13:29:16.846+0000] {processor.py:153} INFO - Started process (PID=647) to work on /home/airflow/.local/lib/python3.7/site-packages/airflow/example_dags/example_short_circuit_operator.py
[2023-02-14T13:29:16.849+0000] {processor.py:743} INFO - Processing file /home/airflow/.local/lib/python3.7/site-packages/airflow/example_dags/example_short_circuit_operator.py for tasks to queue
[2023-02-14T13:29:16.850+0000] {logging_mixin.py:137} INFO - [2023-02-14T13:29:16.850+0000] {dagbag.py:538} INFO - Filling up the DagBag from /home/airflow/.local/lib/python3.7/site-packages/airflow/example_dags/example_short_circuit_operator.py
[2023-02-14T13:29:16.906+0000] {processor.py:753} INFO - DAG(s) dict_keys(['example_short_circuit_operator']) retrieved from /home/airflow/.local/lib/python3.7/site-packages/airflow/example_dags/example_short_circuit_operator.py
[2023-02-14T13:29:16.999+0000] {logging_mixin.py:137} INFO - [2023-02-14T13:29:16.999+0000] {dag.py:2690} INFO - Sync 1 DAGs
[2023-02-14T13:29:17.076+0000] {logging_mixin.py:137} INFO - [2023-02-14T13:29:17.075+0000] {dag.py:3441} INFO - Setting next_dagrun for example_short_circuit_operator to 2023-02-13T13:29:17.075346+00:00, run_after=2023-02-14T13:29:17.075346+00:00
[2023-02-14T13:29:17.176+0000] {processor.py:175} INFO - Processing /home/airflow/.local/lib/python3.7/site-packages/airflow/example_dags/example_short_circuit_operator.py took 0.336 seconds
[2023-02-14T13:29:47.553+0000] {processor.py:153} INFO - Started process (PID=726) to work on /home/airflow/.local/lib/python3.7/site-packages/airflow/example_dags/example_short_circuit_operator.py
[2023-02-14T13:29:47.555+0000] {processor.py:743} INFO - Processing file /home/airflow/.local/lib/python3.7/site-packages/airflow/example_dags/example_short_circuit_operator.py for tasks to queue
[2023-02-14T13:29:47.557+0000] {logging_mixin.py:137} INFO - [2023-02-14T13:29:47.556+0000] {dagbag.py:538} INFO - Filling up the DagBag from /home/airflow/.local/lib/python3.7/site-packages/airflow/example_dags/example_short_circuit_operator.py
[2023-02-14T13:29:47.583+0000] {processor.py:753} INFO - DAG(s) dict_keys(['example_short_circuit_operator']) retrieved from /home/airflow/.local/lib/python3.7/site-packages/airflow/example_dags/example_short_circuit_operator.py
[2023-02-14T13:29:47.629+0000] {logging_mixin.py:137} INFO - [2023-02-14T13:29:47.629+0000] {dag.py:2690} INFO - Sync 1 DAGs
[2023-02-14T13:29:47.681+0000] {logging_mixin.py:137} INFO - [2023-02-14T13:29:47.680+0000] {dag.py:3441} INFO - Setting next_dagrun for example_short_circuit_operator to 2023-02-13T13:29:47.680509+00:00, run_after=2023-02-14T13:29:47.680509+00:00
[2023-02-14T13:29:47.723+0000] {processor.py:175} INFO - Processing /home/airflow/.local/lib/python3.7/site-packages/airflow/example_dags/example_short_circuit_operator.py took 0.174 seconds
