[2023-02-14T13:25:10.224+0000] {processor.py:153} INFO - Started process (PID=62) to work on /home/airflow/.local/lib/python3.7/site-packages/airflow/example_dags/example_sla_dag.py
[2023-02-14T13:25:10.225+0000] {processor.py:743} INFO - Processing file /home/airflow/.local/lib/python3.7/site-packages/airflow/example_dags/example_sla_dag.py for tasks to queue
[2023-02-14T13:25:10.226+0000] {logging_mixin.py:137} INFO - [2023-02-14T13:25:10.225+0000] {dagbag.py:538} INFO - Filling up the DagBag from /home/airflow/.local/lib/python3.7/site-packages/airflow/example_dags/example_sla_dag.py
[2023-02-14T13:25:10.283+0000] {processor.py:753} INFO - DAG(s) dict_keys(['example_sla_dag']) retrieved from /home/airflow/.local/lib/python3.7/site-packages/airflow/example_dags/example_sla_dag.py
[2023-02-14T13:25:10.325+0000] {logging_mixin.py:137} INFO - [2023-02-14T13:25:10.325+0000] {dag.py:2690} INFO - Sync 1 DAGs
[2023-02-14T13:25:10.372+0000] {logging_mixin.py:137} INFO - [2023-02-14T13:25:10.371+0000] {dag.py:3441} INFO - Setting next_dagrun for example_sla_dag to 2023-02-14T13:22:00+00:00, run_after=2023-02-14T13:24:00+00:00
[2023-02-14T13:25:10.404+0000] {processor.py:175} INFO - Processing /home/airflow/.local/lib/python3.7/site-packages/airflow/example_dags/example_sla_dag.py took 0.185 seconds
[2023-02-14T13:25:40.653+0000] {processor.py:153} INFO - Started process (PID=133) to work on /home/airflow/.local/lib/python3.7/site-packages/airflow/example_dags/example_sla_dag.py
[2023-02-14T13:25:40.654+0000] {processor.py:743} INFO - Processing file /home/airflow/.local/lib/python3.7/site-packages/airflow/example_dags/example_sla_dag.py for tasks to queue
[2023-02-14T13:25:40.655+0000] {logging_mixin.py:137} INFO - [2023-02-14T13:25:40.655+0000] {dagbag.py:538} INFO - Filling up the DagBag from /home/airflow/.local/lib/python3.7/site-packages/airflow/example_dags/example_sla_dag.py
[2023-02-14T13:25:40.678+0000] {processor.py:753} INFO - DAG(s) dict_keys(['example_sla_dag']) retrieved from /home/airflow/.local/lib/python3.7/site-packages/airflow/example_dags/example_sla_dag.py
[2023-02-14T13:25:40.699+0000] {logging_mixin.py:137} INFO - [2023-02-14T13:25:40.699+0000] {dag.py:2690} INFO - Sync 1 DAGs
[2023-02-14T13:25:40.728+0000] {logging_mixin.py:137} INFO - [2023-02-14T13:25:40.728+0000] {dag.py:3441} INFO - Setting next_dagrun for example_sla_dag to 2023-02-14T13:22:00+00:00, run_after=2023-02-14T13:24:00+00:00
[2023-02-14T13:25:40.746+0000] {processor.py:175} INFO - Processing /home/airflow/.local/lib/python3.7/site-packages/airflow/example_dags/example_sla_dag.py took 0.095 seconds
[2023-02-14T13:26:11.966+0000] {processor.py:153} INFO - Started process (PID=202) to work on /home/airflow/.local/lib/python3.7/site-packages/airflow/example_dags/example_sla_dag.py
[2023-02-14T13:26:11.969+0000] {processor.py:743} INFO - Processing file /home/airflow/.local/lib/python3.7/site-packages/airflow/example_dags/example_sla_dag.py for tasks to queue
[2023-02-14T13:26:11.970+0000] {logging_mixin.py:137} INFO - [2023-02-14T13:26:11.970+0000] {dagbag.py:538} INFO - Filling up the DagBag from /home/airflow/.local/lib/python3.7/site-packages/airflow/example_dags/example_sla_dag.py
[2023-02-14T13:26:12.025+0000] {processor.py:753} INFO - DAG(s) dict_keys(['example_sla_dag']) retrieved from /home/airflow/.local/lib/python3.7/site-packages/airflow/example_dags/example_sla_dag.py
[2023-02-14T13:26:12.068+0000] {logging_mixin.py:137} INFO - [2023-02-14T13:26:12.068+0000] {dag.py:2690} INFO - Sync 1 DAGs
[2023-02-14T13:26:12.134+0000] {logging_mixin.py:137} INFO - [2023-02-14T13:26:12.133+0000] {dag.py:3441} INFO - Setting next_dagrun for example_sla_dag to 2023-02-14T13:24:00+00:00, run_after=2023-02-14T13:26:00+00:00
[2023-02-14T13:26:12.168+0000] {processor.py:175} INFO - Processing /home/airflow/.local/lib/python3.7/site-packages/airflow/example_dags/example_sla_dag.py took 0.209 seconds
[2023-02-14T13:26:43.233+0000] {processor.py:153} INFO - Started process (PID=279) to work on /home/airflow/.local/lib/python3.7/site-packages/airflow/example_dags/example_sla_dag.py
[2023-02-14T13:26:43.240+0000] {processor.py:743} INFO - Processing file /home/airflow/.local/lib/python3.7/site-packages/airflow/example_dags/example_sla_dag.py for tasks to queue
[2023-02-14T13:26:43.241+0000] {logging_mixin.py:137} INFO - [2023-02-14T13:26:43.241+0000] {dagbag.py:538} INFO - Filling up the DagBag from /home/airflow/.local/lib/python3.7/site-packages/airflow/example_dags/example_sla_dag.py
[2023-02-14T13:26:43.320+0000] {processor.py:753} INFO - DAG(s) dict_keys(['example_sla_dag']) retrieved from /home/airflow/.local/lib/python3.7/site-packages/airflow/example_dags/example_sla_dag.py
[2023-02-14T13:26:43.401+0000] {logging_mixin.py:137} INFO - [2023-02-14T13:26:43.401+0000] {dag.py:2690} INFO - Sync 1 DAGs
[2023-02-14T13:26:43.465+0000] {logging_mixin.py:137} INFO - [2023-02-14T13:26:43.465+0000] {dag.py:3441} INFO - Setting next_dagrun for example_sla_dag to 2023-02-14T13:24:00+00:00, run_after=2023-02-14T13:26:00+00:00
[2023-02-14T13:26:43.525+0000] {processor.py:175} INFO - Processing /home/airflow/.local/lib/python3.7/site-packages/airflow/example_dags/example_sla_dag.py took 0.299 seconds
[2023-02-14T13:27:13.685+0000] {processor.py:153} INFO - Started process (PID=359) to work on /home/airflow/.local/lib/python3.7/site-packages/airflow/example_dags/example_sla_dag.py
[2023-02-14T13:27:13.686+0000] {processor.py:743} INFO - Processing file /home/airflow/.local/lib/python3.7/site-packages/airflow/example_dags/example_sla_dag.py for tasks to queue
[2023-02-14T13:27:13.686+0000] {logging_mixin.py:137} INFO - [2023-02-14T13:27:13.686+0000] {dagbag.py:538} INFO - Filling up the DagBag from /home/airflow/.local/lib/python3.7/site-packages/airflow/example_dags/example_sla_dag.py
[2023-02-14T13:27:13.708+0000] {processor.py:753} INFO - DAG(s) dict_keys(['example_sla_dag']) retrieved from /home/airflow/.local/lib/python3.7/site-packages/airflow/example_dags/example_sla_dag.py
[2023-02-14T13:27:13.737+0000] {logging_mixin.py:137} INFO - [2023-02-14T13:27:13.737+0000] {dag.py:2690} INFO - Sync 1 DAGs
[2023-02-14T13:27:13.776+0000] {logging_mixin.py:137} INFO - [2023-02-14T13:27:13.776+0000] {dag.py:3441} INFO - Setting next_dagrun for example_sla_dag to 2023-02-14T13:24:00+00:00, run_after=2023-02-14T13:26:00+00:00
[2023-02-14T13:27:13.795+0000] {processor.py:175} INFO - Processing /home/airflow/.local/lib/python3.7/site-packages/airflow/example_dags/example_sla_dag.py took 0.112 seconds
[2023-02-14T13:27:44.650+0000] {processor.py:153} INFO - Started process (PID=430) to work on /home/airflow/.local/lib/python3.7/site-packages/airflow/example_dags/example_sla_dag.py
[2023-02-14T13:27:44.651+0000] {processor.py:743} INFO - Processing file /home/airflow/.local/lib/python3.7/site-packages/airflow/example_dags/example_sla_dag.py for tasks to queue
[2023-02-14T13:27:44.652+0000] {logging_mixin.py:137} INFO - [2023-02-14T13:27:44.652+0000] {dagbag.py:538} INFO - Filling up the DagBag from /home/airflow/.local/lib/python3.7/site-packages/airflow/example_dags/example_sla_dag.py
[2023-02-14T13:27:44.674+0000] {processor.py:753} INFO - DAG(s) dict_keys(['example_sla_dag']) retrieved from /home/airflow/.local/lib/python3.7/site-packages/airflow/example_dags/example_sla_dag.py
[2023-02-14T13:27:44.697+0000] {logging_mixin.py:137} INFO - [2023-02-14T13:27:44.696+0000] {dag.py:2690} INFO - Sync 1 DAGs
[2023-02-14T13:27:44.730+0000] {logging_mixin.py:137} INFO - [2023-02-14T13:27:44.730+0000] {dag.py:3441} INFO - Setting next_dagrun for example_sla_dag to 2023-02-14T13:24:00+00:00, run_after=2023-02-14T13:26:00+00:00
[2023-02-14T13:27:44.756+0000] {processor.py:175} INFO - Processing /home/airflow/.local/lib/python3.7/site-packages/airflow/example_dags/example_sla_dag.py took 0.110 seconds
[2023-02-14T13:28:16.295+0000] {processor.py:153} INFO - Started process (PID=501) to work on /home/airflow/.local/lib/python3.7/site-packages/airflow/example_dags/example_sla_dag.py
[2023-02-14T13:28:16.296+0000] {processor.py:743} INFO - Processing file /home/airflow/.local/lib/python3.7/site-packages/airflow/example_dags/example_sla_dag.py for tasks to queue
[2023-02-14T13:28:16.297+0000] {logging_mixin.py:137} INFO - [2023-02-14T13:28:16.297+0000] {dagbag.py:538} INFO - Filling up the DagBag from /home/airflow/.local/lib/python3.7/site-packages/airflow/example_dags/example_sla_dag.py
[2023-02-14T13:28:16.344+0000] {processor.py:753} INFO - DAG(s) dict_keys(['example_sla_dag']) retrieved from /home/airflow/.local/lib/python3.7/site-packages/airflow/example_dags/example_sla_dag.py
[2023-02-14T13:28:16.396+0000] {logging_mixin.py:137} INFO - [2023-02-14T13:28:16.396+0000] {dag.py:2690} INFO - Sync 1 DAGs
[2023-02-14T13:28:16.471+0000] {logging_mixin.py:137} INFO - [2023-02-14T13:28:16.470+0000] {dag.py:3441} INFO - Setting next_dagrun for example_sla_dag to 2023-02-14T13:26:00+00:00, run_after=2023-02-14T13:28:00+00:00
[2023-02-14T13:28:16.523+0000] {processor.py:175} INFO - Processing /home/airflow/.local/lib/python3.7/site-packages/airflow/example_dags/example_sla_dag.py took 0.235 seconds
[2023-02-14T13:28:46.745+0000] {processor.py:153} INFO - Started process (PID=580) to work on /home/airflow/.local/lib/python3.7/site-packages/airflow/example_dags/example_sla_dag.py
[2023-02-14T13:28:46.747+0000] {processor.py:743} INFO - Processing file /home/airflow/.local/lib/python3.7/site-packages/airflow/example_dags/example_sla_dag.py for tasks to queue
[2023-02-14T13:28:46.748+0000] {logging_mixin.py:137} INFO - [2023-02-14T13:28:46.748+0000] {dagbag.py:538} INFO - Filling up the DagBag from /home/airflow/.local/lib/python3.7/site-packages/airflow/example_dags/example_sla_dag.py
[2023-02-14T13:28:46.800+0000] {processor.py:753} INFO - DAG(s) dict_keys(['example_sla_dag']) retrieved from /home/airflow/.local/lib/python3.7/site-packages/airflow/example_dags/example_sla_dag.py
[2023-02-14T13:28:46.849+0000] {logging_mixin.py:137} INFO - [2023-02-14T13:28:46.849+0000] {dag.py:2690} INFO - Sync 1 DAGs
[2023-02-14T13:28:46.904+0000] {logging_mixin.py:137} INFO - [2023-02-14T13:28:46.904+0000] {dag.py:3441} INFO - Setting next_dagrun for example_sla_dag to 2023-02-14T13:26:00+00:00, run_after=2023-02-14T13:28:00+00:00
[2023-02-14T13:28:46.939+0000] {processor.py:175} INFO - Processing /home/airflow/.local/lib/python3.7/site-packages/airflow/example_dags/example_sla_dag.py took 0.199 seconds
[2023-02-14T13:29:17.522+0000] {processor.py:153} INFO - Started process (PID=658) to work on /home/airflow/.local/lib/python3.7/site-packages/airflow/example_dags/example_sla_dag.py
[2023-02-14T13:29:17.523+0000] {processor.py:743} INFO - Processing file /home/airflow/.local/lib/python3.7/site-packages/airflow/example_dags/example_sla_dag.py for tasks to queue
[2023-02-14T13:29:17.524+0000] {logging_mixin.py:137} INFO - [2023-02-14T13:29:17.524+0000] {dagbag.py:538} INFO - Filling up the DagBag from /home/airflow/.local/lib/python3.7/site-packages/airflow/example_dags/example_sla_dag.py
[2023-02-14T13:29:17.573+0000] {processor.py:753} INFO - DAG(s) dict_keys(['example_sla_dag']) retrieved from /home/airflow/.local/lib/python3.7/site-packages/airflow/example_dags/example_sla_dag.py
[2023-02-14T13:29:17.641+0000] {logging_mixin.py:137} INFO - [2023-02-14T13:29:17.640+0000] {dag.py:2690} INFO - Sync 1 DAGs
[2023-02-14T13:29:17.734+0000] {logging_mixin.py:137} INFO - [2023-02-14T13:29:17.734+0000] {dag.py:3441} INFO - Setting next_dagrun for example_sla_dag to 2023-02-14T13:26:00+00:00, run_after=2023-02-14T13:28:00+00:00
[2023-02-14T13:29:17.786+0000] {processor.py:175} INFO - Processing /home/airflow/.local/lib/python3.7/site-packages/airflow/example_dags/example_sla_dag.py took 0.269 seconds
[2023-02-14T13:29:48.066+0000] {processor.py:153} INFO - Started process (PID=730) to work on /home/airflow/.local/lib/python3.7/site-packages/airflow/example_dags/example_sla_dag.py
[2023-02-14T13:29:48.067+0000] {processor.py:743} INFO - Processing file /home/airflow/.local/lib/python3.7/site-packages/airflow/example_dags/example_sla_dag.py for tasks to queue
[2023-02-14T13:29:48.068+0000] {logging_mixin.py:137} INFO - [2023-02-14T13:29:48.068+0000] {dagbag.py:538} INFO - Filling up the DagBag from /home/airflow/.local/lib/python3.7/site-packages/airflow/example_dags/example_sla_dag.py
[2023-02-14T13:29:48.123+0000] {processor.py:753} INFO - DAG(s) dict_keys(['example_sla_dag']) retrieved from /home/airflow/.local/lib/python3.7/site-packages/airflow/example_dags/example_sla_dag.py
[2023-02-14T13:29:48.169+0000] {logging_mixin.py:137} INFO - [2023-02-14T13:29:48.169+0000] {dag.py:2690} INFO - Sync 1 DAGs
[2023-02-14T13:29:48.221+0000] {logging_mixin.py:137} INFO - [2023-02-14T13:29:48.221+0000] {dag.py:3441} INFO - Setting next_dagrun for example_sla_dag to 2023-02-14T13:26:00+00:00, run_after=2023-02-14T13:28:00+00:00
[2023-02-14T13:29:48.244+0000] {processor.py:175} INFO - Processing /home/airflow/.local/lib/python3.7/site-packages/airflow/example_dags/example_sla_dag.py took 0.188 seconds
