[2023-02-14T13:25:11.619+0000] {processor.py:153} INFO - Started process (PID=68) to work on /home/airflow/.local/lib/python3.7/site-packages/airflow/example_dags/example_python_operator.py
[2023-02-14T13:25:11.621+0000] {processor.py:743} INFO - Processing file /home/airflow/.local/lib/python3.7/site-packages/airflow/example_dags/example_python_operator.py for tasks to queue
[2023-02-14T13:25:11.622+0000] {logging_mixin.py:137} INFO - [2023-02-14T13:25:11.622+0000] {dagbag.py:538} INFO - Filling up the DagBag from /home/airflow/.local/lib/python3.7/site-packages/airflow/example_dags/example_python_operator.py
[2023-02-14T13:25:11.664+0000] {logging_mixin.py:137} INFO - [2023-02-14T13:25:11.663+0000] {taskmixin.py:205} WARNING - Dependency <Task(_PythonDecoratedOperator): print_the_context>, log_sql_query already registered for DAG: example_python_operator
[2023-02-14T13:25:11.664+0000] {logging_mixin.py:137} INFO - [2023-02-14T13:25:11.664+0000] {taskmixin.py:205} WARNING - Dependency <Task(_PythonDecoratedOperator): log_sql_query>, print_the_context already registered for DAG: example_python_operator
[2023-02-14T13:25:11.665+0000] {logging_mixin.py:137} INFO - [2023-02-14T13:25:11.665+0000] {taskmixin.py:205} WARNING - Dependency <Task(_PythonDecoratedOperator): print_the_context>, log_sql_query already registered for DAG: example_python_operator
[2023-02-14T13:25:11.666+0000] {logging_mixin.py:137} INFO - [2023-02-14T13:25:11.665+0000] {taskmixin.py:205} WARNING - Dependency <Task(_PythonDecoratedOperator): log_sql_query>, print_the_context already registered for DAG: example_python_operator
[2023-02-14T13:25:11.667+0000] {logging_mixin.py:137} INFO - [2023-02-14T13:25:11.667+0000] {taskmixin.py:205} WARNING - Dependency <Task(_PythonDecoratedOperator): print_the_context>, log_sql_query already registered for DAG: example_python_operator
[2023-02-14T13:25:11.668+0000] {logging_mixin.py:137} INFO - [2023-02-14T13:25:11.668+0000] {taskmixin.py:205} WARNING - Dependency <Task(_PythonDecoratedOperator): log_sql_query>, print_the_context already registered for DAG: example_python_operator
[2023-02-14T13:25:11.670+0000] {logging_mixin.py:137} INFO - [2023-02-14T13:25:11.670+0000] {taskmixin.py:205} WARNING - Dependency <Task(_PythonDecoratedOperator): print_the_context>, log_sql_query already registered for DAG: example_python_operator
[2023-02-14T13:25:11.671+0000] {logging_mixin.py:137} INFO - [2023-02-14T13:25:11.671+0000] {taskmixin.py:205} WARNING - Dependency <Task(_PythonDecoratedOperator): log_sql_query>, print_the_context already registered for DAG: example_python_operator
[2023-02-14T13:25:11.689+0000] {processor.py:753} INFO - DAG(s) dict_keys(['example_python_operator']) retrieved from /home/airflow/.local/lib/python3.7/site-packages/airflow/example_dags/example_python_operator.py
[2023-02-14T13:25:11.710+0000] {logging_mixin.py:137} INFO - [2023-02-14T13:25:11.710+0000] {dag.py:2690} INFO - Sync 1 DAGs
[2023-02-14T13:25:11.754+0000] {logging_mixin.py:137} INFO - [2023-02-14T13:25:11.754+0000] {dag.py:3441} INFO - Setting next_dagrun for example_python_operator to None, run_after=None
[2023-02-14T13:25:11.792+0000] {processor.py:175} INFO - Processing /home/airflow/.local/lib/python3.7/site-packages/airflow/example_dags/example_python_operator.py took 0.179 seconds
[2023-02-14T13:25:42.164+0000] {processor.py:153} INFO - Started process (PID=139) to work on /home/airflow/.local/lib/python3.7/site-packages/airflow/example_dags/example_python_operator.py
[2023-02-14T13:25:42.165+0000] {processor.py:743} INFO - Processing file /home/airflow/.local/lib/python3.7/site-packages/airflow/example_dags/example_python_operator.py for tasks to queue
[2023-02-14T13:25:42.166+0000] {logging_mixin.py:137} INFO - [2023-02-14T13:25:42.166+0000] {dagbag.py:538} INFO - Filling up the DagBag from /home/airflow/.local/lib/python3.7/site-packages/airflow/example_dags/example_python_operator.py
[2023-02-14T13:25:42.183+0000] {logging_mixin.py:137} INFO - [2023-02-14T13:25:42.183+0000] {taskmixin.py:205} WARNING - Dependency <Task(_PythonDecoratedOperator): print_the_context>, log_sql_query already registered for DAG: example_python_operator
[2023-02-14T13:25:42.184+0000] {logging_mixin.py:137} INFO - [2023-02-14T13:25:42.183+0000] {taskmixin.py:205} WARNING - Dependency <Task(_PythonDecoratedOperator): log_sql_query>, print_the_context already registered for DAG: example_python_operator
[2023-02-14T13:25:42.184+0000] {logging_mixin.py:137} INFO - [2023-02-14T13:25:42.184+0000] {taskmixin.py:205} WARNING - Dependency <Task(_PythonDecoratedOperator): print_the_context>, log_sql_query already registered for DAG: example_python_operator
[2023-02-14T13:25:42.184+0000] {logging_mixin.py:137} INFO - [2023-02-14T13:25:42.184+0000] {taskmixin.py:205} WARNING - Dependency <Task(_PythonDecoratedOperator): log_sql_query>, print_the_context already registered for DAG: example_python_operator
[2023-02-14T13:25:42.185+0000] {logging_mixin.py:137} INFO - [2023-02-14T13:25:42.185+0000] {taskmixin.py:205} WARNING - Dependency <Task(_PythonDecoratedOperator): print_the_context>, log_sql_query already registered for DAG: example_python_operator
[2023-02-14T13:25:42.185+0000] {logging_mixin.py:137} INFO - [2023-02-14T13:25:42.185+0000] {taskmixin.py:205} WARNING - Dependency <Task(_PythonDecoratedOperator): log_sql_query>, print_the_context already registered for DAG: example_python_operator
[2023-02-14T13:25:42.186+0000] {logging_mixin.py:137} INFO - [2023-02-14T13:25:42.186+0000] {taskmixin.py:205} WARNING - Dependency <Task(_PythonDecoratedOperator): print_the_context>, log_sql_query already registered for DAG: example_python_operator
[2023-02-14T13:25:42.186+0000] {logging_mixin.py:137} INFO - [2023-02-14T13:25:42.186+0000] {taskmixin.py:205} WARNING - Dependency <Task(_PythonDecoratedOperator): log_sql_query>, print_the_context already registered for DAG: example_python_operator
[2023-02-14T13:25:42.193+0000] {processor.py:753} INFO - DAG(s) dict_keys(['example_python_operator']) retrieved from /home/airflow/.local/lib/python3.7/site-packages/airflow/example_dags/example_python_operator.py
[2023-02-14T13:25:42.276+0000] {logging_mixin.py:137} INFO - [2023-02-14T13:25:42.275+0000] {dag.py:2690} INFO - Sync 1 DAGs
[2023-02-14T13:25:42.300+0000] {logging_mixin.py:137} INFO - [2023-02-14T13:25:42.300+0000] {dag.py:3441} INFO - Setting next_dagrun for example_python_operator to None, run_after=None
[2023-02-14T13:25:42.321+0000] {processor.py:175} INFO - Processing /home/airflow/.local/lib/python3.7/site-packages/airflow/example_dags/example_python_operator.py took 0.159 seconds
[2023-02-14T13:26:12.501+0000] {processor.py:153} INFO - Started process (PID=208) to work on /home/airflow/.local/lib/python3.7/site-packages/airflow/example_dags/example_python_operator.py
[2023-02-14T13:26:12.502+0000] {processor.py:743} INFO - Processing file /home/airflow/.local/lib/python3.7/site-packages/airflow/example_dags/example_python_operator.py for tasks to queue
[2023-02-14T13:26:12.502+0000] {logging_mixin.py:137} INFO - [2023-02-14T13:26:12.502+0000] {dagbag.py:538} INFO - Filling up the DagBag from /home/airflow/.local/lib/python3.7/site-packages/airflow/example_dags/example_python_operator.py
[2023-02-14T13:26:12.519+0000] {logging_mixin.py:137} INFO - [2023-02-14T13:26:12.519+0000] {taskmixin.py:205} WARNING - Dependency <Task(_PythonDecoratedOperator): print_the_context>, log_sql_query already registered for DAG: example_python_operator
[2023-02-14T13:26:12.519+0000] {logging_mixin.py:137} INFO - [2023-02-14T13:26:12.519+0000] {taskmixin.py:205} WARNING - Dependency <Task(_PythonDecoratedOperator): log_sql_query>, print_the_context already registered for DAG: example_python_operator
[2023-02-14T13:26:12.520+0000] {logging_mixin.py:137} INFO - [2023-02-14T13:26:12.520+0000] {taskmixin.py:205} WARNING - Dependency <Task(_PythonDecoratedOperator): print_the_context>, log_sql_query already registered for DAG: example_python_operator
[2023-02-14T13:26:12.520+0000] {logging_mixin.py:137} INFO - [2023-02-14T13:26:12.520+0000] {taskmixin.py:205} WARNING - Dependency <Task(_PythonDecoratedOperator): log_sql_query>, print_the_context already registered for DAG: example_python_operator
[2023-02-14T13:26:12.520+0000] {logging_mixin.py:137} INFO - [2023-02-14T13:26:12.520+0000] {taskmixin.py:205} WARNING - Dependency <Task(_PythonDecoratedOperator): print_the_context>, log_sql_query already registered for DAG: example_python_operator
[2023-02-14T13:26:12.521+0000] {logging_mixin.py:137} INFO - [2023-02-14T13:26:12.521+0000] {taskmixin.py:205} WARNING - Dependency <Task(_PythonDecoratedOperator): log_sql_query>, print_the_context already registered for DAG: example_python_operator
[2023-02-14T13:26:12.521+0000] {logging_mixin.py:137} INFO - [2023-02-14T13:26:12.521+0000] {taskmixin.py:205} WARNING - Dependency <Task(_PythonDecoratedOperator): print_the_context>, log_sql_query already registered for DAG: example_python_operator
[2023-02-14T13:26:12.521+0000] {logging_mixin.py:137} INFO - [2023-02-14T13:26:12.521+0000] {taskmixin.py:205} WARNING - Dependency <Task(_PythonDecoratedOperator): log_sql_query>, print_the_context already registered for DAG: example_python_operator
[2023-02-14T13:26:12.530+0000] {processor.py:753} INFO - DAG(s) dict_keys(['example_python_operator']) retrieved from /home/airflow/.local/lib/python3.7/site-packages/airflow/example_dags/example_python_operator.py
[2023-02-14T13:26:12.590+0000] {logging_mixin.py:137} INFO - [2023-02-14T13:26:12.590+0000] {dag.py:2690} INFO - Sync 1 DAGs
[2023-02-14T13:26:12.617+0000] {logging_mixin.py:137} INFO - [2023-02-14T13:26:12.617+0000] {dag.py:3441} INFO - Setting next_dagrun for example_python_operator to None, run_after=None
[2023-02-14T13:26:12.636+0000] {processor.py:175} INFO - Processing /home/airflow/.local/lib/python3.7/site-packages/airflow/example_dags/example_python_operator.py took 0.138 seconds
[2023-02-14T13:26:44.177+0000] {processor.py:153} INFO - Started process (PID=287) to work on /home/airflow/.local/lib/python3.7/site-packages/airflow/example_dags/example_python_operator.py
[2023-02-14T13:26:44.184+0000] {processor.py:743} INFO - Processing file /home/airflow/.local/lib/python3.7/site-packages/airflow/example_dags/example_python_operator.py for tasks to queue
[2023-02-14T13:26:44.186+0000] {logging_mixin.py:137} INFO - [2023-02-14T13:26:44.185+0000] {dagbag.py:538} INFO - Filling up the DagBag from /home/airflow/.local/lib/python3.7/site-packages/airflow/example_dags/example_python_operator.py
[2023-02-14T13:26:44.232+0000] {logging_mixin.py:137} INFO - [2023-02-14T13:26:44.231+0000] {taskmixin.py:205} WARNING - Dependency <Task(_PythonDecoratedOperator): print_the_context>, log_sql_query already registered for DAG: example_python_operator
[2023-02-14T13:26:44.233+0000] {logging_mixin.py:137} INFO - [2023-02-14T13:26:44.232+0000] {taskmixin.py:205} WARNING - Dependency <Task(_PythonDecoratedOperator): log_sql_query>, print_the_context already registered for DAG: example_python_operator
[2023-02-14T13:26:44.234+0000] {logging_mixin.py:137} INFO - [2023-02-14T13:26:44.234+0000] {taskmixin.py:205} WARNING - Dependency <Task(_PythonDecoratedOperator): print_the_context>, log_sql_query already registered for DAG: example_python_operator
[2023-02-14T13:26:44.235+0000] {logging_mixin.py:137} INFO - [2023-02-14T13:26:44.234+0000] {taskmixin.py:205} WARNING - Dependency <Task(_PythonDecoratedOperator): log_sql_query>, print_the_context already registered for DAG: example_python_operator
[2023-02-14T13:26:44.236+0000] {logging_mixin.py:137} INFO - [2023-02-14T13:26:44.236+0000] {taskmixin.py:205} WARNING - Dependency <Task(_PythonDecoratedOperator): print_the_context>, log_sql_query already registered for DAG: example_python_operator
[2023-02-14T13:26:44.236+0000] {logging_mixin.py:137} INFO - [2023-02-14T13:26:44.236+0000] {taskmixin.py:205} WARNING - Dependency <Task(_PythonDecoratedOperator): log_sql_query>, print_the_context already registered for DAG: example_python_operator
[2023-02-14T13:26:44.238+0000] {logging_mixin.py:137} INFO - [2023-02-14T13:26:44.238+0000] {taskmixin.py:205} WARNING - Dependency <Task(_PythonDecoratedOperator): print_the_context>, log_sql_query already registered for DAG: example_python_operator
[2023-02-14T13:26:44.239+0000] {logging_mixin.py:137} INFO - [2023-02-14T13:26:44.238+0000] {taskmixin.py:205} WARNING - Dependency <Task(_PythonDecoratedOperator): log_sql_query>, print_the_context already registered for DAG: example_python_operator
[2023-02-14T13:26:44.258+0000] {processor.py:753} INFO - DAG(s) dict_keys(['example_python_operator']) retrieved from /home/airflow/.local/lib/python3.7/site-packages/airflow/example_dags/example_python_operator.py
[2023-02-14T13:26:44.381+0000] {logging_mixin.py:137} INFO - [2023-02-14T13:26:44.381+0000] {dag.py:2690} INFO - Sync 1 DAGs
[2023-02-14T13:26:44.434+0000] {logging_mixin.py:137} INFO - [2023-02-14T13:26:44.434+0000] {dag.py:3441} INFO - Setting next_dagrun for example_python_operator to None, run_after=None
[2023-02-14T13:26:44.477+0000] {processor.py:175} INFO - Processing /home/airflow/.local/lib/python3.7/site-packages/airflow/example_dags/example_python_operator.py took 0.305 seconds
[2023-02-14T13:27:15.034+0000] {processor.py:153} INFO - Started process (PID=365) to work on /home/airflow/.local/lib/python3.7/site-packages/airflow/example_dags/example_python_operator.py
[2023-02-14T13:27:15.035+0000] {processor.py:743} INFO - Processing file /home/airflow/.local/lib/python3.7/site-packages/airflow/example_dags/example_python_operator.py for tasks to queue
[2023-02-14T13:27:15.036+0000] {logging_mixin.py:137} INFO - [2023-02-14T13:27:15.036+0000] {dagbag.py:538} INFO - Filling up the DagBag from /home/airflow/.local/lib/python3.7/site-packages/airflow/example_dags/example_python_operator.py
[2023-02-14T13:27:15.052+0000] {logging_mixin.py:137} INFO - [2023-02-14T13:27:15.052+0000] {taskmixin.py:205} WARNING - Dependency <Task(_PythonDecoratedOperator): print_the_context>, log_sql_query already registered for DAG: example_python_operator
[2023-02-14T13:27:15.052+0000] {logging_mixin.py:137} INFO - [2023-02-14T13:27:15.052+0000] {taskmixin.py:205} WARNING - Dependency <Task(_PythonDecoratedOperator): log_sql_query>, print_the_context already registered for DAG: example_python_operator
[2023-02-14T13:27:15.053+0000] {logging_mixin.py:137} INFO - [2023-02-14T13:27:15.053+0000] {taskmixin.py:205} WARNING - Dependency <Task(_PythonDecoratedOperator): print_the_context>, log_sql_query already registered for DAG: example_python_operator
[2023-02-14T13:27:15.053+0000] {logging_mixin.py:137} INFO - [2023-02-14T13:27:15.053+0000] {taskmixin.py:205} WARNING - Dependency <Task(_PythonDecoratedOperator): log_sql_query>, print_the_context already registered for DAG: example_python_operator
[2023-02-14T13:27:15.054+0000] {logging_mixin.py:137} INFO - [2023-02-14T13:27:15.053+0000] {taskmixin.py:205} WARNING - Dependency <Task(_PythonDecoratedOperator): print_the_context>, log_sql_query already registered for DAG: example_python_operator
[2023-02-14T13:27:15.054+0000] {logging_mixin.py:137} INFO - [2023-02-14T13:27:15.054+0000] {taskmixin.py:205} WARNING - Dependency <Task(_PythonDecoratedOperator): log_sql_query>, print_the_context already registered for DAG: example_python_operator
[2023-02-14T13:27:15.054+0000] {logging_mixin.py:137} INFO - [2023-02-14T13:27:15.054+0000] {taskmixin.py:205} WARNING - Dependency <Task(_PythonDecoratedOperator): print_the_context>, log_sql_query already registered for DAG: example_python_operator
[2023-02-14T13:27:15.055+0000] {logging_mixin.py:137} INFO - [2023-02-14T13:27:15.054+0000] {taskmixin.py:205} WARNING - Dependency <Task(_PythonDecoratedOperator): log_sql_query>, print_the_context already registered for DAG: example_python_operator
[2023-02-14T13:27:15.061+0000] {processor.py:753} INFO - DAG(s) dict_keys(['example_python_operator']) retrieved from /home/airflow/.local/lib/python3.7/site-packages/airflow/example_dags/example_python_operator.py
[2023-02-14T13:27:15.085+0000] {logging_mixin.py:137} INFO - [2023-02-14T13:27:15.085+0000] {dag.py:2690} INFO - Sync 1 DAGs
[2023-02-14T13:27:15.110+0000] {logging_mixin.py:137} INFO - [2023-02-14T13:27:15.110+0000] {dag.py:3441} INFO - Setting next_dagrun for example_python_operator to None, run_after=None
[2023-02-14T13:27:15.129+0000] {processor.py:175} INFO - Processing /home/airflow/.local/lib/python3.7/site-packages/airflow/example_dags/example_python_operator.py took 0.097 seconds
[2023-02-14T13:27:45.893+0000] {processor.py:153} INFO - Started process (PID=436) to work on /home/airflow/.local/lib/python3.7/site-packages/airflow/example_dags/example_python_operator.py
[2023-02-14T13:27:45.894+0000] {processor.py:743} INFO - Processing file /home/airflow/.local/lib/python3.7/site-packages/airflow/example_dags/example_python_operator.py for tasks to queue
[2023-02-14T13:27:45.895+0000] {logging_mixin.py:137} INFO - [2023-02-14T13:27:45.895+0000] {dagbag.py:538} INFO - Filling up the DagBag from /home/airflow/.local/lib/python3.7/site-packages/airflow/example_dags/example_python_operator.py
[2023-02-14T13:27:45.918+0000] {logging_mixin.py:137} INFO - [2023-02-14T13:27:45.918+0000] {taskmixin.py:205} WARNING - Dependency <Task(_PythonDecoratedOperator): print_the_context>, log_sql_query already registered for DAG: example_python_operator
[2023-02-14T13:27:45.918+0000] {logging_mixin.py:137} INFO - [2023-02-14T13:27:45.918+0000] {taskmixin.py:205} WARNING - Dependency <Task(_PythonDecoratedOperator): log_sql_query>, print_the_context already registered for DAG: example_python_operator
[2023-02-14T13:27:45.920+0000] {logging_mixin.py:137} INFO - [2023-02-14T13:27:45.920+0000] {taskmixin.py:205} WARNING - Dependency <Task(_PythonDecoratedOperator): print_the_context>, log_sql_query already registered for DAG: example_python_operator
[2023-02-14T13:27:45.920+0000] {logging_mixin.py:137} INFO - [2023-02-14T13:27:45.920+0000] {taskmixin.py:205} WARNING - Dependency <Task(_PythonDecoratedOperator): log_sql_query>, print_the_context already registered for DAG: example_python_operator
[2023-02-14T13:27:45.921+0000] {logging_mixin.py:137} INFO - [2023-02-14T13:27:45.921+0000] {taskmixin.py:205} WARNING - Dependency <Task(_PythonDecoratedOperator): print_the_context>, log_sql_query already registered for DAG: example_python_operator
[2023-02-14T13:27:45.922+0000] {logging_mixin.py:137} INFO - [2023-02-14T13:27:45.922+0000] {taskmixin.py:205} WARNING - Dependency <Task(_PythonDecoratedOperator): log_sql_query>, print_the_context already registered for DAG: example_python_operator
[2023-02-14T13:27:45.923+0000] {logging_mixin.py:137} INFO - [2023-02-14T13:27:45.923+0000] {taskmixin.py:205} WARNING - Dependency <Task(_PythonDecoratedOperator): print_the_context>, log_sql_query already registered for DAG: example_python_operator
[2023-02-14T13:27:45.923+0000] {logging_mixin.py:137} INFO - [2023-02-14T13:27:45.923+0000] {taskmixin.py:205} WARNING - Dependency <Task(_PythonDecoratedOperator): log_sql_query>, print_the_context already registered for DAG: example_python_operator
[2023-02-14T13:27:45.933+0000] {processor.py:753} INFO - DAG(s) dict_keys(['example_python_operator']) retrieved from /home/airflow/.local/lib/python3.7/site-packages/airflow/example_dags/example_python_operator.py
[2023-02-14T13:27:45.968+0000] {logging_mixin.py:137} INFO - [2023-02-14T13:27:45.968+0000] {dag.py:2690} INFO - Sync 1 DAGs
[2023-02-14T13:27:46.008+0000] {logging_mixin.py:137} INFO - [2023-02-14T13:27:46.008+0000] {dag.py:3441} INFO - Setting next_dagrun for example_python_operator to None, run_after=None
[2023-02-14T13:27:46.032+0000] {processor.py:175} INFO - Processing /home/airflow/.local/lib/python3.7/site-packages/airflow/example_dags/example_python_operator.py took 0.141 seconds
[2023-02-14T13:28:17.604+0000] {processor.py:153} INFO - Started process (PID=507) to work on /home/airflow/.local/lib/python3.7/site-packages/airflow/example_dags/example_python_operator.py
[2023-02-14T13:28:17.606+0000] {processor.py:743} INFO - Processing file /home/airflow/.local/lib/python3.7/site-packages/airflow/example_dags/example_python_operator.py for tasks to queue
[2023-02-14T13:28:17.609+0000] {logging_mixin.py:137} INFO - [2023-02-14T13:28:17.608+0000] {dagbag.py:538} INFO - Filling up the DagBag from /home/airflow/.local/lib/python3.7/site-packages/airflow/example_dags/example_python_operator.py
[2023-02-14T13:28:17.665+0000] {logging_mixin.py:137} INFO - [2023-02-14T13:28:17.665+0000] {taskmixin.py:205} WARNING - Dependency <Task(_PythonDecoratedOperator): print_the_context>, log_sql_query already registered for DAG: example_python_operator
[2023-02-14T13:28:17.666+0000] {logging_mixin.py:137} INFO - [2023-02-14T13:28:17.666+0000] {taskmixin.py:205} WARNING - Dependency <Task(_PythonDecoratedOperator): log_sql_query>, print_the_context already registered for DAG: example_python_operator
[2023-02-14T13:28:17.669+0000] {logging_mixin.py:137} INFO - [2023-02-14T13:28:17.668+0000] {taskmixin.py:205} WARNING - Dependency <Task(_PythonDecoratedOperator): print_the_context>, log_sql_query already registered for DAG: example_python_operator
[2023-02-14T13:28:17.670+0000] {logging_mixin.py:137} INFO - [2023-02-14T13:28:17.669+0000] {taskmixin.py:205} WARNING - Dependency <Task(_PythonDecoratedOperator): log_sql_query>, print_the_context already registered for DAG: example_python_operator
[2023-02-14T13:28:17.672+0000] {logging_mixin.py:137} INFO - [2023-02-14T13:28:17.672+0000] {taskmixin.py:205} WARNING - Dependency <Task(_PythonDecoratedOperator): print_the_context>, log_sql_query already registered for DAG: example_python_operator
[2023-02-14T13:28:17.673+0000] {logging_mixin.py:137} INFO - [2023-02-14T13:28:17.673+0000] {taskmixin.py:205} WARNING - Dependency <Task(_PythonDecoratedOperator): log_sql_query>, print_the_context already registered for DAG: example_python_operator
[2023-02-14T13:28:17.676+0000] {logging_mixin.py:137} INFO - [2023-02-14T13:28:17.675+0000] {taskmixin.py:205} WARNING - Dependency <Task(_PythonDecoratedOperator): print_the_context>, log_sql_query already registered for DAG: example_python_operator
[2023-02-14T13:28:17.677+0000] {logging_mixin.py:137} INFO - [2023-02-14T13:28:17.676+0000] {taskmixin.py:205} WARNING - Dependency <Task(_PythonDecoratedOperator): log_sql_query>, print_the_context already registered for DAG: example_python_operator
[2023-02-14T13:28:17.703+0000] {processor.py:753} INFO - DAG(s) dict_keys(['example_python_operator']) retrieved from /home/airflow/.local/lib/python3.7/site-packages/airflow/example_dags/example_python_operator.py
[2023-02-14T13:28:17.791+0000] {logging_mixin.py:137} INFO - [2023-02-14T13:28:17.791+0000] {dag.py:2690} INFO - Sync 1 DAGs
[2023-02-14T13:28:17.891+0000] {logging_mixin.py:137} INFO - [2023-02-14T13:28:17.890+0000] {dag.py:3441} INFO - Setting next_dagrun for example_python_operator to None, run_after=None
[2023-02-14T13:28:17.951+0000] {processor.py:175} INFO - Processing /home/airflow/.local/lib/python3.7/site-packages/airflow/example_dags/example_python_operator.py took 0.364 seconds
[2023-02-14T13:28:48.748+0000] {processor.py:153} INFO - Started process (PID=593) to work on /home/airflow/.local/lib/python3.7/site-packages/airflow/example_dags/example_python_operator.py
[2023-02-14T13:28:48.749+0000] {processor.py:743} INFO - Processing file /home/airflow/.local/lib/python3.7/site-packages/airflow/example_dags/example_python_operator.py for tasks to queue
[2023-02-14T13:28:48.751+0000] {logging_mixin.py:137} INFO - [2023-02-14T13:28:48.751+0000] {dagbag.py:538} INFO - Filling up the DagBag from /home/airflow/.local/lib/python3.7/site-packages/airflow/example_dags/example_python_operator.py
[2023-02-14T13:28:48.789+0000] {logging_mixin.py:137} INFO - [2023-02-14T13:28:48.788+0000] {taskmixin.py:205} WARNING - Dependency <Task(_PythonDecoratedOperator): print_the_context>, log_sql_query already registered for DAG: example_python_operator
[2023-02-14T13:28:48.789+0000] {logging_mixin.py:137} INFO - [2023-02-14T13:28:48.789+0000] {taskmixin.py:205} WARNING - Dependency <Task(_PythonDecoratedOperator): log_sql_query>, print_the_context already registered for DAG: example_python_operator
[2023-02-14T13:28:48.791+0000] {logging_mixin.py:137} INFO - [2023-02-14T13:28:48.791+0000] {taskmixin.py:205} WARNING - Dependency <Task(_PythonDecoratedOperator): print_the_context>, log_sql_query already registered for DAG: example_python_operator
[2023-02-14T13:28:48.791+0000] {logging_mixin.py:137} INFO - [2023-02-14T13:28:48.791+0000] {taskmixin.py:205} WARNING - Dependency <Task(_PythonDecoratedOperator): log_sql_query>, print_the_context already registered for DAG: example_python_operator
[2023-02-14T13:28:48.794+0000] {logging_mixin.py:137} INFO - [2023-02-14T13:28:48.794+0000] {taskmixin.py:205} WARNING - Dependency <Task(_PythonDecoratedOperator): print_the_context>, log_sql_query already registered for DAG: example_python_operator
[2023-02-14T13:28:48.794+0000] {logging_mixin.py:137} INFO - [2023-02-14T13:28:48.794+0000] {taskmixin.py:205} WARNING - Dependency <Task(_PythonDecoratedOperator): log_sql_query>, print_the_context already registered for DAG: example_python_operator
[2023-02-14T13:28:48.796+0000] {logging_mixin.py:137} INFO - [2023-02-14T13:28:48.796+0000] {taskmixin.py:205} WARNING - Dependency <Task(_PythonDecoratedOperator): print_the_context>, log_sql_query already registered for DAG: example_python_operator
[2023-02-14T13:28:48.796+0000] {logging_mixin.py:137} INFO - [2023-02-14T13:28:48.796+0000] {taskmixin.py:205} WARNING - Dependency <Task(_PythonDecoratedOperator): log_sql_query>, print_the_context already registered for DAG: example_python_operator
[2023-02-14T13:28:48.814+0000] {processor.py:753} INFO - DAG(s) dict_keys(['example_python_operator']) retrieved from /home/airflow/.local/lib/python3.7/site-packages/airflow/example_dags/example_python_operator.py
[2023-02-14T13:28:48.891+0000] {logging_mixin.py:137} INFO - [2023-02-14T13:28:48.891+0000] {dag.py:2690} INFO - Sync 1 DAGs
[2023-02-14T13:28:48.954+0000] {logging_mixin.py:137} INFO - [2023-02-14T13:28:48.954+0000] {dag.py:3441} INFO - Setting next_dagrun for example_python_operator to None, run_after=None
[2023-02-14T13:28:49.006+0000] {processor.py:175} INFO - Processing /home/airflow/.local/lib/python3.7/site-packages/airflow/example_dags/example_python_operator.py took 0.264 seconds
[2023-02-14T13:29:19.274+0000] {processor.py:153} INFO - Started process (PID=664) to work on /home/airflow/.local/lib/python3.7/site-packages/airflow/example_dags/example_python_operator.py
[2023-02-14T13:29:19.275+0000] {processor.py:743} INFO - Processing file /home/airflow/.local/lib/python3.7/site-packages/airflow/example_dags/example_python_operator.py for tasks to queue
[2023-02-14T13:29:19.276+0000] {logging_mixin.py:137} INFO - [2023-02-14T13:29:19.276+0000] {dagbag.py:538} INFO - Filling up the DagBag from /home/airflow/.local/lib/python3.7/site-packages/airflow/example_dags/example_python_operator.py
[2023-02-14T13:29:19.318+0000] {logging_mixin.py:137} INFO - [2023-02-14T13:29:19.318+0000] {taskmixin.py:205} WARNING - Dependency <Task(_PythonDecoratedOperator): print_the_context>, log_sql_query already registered for DAG: example_python_operator
[2023-02-14T13:29:19.318+0000] {logging_mixin.py:137} INFO - [2023-02-14T13:29:19.318+0000] {taskmixin.py:205} WARNING - Dependency <Task(_PythonDecoratedOperator): log_sql_query>, print_the_context already registered for DAG: example_python_operator
[2023-02-14T13:29:19.320+0000] {logging_mixin.py:137} INFO - [2023-02-14T13:29:19.320+0000] {taskmixin.py:205} WARNING - Dependency <Task(_PythonDecoratedOperator): print_the_context>, log_sql_query already registered for DAG: example_python_operator
[2023-02-14T13:29:19.320+0000] {logging_mixin.py:137} INFO - [2023-02-14T13:29:19.320+0000] {taskmixin.py:205} WARNING - Dependency <Task(_PythonDecoratedOperator): log_sql_query>, print_the_context already registered for DAG: example_python_operator
[2023-02-14T13:29:19.322+0000] {logging_mixin.py:137} INFO - [2023-02-14T13:29:19.322+0000] {taskmixin.py:205} WARNING - Dependency <Task(_PythonDecoratedOperator): print_the_context>, log_sql_query already registered for DAG: example_python_operator
[2023-02-14T13:29:19.323+0000] {logging_mixin.py:137} INFO - [2023-02-14T13:29:19.322+0000] {taskmixin.py:205} WARNING - Dependency <Task(_PythonDecoratedOperator): log_sql_query>, print_the_context already registered for DAG: example_python_operator
[2023-02-14T13:29:19.324+0000] {logging_mixin.py:137} INFO - [2023-02-14T13:29:19.324+0000] {taskmixin.py:205} WARNING - Dependency <Task(_PythonDecoratedOperator): print_the_context>, log_sql_query already registered for DAG: example_python_operator
[2023-02-14T13:29:19.325+0000] {logging_mixin.py:137} INFO - [2023-02-14T13:29:19.325+0000] {taskmixin.py:205} WARNING - Dependency <Task(_PythonDecoratedOperator): log_sql_query>, print_the_context already registered for DAG: example_python_operator
[2023-02-14T13:29:19.340+0000] {processor.py:753} INFO - DAG(s) dict_keys(['example_python_operator']) retrieved from /home/airflow/.local/lib/python3.7/site-packages/airflow/example_dags/example_python_operator.py
[2023-02-14T13:29:19.391+0000] {logging_mixin.py:137} INFO - [2023-02-14T13:29:19.390+0000] {dag.py:2690} INFO - Sync 1 DAGs
[2023-02-14T13:29:19.456+0000] {logging_mixin.py:137} INFO - [2023-02-14T13:29:19.456+0000] {dag.py:3441} INFO - Setting next_dagrun for example_python_operator to None, run_after=None
[2023-02-14T13:29:19.512+0000] {processor.py:175} INFO - Processing /home/airflow/.local/lib/python3.7/site-packages/airflow/example_dags/example_python_operator.py took 0.242 seconds
[2023-02-14T13:29:49.695+0000] {processor.py:153} INFO - Started process (PID=736) to work on /home/airflow/.local/lib/python3.7/site-packages/airflow/example_dags/example_python_operator.py
[2023-02-14T13:29:49.696+0000] {processor.py:743} INFO - Processing file /home/airflow/.local/lib/python3.7/site-packages/airflow/example_dags/example_python_operator.py for tasks to queue
[2023-02-14T13:29:49.697+0000] {logging_mixin.py:137} INFO - [2023-02-14T13:29:49.697+0000] {dagbag.py:538} INFO - Filling up the DagBag from /home/airflow/.local/lib/python3.7/site-packages/airflow/example_dags/example_python_operator.py
[2023-02-14T13:29:49.724+0000] {logging_mixin.py:137} INFO - [2023-02-14T13:29:49.724+0000] {taskmixin.py:205} WARNING - Dependency <Task(_PythonDecoratedOperator): print_the_context>, log_sql_query already registered for DAG: example_python_operator
[2023-02-14T13:29:49.724+0000] {logging_mixin.py:137} INFO - [2023-02-14T13:29:49.724+0000] {taskmixin.py:205} WARNING - Dependency <Task(_PythonDecoratedOperator): log_sql_query>, print_the_context already registered for DAG: example_python_operator
[2023-02-14T13:29:49.725+0000] {logging_mixin.py:137} INFO - [2023-02-14T13:29:49.725+0000] {taskmixin.py:205} WARNING - Dependency <Task(_PythonDecoratedOperator): print_the_context>, log_sql_query already registered for DAG: example_python_operator
[2023-02-14T13:29:49.725+0000] {logging_mixin.py:137} INFO - [2023-02-14T13:29:49.725+0000] {taskmixin.py:205} WARNING - Dependency <Task(_PythonDecoratedOperator): log_sql_query>, print_the_context already registered for DAG: example_python_operator
[2023-02-14T13:29:49.726+0000] {logging_mixin.py:137} INFO - [2023-02-14T13:29:49.726+0000] {taskmixin.py:205} WARNING - Dependency <Task(_PythonDecoratedOperator): print_the_context>, log_sql_query already registered for DAG: example_python_operator
[2023-02-14T13:29:49.727+0000] {logging_mixin.py:137} INFO - [2023-02-14T13:29:49.727+0000] {taskmixin.py:205} WARNING - Dependency <Task(_PythonDecoratedOperator): log_sql_query>, print_the_context already registered for DAG: example_python_operator
[2023-02-14T13:29:49.728+0000] {logging_mixin.py:137} INFO - [2023-02-14T13:29:49.727+0000] {taskmixin.py:205} WARNING - Dependency <Task(_PythonDecoratedOperator): print_the_context>, log_sql_query already registered for DAG: example_python_operator
[2023-02-14T13:29:49.728+0000] {logging_mixin.py:137} INFO - [2023-02-14T13:29:49.728+0000] {taskmixin.py:205} WARNING - Dependency <Task(_PythonDecoratedOperator): log_sql_query>, print_the_context already registered for DAG: example_python_operator
[2023-02-14T13:29:49.736+0000] {processor.py:753} INFO - DAG(s) dict_keys(['example_python_operator']) retrieved from /home/airflow/.local/lib/python3.7/site-packages/airflow/example_dags/example_python_operator.py
[2023-02-14T13:29:49.784+0000] {logging_mixin.py:137} INFO - [2023-02-14T13:29:49.783+0000] {dag.py:2690} INFO - Sync 1 DAGs
[2023-02-14T13:29:49.842+0000] {logging_mixin.py:137} INFO - [2023-02-14T13:29:49.842+0000] {dag.py:3441} INFO - Setting next_dagrun for example_python_operator to None, run_after=None
[2023-02-14T13:29:49.878+0000] {processor.py:175} INFO - Processing /home/airflow/.local/lib/python3.7/site-packages/airflow/example_dags/example_python_operator.py took 0.186 seconds
