[2023-02-14T13:25:12.909+0000] {processor.py:153} INFO - Started process (PID=78) to work on /home/airflow/.local/lib/python3.7/site-packages/airflow/example_dags/example_sensors.py
[2023-02-14T13:25:12.910+0000] {processor.py:743} INFO - Processing file /home/airflow/.local/lib/python3.7/site-packages/airflow/example_dags/example_sensors.py for tasks to queue
[2023-02-14T13:25:12.911+0000] {logging_mixin.py:137} INFO - [2023-02-14T13:25:12.910+0000] {dagbag.py:538} INFO - Filling up the DagBag from /home/airflow/.local/lib/python3.7/site-packages/airflow/example_dags/example_sensors.py
[2023-02-14T13:25:12.946+0000] {processor.py:753} INFO - DAG(s) dict_keys(['example_sensors']) retrieved from /home/airflow/.local/lib/python3.7/site-packages/airflow/example_dags/example_sensors.py
[2023-02-14T13:25:12.971+0000] {logging_mixin.py:137} INFO - [2023-02-14T13:25:12.971+0000] {dag.py:2690} INFO - Sync 1 DAGs
[2023-02-14T13:25:13.009+0000] {logging_mixin.py:137} INFO - [2023-02-14T13:25:13.008+0000] {dag.py:3441} INFO - Setting next_dagrun for example_sensors to None, run_after=None
[2023-02-14T13:25:13.039+0000] {processor.py:175} INFO - Processing /home/airflow/.local/lib/python3.7/site-packages/airflow/example_dags/example_sensors.py took 0.134 seconds
[2023-02-14T13:25:43.881+0000] {processor.py:153} INFO - Started process (PID=149) to work on /home/airflow/.local/lib/python3.7/site-packages/airflow/example_dags/example_sensors.py
[2023-02-14T13:25:43.882+0000] {processor.py:743} INFO - Processing file /home/airflow/.local/lib/python3.7/site-packages/airflow/example_dags/example_sensors.py for tasks to queue
[2023-02-14T13:25:43.882+0000] {logging_mixin.py:137} INFO - [2023-02-14T13:25:43.882+0000] {dagbag.py:538} INFO - Filling up the DagBag from /home/airflow/.local/lib/python3.7/site-packages/airflow/example_dags/example_sensors.py
[2023-02-14T13:25:43.904+0000] {processor.py:753} INFO - DAG(s) dict_keys(['example_sensors']) retrieved from /home/airflow/.local/lib/python3.7/site-packages/airflow/example_dags/example_sensors.py
[2023-02-14T13:25:43.933+0000] {logging_mixin.py:137} INFO - [2023-02-14T13:25:43.932+0000] {dag.py:2690} INFO - Sync 1 DAGs
[2023-02-14T13:25:43.958+0000] {logging_mixin.py:137} INFO - [2023-02-14T13:25:43.958+0000] {dag.py:3441} INFO - Setting next_dagrun for example_sensors to None, run_after=None
[2023-02-14T13:25:43.977+0000] {processor.py:175} INFO - Processing /home/airflow/.local/lib/python3.7/site-packages/airflow/example_dags/example_sensors.py took 0.099 seconds
[2023-02-14T13:26:14.256+0000] {processor.py:153} INFO - Started process (PID=218) to work on /home/airflow/.local/lib/python3.7/site-packages/airflow/example_dags/example_sensors.py
[2023-02-14T13:26:14.257+0000] {processor.py:743} INFO - Processing file /home/airflow/.local/lib/python3.7/site-packages/airflow/example_dags/example_sensors.py for tasks to queue
[2023-02-14T13:26:14.257+0000] {logging_mixin.py:137} INFO - [2023-02-14T13:26:14.257+0000] {dagbag.py:538} INFO - Filling up the DagBag from /home/airflow/.local/lib/python3.7/site-packages/airflow/example_dags/example_sensors.py
[2023-02-14T13:26:14.285+0000] {processor.py:753} INFO - DAG(s) dict_keys(['example_sensors']) retrieved from /home/airflow/.local/lib/python3.7/site-packages/airflow/example_dags/example_sensors.py
[2023-02-14T13:26:14.323+0000] {logging_mixin.py:137} INFO - [2023-02-14T13:26:14.323+0000] {dag.py:2690} INFO - Sync 1 DAGs
[2023-02-14T13:26:14.354+0000] {logging_mixin.py:137} INFO - [2023-02-14T13:26:14.354+0000] {dag.py:3441} INFO - Setting next_dagrun for example_sensors to None, run_after=None
[2023-02-14T13:26:14.377+0000] {processor.py:175} INFO - Processing /home/airflow/.local/lib/python3.7/site-packages/airflow/example_dags/example_sensors.py took 0.125 seconds
[2023-02-14T13:26:45.881+0000] {processor.py:153} INFO - Started process (PID=304) to work on /home/airflow/.local/lib/python3.7/site-packages/airflow/example_dags/example_sensors.py
[2023-02-14T13:26:45.888+0000] {processor.py:743} INFO - Processing file /home/airflow/.local/lib/python3.7/site-packages/airflow/example_dags/example_sensors.py for tasks to queue
[2023-02-14T13:26:45.889+0000] {logging_mixin.py:137} INFO - [2023-02-14T13:26:45.889+0000] {dagbag.py:538} INFO - Filling up the DagBag from /home/airflow/.local/lib/python3.7/site-packages/airflow/example_dags/example_sensors.py
[2023-02-14T13:26:45.935+0000] {processor.py:753} INFO - DAG(s) dict_keys(['example_sensors']) retrieved from /home/airflow/.local/lib/python3.7/site-packages/airflow/example_dags/example_sensors.py
[2023-02-14T13:26:46.014+0000] {logging_mixin.py:137} INFO - [2023-02-14T13:26:46.014+0000] {dag.py:2690} INFO - Sync 1 DAGs
[2023-02-14T13:26:46.080+0000] {logging_mixin.py:137} INFO - [2023-02-14T13:26:46.080+0000] {dag.py:3441} INFO - Setting next_dagrun for example_sensors to None, run_after=None
[2023-02-14T13:26:46.168+0000] {processor.py:175} INFO - Processing /home/airflow/.local/lib/python3.7/site-packages/airflow/example_dags/example_sensors.py took 0.294 seconds
[2023-02-14T13:27:16.709+0000] {processor.py:153} INFO - Started process (PID=375) to work on /home/airflow/.local/lib/python3.7/site-packages/airflow/example_dags/example_sensors.py
[2023-02-14T13:27:16.710+0000] {processor.py:743} INFO - Processing file /home/airflow/.local/lib/python3.7/site-packages/airflow/example_dags/example_sensors.py for tasks to queue
[2023-02-14T13:27:16.710+0000] {logging_mixin.py:137} INFO - [2023-02-14T13:27:16.710+0000] {dagbag.py:538} INFO - Filling up the DagBag from /home/airflow/.local/lib/python3.7/site-packages/airflow/example_dags/example_sensors.py
[2023-02-14T13:27:16.729+0000] {processor.py:753} INFO - DAG(s) dict_keys(['example_sensors']) retrieved from /home/airflow/.local/lib/python3.7/site-packages/airflow/example_dags/example_sensors.py
[2023-02-14T13:27:16.754+0000] {logging_mixin.py:137} INFO - [2023-02-14T13:27:16.754+0000] {dag.py:2690} INFO - Sync 1 DAGs
[2023-02-14T13:27:16.784+0000] {logging_mixin.py:137} INFO - [2023-02-14T13:27:16.784+0000] {dag.py:3441} INFO - Setting next_dagrun for example_sensors to None, run_after=None
[2023-02-14T13:27:16.802+0000] {processor.py:175} INFO - Processing /home/airflow/.local/lib/python3.7/site-packages/airflow/example_dags/example_sensors.py took 0.096 seconds
[2023-02-14T13:27:47.656+0000] {processor.py:153} INFO - Started process (PID=446) to work on /home/airflow/.local/lib/python3.7/site-packages/airflow/example_dags/example_sensors.py
[2023-02-14T13:27:47.657+0000] {processor.py:743} INFO - Processing file /home/airflow/.local/lib/python3.7/site-packages/airflow/example_dags/example_sensors.py for tasks to queue
[2023-02-14T13:27:47.658+0000] {logging_mixin.py:137} INFO - [2023-02-14T13:27:47.657+0000] {dagbag.py:538} INFO - Filling up the DagBag from /home/airflow/.local/lib/python3.7/site-packages/airflow/example_dags/example_sensors.py
[2023-02-14T13:27:47.675+0000] {processor.py:753} INFO - DAG(s) dict_keys(['example_sensors']) retrieved from /home/airflow/.local/lib/python3.7/site-packages/airflow/example_dags/example_sensors.py
[2023-02-14T13:27:47.701+0000] {logging_mixin.py:137} INFO - [2023-02-14T13:27:47.700+0000] {dag.py:2690} INFO - Sync 1 DAGs
[2023-02-14T13:27:47.727+0000] {logging_mixin.py:137} INFO - [2023-02-14T13:27:47.726+0000] {dag.py:3441} INFO - Setting next_dagrun for example_sensors to None, run_after=None
[2023-02-14T13:27:47.747+0000] {processor.py:175} INFO - Processing /home/airflow/.local/lib/python3.7/site-packages/airflow/example_dags/example_sensors.py took 0.094 seconds
[2023-02-14T13:28:19.444+0000] {processor.py:153} INFO - Started process (PID=525) to work on /home/airflow/.local/lib/python3.7/site-packages/airflow/example_dags/example_sensors.py
[2023-02-14T13:28:19.447+0000] {processor.py:743} INFO - Processing file /home/airflow/.local/lib/python3.7/site-packages/airflow/example_dags/example_sensors.py for tasks to queue
[2023-02-14T13:28:19.448+0000] {logging_mixin.py:137} INFO - [2023-02-14T13:28:19.448+0000] {dagbag.py:538} INFO - Filling up the DagBag from /home/airflow/.local/lib/python3.7/site-packages/airflow/example_dags/example_sensors.py
[2023-02-14T13:28:19.524+0000] {processor.py:753} INFO - DAG(s) dict_keys(['example_sensors']) retrieved from /home/airflow/.local/lib/python3.7/site-packages/airflow/example_dags/example_sensors.py
[2023-02-14T13:28:19.592+0000] {logging_mixin.py:137} INFO - [2023-02-14T13:28:19.591+0000] {dag.py:2690} INFO - Sync 1 DAGs
[2023-02-14T13:28:19.678+0000] {logging_mixin.py:137} INFO - [2023-02-14T13:28:19.678+0000] {dag.py:3441} INFO - Setting next_dagrun for example_sensors to None, run_after=None
[2023-02-14T13:28:19.741+0000] {processor.py:175} INFO - Processing /home/airflow/.local/lib/python3.7/site-packages/airflow/example_dags/example_sensors.py took 0.303 seconds
[2023-02-14T13:28:50.181+0000] {processor.py:153} INFO - Started process (PID=603) to work on /home/airflow/.local/lib/python3.7/site-packages/airflow/example_dags/example_sensors.py
[2023-02-14T13:28:50.187+0000] {processor.py:743} INFO - Processing file /home/airflow/.local/lib/python3.7/site-packages/airflow/example_dags/example_sensors.py for tasks to queue
[2023-02-14T13:28:50.189+0000] {logging_mixin.py:137} INFO - [2023-02-14T13:28:50.188+0000] {dagbag.py:538} INFO - Filling up the DagBag from /home/airflow/.local/lib/python3.7/site-packages/airflow/example_dags/example_sensors.py
[2023-02-14T13:28:50.230+0000] {processor.py:753} INFO - DAG(s) dict_keys(['example_sensors']) retrieved from /home/airflow/.local/lib/python3.7/site-packages/airflow/example_dags/example_sensors.py
[2023-02-14T13:28:50.264+0000] {logging_mixin.py:137} INFO - [2023-02-14T13:28:50.264+0000] {dag.py:2690} INFO - Sync 1 DAGs
[2023-02-14T13:28:50.298+0000] {logging_mixin.py:137} INFO - [2023-02-14T13:28:50.298+0000] {dag.py:3441} INFO - Setting next_dagrun for example_sensors to None, run_after=None
[2023-02-14T13:28:50.326+0000] {processor.py:175} INFO - Processing /home/airflow/.local/lib/python3.7/site-packages/airflow/example_dags/example_sensors.py took 0.152 seconds
[2023-02-14T13:29:21.046+0000] {processor.py:153} INFO - Started process (PID=674) to work on /home/airflow/.local/lib/python3.7/site-packages/airflow/example_dags/example_sensors.py
[2023-02-14T13:29:21.047+0000] {processor.py:743} INFO - Processing file /home/airflow/.local/lib/python3.7/site-packages/airflow/example_dags/example_sensors.py for tasks to queue
[2023-02-14T13:29:21.048+0000] {logging_mixin.py:137} INFO - [2023-02-14T13:29:21.048+0000] {dagbag.py:538} INFO - Filling up the DagBag from /home/airflow/.local/lib/python3.7/site-packages/airflow/example_dags/example_sensors.py
[2023-02-14T13:29:21.064+0000] {processor.py:753} INFO - DAG(s) dict_keys(['example_sensors']) retrieved from /home/airflow/.local/lib/python3.7/site-packages/airflow/example_dags/example_sensors.py
[2023-02-14T13:29:21.089+0000] {logging_mixin.py:137} INFO - [2023-02-14T13:29:21.088+0000] {dag.py:2690} INFO - Sync 1 DAGs
[2023-02-14T13:29:21.113+0000] {logging_mixin.py:137} INFO - [2023-02-14T13:29:21.112+0000] {dag.py:3441} INFO - Setting next_dagrun for example_sensors to None, run_after=None
[2023-02-14T13:29:21.131+0000] {processor.py:175} INFO - Processing /home/airflow/.local/lib/python3.7/site-packages/airflow/example_dags/example_sensors.py took 0.087 seconds
[2023-02-14T13:29:51.653+0000] {processor.py:153} INFO - Started process (PID=746) to work on /home/airflow/.local/lib/python3.7/site-packages/airflow/example_dags/example_sensors.py
[2023-02-14T13:29:51.654+0000] {processor.py:743} INFO - Processing file /home/airflow/.local/lib/python3.7/site-packages/airflow/example_dags/example_sensors.py for tasks to queue
[2023-02-14T13:29:51.654+0000] {logging_mixin.py:137} INFO - [2023-02-14T13:29:51.654+0000] {dagbag.py:538} INFO - Filling up the DagBag from /home/airflow/.local/lib/python3.7/site-packages/airflow/example_dags/example_sensors.py
[2023-02-14T13:29:51.679+0000] {processor.py:753} INFO - DAG(s) dict_keys(['example_sensors']) retrieved from /home/airflow/.local/lib/python3.7/site-packages/airflow/example_dags/example_sensors.py
[2023-02-14T13:29:51.704+0000] {logging_mixin.py:137} INFO - [2023-02-14T13:29:51.704+0000] {dag.py:2690} INFO - Sync 1 DAGs
[2023-02-14T13:29:51.731+0000] {logging_mixin.py:137} INFO - [2023-02-14T13:29:51.731+0000] {dag.py:3441} INFO - Setting next_dagrun for example_sensors to None, run_after=None
[2023-02-14T13:29:51.749+0000] {processor.py:175} INFO - Processing /home/airflow/.local/lib/python3.7/site-packages/airflow/example_dags/example_sensors.py took 0.099 seconds
