[2023-02-14T13:25:13.077+0000] {processor.py:153} INFO - Started process (PID=80) to work on /home/airflow/.local/lib/python3.7/site-packages/airflow/example_dags/example_branch_python_dop_operator_3.py
[2023-02-14T13:25:13.078+0000] {processor.py:743} INFO - Processing file /home/airflow/.local/lib/python3.7/site-packages/airflow/example_dags/example_branch_python_dop_operator_3.py for tasks to queue
[2023-02-14T13:25:13.079+0000] {logging_mixin.py:137} INFO - [2023-02-14T13:25:13.079+0000] {dagbag.py:538} INFO - Filling up the DagBag from /home/airflow/.local/lib/python3.7/site-packages/airflow/example_dags/example_branch_python_dop_operator_3.py
[2023-02-14T13:25:13.124+0000] {processor.py:753} INFO - DAG(s) dict_keys(['example_branch_dop_operator_v3']) retrieved from /home/airflow/.local/lib/python3.7/site-packages/airflow/example_dags/example_branch_python_dop_operator_3.py
[2023-02-14T13:25:13.141+0000] {logging_mixin.py:137} INFO - [2023-02-14T13:25:13.141+0000] {dag.py:2690} INFO - Sync 1 DAGs
[2023-02-14T13:25:13.225+0000] {logging_mixin.py:137} INFO - [2023-02-14T13:25:13.225+0000] {dag.py:3441} INFO - Setting next_dagrun for example_branch_dop_operator_v3 to 2023-02-14T13:24:00+00:00, run_after=2023-02-14T13:25:00+00:00
[2023-02-14T13:25:13.299+0000] {processor.py:175} INFO - Processing /home/airflow/.local/lib/python3.7/site-packages/airflow/example_dags/example_branch_python_dop_operator_3.py took 0.228 seconds
[2023-02-14T13:25:43.994+0000] {processor.py:153} INFO - Started process (PID=151) to work on /home/airflow/.local/lib/python3.7/site-packages/airflow/example_dags/example_branch_python_dop_operator_3.py
[2023-02-14T13:25:43.995+0000] {processor.py:743} INFO - Processing file /home/airflow/.local/lib/python3.7/site-packages/airflow/example_dags/example_branch_python_dop_operator_3.py for tasks to queue
[2023-02-14T13:25:43.995+0000] {logging_mixin.py:137} INFO - [2023-02-14T13:25:43.995+0000] {dagbag.py:538} INFO - Filling up the DagBag from /home/airflow/.local/lib/python3.7/site-packages/airflow/example_dags/example_branch_python_dop_operator_3.py
[2023-02-14T13:25:44.019+0000] {processor.py:753} INFO - DAG(s) dict_keys(['example_branch_dop_operator_v3']) retrieved from /home/airflow/.local/lib/python3.7/site-packages/airflow/example_dags/example_branch_python_dop_operator_3.py
[2023-02-14T13:25:44.042+0000] {logging_mixin.py:137} INFO - [2023-02-14T13:25:44.042+0000] {dag.py:2690} INFO - Sync 1 DAGs
[2023-02-14T13:25:44.073+0000] {logging_mixin.py:137} INFO - [2023-02-14T13:25:44.073+0000] {dag.py:3441} INFO - Setting next_dagrun for example_branch_dop_operator_v3 to 2023-02-14T13:24:00+00:00, run_after=2023-02-14T13:25:00+00:00
[2023-02-14T13:25:44.092+0000] {processor.py:175} INFO - Processing /home/airflow/.local/lib/python3.7/site-packages/airflow/example_dags/example_branch_python_dop_operator_3.py took 0.100 seconds
[2023-02-14T13:26:14.418+0000] {processor.py:153} INFO - Started process (PID=220) to work on /home/airflow/.local/lib/python3.7/site-packages/airflow/example_dags/example_branch_python_dop_operator_3.py
[2023-02-14T13:26:14.419+0000] {processor.py:743} INFO - Processing file /home/airflow/.local/lib/python3.7/site-packages/airflow/example_dags/example_branch_python_dop_operator_3.py for tasks to queue
[2023-02-14T13:26:14.421+0000] {logging_mixin.py:137} INFO - [2023-02-14T13:26:14.421+0000] {dagbag.py:538} INFO - Filling up the DagBag from /home/airflow/.local/lib/python3.7/site-packages/airflow/example_dags/example_branch_python_dop_operator_3.py
[2023-02-14T13:26:14.466+0000] {processor.py:753} INFO - DAG(s) dict_keys(['example_branch_dop_operator_v3']) retrieved from /home/airflow/.local/lib/python3.7/site-packages/airflow/example_dags/example_branch_python_dop_operator_3.py
[2023-02-14T13:26:14.515+0000] {logging_mixin.py:137} INFO - [2023-02-14T13:26:14.515+0000] {dag.py:2690} INFO - Sync 1 DAGs
[2023-02-14T13:26:14.571+0000] {logging_mixin.py:137} INFO - [2023-02-14T13:26:14.570+0000] {dag.py:3441} INFO - Setting next_dagrun for example_branch_dop_operator_v3 to 2023-02-14T13:25:00+00:00, run_after=2023-02-14T13:26:00+00:00
[2023-02-14T13:26:14.601+0000] {processor.py:175} INFO - Processing /home/airflow/.local/lib/python3.7/site-packages/airflow/example_dags/example_branch_python_dop_operator_3.py took 0.187 seconds
[2023-02-14T13:26:46.345+0000] {processor.py:153} INFO - Started process (PID=306) to work on /home/airflow/.local/lib/python3.7/site-packages/airflow/example_dags/example_branch_python_dop_operator_3.py
[2023-02-14T13:26:46.347+0000] {processor.py:743} INFO - Processing file /home/airflow/.local/lib/python3.7/site-packages/airflow/example_dags/example_branch_python_dop_operator_3.py for tasks to queue
[2023-02-14T13:26:46.348+0000] {logging_mixin.py:137} INFO - [2023-02-14T13:26:46.348+0000] {dagbag.py:538} INFO - Filling up the DagBag from /home/airflow/.local/lib/python3.7/site-packages/airflow/example_dags/example_branch_python_dop_operator_3.py
[2023-02-14T13:26:46.456+0000] {processor.py:753} INFO - DAG(s) dict_keys(['example_branch_dop_operator_v3']) retrieved from /home/airflow/.local/lib/python3.7/site-packages/airflow/example_dags/example_branch_python_dop_operator_3.py
[2023-02-14T13:26:46.520+0000] {logging_mixin.py:137} INFO - [2023-02-14T13:26:46.520+0000] {dag.py:2690} INFO - Sync 1 DAGs
[2023-02-14T13:26:46.619+0000] {logging_mixin.py:137} INFO - [2023-02-14T13:26:46.619+0000] {dag.py:3441} INFO - Setting next_dagrun for example_branch_dop_operator_v3 to 2023-02-14T13:25:00+00:00, run_after=2023-02-14T13:26:00+00:00
[2023-02-14T13:26:46.713+0000] {processor.py:175} INFO - Processing /home/airflow/.local/lib/python3.7/site-packages/airflow/example_dags/example_branch_python_dop_operator_3.py took 0.374 seconds
[2023-02-14T13:27:16.823+0000] {processor.py:153} INFO - Started process (PID=377) to work on /home/airflow/.local/lib/python3.7/site-packages/airflow/example_dags/example_branch_python_dop_operator_3.py
[2023-02-14T13:27:16.824+0000] {processor.py:743} INFO - Processing file /home/airflow/.local/lib/python3.7/site-packages/airflow/example_dags/example_branch_python_dop_operator_3.py for tasks to queue
[2023-02-14T13:27:16.825+0000] {logging_mixin.py:137} INFO - [2023-02-14T13:27:16.824+0000] {dagbag.py:538} INFO - Filling up the DagBag from /home/airflow/.local/lib/python3.7/site-packages/airflow/example_dags/example_branch_python_dop_operator_3.py
[2023-02-14T13:27:16.846+0000] {processor.py:753} INFO - DAG(s) dict_keys(['example_branch_dop_operator_v3']) retrieved from /home/airflow/.local/lib/python3.7/site-packages/airflow/example_dags/example_branch_python_dop_operator_3.py
[2023-02-14T13:27:16.869+0000] {logging_mixin.py:137} INFO - [2023-02-14T13:27:16.869+0000] {dag.py:2690} INFO - Sync 1 DAGs
[2023-02-14T13:27:16.898+0000] {logging_mixin.py:137} INFO - [2023-02-14T13:27:16.898+0000] {dag.py:3441} INFO - Setting next_dagrun for example_branch_dop_operator_v3 to 2023-02-14T13:26:00+00:00, run_after=2023-02-14T13:27:00+00:00
[2023-02-14T13:27:16.917+0000] {processor.py:175} INFO - Processing /home/airflow/.local/lib/python3.7/site-packages/airflow/example_dags/example_branch_python_dop_operator_3.py took 0.096 seconds
[2023-02-14T13:27:47.768+0000] {processor.py:153} INFO - Started process (PID=448) to work on /home/airflow/.local/lib/python3.7/site-packages/airflow/example_dags/example_branch_python_dop_operator_3.py
[2023-02-14T13:27:47.768+0000] {processor.py:743} INFO - Processing file /home/airflow/.local/lib/python3.7/site-packages/airflow/example_dags/example_branch_python_dop_operator_3.py for tasks to queue
[2023-02-14T13:27:47.769+0000] {logging_mixin.py:137} INFO - [2023-02-14T13:27:47.769+0000] {dagbag.py:538} INFO - Filling up the DagBag from /home/airflow/.local/lib/python3.7/site-packages/airflow/example_dags/example_branch_python_dop_operator_3.py
[2023-02-14T13:27:47.791+0000] {processor.py:753} INFO - DAG(s) dict_keys(['example_branch_dop_operator_v3']) retrieved from /home/airflow/.local/lib/python3.7/site-packages/airflow/example_dags/example_branch_python_dop_operator_3.py
[2023-02-14T13:27:47.812+0000] {logging_mixin.py:137} INFO - [2023-02-14T13:27:47.812+0000] {dag.py:2690} INFO - Sync 1 DAGs
[2023-02-14T13:27:47.842+0000] {logging_mixin.py:137} INFO - [2023-02-14T13:27:47.842+0000] {dag.py:3441} INFO - Setting next_dagrun for example_branch_dop_operator_v3 to 2023-02-14T13:26:00+00:00, run_after=2023-02-14T13:27:00+00:00
[2023-02-14T13:27:47.859+0000] {processor.py:175} INFO - Processing /home/airflow/.local/lib/python3.7/site-packages/airflow/example_dags/example_branch_python_dop_operator_3.py took 0.094 seconds
[2023-02-14T13:28:20.161+0000] {processor.py:153} INFO - Started process (PID=527) to work on /home/airflow/.local/lib/python3.7/site-packages/airflow/example_dags/example_branch_python_dop_operator_3.py
[2023-02-14T13:28:20.163+0000] {processor.py:743} INFO - Processing file /home/airflow/.local/lib/python3.7/site-packages/airflow/example_dags/example_branch_python_dop_operator_3.py for tasks to queue
[2023-02-14T13:28:20.164+0000] {logging_mixin.py:137} INFO - [2023-02-14T13:28:20.164+0000] {dagbag.py:538} INFO - Filling up the DagBag from /home/airflow/.local/lib/python3.7/site-packages/airflow/example_dags/example_branch_python_dop_operator_3.py
[2023-02-14T13:28:20.203+0000] {processor.py:753} INFO - DAG(s) dict_keys(['example_branch_dop_operator_v3']) retrieved from /home/airflow/.local/lib/python3.7/site-packages/airflow/example_dags/example_branch_python_dop_operator_3.py
[2023-02-14T13:28:20.236+0000] {logging_mixin.py:137} INFO - [2023-02-14T13:28:20.236+0000] {dag.py:2690} INFO - Sync 1 DAGs
[2023-02-14T13:28:20.303+0000] {logging_mixin.py:137} INFO - [2023-02-14T13:28:20.303+0000] {dag.py:3441} INFO - Setting next_dagrun for example_branch_dop_operator_v3 to 2023-02-14T13:27:00+00:00, run_after=2023-02-14T13:28:00+00:00
[2023-02-14T13:28:20.345+0000] {processor.py:175} INFO - Processing /home/airflow/.local/lib/python3.7/site-packages/airflow/example_dags/example_branch_python_dop_operator_3.py took 0.192 seconds
[2023-02-14T13:28:50.655+0000] {processor.py:153} INFO - Started process (PID=605) to work on /home/airflow/.local/lib/python3.7/site-packages/airflow/example_dags/example_branch_python_dop_operator_3.py
[2023-02-14T13:28:50.664+0000] {processor.py:743} INFO - Processing file /home/airflow/.local/lib/python3.7/site-packages/airflow/example_dags/example_branch_python_dop_operator_3.py for tasks to queue
[2023-02-14T13:28:50.665+0000] {logging_mixin.py:137} INFO - [2023-02-14T13:28:50.665+0000] {dagbag.py:538} INFO - Filling up the DagBag from /home/airflow/.local/lib/python3.7/site-packages/airflow/example_dags/example_branch_python_dop_operator_3.py
[2023-02-14T13:28:50.754+0000] {processor.py:753} INFO - DAG(s) dict_keys(['example_branch_dop_operator_v3']) retrieved from /home/airflow/.local/lib/python3.7/site-packages/airflow/example_dags/example_branch_python_dop_operator_3.py
[2023-02-14T13:28:50.840+0000] {logging_mixin.py:137} INFO - [2023-02-14T13:28:50.839+0000] {dag.py:2690} INFO - Sync 1 DAGs
[2023-02-14T13:28:50.931+0000] {logging_mixin.py:137} INFO - [2023-02-14T13:28:50.930+0000] {dag.py:3441} INFO - Setting next_dagrun for example_branch_dop_operator_v3 to 2023-02-14T13:27:00+00:00, run_after=2023-02-14T13:28:00+00:00
[2023-02-14T13:28:50.994+0000] {processor.py:175} INFO - Processing /home/airflow/.local/lib/python3.7/site-packages/airflow/example_dags/example_branch_python_dop_operator_3.py took 0.349 seconds
[2023-02-14T13:29:21.150+0000] {processor.py:153} INFO - Started process (PID=676) to work on /home/airflow/.local/lib/python3.7/site-packages/airflow/example_dags/example_branch_python_dop_operator_3.py
[2023-02-14T13:29:21.151+0000] {processor.py:743} INFO - Processing file /home/airflow/.local/lib/python3.7/site-packages/airflow/example_dags/example_branch_python_dop_operator_3.py for tasks to queue
[2023-02-14T13:29:21.151+0000] {logging_mixin.py:137} INFO - [2023-02-14T13:29:21.151+0000] {dagbag.py:538} INFO - Filling up the DagBag from /home/airflow/.local/lib/python3.7/site-packages/airflow/example_dags/example_branch_python_dop_operator_3.py
[2023-02-14T13:29:21.174+0000] {processor.py:753} INFO - DAG(s) dict_keys(['example_branch_dop_operator_v3']) retrieved from /home/airflow/.local/lib/python3.7/site-packages/airflow/example_dags/example_branch_python_dop_operator_3.py
[2023-02-14T13:29:21.197+0000] {logging_mixin.py:137} INFO - [2023-02-14T13:29:21.196+0000] {dag.py:2690} INFO - Sync 1 DAGs
[2023-02-14T13:29:21.227+0000] {logging_mixin.py:137} INFO - [2023-02-14T13:29:21.227+0000] {dag.py:3441} INFO - Setting next_dagrun for example_branch_dop_operator_v3 to 2023-02-14T13:28:00+00:00, run_after=2023-02-14T13:29:00+00:00
[2023-02-14T13:29:21.246+0000] {processor.py:175} INFO - Processing /home/airflow/.local/lib/python3.7/site-packages/airflow/example_dags/example_branch_python_dop_operator_3.py took 0.099 seconds
[2023-02-14T13:29:51.766+0000] {processor.py:153} INFO - Started process (PID=748) to work on /home/airflow/.local/lib/python3.7/site-packages/airflow/example_dags/example_branch_python_dop_operator_3.py
[2023-02-14T13:29:51.767+0000] {processor.py:743} INFO - Processing file /home/airflow/.local/lib/python3.7/site-packages/airflow/example_dags/example_branch_python_dop_operator_3.py for tasks to queue
[2023-02-14T13:29:51.768+0000] {logging_mixin.py:137} INFO - [2023-02-14T13:29:51.768+0000] {dagbag.py:538} INFO - Filling up the DagBag from /home/airflow/.local/lib/python3.7/site-packages/airflow/example_dags/example_branch_python_dop_operator_3.py
[2023-02-14T13:29:51.794+0000] {processor.py:753} INFO - DAG(s) dict_keys(['example_branch_dop_operator_v3']) retrieved from /home/airflow/.local/lib/python3.7/site-packages/airflow/example_dags/example_branch_python_dop_operator_3.py
[2023-02-14T13:29:51.817+0000] {logging_mixin.py:137} INFO - [2023-02-14T13:29:51.817+0000] {dag.py:2690} INFO - Sync 1 DAGs
[2023-02-14T13:29:51.848+0000] {logging_mixin.py:137} INFO - [2023-02-14T13:29:51.847+0000] {dag.py:3441} INFO - Setting next_dagrun for example_branch_dop_operator_v3 to 2023-02-14T13:28:00+00:00, run_after=2023-02-14T13:29:00+00:00
[2023-02-14T13:29:51.867+0000] {processor.py:175} INFO - Processing /home/airflow/.local/lib/python3.7/site-packages/airflow/example_dags/example_branch_python_dop_operator_3.py took 0.103 seconds
