[2023-02-14T13:25:13.068+0000] {processor.py:153} INFO - Started process (PID=79) to work on /home/airflow/.local/lib/python3.7/site-packages/airflow/example_dags/example_datasets.py
[2023-02-14T13:25:13.069+0000] {processor.py:743} INFO - Processing file /home/airflow/.local/lib/python3.7/site-packages/airflow/example_dags/example_datasets.py for tasks to queue
[2023-02-14T13:25:13.070+0000] {logging_mixin.py:137} INFO - [2023-02-14T13:25:13.070+0000] {dagbag.py:538} INFO - Filling up the DagBag from /home/airflow/.local/lib/python3.7/site-packages/airflow/example_dags/example_datasets.py
[2023-02-14T13:25:13.106+0000] {processor.py:753} INFO - DAG(s) dict_keys(['dataset_consumes_1_and_2', 'dataset_produces_1', 'dataset_consumes_1', 'dataset_consumes_1_never_scheduled', 'dataset_consumes_unknown_never_scheduled', 'dataset_produces_2']) retrieved from /home/airflow/.local/lib/python3.7/site-packages/airflow/example_dags/example_datasets.py
[2023-02-14T13:25:13.133+0000] {logging_mixin.py:137} INFO - [2023-02-14T13:25:13.133+0000] {dag.py:2690} INFO - Sync 6 DAGs
[2023-02-14T13:25:13.203+0000] {logging_mixin.py:137} INFO - [2023-02-14T13:25:13.203+0000] {dag.py:3441} INFO - Setting next_dagrun for dataset_consumes_1 to None, run_after=None
[2023-02-14T13:25:13.220+0000] {logging_mixin.py:137} INFO - [2023-02-14T13:25:13.220+0000] {dag.py:3441} INFO - Setting next_dagrun for dataset_consumes_1_and_2 to None, run_after=None
[2023-02-14T13:25:13.224+0000] {logging_mixin.py:137} INFO - [2023-02-14T13:25:13.223+0000] {dag.py:3441} INFO - Setting next_dagrun for dataset_consumes_1_never_scheduled to None, run_after=None
[2023-02-14T13:25:13.227+0000] {logging_mixin.py:137} INFO - [2023-02-14T13:25:13.227+0000] {dag.py:3441} INFO - Setting next_dagrun for dataset_consumes_unknown_never_scheduled to None, run_after=None
[2023-02-14T13:25:13.237+0000] {logging_mixin.py:137} INFO - [2023-02-14T13:25:13.237+0000] {dag.py:3441} INFO - Setting next_dagrun for dataset_produces_1 to 2023-02-13T00:00:00+00:00, run_after=2023-02-14T00:00:00+00:00
[2023-02-14T13:25:13.240+0000] {logging_mixin.py:137} INFO - [2023-02-14T13:25:13.240+0000] {dag.py:3441} INFO - Setting next_dagrun for dataset_produces_2 to None, run_after=None
[2023-02-14T13:25:13.368+0000] {processor.py:175} INFO - Processing /home/airflow/.local/lib/python3.7/site-packages/airflow/example_dags/example_datasets.py took 0.304 seconds
[2023-02-14T13:25:43.927+0000] {processor.py:153} INFO - Started process (PID=150) to work on /home/airflow/.local/lib/python3.7/site-packages/airflow/example_dags/example_datasets.py
[2023-02-14T13:25:43.928+0000] {processor.py:743} INFO - Processing file /home/airflow/.local/lib/python3.7/site-packages/airflow/example_dags/example_datasets.py for tasks to queue
[2023-02-14T13:25:43.929+0000] {logging_mixin.py:137} INFO - [2023-02-14T13:25:43.929+0000] {dagbag.py:538} INFO - Filling up the DagBag from /home/airflow/.local/lib/python3.7/site-packages/airflow/example_dags/example_datasets.py
[2023-02-14T13:25:43.942+0000] {processor.py:753} INFO - DAG(s) dict_keys(['dataset_consumes_1_and_2', 'dataset_consumes_unknown_never_scheduled', 'dataset_produces_2', 'dataset_produces_1', 'dataset_consumes_1_never_scheduled', 'dataset_consumes_1']) retrieved from /home/airflow/.local/lib/python3.7/site-packages/airflow/example_dags/example_datasets.py
[2023-02-14T13:25:44.031+0000] {logging_mixin.py:137} INFO - [2023-02-14T13:25:44.031+0000] {dag.py:2690} INFO - Sync 6 DAGs
[2023-02-14T13:25:44.058+0000] {logging_mixin.py:137} INFO - [2023-02-14T13:25:44.058+0000] {dag.py:3441} INFO - Setting next_dagrun for dataset_consumes_1 to None, run_after=None
[2023-02-14T13:25:44.062+0000] {logging_mixin.py:137} INFO - [2023-02-14T13:25:44.062+0000] {dag.py:3441} INFO - Setting next_dagrun for dataset_consumes_1_and_2 to None, run_after=None
[2023-02-14T13:25:44.064+0000] {logging_mixin.py:137} INFO - [2023-02-14T13:25:44.064+0000] {dag.py:3441} INFO - Setting next_dagrun for dataset_consumes_1_never_scheduled to None, run_after=None
[2023-02-14T13:25:44.065+0000] {logging_mixin.py:137} INFO - [2023-02-14T13:25:44.065+0000] {dag.py:3441} INFO - Setting next_dagrun for dataset_consumes_unknown_never_scheduled to None, run_after=None
[2023-02-14T13:25:44.068+0000] {logging_mixin.py:137} INFO - [2023-02-14T13:25:44.068+0000] {dag.py:3441} INFO - Setting next_dagrun for dataset_produces_1 to 2023-02-13T00:00:00+00:00, run_after=2023-02-14T00:00:00+00:00
[2023-02-14T13:25:44.069+0000] {logging_mixin.py:137} INFO - [2023-02-14T13:25:44.069+0000] {dag.py:3441} INFO - Setting next_dagrun for dataset_produces_2 to None, run_after=None
[2023-02-14T13:25:44.104+0000] {processor.py:175} INFO - Processing /home/airflow/.local/lib/python3.7/site-packages/airflow/example_dags/example_datasets.py took 0.180 seconds
[2023-02-14T13:26:14.411+0000] {processor.py:153} INFO - Started process (PID=219) to work on /home/airflow/.local/lib/python3.7/site-packages/airflow/example_dags/example_datasets.py
[2023-02-14T13:26:14.413+0000] {processor.py:743} INFO - Processing file /home/airflow/.local/lib/python3.7/site-packages/airflow/example_dags/example_datasets.py for tasks to queue
[2023-02-14T13:26:14.414+0000] {logging_mixin.py:137} INFO - [2023-02-14T13:26:14.413+0000] {dagbag.py:538} INFO - Filling up the DagBag from /home/airflow/.local/lib/python3.7/site-packages/airflow/example_dags/example_datasets.py
[2023-02-14T13:26:14.440+0000] {processor.py:753} INFO - DAG(s) dict_keys(['dataset_consumes_1_never_scheduled', 'dataset_produces_1', 'dataset_consumes_1_and_2', 'dataset_consumes_1', 'dataset_consumes_unknown_never_scheduled', 'dataset_produces_2']) retrieved from /home/airflow/.local/lib/python3.7/site-packages/airflow/example_dags/example_datasets.py
[2023-02-14T13:26:14.531+0000] {logging_mixin.py:137} INFO - [2023-02-14T13:26:14.530+0000] {dag.py:2690} INFO - Sync 6 DAGs
[2023-02-14T13:26:14.578+0000] {logging_mixin.py:137} INFO - [2023-02-14T13:26:14.578+0000] {dag.py:3441} INFO - Setting next_dagrun for dataset_consumes_1 to None, run_after=None
[2023-02-14T13:26:14.583+0000] {logging_mixin.py:137} INFO - [2023-02-14T13:26:14.583+0000] {dag.py:3441} INFO - Setting next_dagrun for dataset_consumes_1_and_2 to None, run_after=None
[2023-02-14T13:26:14.586+0000] {logging_mixin.py:137} INFO - [2023-02-14T13:26:14.585+0000] {dag.py:3441} INFO - Setting next_dagrun for dataset_consumes_1_never_scheduled to None, run_after=None
[2023-02-14T13:26:14.587+0000] {logging_mixin.py:137} INFO - [2023-02-14T13:26:14.587+0000] {dag.py:3441} INFO - Setting next_dagrun for dataset_consumes_unknown_never_scheduled to None, run_after=None
[2023-02-14T13:26:14.591+0000] {logging_mixin.py:137} INFO - [2023-02-14T13:26:14.591+0000] {dag.py:3441} INFO - Setting next_dagrun for dataset_produces_1 to 2023-02-13T00:00:00+00:00, run_after=2023-02-14T00:00:00+00:00
[2023-02-14T13:26:14.593+0000] {logging_mixin.py:137} INFO - [2023-02-14T13:26:14.593+0000] {dag.py:3441} INFO - Setting next_dagrun for dataset_produces_2 to None, run_after=None
[2023-02-14T13:26:14.656+0000] {processor.py:175} INFO - Processing /home/airflow/.local/lib/python3.7/site-packages/airflow/example_dags/example_datasets.py took 0.251 seconds
[2023-02-14T13:26:46.299+0000] {processor.py:153} INFO - Started process (PID=305) to work on /home/airflow/.local/lib/python3.7/site-packages/airflow/example_dags/example_datasets.py
[2023-02-14T13:26:46.302+0000] {processor.py:743} INFO - Processing file /home/airflow/.local/lib/python3.7/site-packages/airflow/example_dags/example_datasets.py for tasks to queue
[2023-02-14T13:26:46.309+0000] {logging_mixin.py:137} INFO - [2023-02-14T13:26:46.307+0000] {dagbag.py:538} INFO - Filling up the DagBag from /home/airflow/.local/lib/python3.7/site-packages/airflow/example_dags/example_datasets.py
[2023-02-14T13:26:46.350+0000] {processor.py:753} INFO - DAG(s) dict_keys(['dataset_consumes_unknown_never_scheduled', 'dataset_produces_1', 'dataset_produces_2', 'dataset_consumes_1_and_2', 'dataset_consumes_1', 'dataset_consumes_1_never_scheduled']) retrieved from /home/airflow/.local/lib/python3.7/site-packages/airflow/example_dags/example_datasets.py
[2023-02-14T13:26:46.487+0000] {logging_mixin.py:137} INFO - [2023-02-14T13:26:46.487+0000] {dag.py:2690} INFO - Sync 6 DAGs
[2023-02-14T13:26:46.564+0000] {logging_mixin.py:137} INFO - [2023-02-14T13:26:46.564+0000] {dag.py:3441} INFO - Setting next_dagrun for dataset_consumes_1 to None, run_after=None
[2023-02-14T13:26:46.576+0000] {logging_mixin.py:137} INFO - [2023-02-14T13:26:46.575+0000] {dag.py:3441} INFO - Setting next_dagrun for dataset_consumes_1_and_2 to None, run_after=None
[2023-02-14T13:26:46.580+0000] {logging_mixin.py:137} INFO - [2023-02-14T13:26:46.580+0000] {dag.py:3441} INFO - Setting next_dagrun for dataset_consumes_1_never_scheduled to None, run_after=None
[2023-02-14T13:26:46.584+0000] {logging_mixin.py:137} INFO - [2023-02-14T13:26:46.583+0000] {dag.py:3441} INFO - Setting next_dagrun for dataset_consumes_unknown_never_scheduled to None, run_after=None
[2023-02-14T13:26:46.598+0000] {logging_mixin.py:137} INFO - [2023-02-14T13:26:46.597+0000] {dag.py:3441} INFO - Setting next_dagrun for dataset_produces_1 to 2023-02-13T00:00:00+00:00, run_after=2023-02-14T00:00:00+00:00
[2023-02-14T13:26:46.604+0000] {logging_mixin.py:137} INFO - [2023-02-14T13:26:46.604+0000] {dag.py:3441} INFO - Setting next_dagrun for dataset_produces_2 to None, run_after=None
[2023-02-14T13:26:46.747+0000] {processor.py:175} INFO - Processing /home/airflow/.local/lib/python3.7/site-packages/airflow/example_dags/example_datasets.py took 0.466 seconds
[2023-02-14T13:27:16.820+0000] {processor.py:153} INFO - Started process (PID=376) to work on /home/airflow/.local/lib/python3.7/site-packages/airflow/example_dags/example_datasets.py
[2023-02-14T13:27:16.820+0000] {processor.py:743} INFO - Processing file /home/airflow/.local/lib/python3.7/site-packages/airflow/example_dags/example_datasets.py for tasks to queue
[2023-02-14T13:27:16.821+0000] {logging_mixin.py:137} INFO - [2023-02-14T13:27:16.821+0000] {dagbag.py:538} INFO - Filling up the DagBag from /home/airflow/.local/lib/python3.7/site-packages/airflow/example_dags/example_datasets.py
[2023-02-14T13:27:16.835+0000] {processor.py:753} INFO - DAG(s) dict_keys(['dataset_produces_1', 'dataset_produces_2', 'dataset_consumes_1_never_scheduled', 'dataset_consumes_unknown_never_scheduled', 'dataset_consumes_1', 'dataset_consumes_1_and_2']) retrieved from /home/airflow/.local/lib/python3.7/site-packages/airflow/example_dags/example_datasets.py
[2023-02-14T13:27:16.873+0000] {logging_mixin.py:137} INFO - [2023-02-14T13:27:16.873+0000] {dag.py:2690} INFO - Sync 6 DAGs
[2023-02-14T13:27:16.901+0000] {logging_mixin.py:137} INFO - [2023-02-14T13:27:16.901+0000] {dag.py:3441} INFO - Setting next_dagrun for dataset_consumes_1 to None, run_after=None
[2023-02-14T13:27:16.904+0000] {logging_mixin.py:137} INFO - [2023-02-14T13:27:16.904+0000] {dag.py:3441} INFO - Setting next_dagrun for dataset_consumes_1_and_2 to None, run_after=None
[2023-02-14T13:27:16.905+0000] {logging_mixin.py:137} INFO - [2023-02-14T13:27:16.905+0000] {dag.py:3441} INFO - Setting next_dagrun for dataset_consumes_1_never_scheduled to None, run_after=None
[2023-02-14T13:27:16.907+0000] {logging_mixin.py:137} INFO - [2023-02-14T13:27:16.906+0000] {dag.py:3441} INFO - Setting next_dagrun for dataset_consumes_unknown_never_scheduled to None, run_after=None
[2023-02-14T13:27:16.909+0000] {logging_mixin.py:137} INFO - [2023-02-14T13:27:16.909+0000] {dag.py:3441} INFO - Setting next_dagrun for dataset_produces_1 to 2023-02-13T00:00:00+00:00, run_after=2023-02-14T00:00:00+00:00
[2023-02-14T13:27:16.910+0000] {logging_mixin.py:137} INFO - [2023-02-14T13:27:16.910+0000] {dag.py:3441} INFO - Setting next_dagrun for dataset_produces_2 to None, run_after=None
[2023-02-14T13:27:16.942+0000] {processor.py:175} INFO - Processing /home/airflow/.local/lib/python3.7/site-packages/airflow/example_dags/example_datasets.py took 0.125 seconds
[2023-02-14T13:27:47.660+0000] {processor.py:153} INFO - Started process (PID=447) to work on /home/airflow/.local/lib/python3.7/site-packages/airflow/example_dags/example_datasets.py
[2023-02-14T13:27:47.661+0000] {processor.py:743} INFO - Processing file /home/airflow/.local/lib/python3.7/site-packages/airflow/example_dags/example_datasets.py for tasks to queue
[2023-02-14T13:27:47.662+0000] {logging_mixin.py:137} INFO - [2023-02-14T13:27:47.662+0000] {dagbag.py:538} INFO - Filling up the DagBag from /home/airflow/.local/lib/python3.7/site-packages/airflow/example_dags/example_datasets.py
[2023-02-14T13:27:47.676+0000] {processor.py:753} INFO - DAG(s) dict_keys(['dataset_consumes_unknown_never_scheduled', 'dataset_consumes_1', 'dataset_consumes_1_never_scheduled', 'dataset_produces_2', 'dataset_produces_1', 'dataset_consumes_1_and_2']) retrieved from /home/airflow/.local/lib/python3.7/site-packages/airflow/example_dags/example_datasets.py
[2023-02-14T13:27:47.714+0000] {logging_mixin.py:137} INFO - [2023-02-14T13:27:47.714+0000] {dag.py:2690} INFO - Sync 6 DAGs
[2023-02-14T13:27:47.743+0000] {logging_mixin.py:137} INFO - [2023-02-14T13:27:47.742+0000] {dag.py:3441} INFO - Setting next_dagrun for dataset_consumes_1 to None, run_after=None
[2023-02-14T13:27:47.747+0000] {logging_mixin.py:137} INFO - [2023-02-14T13:27:47.747+0000] {dag.py:3441} INFO - Setting next_dagrun for dataset_consumes_1_and_2 to None, run_after=None
[2023-02-14T13:27:47.749+0000] {logging_mixin.py:137} INFO - [2023-02-14T13:27:47.749+0000] {dag.py:3441} INFO - Setting next_dagrun for dataset_consumes_1_never_scheduled to None, run_after=None
[2023-02-14T13:27:47.750+0000] {logging_mixin.py:137} INFO - [2023-02-14T13:27:47.750+0000] {dag.py:3441} INFO - Setting next_dagrun for dataset_consumes_unknown_never_scheduled to None, run_after=None
[2023-02-14T13:27:47.754+0000] {logging_mixin.py:137} INFO - [2023-02-14T13:27:47.754+0000] {dag.py:3441} INFO - Setting next_dagrun for dataset_produces_1 to 2023-02-13T00:00:00+00:00, run_after=2023-02-14T00:00:00+00:00
[2023-02-14T13:27:47.755+0000] {logging_mixin.py:137} INFO - [2023-02-14T13:27:47.755+0000] {dag.py:3441} INFO - Setting next_dagrun for dataset_produces_2 to None, run_after=None
[2023-02-14T13:27:47.790+0000] {processor.py:175} INFO - Processing /home/airflow/.local/lib/python3.7/site-packages/airflow/example_dags/example_datasets.py took 0.132 seconds
[2023-02-14T13:28:19.801+0000] {processor.py:153} INFO - Started process (PID=526) to work on /home/airflow/.local/lib/python3.7/site-packages/airflow/example_dags/example_datasets.py
[2023-02-14T13:28:19.804+0000] {processor.py:743} INFO - Processing file /home/airflow/.local/lib/python3.7/site-packages/airflow/example_dags/example_datasets.py for tasks to queue
[2023-02-14T13:28:19.806+0000] {logging_mixin.py:137} INFO - [2023-02-14T13:28:19.806+0000] {dagbag.py:538} INFO - Filling up the DagBag from /home/airflow/.local/lib/python3.7/site-packages/airflow/example_dags/example_datasets.py
[2023-02-14T13:28:19.848+0000] {processor.py:753} INFO - DAG(s) dict_keys(['dataset_consumes_1', 'dataset_produces_1', 'dataset_consumes_1_never_scheduled', 'dataset_produces_2', 'dataset_consumes_unknown_never_scheduled', 'dataset_consumes_1_and_2']) retrieved from /home/airflow/.local/lib/python3.7/site-packages/airflow/example_dags/example_datasets.py
[2023-02-14T13:28:19.940+0000] {logging_mixin.py:137} INFO - [2023-02-14T13:28:19.939+0000] {dag.py:2690} INFO - Sync 6 DAGs
[2023-02-14T13:28:20.000+0000] {logging_mixin.py:137} INFO - [2023-02-14T13:28:20.000+0000] {dag.py:3441} INFO - Setting next_dagrun for dataset_consumes_1 to None, run_after=None
[2023-02-14T13:28:20.007+0000] {logging_mixin.py:137} INFO - [2023-02-14T13:28:20.006+0000] {dag.py:3441} INFO - Setting next_dagrun for dataset_consumes_1_and_2 to None, run_after=None
[2023-02-14T13:28:20.011+0000] {logging_mixin.py:137} INFO - [2023-02-14T13:28:20.011+0000] {dag.py:3441} INFO - Setting next_dagrun for dataset_consumes_1_never_scheduled to None, run_after=None
[2023-02-14T13:28:20.014+0000] {logging_mixin.py:137} INFO - [2023-02-14T13:28:20.013+0000] {dag.py:3441} INFO - Setting next_dagrun for dataset_consumes_unknown_never_scheduled to None, run_after=None
[2023-02-14T13:28:20.022+0000] {logging_mixin.py:137} INFO - [2023-02-14T13:28:20.022+0000] {dag.py:3441} INFO - Setting next_dagrun for dataset_produces_1 to 2023-02-13T00:00:00+00:00, run_after=2023-02-14T00:00:00+00:00
[2023-02-14T13:28:20.027+0000] {logging_mixin.py:137} INFO - [2023-02-14T13:28:20.026+0000] {dag.py:3441} INFO - Setting next_dagrun for dataset_produces_2 to None, run_after=None
[2023-02-14T13:28:20.110+0000] {processor.py:175} INFO - Processing /home/airflow/.local/lib/python3.7/site-packages/airflow/example_dags/example_datasets.py took 0.320 seconds
[2023-02-14T13:28:50.307+0000] {processor.py:153} INFO - Started process (PID=604) to work on /home/airflow/.local/lib/python3.7/site-packages/airflow/example_dags/example_datasets.py
[2023-02-14T13:28:50.308+0000] {processor.py:743} INFO - Processing file /home/airflow/.local/lib/python3.7/site-packages/airflow/example_dags/example_datasets.py for tasks to queue
[2023-02-14T13:28:50.309+0000] {logging_mixin.py:137} INFO - [2023-02-14T13:28:50.309+0000] {dagbag.py:538} INFO - Filling up the DagBag from /home/airflow/.local/lib/python3.7/site-packages/airflow/example_dags/example_datasets.py
[2023-02-14T13:28:50.331+0000] {processor.py:753} INFO - DAG(s) dict_keys(['dataset_consumes_1', 'dataset_consumes_1_never_scheduled', 'dataset_produces_1', 'dataset_consumes_1_and_2', 'dataset_produces_2', 'dataset_consumes_unknown_never_scheduled']) retrieved from /home/airflow/.local/lib/python3.7/site-packages/airflow/example_dags/example_datasets.py
[2023-02-14T13:28:50.384+0000] {logging_mixin.py:137} INFO - [2023-02-14T13:28:50.384+0000] {dag.py:2690} INFO - Sync 6 DAGs
[2023-02-14T13:28:50.430+0000] {logging_mixin.py:137} INFO - [2023-02-14T13:28:50.429+0000] {dag.py:3441} INFO - Setting next_dagrun for dataset_consumes_1 to None, run_after=None
[2023-02-14T13:28:50.436+0000] {logging_mixin.py:137} INFO - [2023-02-14T13:28:50.436+0000] {dag.py:3441} INFO - Setting next_dagrun for dataset_consumes_1_and_2 to None, run_after=None
[2023-02-14T13:28:50.438+0000] {logging_mixin.py:137} INFO - [2023-02-14T13:28:50.438+0000] {dag.py:3441} INFO - Setting next_dagrun for dataset_consumes_1_never_scheduled to None, run_after=None
[2023-02-14T13:28:50.441+0000] {logging_mixin.py:137} INFO - [2023-02-14T13:28:50.440+0000] {dag.py:3441} INFO - Setting next_dagrun for dataset_consumes_unknown_never_scheduled to None, run_after=None
[2023-02-14T13:28:50.447+0000] {logging_mixin.py:137} INFO - [2023-02-14T13:28:50.447+0000] {dag.py:3441} INFO - Setting next_dagrun for dataset_produces_1 to 2023-02-13T00:00:00+00:00, run_after=2023-02-14T00:00:00+00:00
[2023-02-14T13:28:50.450+0000] {logging_mixin.py:137} INFO - [2023-02-14T13:28:50.450+0000] {dag.py:3441} INFO - Setting next_dagrun for dataset_produces_2 to None, run_after=None
[2023-02-14T13:28:50.591+0000] {processor.py:175} INFO - Processing /home/airflow/.local/lib/python3.7/site-packages/airflow/example_dags/example_datasets.py took 0.288 seconds
[2023-02-14T13:29:21.050+0000] {processor.py:153} INFO - Started process (PID=675) to work on /home/airflow/.local/lib/python3.7/site-packages/airflow/example_dags/example_datasets.py
[2023-02-14T13:29:21.051+0000] {processor.py:743} INFO - Processing file /home/airflow/.local/lib/python3.7/site-packages/airflow/example_dags/example_datasets.py for tasks to queue
[2023-02-14T13:29:21.051+0000] {logging_mixin.py:137} INFO - [2023-02-14T13:29:21.051+0000] {dagbag.py:538} INFO - Filling up the DagBag from /home/airflow/.local/lib/python3.7/site-packages/airflow/example_dags/example_datasets.py
[2023-02-14T13:29:21.065+0000] {processor.py:753} INFO - DAG(s) dict_keys(['dataset_produces_1', 'dataset_consumes_1_and_2', 'dataset_consumes_1', 'dataset_consumes_1_never_scheduled', 'dataset_consumes_unknown_never_scheduled', 'dataset_produces_2']) retrieved from /home/airflow/.local/lib/python3.7/site-packages/airflow/example_dags/example_datasets.py
[2023-02-14T13:29:21.101+0000] {logging_mixin.py:137} INFO - [2023-02-14T13:29:21.101+0000] {dag.py:2690} INFO - Sync 6 DAGs
[2023-02-14T13:29:21.125+0000] {logging_mixin.py:137} INFO - [2023-02-14T13:29:21.125+0000] {dag.py:3441} INFO - Setting next_dagrun for dataset_consumes_1 to None, run_after=None
[2023-02-14T13:29:21.128+0000] {logging_mixin.py:137} INFO - [2023-02-14T13:29:21.128+0000] {dag.py:3441} INFO - Setting next_dagrun for dataset_consumes_1_and_2 to None, run_after=None
[2023-02-14T13:29:21.130+0000] {logging_mixin.py:137} INFO - [2023-02-14T13:29:21.129+0000] {dag.py:3441} INFO - Setting next_dagrun for dataset_consumes_1_never_scheduled to None, run_after=None
[2023-02-14T13:29:21.130+0000] {logging_mixin.py:137} INFO - [2023-02-14T13:29:21.130+0000] {dag.py:3441} INFO - Setting next_dagrun for dataset_consumes_unknown_never_scheduled to None, run_after=None
[2023-02-14T13:29:21.133+0000] {logging_mixin.py:137} INFO - [2023-02-14T13:29:21.133+0000] {dag.py:3441} INFO - Setting next_dagrun for dataset_produces_1 to 2023-02-13T00:00:00+00:00, run_after=2023-02-14T00:00:00+00:00
[2023-02-14T13:29:21.135+0000] {logging_mixin.py:137} INFO - [2023-02-14T13:29:21.135+0000] {dag.py:3441} INFO - Setting next_dagrun for dataset_produces_2 to None, run_after=None
[2023-02-14T13:29:21.172+0000] {processor.py:175} INFO - Processing /home/airflow/.local/lib/python3.7/site-packages/airflow/example_dags/example_datasets.py took 0.125 seconds
[2023-02-14T13:29:51.658+0000] {processor.py:153} INFO - Started process (PID=747) to work on /home/airflow/.local/lib/python3.7/site-packages/airflow/example_dags/example_datasets.py
[2023-02-14T13:29:51.659+0000] {processor.py:743} INFO - Processing file /home/airflow/.local/lib/python3.7/site-packages/airflow/example_dags/example_datasets.py for tasks to queue
[2023-02-14T13:29:51.660+0000] {logging_mixin.py:137} INFO - [2023-02-14T13:29:51.660+0000] {dagbag.py:538} INFO - Filling up the DagBag from /home/airflow/.local/lib/python3.7/site-packages/airflow/example_dags/example_datasets.py
[2023-02-14T13:29:51.679+0000] {processor.py:753} INFO - DAG(s) dict_keys(['dataset_consumes_1', 'dataset_consumes_unknown_never_scheduled', 'dataset_consumes_1_never_scheduled', 'dataset_consumes_1_and_2', 'dataset_produces_2', 'dataset_produces_1']) retrieved from /home/airflow/.local/lib/python3.7/site-packages/airflow/example_dags/example_datasets.py
[2023-02-14T13:29:51.717+0000] {logging_mixin.py:137} INFO - [2023-02-14T13:29:51.717+0000] {dag.py:2690} INFO - Sync 6 DAGs
[2023-02-14T13:29:51.746+0000] {logging_mixin.py:137} INFO - [2023-02-14T13:29:51.745+0000] {dag.py:3441} INFO - Setting next_dagrun for dataset_consumes_1 to None, run_after=None
[2023-02-14T13:29:51.749+0000] {logging_mixin.py:137} INFO - [2023-02-14T13:29:51.749+0000] {dag.py:3441} INFO - Setting next_dagrun for dataset_consumes_1_and_2 to None, run_after=None
[2023-02-14T13:29:51.750+0000] {logging_mixin.py:137} INFO - [2023-02-14T13:29:51.750+0000] {dag.py:3441} INFO - Setting next_dagrun for dataset_consumes_1_never_scheduled to None, run_after=None
[2023-02-14T13:29:51.752+0000] {logging_mixin.py:137} INFO - [2023-02-14T13:29:51.752+0000] {dag.py:3441} INFO - Setting next_dagrun for dataset_consumes_unknown_never_scheduled to None, run_after=None
[2023-02-14T13:29:51.755+0000] {logging_mixin.py:137} INFO - [2023-02-14T13:29:51.754+0000] {dag.py:3441} INFO - Setting next_dagrun for dataset_produces_1 to 2023-02-13T00:00:00+00:00, run_after=2023-02-14T00:00:00+00:00
[2023-02-14T13:29:51.756+0000] {logging_mixin.py:137} INFO - [2023-02-14T13:29:51.756+0000] {dag.py:3441} INFO - Setting next_dagrun for dataset_produces_2 to None, run_after=None
[2023-02-14T13:29:51.792+0000] {processor.py:175} INFO - Processing /home/airflow/.local/lib/python3.7/site-packages/airflow/example_dags/example_datasets.py took 0.137 seconds
