[2023-02-14T13:25:14.036+0000] {processor.py:153} INFO - Started process (PID=87) to work on /home/airflow/.local/lib/python3.7/site-packages/airflow/example_dags/example_task_group.py
[2023-02-14T13:25:14.039+0000] {processor.py:743} INFO - Processing file /home/airflow/.local/lib/python3.7/site-packages/airflow/example_dags/example_task_group.py for tasks to queue
[2023-02-14T13:25:14.041+0000] {logging_mixin.py:137} INFO - [2023-02-14T13:25:14.040+0000] {dagbag.py:538} INFO - Filling up the DagBag from /home/airflow/.local/lib/python3.7/site-packages/airflow/example_dags/example_task_group.py
[2023-02-14T13:25:14.089+0000] {processor.py:753} INFO - DAG(s) dict_keys(['example_task_group']) retrieved from /home/airflow/.local/lib/python3.7/site-packages/airflow/example_dags/example_task_group.py
[2023-02-14T13:25:14.115+0000] {logging_mixin.py:137} INFO - [2023-02-14T13:25:14.114+0000] {dag.py:2690} INFO - Sync 1 DAGs
[2023-02-14T13:25:14.195+0000] {logging_mixin.py:137} INFO - [2023-02-14T13:25:14.194+0000] {dag.py:3441} INFO - Setting next_dagrun for example_task_group to 2023-02-13T13:25:14.194559+00:00, run_after=2023-02-14T13:25:14.194559+00:00
[2023-02-14T13:25:14.292+0000] {processor.py:175} INFO - Processing /home/airflow/.local/lib/python3.7/site-packages/airflow/example_dags/example_task_group.py took 0.265 seconds
[2023-02-14T13:25:44.477+0000] {processor.py:153} INFO - Started process (PID=158) to work on /home/airflow/.local/lib/python3.7/site-packages/airflow/example_dags/example_task_group.py
[2023-02-14T13:25:44.477+0000] {processor.py:743} INFO - Processing file /home/airflow/.local/lib/python3.7/site-packages/airflow/example_dags/example_task_group.py for tasks to queue
[2023-02-14T13:25:44.478+0000] {logging_mixin.py:137} INFO - [2023-02-14T13:25:44.478+0000] {dagbag.py:538} INFO - Filling up the DagBag from /home/airflow/.local/lib/python3.7/site-packages/airflow/example_dags/example_task_group.py
[2023-02-14T13:25:44.492+0000] {processor.py:753} INFO - DAG(s) dict_keys(['example_task_group']) retrieved from /home/airflow/.local/lib/python3.7/site-packages/airflow/example_dags/example_task_group.py
[2023-02-14T13:25:44.527+0000] {logging_mixin.py:137} INFO - [2023-02-14T13:25:44.527+0000] {dag.py:2690} INFO - Sync 1 DAGs
[2023-02-14T13:25:44.564+0000] {logging_mixin.py:137} INFO - [2023-02-14T13:25:44.564+0000] {dag.py:3441} INFO - Setting next_dagrun for example_task_group to 2023-02-13T13:25:44.563513+00:00, run_after=2023-02-14T13:25:44.563513+00:00
[2023-02-14T13:25:44.595+0000] {processor.py:175} INFO - Processing /home/airflow/.local/lib/python3.7/site-packages/airflow/example_dags/example_task_group.py took 0.121 seconds
[2023-02-14T13:26:15.425+0000] {processor.py:153} INFO - Started process (PID=227) to work on /home/airflow/.local/lib/python3.7/site-packages/airflow/example_dags/example_task_group.py
[2023-02-14T13:26:15.428+0000] {processor.py:743} INFO - Processing file /home/airflow/.local/lib/python3.7/site-packages/airflow/example_dags/example_task_group.py for tasks to queue
[2023-02-14T13:26:15.429+0000] {logging_mixin.py:137} INFO - [2023-02-14T13:26:15.429+0000] {dagbag.py:538} INFO - Filling up the DagBag from /home/airflow/.local/lib/python3.7/site-packages/airflow/example_dags/example_task_group.py
[2023-02-14T13:26:15.485+0000] {processor.py:753} INFO - DAG(s) dict_keys(['example_task_group']) retrieved from /home/airflow/.local/lib/python3.7/site-packages/airflow/example_dags/example_task_group.py
[2023-02-14T13:26:15.543+0000] {logging_mixin.py:137} INFO - [2023-02-14T13:26:15.542+0000] {dag.py:2690} INFO - Sync 1 DAGs
[2023-02-14T13:26:15.612+0000] {logging_mixin.py:137} INFO - [2023-02-14T13:26:15.611+0000] {dag.py:3441} INFO - Setting next_dagrun for example_task_group to 2023-02-13T13:26:15.611444+00:00, run_after=2023-02-14T13:26:15.611444+00:00
[2023-02-14T13:26:15.665+0000] {processor.py:175} INFO - Processing /home/airflow/.local/lib/python3.7/site-packages/airflow/example_dags/example_task_group.py took 0.250 seconds
[2023-02-14T13:26:48.028+0000] {processor.py:153} INFO - Started process (PID=313) to work on /home/airflow/.local/lib/python3.7/site-packages/airflow/example_dags/example_task_group.py
[2023-02-14T13:26:48.030+0000] {processor.py:743} INFO - Processing file /home/airflow/.local/lib/python3.7/site-packages/airflow/example_dags/example_task_group.py for tasks to queue
[2023-02-14T13:26:48.033+0000] {logging_mixin.py:137} INFO - [2023-02-14T13:26:48.032+0000] {dagbag.py:538} INFO - Filling up the DagBag from /home/airflow/.local/lib/python3.7/site-packages/airflow/example_dags/example_task_group.py
[2023-02-14T13:26:48.083+0000] {processor.py:753} INFO - DAG(s) dict_keys(['example_task_group']) retrieved from /home/airflow/.local/lib/python3.7/site-packages/airflow/example_dags/example_task_group.py
[2023-02-14T13:26:48.164+0000] {logging_mixin.py:137} INFO - [2023-02-14T13:26:48.163+0000] {dag.py:2690} INFO - Sync 1 DAGs
[2023-02-14T13:26:48.274+0000] {logging_mixin.py:137} INFO - [2023-02-14T13:26:48.274+0000] {dag.py:3441} INFO - Setting next_dagrun for example_task_group to 2023-02-13T13:26:48.273756+00:00, run_after=2023-02-14T13:26:48.273756+00:00
[2023-02-14T13:26:48.369+0000] {processor.py:175} INFO - Processing /home/airflow/.local/lib/python3.7/site-packages/airflow/example_dags/example_task_group.py took 0.360 seconds
[2023-02-14T13:27:18.479+0000] {processor.py:153} INFO - Started process (PID=384) to work on /home/airflow/.local/lib/python3.7/site-packages/airflow/example_dags/example_task_group.py
[2023-02-14T13:27:18.480+0000] {processor.py:743} INFO - Processing file /home/airflow/.local/lib/python3.7/site-packages/airflow/example_dags/example_task_group.py for tasks to queue
[2023-02-14T13:27:18.481+0000] {logging_mixin.py:137} INFO - [2023-02-14T13:27:18.480+0000] {dagbag.py:538} INFO - Filling up the DagBag from /home/airflow/.local/lib/python3.7/site-packages/airflow/example_dags/example_task_group.py
[2023-02-14T13:27:18.494+0000] {processor.py:753} INFO - DAG(s) dict_keys(['example_task_group']) retrieved from /home/airflow/.local/lib/python3.7/site-packages/airflow/example_dags/example_task_group.py
[2023-02-14T13:27:18.516+0000] {logging_mixin.py:137} INFO - [2023-02-14T13:27:18.516+0000] {dag.py:2690} INFO - Sync 1 DAGs
[2023-02-14T13:27:18.540+0000] {logging_mixin.py:137} INFO - [2023-02-14T13:27:18.540+0000] {dag.py:3441} INFO - Setting next_dagrun for example_task_group to 2023-02-13T13:27:18.540449+00:00, run_after=2023-02-14T13:27:18.540449+00:00
[2023-02-14T13:27:18.558+0000] {processor.py:175} INFO - Processing /home/airflow/.local/lib/python3.7/site-packages/airflow/example_dags/example_task_group.py took 0.082 seconds
[2023-02-14T13:27:49.229+0000] {processor.py:153} INFO - Started process (PID=455) to work on /home/airflow/.local/lib/python3.7/site-packages/airflow/example_dags/example_task_group.py
[2023-02-14T13:27:49.230+0000] {processor.py:743} INFO - Processing file /home/airflow/.local/lib/python3.7/site-packages/airflow/example_dags/example_task_group.py for tasks to queue
[2023-02-14T13:27:49.231+0000] {logging_mixin.py:137} INFO - [2023-02-14T13:27:49.230+0000] {dagbag.py:538} INFO - Filling up the DagBag from /home/airflow/.local/lib/python3.7/site-packages/airflow/example_dags/example_task_group.py
[2023-02-14T13:27:49.245+0000] {processor.py:753} INFO - DAG(s) dict_keys(['example_task_group']) retrieved from /home/airflow/.local/lib/python3.7/site-packages/airflow/example_dags/example_task_group.py
[2023-02-14T13:27:49.268+0000] {logging_mixin.py:137} INFO - [2023-02-14T13:27:49.268+0000] {dag.py:2690} INFO - Sync 1 DAGs
[2023-02-14T13:27:49.305+0000] {logging_mixin.py:137} INFO - [2023-02-14T13:27:49.305+0000] {dag.py:3441} INFO - Setting next_dagrun for example_task_group to 2023-02-13T13:27:49.305107+00:00, run_after=2023-02-14T13:27:49.305107+00:00
[2023-02-14T13:27:49.342+0000] {processor.py:175} INFO - Processing /home/airflow/.local/lib/python3.7/site-packages/airflow/example_dags/example_task_group.py took 0.115 seconds
[2023-02-14T13:28:21.462+0000] {processor.py:153} INFO - Started process (PID=541) to work on /home/airflow/.local/lib/python3.7/site-packages/airflow/example_dags/example_task_group.py
[2023-02-14T13:28:21.464+0000] {processor.py:743} INFO - Processing file /home/airflow/.local/lib/python3.7/site-packages/airflow/example_dags/example_task_group.py for tasks to queue
[2023-02-14T13:28:21.465+0000] {logging_mixin.py:137} INFO - [2023-02-14T13:28:21.465+0000] {dagbag.py:538} INFO - Filling up the DagBag from /home/airflow/.local/lib/python3.7/site-packages/airflow/example_dags/example_task_group.py
[2023-02-14T13:28:21.502+0000] {processor.py:753} INFO - DAG(s) dict_keys(['example_task_group']) retrieved from /home/airflow/.local/lib/python3.7/site-packages/airflow/example_dags/example_task_group.py
[2023-02-14T13:28:21.568+0000] {logging_mixin.py:137} INFO - [2023-02-14T13:28:21.567+0000] {dag.py:2690} INFO - Sync 1 DAGs
[2023-02-14T13:28:21.633+0000] {logging_mixin.py:137} INFO - [2023-02-14T13:28:21.633+0000] {dag.py:3441} INFO - Setting next_dagrun for example_task_group to 2023-02-13T13:28:21.632776+00:00, run_after=2023-02-14T13:28:21.632776+00:00
[2023-02-14T13:28:21.669+0000] {processor.py:175} INFO - Processing /home/airflow/.local/lib/python3.7/site-packages/airflow/example_dags/example_task_group.py took 0.215 seconds
[2023-02-14T13:28:51.780+0000] {processor.py:153} INFO - Started process (PID=612) to work on /home/airflow/.local/lib/python3.7/site-packages/airflow/example_dags/example_task_group.py
[2023-02-14T13:28:51.788+0000] {processor.py:743} INFO - Processing file /home/airflow/.local/lib/python3.7/site-packages/airflow/example_dags/example_task_group.py for tasks to queue
[2023-02-14T13:28:51.788+0000] {logging_mixin.py:137} INFO - [2023-02-14T13:28:51.788+0000] {dagbag.py:538} INFO - Filling up the DagBag from /home/airflow/.local/lib/python3.7/site-packages/airflow/example_dags/example_task_group.py
[2023-02-14T13:28:51.805+0000] {processor.py:753} INFO - DAG(s) dict_keys(['example_task_group']) retrieved from /home/airflow/.local/lib/python3.7/site-packages/airflow/example_dags/example_task_group.py
[2023-02-14T13:28:51.836+0000] {logging_mixin.py:137} INFO - [2023-02-14T13:28:51.836+0000] {dag.py:2690} INFO - Sync 1 DAGs
[2023-02-14T13:28:51.863+0000] {logging_mixin.py:137} INFO - [2023-02-14T13:28:51.863+0000] {dag.py:3441} INFO - Setting next_dagrun for example_task_group to 2023-02-13T13:28:51.863604+00:00, run_after=2023-02-14T13:28:51.863604+00:00
[2023-02-14T13:28:51.881+0000] {processor.py:175} INFO - Processing /home/airflow/.local/lib/python3.7/site-packages/airflow/example_dags/example_task_group.py took 0.104 seconds
[2023-02-14T13:29:22.704+0000] {processor.py:153} INFO - Started process (PID=683) to work on /home/airflow/.local/lib/python3.7/site-packages/airflow/example_dags/example_task_group.py
[2023-02-14T13:29:22.705+0000] {processor.py:743} INFO - Processing file /home/airflow/.local/lib/python3.7/site-packages/airflow/example_dags/example_task_group.py for tasks to queue
[2023-02-14T13:29:22.706+0000] {logging_mixin.py:137} INFO - [2023-02-14T13:29:22.706+0000] {dagbag.py:538} INFO - Filling up the DagBag from /home/airflow/.local/lib/python3.7/site-packages/airflow/example_dags/example_task_group.py
[2023-02-14T13:29:22.732+0000] {processor.py:753} INFO - DAG(s) dict_keys(['example_task_group']) retrieved from /home/airflow/.local/lib/python3.7/site-packages/airflow/example_dags/example_task_group.py
[2023-02-14T13:29:22.771+0000] {logging_mixin.py:137} INFO - [2023-02-14T13:29:22.770+0000] {dag.py:2690} INFO - Sync 1 DAGs
[2023-02-14T13:29:22.810+0000] {logging_mixin.py:137} INFO - [2023-02-14T13:29:22.810+0000] {dag.py:3441} INFO - Setting next_dagrun for example_task_group to 2023-02-13T13:29:22.810145+00:00, run_after=2023-02-14T13:29:22.810145+00:00
[2023-02-14T13:29:22.830+0000] {processor.py:175} INFO - Processing /home/airflow/.local/lib/python3.7/site-packages/airflow/example_dags/example_task_group.py took 0.130 seconds
[2023-02-14T13:29:53.281+0000] {processor.py:153} INFO - Started process (PID=755) to work on /home/airflow/.local/lib/python3.7/site-packages/airflow/example_dags/example_task_group.py
[2023-02-14T13:29:53.286+0000] {processor.py:743} INFO - Processing file /home/airflow/.local/lib/python3.7/site-packages/airflow/example_dags/example_task_group.py for tasks to queue
[2023-02-14T13:29:53.287+0000] {logging_mixin.py:137} INFO - [2023-02-14T13:29:53.287+0000] {dagbag.py:538} INFO - Filling up the DagBag from /home/airflow/.local/lib/python3.7/site-packages/airflow/example_dags/example_task_group.py
[2023-02-14T13:29:53.311+0000] {processor.py:753} INFO - DAG(s) dict_keys(['example_task_group']) retrieved from /home/airflow/.local/lib/python3.7/site-packages/airflow/example_dags/example_task_group.py
[2023-02-14T13:29:53.351+0000] {logging_mixin.py:137} INFO - [2023-02-14T13:29:53.350+0000] {dag.py:2690} INFO - Sync 1 DAGs
[2023-02-14T13:29:53.383+0000] {logging_mixin.py:137} INFO - [2023-02-14T13:29:53.382+0000] {dag.py:3441} INFO - Setting next_dagrun for example_task_group to 2023-02-13T13:29:53.381938+00:00, run_after=2023-02-14T13:29:53.381938+00:00
[2023-02-14T13:29:53.403+0000] {processor.py:175} INFO - Processing /home/airflow/.local/lib/python3.7/site-packages/airflow/example_dags/example_task_group.py took 0.126 seconds
