[2023-02-14T13:25:13.413+0000] {processor.py:153} INFO - Started process (PID=82) to work on /home/airflow/.local/lib/python3.7/site-packages/airflow/example_dags/example_complex.py
[2023-02-14T13:25:13.414+0000] {processor.py:743} INFO - Processing file /home/airflow/.local/lib/python3.7/site-packages/airflow/example_dags/example_complex.py for tasks to queue
[2023-02-14T13:25:13.416+0000] {logging_mixin.py:137} INFO - [2023-02-14T13:25:13.415+0000] {dagbag.py:538} INFO - Filling up the DagBag from /home/airflow/.local/lib/python3.7/site-packages/airflow/example_dags/example_complex.py
[2023-02-14T13:25:13.442+0000] {logging_mixin.py:137} INFO - [2023-02-14T13:25:13.442+0000] {taskmixin.py:205} WARNING - Dependency <Task(BashOperator): create_entry_group>, delete_entry_group already registered for DAG: example_complex
[2023-02-14T13:25:13.442+0000] {logging_mixin.py:137} INFO - [2023-02-14T13:25:13.442+0000] {taskmixin.py:205} WARNING - Dependency <Task(BashOperator): delete_entry_group>, create_entry_group already registered for DAG: example_complex
[2023-02-14T13:25:13.443+0000] {logging_mixin.py:137} INFO - [2023-02-14T13:25:13.443+0000] {taskmixin.py:205} WARNING - Dependency <Task(BashOperator): create_entry_gcs>, delete_entry already registered for DAG: example_complex
[2023-02-14T13:25:13.443+0000] {logging_mixin.py:137} INFO - [2023-02-14T13:25:13.443+0000] {taskmixin.py:205} WARNING - Dependency <Task(BashOperator): delete_entry>, create_entry_gcs already registered for DAG: example_complex
[2023-02-14T13:25:13.444+0000] {logging_mixin.py:137} INFO - [2023-02-14T13:25:13.444+0000] {taskmixin.py:205} WARNING - Dependency <Task(BashOperator): create_tag>, delete_tag already registered for DAG: example_complex
[2023-02-14T13:25:13.444+0000] {logging_mixin.py:137} INFO - [2023-02-14T13:25:13.444+0000] {taskmixin.py:205} WARNING - Dependency <Task(BashOperator): delete_tag>, create_tag already registered for DAG: example_complex
[2023-02-14T13:25:13.460+0000] {processor.py:753} INFO - DAG(s) dict_keys(['example_complex']) retrieved from /home/airflow/.local/lib/python3.7/site-packages/airflow/example_dags/example_complex.py
[2023-02-14T13:25:13.480+0000] {logging_mixin.py:137} INFO - [2023-02-14T13:25:13.480+0000] {dag.py:2690} INFO - Sync 1 DAGs
[2023-02-14T13:25:13.535+0000] {logging_mixin.py:137} INFO - [2023-02-14T13:25:13.535+0000] {dag.py:3441} INFO - Setting next_dagrun for example_complex to None, run_after=None
[2023-02-14T13:25:13.583+0000] {processor.py:175} INFO - Processing /home/airflow/.local/lib/python3.7/site-packages/airflow/example_dags/example_complex.py took 0.177 seconds
[2023-02-14T13:25:44.125+0000] {processor.py:153} INFO - Started process (PID=153) to work on /home/airflow/.local/lib/python3.7/site-packages/airflow/example_dags/example_complex.py
[2023-02-14T13:25:44.126+0000] {processor.py:743} INFO - Processing file /home/airflow/.local/lib/python3.7/site-packages/airflow/example_dags/example_complex.py for tasks to queue
[2023-02-14T13:25:44.127+0000] {logging_mixin.py:137} INFO - [2023-02-14T13:25:44.127+0000] {dagbag.py:538} INFO - Filling up the DagBag from /home/airflow/.local/lib/python3.7/site-packages/airflow/example_dags/example_complex.py
[2023-02-14T13:25:44.139+0000] {logging_mixin.py:137} INFO - [2023-02-14T13:25:44.138+0000] {taskmixin.py:205} WARNING - Dependency <Task(BashOperator): create_entry_group>, delete_entry_group already registered for DAG: example_complex
[2023-02-14T13:25:44.139+0000] {logging_mixin.py:137} INFO - [2023-02-14T13:25:44.139+0000] {taskmixin.py:205} WARNING - Dependency <Task(BashOperator): delete_entry_group>, create_entry_group already registered for DAG: example_complex
[2023-02-14T13:25:44.139+0000] {logging_mixin.py:137} INFO - [2023-02-14T13:25:44.139+0000] {taskmixin.py:205} WARNING - Dependency <Task(BashOperator): create_entry_gcs>, delete_entry already registered for DAG: example_complex
[2023-02-14T13:25:44.139+0000] {logging_mixin.py:137} INFO - [2023-02-14T13:25:44.139+0000] {taskmixin.py:205} WARNING - Dependency <Task(BashOperator): delete_entry>, create_entry_gcs already registered for DAG: example_complex
[2023-02-14T13:25:44.140+0000] {logging_mixin.py:137} INFO - [2023-02-14T13:25:44.140+0000] {taskmixin.py:205} WARNING - Dependency <Task(BashOperator): create_tag>, delete_tag already registered for DAG: example_complex
[2023-02-14T13:25:44.140+0000] {logging_mixin.py:137} INFO - [2023-02-14T13:25:44.140+0000] {taskmixin.py:205} WARNING - Dependency <Task(BashOperator): delete_tag>, create_tag already registered for DAG: example_complex
[2023-02-14T13:25:44.147+0000] {processor.py:753} INFO - DAG(s) dict_keys(['example_complex']) retrieved from /home/airflow/.local/lib/python3.7/site-packages/airflow/example_dags/example_complex.py
[2023-02-14T13:25:44.175+0000] {logging_mixin.py:137} INFO - [2023-02-14T13:25:44.175+0000] {dag.py:2690} INFO - Sync 1 DAGs
[2023-02-14T13:25:44.200+0000] {logging_mixin.py:137} INFO - [2023-02-14T13:25:44.200+0000] {dag.py:3441} INFO - Setting next_dagrun for example_complex to None, run_after=None
[2023-02-14T13:25:44.221+0000] {processor.py:175} INFO - Processing /home/airflow/.local/lib/python3.7/site-packages/airflow/example_dags/example_complex.py took 0.101 seconds
[2023-02-14T13:26:14.717+0000] {processor.py:153} INFO - Started process (PID=222) to work on /home/airflow/.local/lib/python3.7/site-packages/airflow/example_dags/example_complex.py
[2023-02-14T13:26:14.719+0000] {processor.py:743} INFO - Processing file /home/airflow/.local/lib/python3.7/site-packages/airflow/example_dags/example_complex.py for tasks to queue
[2023-02-14T13:26:14.720+0000] {logging_mixin.py:137} INFO - [2023-02-14T13:26:14.720+0000] {dagbag.py:538} INFO - Filling up the DagBag from /home/airflow/.local/lib/python3.7/site-packages/airflow/example_dags/example_complex.py
[2023-02-14T13:26:14.735+0000] {logging_mixin.py:137} INFO - [2023-02-14T13:26:14.735+0000] {taskmixin.py:205} WARNING - Dependency <Task(BashOperator): create_entry_group>, delete_entry_group already registered for DAG: example_complex
[2023-02-14T13:26:14.735+0000] {logging_mixin.py:137} INFO - [2023-02-14T13:26:14.735+0000] {taskmixin.py:205} WARNING - Dependency <Task(BashOperator): delete_entry_group>, create_entry_group already registered for DAG: example_complex
[2023-02-14T13:26:14.735+0000] {logging_mixin.py:137} INFO - [2023-02-14T13:26:14.735+0000] {taskmixin.py:205} WARNING - Dependency <Task(BashOperator): create_entry_gcs>, delete_entry already registered for DAG: example_complex
[2023-02-14T13:26:14.736+0000] {logging_mixin.py:137} INFO - [2023-02-14T13:26:14.736+0000] {taskmixin.py:205} WARNING - Dependency <Task(BashOperator): delete_entry>, create_entry_gcs already registered for DAG: example_complex
[2023-02-14T13:26:14.736+0000] {logging_mixin.py:137} INFO - [2023-02-14T13:26:14.736+0000] {taskmixin.py:205} WARNING - Dependency <Task(BashOperator): create_tag>, delete_tag already registered for DAG: example_complex
[2023-02-14T13:26:14.736+0000] {logging_mixin.py:137} INFO - [2023-02-14T13:26:14.736+0000] {taskmixin.py:205} WARNING - Dependency <Task(BashOperator): delete_tag>, create_tag already registered for DAG: example_complex
[2023-02-14T13:26:14.748+0000] {processor.py:753} INFO - DAG(s) dict_keys(['example_complex']) retrieved from /home/airflow/.local/lib/python3.7/site-packages/airflow/example_dags/example_complex.py
[2023-02-14T13:26:14.808+0000] {logging_mixin.py:137} INFO - [2023-02-14T13:26:14.808+0000] {dag.py:2690} INFO - Sync 1 DAGs
[2023-02-14T13:26:14.860+0000] {logging_mixin.py:137} INFO - [2023-02-14T13:26:14.860+0000] {dag.py:3441} INFO - Setting next_dagrun for example_complex to None, run_after=None
[2023-02-14T13:26:14.897+0000] {processor.py:175} INFO - Processing /home/airflow/.local/lib/python3.7/site-packages/airflow/example_dags/example_complex.py took 0.186 seconds
[2023-02-14T13:26:47.123+0000] {processor.py:153} INFO - Started process (PID=308) to work on /home/airflow/.local/lib/python3.7/site-packages/airflow/example_dags/example_complex.py
[2023-02-14T13:26:47.125+0000] {processor.py:743} INFO - Processing file /home/airflow/.local/lib/python3.7/site-packages/airflow/example_dags/example_complex.py for tasks to queue
[2023-02-14T13:26:47.129+0000] {logging_mixin.py:137} INFO - [2023-02-14T13:26:47.128+0000] {dagbag.py:538} INFO - Filling up the DagBag from /home/airflow/.local/lib/python3.7/site-packages/airflow/example_dags/example_complex.py
[2023-02-14T13:26:47.179+0000] {logging_mixin.py:137} INFO - [2023-02-14T13:26:47.179+0000] {taskmixin.py:205} WARNING - Dependency <Task(BashOperator): create_entry_group>, delete_entry_group already registered for DAG: example_complex
[2023-02-14T13:26:47.180+0000] {logging_mixin.py:137} INFO - [2023-02-14T13:26:47.180+0000] {taskmixin.py:205} WARNING - Dependency <Task(BashOperator): delete_entry_group>, create_entry_group already registered for DAG: example_complex
[2023-02-14T13:26:47.181+0000] {logging_mixin.py:137} INFO - [2023-02-14T13:26:47.180+0000] {taskmixin.py:205} WARNING - Dependency <Task(BashOperator): create_entry_gcs>, delete_entry already registered for DAG: example_complex
[2023-02-14T13:26:47.181+0000] {logging_mixin.py:137} INFO - [2023-02-14T13:26:47.181+0000] {taskmixin.py:205} WARNING - Dependency <Task(BashOperator): delete_entry>, create_entry_gcs already registered for DAG: example_complex
[2023-02-14T13:26:47.182+0000] {logging_mixin.py:137} INFO - [2023-02-14T13:26:47.182+0000] {taskmixin.py:205} WARNING - Dependency <Task(BashOperator): create_tag>, delete_tag already registered for DAG: example_complex
[2023-02-14T13:26:47.183+0000] {logging_mixin.py:137} INFO - [2023-02-14T13:26:47.183+0000] {taskmixin.py:205} WARNING - Dependency <Task(BashOperator): delete_tag>, create_tag already registered for DAG: example_complex
[2023-02-14T13:26:47.203+0000] {processor.py:753} INFO - DAG(s) dict_keys(['example_complex']) retrieved from /home/airflow/.local/lib/python3.7/site-packages/airflow/example_dags/example_complex.py
[2023-02-14T13:26:47.313+0000] {logging_mixin.py:137} INFO - [2023-02-14T13:26:47.312+0000] {dag.py:2690} INFO - Sync 1 DAGs
[2023-02-14T13:26:47.380+0000] {logging_mixin.py:137} INFO - [2023-02-14T13:26:47.379+0000] {dag.py:3441} INFO - Setting next_dagrun for example_complex to None, run_after=None
[2023-02-14T13:26:47.434+0000] {processor.py:175} INFO - Processing /home/airflow/.local/lib/python3.7/site-packages/airflow/example_dags/example_complex.py took 0.321 seconds
[2023-02-14T13:27:17.962+0000] {processor.py:153} INFO - Started process (PID=379) to work on /home/airflow/.local/lib/python3.7/site-packages/airflow/example_dags/example_complex.py
[2023-02-14T13:27:17.963+0000] {processor.py:743} INFO - Processing file /home/airflow/.local/lib/python3.7/site-packages/airflow/example_dags/example_complex.py for tasks to queue
[2023-02-14T13:27:17.964+0000] {logging_mixin.py:137} INFO - [2023-02-14T13:27:17.963+0000] {dagbag.py:538} INFO - Filling up the DagBag from /home/airflow/.local/lib/python3.7/site-packages/airflow/example_dags/example_complex.py
[2023-02-14T13:27:17.976+0000] {logging_mixin.py:137} INFO - [2023-02-14T13:27:17.976+0000] {taskmixin.py:205} WARNING - Dependency <Task(BashOperator): create_entry_group>, delete_entry_group already registered for DAG: example_complex
[2023-02-14T13:27:17.977+0000] {logging_mixin.py:137} INFO - [2023-02-14T13:27:17.977+0000] {taskmixin.py:205} WARNING - Dependency <Task(BashOperator): delete_entry_group>, create_entry_group already registered for DAG: example_complex
[2023-02-14T13:27:17.977+0000] {logging_mixin.py:137} INFO - [2023-02-14T13:27:17.977+0000] {taskmixin.py:205} WARNING - Dependency <Task(BashOperator): create_entry_gcs>, delete_entry already registered for DAG: example_complex
[2023-02-14T13:27:17.977+0000] {logging_mixin.py:137} INFO - [2023-02-14T13:27:17.977+0000] {taskmixin.py:205} WARNING - Dependency <Task(BashOperator): delete_entry>, create_entry_gcs already registered for DAG: example_complex
[2023-02-14T13:27:17.978+0000] {logging_mixin.py:137} INFO - [2023-02-14T13:27:17.977+0000] {taskmixin.py:205} WARNING - Dependency <Task(BashOperator): create_tag>, delete_tag already registered for DAG: example_complex
[2023-02-14T13:27:17.978+0000] {logging_mixin.py:137} INFO - [2023-02-14T13:27:17.978+0000] {taskmixin.py:205} WARNING - Dependency <Task(BashOperator): delete_tag>, create_tag already registered for DAG: example_complex
[2023-02-14T13:27:17.985+0000] {processor.py:753} INFO - DAG(s) dict_keys(['example_complex']) retrieved from /home/airflow/.local/lib/python3.7/site-packages/airflow/example_dags/example_complex.py
[2023-02-14T13:27:18.011+0000] {logging_mixin.py:137} INFO - [2023-02-14T13:27:18.011+0000] {dag.py:2690} INFO - Sync 1 DAGs
[2023-02-14T13:27:18.034+0000] {logging_mixin.py:137} INFO - [2023-02-14T13:27:18.034+0000] {dag.py:3441} INFO - Setting next_dagrun for example_complex to None, run_after=None
[2023-02-14T13:27:18.052+0000] {processor.py:175} INFO - Processing /home/airflow/.local/lib/python3.7/site-packages/airflow/example_dags/example_complex.py took 0.095 seconds
[2023-02-14T13:27:48.819+0000] {processor.py:153} INFO - Started process (PID=450) to work on /home/airflow/.local/lib/python3.7/site-packages/airflow/example_dags/example_complex.py
[2023-02-14T13:27:48.820+0000] {processor.py:743} INFO - Processing file /home/airflow/.local/lib/python3.7/site-packages/airflow/example_dags/example_complex.py for tasks to queue
[2023-02-14T13:27:48.820+0000] {logging_mixin.py:137} INFO - [2023-02-14T13:27:48.820+0000] {dagbag.py:538} INFO - Filling up the DagBag from /home/airflow/.local/lib/python3.7/site-packages/airflow/example_dags/example_complex.py
[2023-02-14T13:27:48.831+0000] {logging_mixin.py:137} INFO - [2023-02-14T13:27:48.830+0000] {taskmixin.py:205} WARNING - Dependency <Task(BashOperator): create_entry_group>, delete_entry_group already registered for DAG: example_complex
[2023-02-14T13:27:48.831+0000] {logging_mixin.py:137} INFO - [2023-02-14T13:27:48.831+0000] {taskmixin.py:205} WARNING - Dependency <Task(BashOperator): delete_entry_group>, create_entry_group already registered for DAG: example_complex
[2023-02-14T13:27:48.831+0000] {logging_mixin.py:137} INFO - [2023-02-14T13:27:48.831+0000] {taskmixin.py:205} WARNING - Dependency <Task(BashOperator): create_entry_gcs>, delete_entry already registered for DAG: example_complex
[2023-02-14T13:27:48.831+0000] {logging_mixin.py:137} INFO - [2023-02-14T13:27:48.831+0000] {taskmixin.py:205} WARNING - Dependency <Task(BashOperator): delete_entry>, create_entry_gcs already registered for DAG: example_complex
[2023-02-14T13:27:48.832+0000] {logging_mixin.py:137} INFO - [2023-02-14T13:27:48.831+0000] {taskmixin.py:205} WARNING - Dependency <Task(BashOperator): create_tag>, delete_tag already registered for DAG: example_complex
[2023-02-14T13:27:48.832+0000] {logging_mixin.py:137} INFO - [2023-02-14T13:27:48.832+0000] {taskmixin.py:205} WARNING - Dependency <Task(BashOperator): delete_tag>, create_tag already registered for DAG: example_complex
[2023-02-14T13:27:48.838+0000] {processor.py:753} INFO - DAG(s) dict_keys(['example_complex']) retrieved from /home/airflow/.local/lib/python3.7/site-packages/airflow/example_dags/example_complex.py
[2023-02-14T13:27:48.877+0000] {logging_mixin.py:137} INFO - [2023-02-14T13:27:48.876+0000] {dag.py:2690} INFO - Sync 1 DAGs
[2023-02-14T13:27:48.907+0000] {logging_mixin.py:137} INFO - [2023-02-14T13:27:48.907+0000] {dag.py:3441} INFO - Setting next_dagrun for example_complex to None, run_after=None
[2023-02-14T13:27:48.931+0000] {processor.py:175} INFO - Processing /home/airflow/.local/lib/python3.7/site-packages/airflow/example_dags/example_complex.py took 0.115 seconds
[2023-02-14T13:28:20.416+0000] {processor.py:153} INFO - Started process (PID=529) to work on /home/airflow/.local/lib/python3.7/site-packages/airflow/example_dags/example_complex.py
[2023-02-14T13:28:20.418+0000] {processor.py:743} INFO - Processing file /home/airflow/.local/lib/python3.7/site-packages/airflow/example_dags/example_complex.py for tasks to queue
[2023-02-14T13:28:20.419+0000] {logging_mixin.py:137} INFO - [2023-02-14T13:28:20.419+0000] {dagbag.py:538} INFO - Filling up the DagBag from /home/airflow/.local/lib/python3.7/site-packages/airflow/example_dags/example_complex.py
[2023-02-14T13:28:20.435+0000] {logging_mixin.py:137} INFO - [2023-02-14T13:28:20.435+0000] {taskmixin.py:205} WARNING - Dependency <Task(BashOperator): create_entry_group>, delete_entry_group already registered for DAG: example_complex
[2023-02-14T13:28:20.435+0000] {logging_mixin.py:137} INFO - [2023-02-14T13:28:20.435+0000] {taskmixin.py:205} WARNING - Dependency <Task(BashOperator): delete_entry_group>, create_entry_group already registered for DAG: example_complex
[2023-02-14T13:28:20.436+0000] {logging_mixin.py:137} INFO - [2023-02-14T13:28:20.436+0000] {taskmixin.py:205} WARNING - Dependency <Task(BashOperator): create_entry_gcs>, delete_entry already registered for DAG: example_complex
[2023-02-14T13:28:20.436+0000] {logging_mixin.py:137} INFO - [2023-02-14T13:28:20.436+0000] {taskmixin.py:205} WARNING - Dependency <Task(BashOperator): delete_entry>, create_entry_gcs already registered for DAG: example_complex
[2023-02-14T13:28:20.437+0000] {logging_mixin.py:137} INFO - [2023-02-14T13:28:20.436+0000] {taskmixin.py:205} WARNING - Dependency <Task(BashOperator): create_tag>, delete_tag already registered for DAG: example_complex
[2023-02-14T13:28:20.437+0000] {logging_mixin.py:137} INFO - [2023-02-14T13:28:20.437+0000] {taskmixin.py:205} WARNING - Dependency <Task(BashOperator): delete_tag>, create_tag already registered for DAG: example_complex
[2023-02-14T13:28:20.446+0000] {processor.py:753} INFO - DAG(s) dict_keys(['example_complex']) retrieved from /home/airflow/.local/lib/python3.7/site-packages/airflow/example_dags/example_complex.py
[2023-02-14T13:28:20.501+0000] {logging_mixin.py:137} INFO - [2023-02-14T13:28:20.501+0000] {dag.py:2690} INFO - Sync 1 DAGs
[2023-02-14T13:28:20.556+0000] {logging_mixin.py:137} INFO - [2023-02-14T13:28:20.555+0000] {dag.py:3441} INFO - Setting next_dagrun for example_complex to None, run_after=None
[2023-02-14T13:28:20.606+0000] {processor.py:175} INFO - Processing /home/airflow/.local/lib/python3.7/site-packages/airflow/example_dags/example_complex.py took 0.197 seconds
[2023-02-14T13:28:51.029+0000] {processor.py:153} INFO - Started process (PID=607) to work on /home/airflow/.local/lib/python3.7/site-packages/airflow/example_dags/example_complex.py
[2023-02-14T13:28:51.031+0000] {processor.py:743} INFO - Processing file /home/airflow/.local/lib/python3.7/site-packages/airflow/example_dags/example_complex.py for tasks to queue
[2023-02-14T13:28:51.033+0000] {logging_mixin.py:137} INFO - [2023-02-14T13:28:51.033+0000] {dagbag.py:538} INFO - Filling up the DagBag from /home/airflow/.local/lib/python3.7/site-packages/airflow/example_dags/example_complex.py
[2023-02-14T13:28:51.065+0000] {logging_mixin.py:137} INFO - [2023-02-14T13:28:51.065+0000] {taskmixin.py:205} WARNING - Dependency <Task(BashOperator): create_entry_group>, delete_entry_group already registered for DAG: example_complex
[2023-02-14T13:28:51.067+0000] {logging_mixin.py:137} INFO - [2023-02-14T13:28:51.066+0000] {taskmixin.py:205} WARNING - Dependency <Task(BashOperator): delete_entry_group>, create_entry_group already registered for DAG: example_complex
[2023-02-14T13:28:51.069+0000] {logging_mixin.py:137} INFO - [2023-02-14T13:28:51.068+0000] {taskmixin.py:205} WARNING - Dependency <Task(BashOperator): create_entry_gcs>, delete_entry already registered for DAG: example_complex
[2023-02-14T13:28:51.069+0000] {logging_mixin.py:137} INFO - [2023-02-14T13:28:51.069+0000] {taskmixin.py:205} WARNING - Dependency <Task(BashOperator): delete_entry>, create_entry_gcs already registered for DAG: example_complex
[2023-02-14T13:28:51.070+0000] {logging_mixin.py:137} INFO - [2023-02-14T13:28:51.070+0000] {taskmixin.py:205} WARNING - Dependency <Task(BashOperator): create_tag>, delete_tag already registered for DAG: example_complex
[2023-02-14T13:28:51.070+0000] {logging_mixin.py:137} INFO - [2023-02-14T13:28:51.070+0000] {taskmixin.py:205} WARNING - Dependency <Task(BashOperator): delete_tag>, create_tag already registered for DAG: example_complex
[2023-02-14T13:28:51.097+0000] {processor.py:753} INFO - DAG(s) dict_keys(['example_complex']) retrieved from /home/airflow/.local/lib/python3.7/site-packages/airflow/example_dags/example_complex.py
[2023-02-14T13:28:51.181+0000] {logging_mixin.py:137} INFO - [2023-02-14T13:28:51.181+0000] {dag.py:2690} INFO - Sync 1 DAGs
[2023-02-14T13:28:51.248+0000] {logging_mixin.py:137} INFO - [2023-02-14T13:28:51.247+0000] {dag.py:3441} INFO - Setting next_dagrun for example_complex to None, run_after=None
[2023-02-14T13:28:51.295+0000] {processor.py:175} INFO - Processing /home/airflow/.local/lib/python3.7/site-packages/airflow/example_dags/example_complex.py took 0.275 seconds
[2023-02-14T13:29:22.271+0000] {processor.py:153} INFO - Started process (PID=678) to work on /home/airflow/.local/lib/python3.7/site-packages/airflow/example_dags/example_complex.py
[2023-02-14T13:29:22.272+0000] {processor.py:743} INFO - Processing file /home/airflow/.local/lib/python3.7/site-packages/airflow/example_dags/example_complex.py for tasks to queue
[2023-02-14T13:29:22.273+0000] {logging_mixin.py:137} INFO - [2023-02-14T13:29:22.273+0000] {dagbag.py:538} INFO - Filling up the DagBag from /home/airflow/.local/lib/python3.7/site-packages/airflow/example_dags/example_complex.py
[2023-02-14T13:29:22.284+0000] {logging_mixin.py:137} INFO - [2023-02-14T13:29:22.284+0000] {taskmixin.py:205} WARNING - Dependency <Task(BashOperator): create_entry_group>, delete_entry_group already registered for DAG: example_complex
[2023-02-14T13:29:22.285+0000] {logging_mixin.py:137} INFO - [2023-02-14T13:29:22.285+0000] {taskmixin.py:205} WARNING - Dependency <Task(BashOperator): delete_entry_group>, create_entry_group already registered for DAG: example_complex
[2023-02-14T13:29:22.285+0000] {logging_mixin.py:137} INFO - [2023-02-14T13:29:22.285+0000] {taskmixin.py:205} WARNING - Dependency <Task(BashOperator): create_entry_gcs>, delete_entry already registered for DAG: example_complex
[2023-02-14T13:29:22.285+0000] {logging_mixin.py:137} INFO - [2023-02-14T13:29:22.285+0000] {taskmixin.py:205} WARNING - Dependency <Task(BashOperator): delete_entry>, create_entry_gcs already registered for DAG: example_complex
[2023-02-14T13:29:22.286+0000] {logging_mixin.py:137} INFO - [2023-02-14T13:29:22.286+0000] {taskmixin.py:205} WARNING - Dependency <Task(BashOperator): create_tag>, delete_tag already registered for DAG: example_complex
[2023-02-14T13:29:22.286+0000] {logging_mixin.py:137} INFO - [2023-02-14T13:29:22.286+0000] {taskmixin.py:205} WARNING - Dependency <Task(BashOperator): delete_tag>, create_tag already registered for DAG: example_complex
[2023-02-14T13:29:22.294+0000] {processor.py:753} INFO - DAG(s) dict_keys(['example_complex']) retrieved from /home/airflow/.local/lib/python3.7/site-packages/airflow/example_dags/example_complex.py
[2023-02-14T13:29:22.333+0000] {logging_mixin.py:137} INFO - [2023-02-14T13:29:22.333+0000] {dag.py:2690} INFO - Sync 1 DAGs
[2023-02-14T13:29:22.366+0000] {logging_mixin.py:137} INFO - [2023-02-14T13:29:22.366+0000] {dag.py:3441} INFO - Setting next_dagrun for example_complex to None, run_after=None
[2023-02-14T13:29:22.393+0000] {processor.py:175} INFO - Processing /home/airflow/.local/lib/python3.7/site-packages/airflow/example_dags/example_complex.py took 0.124 seconds
[2023-02-14T13:29:52.894+0000] {processor.py:153} INFO - Started process (PID=750) to work on /home/airflow/.local/lib/python3.7/site-packages/airflow/example_dags/example_complex.py
[2023-02-14T13:29:52.895+0000] {processor.py:743} INFO - Processing file /home/airflow/.local/lib/python3.7/site-packages/airflow/example_dags/example_complex.py for tasks to queue
[2023-02-14T13:29:52.896+0000] {logging_mixin.py:137} INFO - [2023-02-14T13:29:52.895+0000] {dagbag.py:538} INFO - Filling up the DagBag from /home/airflow/.local/lib/python3.7/site-packages/airflow/example_dags/example_complex.py
[2023-02-14T13:29:52.907+0000] {logging_mixin.py:137} INFO - [2023-02-14T13:29:52.906+0000] {taskmixin.py:205} WARNING - Dependency <Task(BashOperator): create_entry_group>, delete_entry_group already registered for DAG: example_complex
[2023-02-14T13:29:52.907+0000] {logging_mixin.py:137} INFO - [2023-02-14T13:29:52.907+0000] {taskmixin.py:205} WARNING - Dependency <Task(BashOperator): delete_entry_group>, create_entry_group already registered for DAG: example_complex
[2023-02-14T13:29:52.907+0000] {logging_mixin.py:137} INFO - [2023-02-14T13:29:52.907+0000] {taskmixin.py:205} WARNING - Dependency <Task(BashOperator): create_entry_gcs>, delete_entry already registered for DAG: example_complex
[2023-02-14T13:29:52.907+0000] {logging_mixin.py:137} INFO - [2023-02-14T13:29:52.907+0000] {taskmixin.py:205} WARNING - Dependency <Task(BashOperator): delete_entry>, create_entry_gcs already registered for DAG: example_complex
[2023-02-14T13:29:52.907+0000] {logging_mixin.py:137} INFO - [2023-02-14T13:29:52.907+0000] {taskmixin.py:205} WARNING - Dependency <Task(BashOperator): create_tag>, delete_tag already registered for DAG: example_complex
[2023-02-14T13:29:52.908+0000] {logging_mixin.py:137} INFO - [2023-02-14T13:29:52.908+0000] {taskmixin.py:205} WARNING - Dependency <Task(BashOperator): delete_tag>, create_tag already registered for DAG: example_complex
[2023-02-14T13:29:52.915+0000] {processor.py:753} INFO - DAG(s) dict_keys(['example_complex']) retrieved from /home/airflow/.local/lib/python3.7/site-packages/airflow/example_dags/example_complex.py
[2023-02-14T13:29:52.943+0000] {logging_mixin.py:137} INFO - [2023-02-14T13:29:52.943+0000] {dag.py:2690} INFO - Sync 1 DAGs
[2023-02-14T13:29:52.968+0000] {logging_mixin.py:137} INFO - [2023-02-14T13:29:52.967+0000] {dag.py:3441} INFO - Setting next_dagrun for example_complex to None, run_after=None
[2023-02-14T13:29:52.994+0000] {processor.py:175} INFO - Processing /home/airflow/.local/lib/python3.7/site-packages/airflow/example_dags/example_complex.py took 0.103 seconds
