[2023-02-14T13:25:14.336+0000] {processor.py:153} INFO - Started process (PID=89) to work on /home/airflow/.local/lib/python3.7/site-packages/airflow/example_dags/example_sensor_decorator.py
[2023-02-14T13:25:14.338+0000] {processor.py:743} INFO - Processing file /home/airflow/.local/lib/python3.7/site-packages/airflow/example_dags/example_sensor_decorator.py for tasks to queue
[2023-02-14T13:25:14.339+0000] {logging_mixin.py:137} INFO - [2023-02-14T13:25:14.339+0000] {dagbag.py:538} INFO - Filling up the DagBag from /home/airflow/.local/lib/python3.7/site-packages/airflow/example_dags/example_sensor_decorator.py
[2023-02-14T13:25:14.383+0000] {processor.py:753} INFO - DAG(s) dict_keys(['example_sensor_decorator']) retrieved from /home/airflow/.local/lib/python3.7/site-packages/airflow/example_dags/example_sensor_decorator.py
[2023-02-14T13:25:14.398+0000] {logging_mixin.py:137} INFO - [2023-02-14T13:25:14.398+0000] {dag.py:2690} INFO - Sync 1 DAGs
[2023-02-14T13:25:14.440+0000] {logging_mixin.py:137} INFO - [2023-02-14T13:25:14.439+0000] {dag.py:3441} INFO - Setting next_dagrun for example_sensor_decorator to None, run_after=None
[2023-02-14T13:25:14.472+0000] {processor.py:175} INFO - Processing /home/airflow/.local/lib/python3.7/site-packages/airflow/example_dags/example_sensor_decorator.py took 0.140 seconds
[2023-02-14T13:25:44.769+0000] {processor.py:153} INFO - Started process (PID=160) to work on /home/airflow/.local/lib/python3.7/site-packages/airflow/example_dags/example_sensor_decorator.py
[2023-02-14T13:25:44.770+0000] {processor.py:743} INFO - Processing file /home/airflow/.local/lib/python3.7/site-packages/airflow/example_dags/example_sensor_decorator.py for tasks to queue
[2023-02-14T13:25:44.771+0000] {logging_mixin.py:137} INFO - [2023-02-14T13:25:44.770+0000] {dagbag.py:538} INFO - Filling up the DagBag from /home/airflow/.local/lib/python3.7/site-packages/airflow/example_dags/example_sensor_decorator.py
[2023-02-14T13:25:44.795+0000] {processor.py:753} INFO - DAG(s) dict_keys(['example_sensor_decorator']) retrieved from /home/airflow/.local/lib/python3.7/site-packages/airflow/example_dags/example_sensor_decorator.py
[2023-02-14T13:25:44.820+0000] {logging_mixin.py:137} INFO - [2023-02-14T13:25:44.820+0000] {dag.py:2690} INFO - Sync 1 DAGs
[2023-02-14T13:25:44.854+0000] {logging_mixin.py:137} INFO - [2023-02-14T13:25:44.854+0000] {dag.py:3441} INFO - Setting next_dagrun for example_sensor_decorator to None, run_after=None
[2023-02-14T13:25:44.874+0000] {processor.py:175} INFO - Processing /home/airflow/.local/lib/python3.7/site-packages/airflow/example_dags/example_sensor_decorator.py took 0.108 seconds
[2023-02-14T13:26:15.710+0000] {processor.py:153} INFO - Started process (PID=229) to work on /home/airflow/.local/lib/python3.7/site-packages/airflow/example_dags/example_sensor_decorator.py
[2023-02-14T13:26:15.712+0000] {processor.py:743} INFO - Processing file /home/airflow/.local/lib/python3.7/site-packages/airflow/example_dags/example_sensor_decorator.py for tasks to queue
[2023-02-14T13:26:15.712+0000] {logging_mixin.py:137} INFO - [2023-02-14T13:26:15.712+0000] {dagbag.py:538} INFO - Filling up the DagBag from /home/airflow/.local/lib/python3.7/site-packages/airflow/example_dags/example_sensor_decorator.py
[2023-02-14T13:26:15.762+0000] {processor.py:753} INFO - DAG(s) dict_keys(['example_sensor_decorator']) retrieved from /home/airflow/.local/lib/python3.7/site-packages/airflow/example_dags/example_sensor_decorator.py
[2023-02-14T13:26:15.804+0000] {logging_mixin.py:137} INFO - [2023-02-14T13:26:15.804+0000] {dag.py:2690} INFO - Sync 1 DAGs
[2023-02-14T13:26:15.844+0000] {logging_mixin.py:137} INFO - [2023-02-14T13:26:15.844+0000] {dag.py:3441} INFO - Setting next_dagrun for example_sensor_decorator to None, run_after=None
[2023-02-14T13:26:15.867+0000] {processor.py:175} INFO - Processing /home/airflow/.local/lib/python3.7/site-packages/airflow/example_dags/example_sensor_decorator.py took 0.162 seconds
[2023-02-14T13:26:48.484+0000] {processor.py:153} INFO - Started process (PID=315) to work on /home/airflow/.local/lib/python3.7/site-packages/airflow/example_dags/example_sensor_decorator.py
[2023-02-14T13:26:48.488+0000] {processor.py:743} INFO - Processing file /home/airflow/.local/lib/python3.7/site-packages/airflow/example_dags/example_sensor_decorator.py for tasks to queue
[2023-02-14T13:26:48.491+0000] {logging_mixin.py:137} INFO - [2023-02-14T13:26:48.490+0000] {dagbag.py:538} INFO - Filling up the DagBag from /home/airflow/.local/lib/python3.7/site-packages/airflow/example_dags/example_sensor_decorator.py
[2023-02-14T13:26:48.564+0000] {processor.py:753} INFO - DAG(s) dict_keys(['example_sensor_decorator']) retrieved from /home/airflow/.local/lib/python3.7/site-packages/airflow/example_dags/example_sensor_decorator.py
[2023-02-14T13:26:48.662+0000] {logging_mixin.py:137} INFO - [2023-02-14T13:26:48.661+0000] {dag.py:2690} INFO - Sync 1 DAGs
[2023-02-14T13:26:48.743+0000] {logging_mixin.py:137} INFO - [2023-02-14T13:26:48.743+0000] {dag.py:3441} INFO - Setting next_dagrun for example_sensor_decorator to None, run_after=None
[2023-02-14T13:26:48.804+0000] {processor.py:175} INFO - Processing /home/airflow/.local/lib/python3.7/site-packages/airflow/example_dags/example_sensor_decorator.py took 0.340 seconds
[2023-02-14T13:27:19.510+0000] {processor.py:153} INFO - Started process (PID=386) to work on /home/airflow/.local/lib/python3.7/site-packages/airflow/example_dags/example_sensor_decorator.py
[2023-02-14T13:27:19.511+0000] {processor.py:743} INFO - Processing file /home/airflow/.local/lib/python3.7/site-packages/airflow/example_dags/example_sensor_decorator.py for tasks to queue
[2023-02-14T13:27:19.512+0000] {logging_mixin.py:137} INFO - [2023-02-14T13:27:19.512+0000] {dagbag.py:538} INFO - Filling up the DagBag from /home/airflow/.local/lib/python3.7/site-packages/airflow/example_dags/example_sensor_decorator.py
[2023-02-14T13:27:19.539+0000] {processor.py:753} INFO - DAG(s) dict_keys(['example_sensor_decorator']) retrieved from /home/airflow/.local/lib/python3.7/site-packages/airflow/example_dags/example_sensor_decorator.py
[2023-02-14T13:27:19.560+0000] {logging_mixin.py:137} INFO - [2023-02-14T13:27:19.560+0000] {dag.py:2690} INFO - Sync 1 DAGs
[2023-02-14T13:27:19.585+0000] {logging_mixin.py:137} INFO - [2023-02-14T13:27:19.585+0000] {dag.py:3441} INFO - Setting next_dagrun for example_sensor_decorator to None, run_after=None
[2023-02-14T13:27:19.609+0000] {processor.py:175} INFO - Processing /home/airflow/.local/lib/python3.7/site-packages/airflow/example_dags/example_sensor_decorator.py took 0.105 seconds
[2023-02-14T13:27:50.383+0000] {processor.py:153} INFO - Started process (PID=464) to work on /home/airflow/.local/lib/python3.7/site-packages/airflow/example_dags/example_sensor_decorator.py
[2023-02-14T13:27:50.384+0000] {processor.py:743} INFO - Processing file /home/airflow/.local/lib/python3.7/site-packages/airflow/example_dags/example_sensor_decorator.py for tasks to queue
[2023-02-14T13:27:50.385+0000] {logging_mixin.py:137} INFO - [2023-02-14T13:27:50.385+0000] {dagbag.py:538} INFO - Filling up the DagBag from /home/airflow/.local/lib/python3.7/site-packages/airflow/example_dags/example_sensor_decorator.py
[2023-02-14T13:27:50.414+0000] {processor.py:753} INFO - DAG(s) dict_keys(['example_sensor_decorator']) retrieved from /home/airflow/.local/lib/python3.7/site-packages/airflow/example_dags/example_sensor_decorator.py
[2023-02-14T13:27:50.436+0000] {logging_mixin.py:137} INFO - [2023-02-14T13:27:50.436+0000] {dag.py:2690} INFO - Sync 1 DAGs
[2023-02-14T13:27:50.465+0000] {logging_mixin.py:137} INFO - [2023-02-14T13:27:50.465+0000] {dag.py:3441} INFO - Setting next_dagrun for example_sensor_decorator to None, run_after=None
[2023-02-14T13:27:50.488+0000] {processor.py:175} INFO - Processing /home/airflow/.local/lib/python3.7/site-packages/airflow/example_dags/example_sensor_decorator.py took 0.107 seconds
[2023-02-14T13:28:21.701+0000] {processor.py:153} INFO - Started process (PID=543) to work on /home/airflow/.local/lib/python3.7/site-packages/airflow/example_dags/example_sensor_decorator.py
[2023-02-14T13:28:21.702+0000] {processor.py:743} INFO - Processing file /home/airflow/.local/lib/python3.7/site-packages/airflow/example_dags/example_sensor_decorator.py for tasks to queue
[2023-02-14T13:28:21.703+0000] {logging_mixin.py:137} INFO - [2023-02-14T13:28:21.703+0000] {dagbag.py:538} INFO - Filling up the DagBag from /home/airflow/.local/lib/python3.7/site-packages/airflow/example_dags/example_sensor_decorator.py
[2023-02-14T13:28:21.741+0000] {processor.py:753} INFO - DAG(s) dict_keys(['example_sensor_decorator']) retrieved from /home/airflow/.local/lib/python3.7/site-packages/airflow/example_dags/example_sensor_decorator.py
[2023-02-14T13:28:21.773+0000] {logging_mixin.py:137} INFO - [2023-02-14T13:28:21.773+0000] {dag.py:2690} INFO - Sync 1 DAGs
[2023-02-14T13:28:21.829+0000] {logging_mixin.py:137} INFO - [2023-02-14T13:28:21.829+0000] {dag.py:3441} INFO - Setting next_dagrun for example_sensor_decorator to None, run_after=None
[2023-02-14T13:28:21.873+0000] {processor.py:175} INFO - Processing /home/airflow/.local/lib/python3.7/site-packages/airflow/example_dags/example_sensor_decorator.py took 0.174 seconds
[2023-02-14T13:28:51.904+0000] {processor.py:153} INFO - Started process (PID=614) to work on /home/airflow/.local/lib/python3.7/site-packages/airflow/example_dags/example_sensor_decorator.py
[2023-02-14T13:28:51.904+0000] {processor.py:743} INFO - Processing file /home/airflow/.local/lib/python3.7/site-packages/airflow/example_dags/example_sensor_decorator.py for tasks to queue
[2023-02-14T13:28:51.905+0000] {logging_mixin.py:137} INFO - [2023-02-14T13:28:51.905+0000] {dagbag.py:538} INFO - Filling up the DagBag from /home/airflow/.local/lib/python3.7/site-packages/airflow/example_dags/example_sensor_decorator.py
[2023-02-14T13:28:51.927+0000] {processor.py:753} INFO - DAG(s) dict_keys(['example_sensor_decorator']) retrieved from /home/airflow/.local/lib/python3.7/site-packages/airflow/example_dags/example_sensor_decorator.py
[2023-02-14T13:28:51.969+0000] {logging_mixin.py:137} INFO - [2023-02-14T13:28:51.969+0000] {dag.py:2690} INFO - Sync 1 DAGs
[2023-02-14T13:28:52.024+0000] {logging_mixin.py:137} INFO - [2023-02-14T13:28:52.024+0000] {dag.py:3441} INFO - Setting next_dagrun for example_sensor_decorator to None, run_after=None
[2023-02-14T13:28:52.073+0000] {processor.py:175} INFO - Processing /home/airflow/.local/lib/python3.7/site-packages/airflow/example_dags/example_sensor_decorator.py took 0.172 seconds
[2023-02-14T13:29:22.849+0000] {processor.py:153} INFO - Started process (PID=685) to work on /home/airflow/.local/lib/python3.7/site-packages/airflow/example_dags/example_sensor_decorator.py
[2023-02-14T13:29:22.850+0000] {processor.py:743} INFO - Processing file /home/airflow/.local/lib/python3.7/site-packages/airflow/example_dags/example_sensor_decorator.py for tasks to queue
[2023-02-14T13:29:22.851+0000] {logging_mixin.py:137} INFO - [2023-02-14T13:29:22.851+0000] {dagbag.py:538} INFO - Filling up the DagBag from /home/airflow/.local/lib/python3.7/site-packages/airflow/example_dags/example_sensor_decorator.py
[2023-02-14T13:29:22.882+0000] {processor.py:753} INFO - DAG(s) dict_keys(['example_sensor_decorator']) retrieved from /home/airflow/.local/lib/python3.7/site-packages/airflow/example_dags/example_sensor_decorator.py
[2023-02-14T13:29:22.913+0000] {logging_mixin.py:137} INFO - [2023-02-14T13:29:22.913+0000] {dag.py:2690} INFO - Sync 1 DAGs
[2023-02-14T13:29:22.957+0000] {logging_mixin.py:137} INFO - [2023-02-14T13:29:22.957+0000] {dag.py:3441} INFO - Setting next_dagrun for example_sensor_decorator to None, run_after=None
[2023-02-14T13:29:22.986+0000] {processor.py:175} INFO - Processing /home/airflow/.local/lib/python3.7/site-packages/airflow/example_dags/example_sensor_decorator.py took 0.139 seconds
[2023-02-14T13:29:53.423+0000] {processor.py:153} INFO - Started process (PID=757) to work on /home/airflow/.local/lib/python3.7/site-packages/airflow/example_dags/example_sensor_decorator.py
[2023-02-14T13:29:53.424+0000] {processor.py:743} INFO - Processing file /home/airflow/.local/lib/python3.7/site-packages/airflow/example_dags/example_sensor_decorator.py for tasks to queue
[2023-02-14T13:29:53.424+0000] {logging_mixin.py:137} INFO - [2023-02-14T13:29:53.424+0000] {dagbag.py:538} INFO - Filling up the DagBag from /home/airflow/.local/lib/python3.7/site-packages/airflow/example_dags/example_sensor_decorator.py
[2023-02-14T13:29:53.445+0000] {processor.py:753} INFO - DAG(s) dict_keys(['example_sensor_decorator']) retrieved from /home/airflow/.local/lib/python3.7/site-packages/airflow/example_dags/example_sensor_decorator.py
[2023-02-14T13:29:53.471+0000] {logging_mixin.py:137} INFO - [2023-02-14T13:29:53.470+0000] {dag.py:2690} INFO - Sync 1 DAGs
[2023-02-14T13:29:53.511+0000] {logging_mixin.py:137} INFO - [2023-02-14T13:29:53.511+0000] {dag.py:3441} INFO - Setting next_dagrun for example_sensor_decorator to None, run_after=None
[2023-02-14T13:29:53.534+0000] {processor.py:175} INFO - Processing /home/airflow/.local/lib/python3.7/site-packages/airflow/example_dags/example_sensor_decorator.py took 0.114 seconds
