[2023-02-14T13:25:12.282+0000] {processor.py:153} INFO - Started process (PID=74) to work on /home/airflow/.local/lib/python3.7/site-packages/airflow/example_dags/example_kubernetes_executor.py
[2023-02-14T13:25:12.283+0000] {processor.py:743} INFO - Processing file /home/airflow/.local/lib/python3.7/site-packages/airflow/example_dags/example_kubernetes_executor.py for tasks to queue
[2023-02-14T13:25:12.284+0000] {logging_mixin.py:137} INFO - [2023-02-14T13:25:12.284+0000] {dagbag.py:538} INFO - Filling up the DagBag from /home/airflow/.local/lib/python3.7/site-packages/airflow/example_dags/example_kubernetes_executor.py
[2023-02-14T13:25:12.340+0000] {processor.py:753} INFO - DAG(s) dict_keys(['example_kubernetes_executor']) retrieved from /home/airflow/.local/lib/python3.7/site-packages/airflow/example_dags/example_kubernetes_executor.py
[2023-02-14T13:25:12.370+0000] {logging_mixin.py:137} INFO - [2023-02-14T13:25:12.369+0000] {dag.py:2690} INFO - Sync 1 DAGs
[2023-02-14T13:25:12.474+0000] {logging_mixin.py:137} INFO - [2023-02-14T13:25:12.473+0000] {dag.py:3441} INFO - Setting next_dagrun for example_kubernetes_executor to None, run_after=None
[2023-02-14T13:25:12.542+0000] {processor.py:175} INFO - Processing /home/airflow/.local/lib/python3.7/site-packages/airflow/example_dags/example_kubernetes_executor.py took 0.263 seconds
[2023-02-14T13:25:42.590+0000] {processor.py:153} INFO - Started process (PID=145) to work on /home/airflow/.local/lib/python3.7/site-packages/airflow/example_dags/example_kubernetes_executor.py
[2023-02-14T13:25:42.591+0000] {processor.py:743} INFO - Processing file /home/airflow/.local/lib/python3.7/site-packages/airflow/example_dags/example_kubernetes_executor.py for tasks to queue
[2023-02-14T13:25:42.592+0000] {logging_mixin.py:137} INFO - [2023-02-14T13:25:42.592+0000] {dagbag.py:538} INFO - Filling up the DagBag from /home/airflow/.local/lib/python3.7/site-packages/airflow/example_dags/example_kubernetes_executor.py
[2023-02-14T13:25:42.620+0000] {processor.py:753} INFO - DAG(s) dict_keys(['example_kubernetes_executor']) retrieved from /home/airflow/.local/lib/python3.7/site-packages/airflow/example_dags/example_kubernetes_executor.py
[2023-02-14T13:25:42.650+0000] {logging_mixin.py:137} INFO - [2023-02-14T13:25:42.650+0000] {dag.py:2690} INFO - Sync 1 DAGs
[2023-02-14T13:25:42.688+0000] {logging_mixin.py:137} INFO - [2023-02-14T13:25:42.687+0000] {dag.py:3441} INFO - Setting next_dagrun for example_kubernetes_executor to None, run_after=None
[2023-02-14T13:25:42.707+0000] {processor.py:175} INFO - Processing /home/airflow/.local/lib/python3.7/site-packages/airflow/example_dags/example_kubernetes_executor.py took 0.120 seconds
[2023-02-14T13:26:12.884+0000] {processor.py:153} INFO - Started process (PID=214) to work on /home/airflow/.local/lib/python3.7/site-packages/airflow/example_dags/example_kubernetes_executor.py
[2023-02-14T13:26:12.885+0000] {processor.py:743} INFO - Processing file /home/airflow/.local/lib/python3.7/site-packages/airflow/example_dags/example_kubernetes_executor.py for tasks to queue
[2023-02-14T13:26:12.886+0000] {logging_mixin.py:137} INFO - [2023-02-14T13:26:12.886+0000] {dagbag.py:538} INFO - Filling up the DagBag from /home/airflow/.local/lib/python3.7/site-packages/airflow/example_dags/example_kubernetes_executor.py
[2023-02-14T13:26:12.917+0000] {processor.py:753} INFO - DAG(s) dict_keys(['example_kubernetes_executor']) retrieved from /home/airflow/.local/lib/python3.7/site-packages/airflow/example_dags/example_kubernetes_executor.py
[2023-02-14T13:26:12.953+0000] {logging_mixin.py:137} INFO - [2023-02-14T13:26:12.953+0000] {dag.py:2690} INFO - Sync 1 DAGs
[2023-02-14T13:26:12.984+0000] {logging_mixin.py:137} INFO - [2023-02-14T13:26:12.983+0000] {dag.py:3441} INFO - Setting next_dagrun for example_kubernetes_executor to None, run_after=None
[2023-02-14T13:26:13.012+0000] {processor.py:175} INFO - Processing /home/airflow/.local/lib/python3.7/site-packages/airflow/example_dags/example_kubernetes_executor.py took 0.131 seconds
[2023-02-14T13:26:44.982+0000] {processor.py:153} INFO - Started process (PID=293) to work on /home/airflow/.local/lib/python3.7/site-packages/airflow/example_dags/example_kubernetes_executor.py
[2023-02-14T13:26:44.987+0000] {processor.py:743} INFO - Processing file /home/airflow/.local/lib/python3.7/site-packages/airflow/example_dags/example_kubernetes_executor.py for tasks to queue
[2023-02-14T13:26:44.988+0000] {logging_mixin.py:137} INFO - [2023-02-14T13:26:44.988+0000] {dagbag.py:538} INFO - Filling up the DagBag from /home/airflow/.local/lib/python3.7/site-packages/airflow/example_dags/example_kubernetes_executor.py
[2023-02-14T13:26:45.073+0000] {processor.py:753} INFO - DAG(s) dict_keys(['example_kubernetes_executor']) retrieved from /home/airflow/.local/lib/python3.7/site-packages/airflow/example_dags/example_kubernetes_executor.py
[2023-02-14T13:26:45.148+0000] {logging_mixin.py:137} INFO - [2023-02-14T13:26:45.148+0000] {dag.py:2690} INFO - Sync 1 DAGs
[2023-02-14T13:26:45.222+0000] {logging_mixin.py:137} INFO - [2023-02-14T13:26:45.221+0000] {dag.py:3441} INFO - Setting next_dagrun for example_kubernetes_executor to None, run_after=None
[2023-02-14T13:26:45.392+0000] {processor.py:175} INFO - Processing /home/airflow/.local/lib/python3.7/site-packages/airflow/example_dags/example_kubernetes_executor.py took 0.415 seconds
[2023-02-14T13:27:15.459+0000] {processor.py:153} INFO - Started process (PID=371) to work on /home/airflow/.local/lib/python3.7/site-packages/airflow/example_dags/example_kubernetes_executor.py
[2023-02-14T13:27:15.460+0000] {processor.py:743} INFO - Processing file /home/airflow/.local/lib/python3.7/site-packages/airflow/example_dags/example_kubernetes_executor.py for tasks to queue
[2023-02-14T13:27:15.461+0000] {logging_mixin.py:137} INFO - [2023-02-14T13:27:15.460+0000] {dagbag.py:538} INFO - Filling up the DagBag from /home/airflow/.local/lib/python3.7/site-packages/airflow/example_dags/example_kubernetes_executor.py
[2023-02-14T13:27:15.486+0000] {processor.py:753} INFO - DAG(s) dict_keys(['example_kubernetes_executor']) retrieved from /home/airflow/.local/lib/python3.7/site-packages/airflow/example_dags/example_kubernetes_executor.py
[2023-02-14T13:27:15.513+0000] {logging_mixin.py:137} INFO - [2023-02-14T13:27:15.513+0000] {dag.py:2690} INFO - Sync 1 DAGs
[2023-02-14T13:27:15.538+0000] {logging_mixin.py:137} INFO - [2023-02-14T13:27:15.538+0000] {dag.py:3441} INFO - Setting next_dagrun for example_kubernetes_executor to None, run_after=None
[2023-02-14T13:27:15.556+0000] {processor.py:175} INFO - Processing /home/airflow/.local/lib/python3.7/site-packages/airflow/example_dags/example_kubernetes_executor.py took 0.099 seconds
[2023-02-14T13:27:46.312+0000] {processor.py:153} INFO - Started process (PID=442) to work on /home/airflow/.local/lib/python3.7/site-packages/airflow/example_dags/example_kubernetes_executor.py
[2023-02-14T13:27:46.313+0000] {processor.py:743} INFO - Processing file /home/airflow/.local/lib/python3.7/site-packages/airflow/example_dags/example_kubernetes_executor.py for tasks to queue
[2023-02-14T13:27:46.314+0000] {logging_mixin.py:137} INFO - [2023-02-14T13:27:46.314+0000] {dagbag.py:538} INFO - Filling up the DagBag from /home/airflow/.local/lib/python3.7/site-packages/airflow/example_dags/example_kubernetes_executor.py
[2023-02-14T13:27:46.341+0000] {processor.py:753} INFO - DAG(s) dict_keys(['example_kubernetes_executor']) retrieved from /home/airflow/.local/lib/python3.7/site-packages/airflow/example_dags/example_kubernetes_executor.py
[2023-02-14T13:27:46.368+0000] {logging_mixin.py:137} INFO - [2023-02-14T13:27:46.368+0000] {dag.py:2690} INFO - Sync 1 DAGs
[2023-02-14T13:27:46.394+0000] {logging_mixin.py:137} INFO - [2023-02-14T13:27:46.394+0000] {dag.py:3441} INFO - Setting next_dagrun for example_kubernetes_executor to None, run_after=None
[2023-02-14T13:27:46.413+0000] {processor.py:175} INFO - Processing /home/airflow/.local/lib/python3.7/site-packages/airflow/example_dags/example_kubernetes_executor.py took 0.103 seconds
[2023-02-14T13:28:18.640+0000] {processor.py:153} INFO - Started process (PID=519) to work on /home/airflow/.local/lib/python3.7/site-packages/airflow/example_dags/example_kubernetes_executor.py
[2023-02-14T13:28:18.643+0000] {processor.py:743} INFO - Processing file /home/airflow/.local/lib/python3.7/site-packages/airflow/example_dags/example_kubernetes_executor.py for tasks to queue
[2023-02-14T13:28:18.646+0000] {logging_mixin.py:137} INFO - [2023-02-14T13:28:18.645+0000] {dagbag.py:538} INFO - Filling up the DagBag from /home/airflow/.local/lib/python3.7/site-packages/airflow/example_dags/example_kubernetes_executor.py
[2023-02-14T13:28:18.729+0000] {processor.py:753} INFO - DAG(s) dict_keys(['example_kubernetes_executor']) retrieved from /home/airflow/.local/lib/python3.7/site-packages/airflow/example_dags/example_kubernetes_executor.py
[2023-02-14T13:28:18.819+0000] {logging_mixin.py:137} INFO - [2023-02-14T13:28:18.818+0000] {dag.py:2690} INFO - Sync 1 DAGs
[2023-02-14T13:28:18.903+0000] {logging_mixin.py:137} INFO - [2023-02-14T13:28:18.903+0000] {dag.py:3441} INFO - Setting next_dagrun for example_kubernetes_executor to None, run_after=None
[2023-02-14T13:28:18.966+0000] {processor.py:175} INFO - Processing /home/airflow/.local/lib/python3.7/site-packages/airflow/example_dags/example_kubernetes_executor.py took 0.336 seconds
[2023-02-14T13:28:49.550+0000] {processor.py:153} INFO - Started process (PID=599) to work on /home/airflow/.local/lib/python3.7/site-packages/airflow/example_dags/example_kubernetes_executor.py
[2023-02-14T13:28:49.552+0000] {processor.py:743} INFO - Processing file /home/airflow/.local/lib/python3.7/site-packages/airflow/example_dags/example_kubernetes_executor.py for tasks to queue
[2023-02-14T13:28:49.553+0000] {logging_mixin.py:137} INFO - [2023-02-14T13:28:49.553+0000] {dagbag.py:538} INFO - Filling up the DagBag from /home/airflow/.local/lib/python3.7/site-packages/airflow/example_dags/example_kubernetes_executor.py
[2023-02-14T13:28:49.593+0000] {processor.py:753} INFO - DAG(s) dict_keys(['example_kubernetes_executor']) retrieved from /home/airflow/.local/lib/python3.7/site-packages/airflow/example_dags/example_kubernetes_executor.py
[2023-02-14T13:28:49.643+0000] {logging_mixin.py:137} INFO - [2023-02-14T13:28:49.643+0000] {dag.py:2690} INFO - Sync 1 DAGs
[2023-02-14T13:28:49.694+0000] {logging_mixin.py:137} INFO - [2023-02-14T13:28:49.693+0000] {dag.py:3441} INFO - Setting next_dagrun for example_kubernetes_executor to None, run_after=None
[2023-02-14T13:28:49.764+0000] {processor.py:175} INFO - Processing /home/airflow/.local/lib/python3.7/site-packages/airflow/example_dags/example_kubernetes_executor.py took 0.219 seconds
[2023-02-14T13:29:19.826+0000] {processor.py:153} INFO - Started process (PID=670) to work on /home/airflow/.local/lib/python3.7/site-packages/airflow/example_dags/example_kubernetes_executor.py
[2023-02-14T13:29:19.827+0000] {processor.py:743} INFO - Processing file /home/airflow/.local/lib/python3.7/site-packages/airflow/example_dags/example_kubernetes_executor.py for tasks to queue
[2023-02-14T13:29:19.828+0000] {logging_mixin.py:137} INFO - [2023-02-14T13:29:19.828+0000] {dagbag.py:538} INFO - Filling up the DagBag from /home/airflow/.local/lib/python3.7/site-packages/airflow/example_dags/example_kubernetes_executor.py
[2023-02-14T13:29:19.865+0000] {processor.py:753} INFO - DAG(s) dict_keys(['example_kubernetes_executor']) retrieved from /home/airflow/.local/lib/python3.7/site-packages/airflow/example_dags/example_kubernetes_executor.py
[2023-02-14T13:29:19.898+0000] {logging_mixin.py:137} INFO - [2023-02-14T13:29:19.898+0000] {dag.py:2690} INFO - Sync 1 DAGs
[2023-02-14T13:29:19.931+0000] {logging_mixin.py:137} INFO - [2023-02-14T13:29:19.931+0000] {dag.py:3441} INFO - Setting next_dagrun for example_kubernetes_executor to None, run_after=None
[2023-02-14T13:29:19.958+0000] {processor.py:175} INFO - Processing /home/airflow/.local/lib/python3.7/site-packages/airflow/example_dags/example_kubernetes_executor.py took 0.135 seconds
[2023-02-14T13:29:50.302+0000] {processor.py:153} INFO - Started process (PID=742) to work on /home/airflow/.local/lib/python3.7/site-packages/airflow/example_dags/example_kubernetes_executor.py
[2023-02-14T13:29:50.303+0000] {processor.py:743} INFO - Processing file /home/airflow/.local/lib/python3.7/site-packages/airflow/example_dags/example_kubernetes_executor.py for tasks to queue
[2023-02-14T13:29:50.303+0000] {logging_mixin.py:137} INFO - [2023-02-14T13:29:50.303+0000] {dagbag.py:538} INFO - Filling up the DagBag from /home/airflow/.local/lib/python3.7/site-packages/airflow/example_dags/example_kubernetes_executor.py
[2023-02-14T13:29:50.354+0000] {processor.py:753} INFO - DAG(s) dict_keys(['example_kubernetes_executor']) retrieved from /home/airflow/.local/lib/python3.7/site-packages/airflow/example_dags/example_kubernetes_executor.py
[2023-02-14T13:29:50.406+0000] {logging_mixin.py:137} INFO - [2023-02-14T13:29:50.406+0000] {dag.py:2690} INFO - Sync 1 DAGs
[2023-02-14T13:29:50.438+0000] {logging_mixin.py:137} INFO - [2023-02-14T13:29:50.437+0000] {dag.py:3441} INFO - Setting next_dagrun for example_kubernetes_executor to None, run_after=None
[2023-02-14T13:29:50.456+0000] {processor.py:175} INFO - Processing /home/airflow/.local/lib/python3.7/site-packages/airflow/example_dags/example_kubernetes_executor.py took 0.159 seconds
