[2023-02-14T13:25:11.775+0000] {processor.py:153} INFO - Started process (PID=69) to work on /home/airflow/.local/lib/python3.7/site-packages/airflow/example_dags/example_xcomargs.py
[2023-02-14T13:25:11.776+0000] {processor.py:743} INFO - Processing file /home/airflow/.local/lib/python3.7/site-packages/airflow/example_dags/example_xcomargs.py for tasks to queue
[2023-02-14T13:25:11.777+0000] {logging_mixin.py:137} INFO - [2023-02-14T13:25:11.777+0000] {dagbag.py:538} INFO - Filling up the DagBag from /home/airflow/.local/lib/python3.7/site-packages/airflow/example_dags/example_xcomargs.py
[2023-02-14T13:25:11.833+0000] {processor.py:753} INFO - DAG(s) dict_keys(['example_xcom_args_with_operators', 'example_xcom_args']) retrieved from /home/airflow/.local/lib/python3.7/site-packages/airflow/example_dags/example_xcomargs.py
[2023-02-14T13:25:11.859+0000] {logging_mixin.py:137} INFO - [2023-02-14T13:25:11.859+0000] {dag.py:2690} INFO - Sync 2 DAGs
[2023-02-14T13:25:11.923+0000] {logging_mixin.py:137} INFO - [2023-02-14T13:25:11.923+0000] {dag.py:3441} INFO - Setting next_dagrun for example_xcom_args to None, run_after=None
[2023-02-14T13:25:11.932+0000] {logging_mixin.py:137} INFO - [2023-02-14T13:25:11.932+0000] {dag.py:3441} INFO - Setting next_dagrun for example_xcom_args_with_operators to None, run_after=None
[2023-02-14T13:25:11.966+0000] {processor.py:175} INFO - Processing /home/airflow/.local/lib/python3.7/site-packages/airflow/example_dags/example_xcomargs.py took 0.198 seconds
[2023-02-14T13:25:42.276+0000] {processor.py:153} INFO - Started process (PID=140) to work on /home/airflow/.local/lib/python3.7/site-packages/airflow/example_dags/example_xcomargs.py
[2023-02-14T13:25:42.277+0000] {processor.py:743} INFO - Processing file /home/airflow/.local/lib/python3.7/site-packages/airflow/example_dags/example_xcomargs.py for tasks to queue
[2023-02-14T13:25:42.278+0000] {logging_mixin.py:137} INFO - [2023-02-14T13:25:42.277+0000] {dagbag.py:538} INFO - Filling up the DagBag from /home/airflow/.local/lib/python3.7/site-packages/airflow/example_dags/example_xcomargs.py
[2023-02-14T13:25:42.300+0000] {processor.py:753} INFO - DAG(s) dict_keys(['example_xcom_args_with_operators', 'example_xcom_args']) retrieved from /home/airflow/.local/lib/python3.7/site-packages/airflow/example_dags/example_xcomargs.py
[2023-02-14T13:25:42.326+0000] {logging_mixin.py:137} INFO - [2023-02-14T13:25:42.326+0000] {dag.py:2690} INFO - Sync 2 DAGs
[2023-02-14T13:25:42.366+0000] {logging_mixin.py:137} INFO - [2023-02-14T13:25:42.365+0000] {dag.py:3441} INFO - Setting next_dagrun for example_xcom_args to None, run_after=None
[2023-02-14T13:25:42.370+0000] {logging_mixin.py:137} INFO - [2023-02-14T13:25:42.370+0000] {dag.py:3441} INFO - Setting next_dagrun for example_xcom_args_with_operators to None, run_after=None
[2023-02-14T13:25:42.387+0000] {processor.py:175} INFO - Processing /home/airflow/.local/lib/python3.7/site-packages/airflow/example_dags/example_xcomargs.py took 0.114 seconds
[2023-02-14T13:26:12.595+0000] {processor.py:153} INFO - Started process (PID=209) to work on /home/airflow/.local/lib/python3.7/site-packages/airflow/example_dags/example_xcomargs.py
[2023-02-14T13:26:12.596+0000] {processor.py:743} INFO - Processing file /home/airflow/.local/lib/python3.7/site-packages/airflow/example_dags/example_xcomargs.py for tasks to queue
[2023-02-14T13:26:12.597+0000] {logging_mixin.py:137} INFO - [2023-02-14T13:26:12.597+0000] {dagbag.py:538} INFO - Filling up the DagBag from /home/airflow/.local/lib/python3.7/site-packages/airflow/example_dags/example_xcomargs.py
[2023-02-14T13:26:12.619+0000] {processor.py:753} INFO - DAG(s) dict_keys(['example_xcom_args', 'example_xcom_args_with_operators']) retrieved from /home/airflow/.local/lib/python3.7/site-packages/airflow/example_dags/example_xcomargs.py
[2023-02-14T13:26:12.647+0000] {logging_mixin.py:137} INFO - [2023-02-14T13:26:12.647+0000] {dag.py:2690} INFO - Sync 2 DAGs
[2023-02-14T13:26:12.676+0000] {logging_mixin.py:137} INFO - [2023-02-14T13:26:12.676+0000] {dag.py:3441} INFO - Setting next_dagrun for example_xcom_args to None, run_after=None
[2023-02-14T13:26:12.680+0000] {logging_mixin.py:137} INFO - [2023-02-14T13:26:12.680+0000] {dag.py:3441} INFO - Setting next_dagrun for example_xcom_args_with_operators to None, run_after=None
[2023-02-14T13:26:12.698+0000] {processor.py:175} INFO - Processing /home/airflow/.local/lib/python3.7/site-packages/airflow/example_dags/example_xcomargs.py took 0.105 seconds
[2023-02-14T13:26:44.457+0000] {processor.py:153} INFO - Started process (PID=288) to work on /home/airflow/.local/lib/python3.7/site-packages/airflow/example_dags/example_xcomargs.py
[2023-02-14T13:26:44.459+0000] {processor.py:743} INFO - Processing file /home/airflow/.local/lib/python3.7/site-packages/airflow/example_dags/example_xcomargs.py for tasks to queue
[2023-02-14T13:26:44.460+0000] {logging_mixin.py:137} INFO - [2023-02-14T13:26:44.460+0000] {dagbag.py:538} INFO - Filling up the DagBag from /home/airflow/.local/lib/python3.7/site-packages/airflow/example_dags/example_xcomargs.py
[2023-02-14T13:26:44.497+0000] {processor.py:753} INFO - DAG(s) dict_keys(['example_xcom_args', 'example_xcom_args_with_operators']) retrieved from /home/airflow/.local/lib/python3.7/site-packages/airflow/example_dags/example_xcomargs.py
[2023-02-14T13:26:44.557+0000] {logging_mixin.py:137} INFO - [2023-02-14T13:26:44.556+0000] {dag.py:2690} INFO - Sync 2 DAGs
[2023-02-14T13:26:44.612+0000] {logging_mixin.py:137} INFO - [2023-02-14T13:26:44.612+0000] {dag.py:3441} INFO - Setting next_dagrun for example_xcom_args to None, run_after=None
[2023-02-14T13:26:44.620+0000] {logging_mixin.py:137} INFO - [2023-02-14T13:26:44.620+0000] {dag.py:3441} INFO - Setting next_dagrun for example_xcom_args_with_operators to None, run_after=None
[2023-02-14T13:26:44.660+0000] {processor.py:175} INFO - Processing /home/airflow/.local/lib/python3.7/site-packages/airflow/example_dags/example_xcomargs.py took 0.208 seconds
[2023-02-14T13:27:15.097+0000] {processor.py:153} INFO - Started process (PID=366) to work on /home/airflow/.local/lib/python3.7/site-packages/airflow/example_dags/example_xcomargs.py
[2023-02-14T13:27:15.098+0000] {processor.py:743} INFO - Processing file /home/airflow/.local/lib/python3.7/site-packages/airflow/example_dags/example_xcomargs.py for tasks to queue
[2023-02-14T13:27:15.098+0000] {logging_mixin.py:137} INFO - [2023-02-14T13:27:15.098+0000] {dagbag.py:538} INFO - Filling up the DagBag from /home/airflow/.local/lib/python3.7/site-packages/airflow/example_dags/example_xcomargs.py
[2023-02-14T13:27:15.120+0000] {processor.py:753} INFO - DAG(s) dict_keys(['example_xcom_args', 'example_xcom_args_with_operators']) retrieved from /home/airflow/.local/lib/python3.7/site-packages/airflow/example_dags/example_xcomargs.py
[2023-02-14T13:27:15.152+0000] {logging_mixin.py:137} INFO - [2023-02-14T13:27:15.151+0000] {dag.py:2690} INFO - Sync 2 DAGs
[2023-02-14T13:27:15.185+0000] {logging_mixin.py:137} INFO - [2023-02-14T13:27:15.185+0000] {dag.py:3441} INFO - Setting next_dagrun for example_xcom_args to None, run_after=None
[2023-02-14T13:27:15.188+0000] {logging_mixin.py:137} INFO - [2023-02-14T13:27:15.188+0000] {dag.py:3441} INFO - Setting next_dagrun for example_xcom_args_with_operators to None, run_after=None
[2023-02-14T13:27:15.207+0000] {processor.py:175} INFO - Processing /home/airflow/.local/lib/python3.7/site-packages/airflow/example_dags/example_xcomargs.py took 0.112 seconds
[2023-02-14T13:27:45.971+0000] {processor.py:153} INFO - Started process (PID=437) to work on /home/airflow/.local/lib/python3.7/site-packages/airflow/example_dags/example_xcomargs.py
[2023-02-14T13:27:45.974+0000] {processor.py:743} INFO - Processing file /home/airflow/.local/lib/python3.7/site-packages/airflow/example_dags/example_xcomargs.py for tasks to queue
[2023-02-14T13:27:45.976+0000] {logging_mixin.py:137} INFO - [2023-02-14T13:27:45.975+0000] {dagbag.py:538} INFO - Filling up the DagBag from /home/airflow/.local/lib/python3.7/site-packages/airflow/example_dags/example_xcomargs.py
[2023-02-14T13:27:46.007+0000] {processor.py:753} INFO - DAG(s) dict_keys(['example_xcom_args', 'example_xcom_args_with_operators']) retrieved from /home/airflow/.local/lib/python3.7/site-packages/airflow/example_dags/example_xcomargs.py
[2023-02-14T13:27:46.035+0000] {logging_mixin.py:137} INFO - [2023-02-14T13:27:46.035+0000] {dag.py:2690} INFO - Sync 2 DAGs
[2023-02-14T13:27:46.072+0000] {logging_mixin.py:137} INFO - [2023-02-14T13:27:46.072+0000] {dag.py:3441} INFO - Setting next_dagrun for example_xcom_args to None, run_after=None
[2023-02-14T13:27:46.078+0000] {logging_mixin.py:137} INFO - [2023-02-14T13:27:46.077+0000] {dag.py:3441} INFO - Setting next_dagrun for example_xcom_args_with_operators to None, run_after=None
[2023-02-14T13:27:46.100+0000] {processor.py:175} INFO - Processing /home/airflow/.local/lib/python3.7/site-packages/airflow/example_dags/example_xcomargs.py took 0.132 seconds
[2023-02-14T13:28:17.865+0000] {processor.py:153} INFO - Started process (PID=508) to work on /home/airflow/.local/lib/python3.7/site-packages/airflow/example_dags/example_xcomargs.py
[2023-02-14T13:28:17.869+0000] {processor.py:743} INFO - Processing file /home/airflow/.local/lib/python3.7/site-packages/airflow/example_dags/example_xcomargs.py for tasks to queue
[2023-02-14T13:28:17.872+0000] {logging_mixin.py:137} INFO - [2023-02-14T13:28:17.871+0000] {dagbag.py:538} INFO - Filling up the DagBag from /home/airflow/.local/lib/python3.7/site-packages/airflow/example_dags/example_xcomargs.py
[2023-02-14T13:28:17.947+0000] {processor.py:753} INFO - DAG(s) dict_keys(['example_xcom_args', 'example_xcom_args_with_operators']) retrieved from /home/airflow/.local/lib/python3.7/site-packages/airflow/example_dags/example_xcomargs.py
[2023-02-14T13:28:18.008+0000] {logging_mixin.py:137} INFO - [2023-02-14T13:28:18.007+0000] {dag.py:2690} INFO - Sync 2 DAGs
[2023-02-14T13:28:18.068+0000] {logging_mixin.py:137} INFO - [2023-02-14T13:28:18.068+0000] {dag.py:3441} INFO - Setting next_dagrun for example_xcom_args to None, run_after=None
[2023-02-14T13:28:18.079+0000] {logging_mixin.py:137} INFO - [2023-02-14T13:28:18.078+0000] {dag.py:3441} INFO - Setting next_dagrun for example_xcom_args_with_operators to None, run_after=None
[2023-02-14T13:28:18.123+0000] {processor.py:175} INFO - Processing /home/airflow/.local/lib/python3.7/site-packages/airflow/example_dags/example_xcomargs.py took 0.267 seconds
[2023-02-14T13:28:48.886+0000] {processor.py:153} INFO - Started process (PID=594) to work on /home/airflow/.local/lib/python3.7/site-packages/airflow/example_dags/example_xcomargs.py
[2023-02-14T13:28:48.888+0000] {processor.py:743} INFO - Processing file /home/airflow/.local/lib/python3.7/site-packages/airflow/example_dags/example_xcomargs.py for tasks to queue
[2023-02-14T13:28:48.890+0000] {logging_mixin.py:137} INFO - [2023-02-14T13:28:48.889+0000] {dagbag.py:538} INFO - Filling up the DagBag from /home/airflow/.local/lib/python3.7/site-packages/airflow/example_dags/example_xcomargs.py
[2023-02-14T13:28:48.955+0000] {processor.py:753} INFO - DAG(s) dict_keys(['example_xcom_args_with_operators', 'example_xcom_args']) retrieved from /home/airflow/.local/lib/python3.7/site-packages/airflow/example_dags/example_xcomargs.py
[2023-02-14T13:28:49.037+0000] {logging_mixin.py:137} INFO - [2023-02-14T13:28:49.037+0000] {dag.py:2690} INFO - Sync 2 DAGs
[2023-02-14T13:28:49.109+0000] {logging_mixin.py:137} INFO - [2023-02-14T13:28:49.109+0000] {dag.py:3441} INFO - Setting next_dagrun for example_xcom_args to None, run_after=None
[2023-02-14T13:28:49.118+0000] {logging_mixin.py:137} INFO - [2023-02-14T13:28:49.117+0000] {dag.py:3441} INFO - Setting next_dagrun for example_xcom_args_with_operators to None, run_after=None
[2023-02-14T13:28:49.160+0000] {processor.py:175} INFO - Processing /home/airflow/.local/lib/python3.7/site-packages/airflow/example_dags/example_xcomargs.py took 0.281 seconds
[2023-02-14T13:29:19.361+0000] {processor.py:153} INFO - Started process (PID=665) to work on /home/airflow/.local/lib/python3.7/site-packages/airflow/example_dags/example_xcomargs.py
[2023-02-14T13:29:19.362+0000] {processor.py:743} INFO - Processing file /home/airflow/.local/lib/python3.7/site-packages/airflow/example_dags/example_xcomargs.py for tasks to queue
[2023-02-14T13:29:19.364+0000] {logging_mixin.py:137} INFO - [2023-02-14T13:29:19.363+0000] {dagbag.py:538} INFO - Filling up the DagBag from /home/airflow/.local/lib/python3.7/site-packages/airflow/example_dags/example_xcomargs.py
[2023-02-14T13:29:19.413+0000] {processor.py:753} INFO - DAG(s) dict_keys(['example_xcom_args', 'example_xcom_args_with_operators']) retrieved from /home/airflow/.local/lib/python3.7/site-packages/airflow/example_dags/example_xcomargs.py
[2023-02-14T13:29:19.478+0000] {logging_mixin.py:137} INFO - [2023-02-14T13:29:19.477+0000] {dag.py:2690} INFO - Sync 2 DAGs
[2023-02-14T13:29:19.542+0000] {logging_mixin.py:137} INFO - [2023-02-14T13:29:19.542+0000] {dag.py:3441} INFO - Setting next_dagrun for example_xcom_args to None, run_after=None
[2023-02-14T13:29:19.548+0000] {logging_mixin.py:137} INFO - [2023-02-14T13:29:19.547+0000] {dag.py:3441} INFO - Setting next_dagrun for example_xcom_args_with_operators to None, run_after=None
[2023-02-14T13:29:19.574+0000] {processor.py:175} INFO - Processing /home/airflow/.local/lib/python3.7/site-packages/airflow/example_dags/example_xcomargs.py took 0.217 seconds
[2023-02-14T13:29:49.774+0000] {processor.py:153} INFO - Started process (PID=737) to work on /home/airflow/.local/lib/python3.7/site-packages/airflow/example_dags/example_xcomargs.py
[2023-02-14T13:29:49.775+0000] {processor.py:743} INFO - Processing file /home/airflow/.local/lib/python3.7/site-packages/airflow/example_dags/example_xcomargs.py for tasks to queue
[2023-02-14T13:29:49.776+0000] {logging_mixin.py:137} INFO - [2023-02-14T13:29:49.776+0000] {dagbag.py:538} INFO - Filling up the DagBag from /home/airflow/.local/lib/python3.7/site-packages/airflow/example_dags/example_xcomargs.py
[2023-02-14T13:29:49.822+0000] {processor.py:753} INFO - DAG(s) dict_keys(['example_xcom_args', 'example_xcom_args_with_operators']) retrieved from /home/airflow/.local/lib/python3.7/site-packages/airflow/example_dags/example_xcomargs.py
[2023-02-14T13:29:49.872+0000] {logging_mixin.py:137} INFO - [2023-02-14T13:29:49.872+0000] {dag.py:2690} INFO - Sync 2 DAGs
[2023-02-14T13:29:49.917+0000] {logging_mixin.py:137} INFO - [2023-02-14T13:29:49.917+0000] {dag.py:3441} INFO - Setting next_dagrun for example_xcom_args to None, run_after=None
[2023-02-14T13:29:49.924+0000] {logging_mixin.py:137} INFO - [2023-02-14T13:29:49.923+0000] {dag.py:3441} INFO - Setting next_dagrun for example_xcom_args_with_operators to None, run_after=None
[2023-02-14T13:29:49.953+0000] {processor.py:175} INFO - Processing /home/airflow/.local/lib/python3.7/site-packages/airflow/example_dags/example_xcomargs.py took 0.182 seconds
