[2023-02-14T13:25:12.289+0000] {processor.py:153} INFO - Started process (PID=75) to work on /home/airflow/.local/lib/python3.7/site-packages/airflow/example_dags/example_nested_branch_dag.py
[2023-02-14T13:25:12.290+0000] {processor.py:743} INFO - Processing file /home/airflow/.local/lib/python3.7/site-packages/airflow/example_dags/example_nested_branch_dag.py for tasks to queue
[2023-02-14T13:25:12.291+0000] {logging_mixin.py:137} INFO - [2023-02-14T13:25:12.291+0000] {dagbag.py:538} INFO - Filling up the DagBag from /home/airflow/.local/lib/python3.7/site-packages/airflow/example_dags/example_nested_branch_dag.py
[2023-02-14T13:25:12.338+0000] {processor.py:753} INFO - DAG(s) dict_keys(['example_nested_branch_dag']) retrieved from /home/airflow/.local/lib/python3.7/site-packages/airflow/example_dags/example_nested_branch_dag.py
[2023-02-14T13:25:12.365+0000] {logging_mixin.py:137} INFO - [2023-02-14T13:25:12.365+0000] {dag.py:2690} INFO - Sync 1 DAGs
[2023-02-14T13:25:12.459+0000] {logging_mixin.py:137} INFO - [2023-02-14T13:25:12.459+0000] {dag.py:3441} INFO - Setting next_dagrun for example_nested_branch_dag to 2023-02-13T00:00:00+00:00, run_after=2023-02-14T00:00:00+00:00
[2023-02-14T13:25:12.517+0000] {processor.py:175} INFO - Processing /home/airflow/.local/lib/python3.7/site-packages/airflow/example_dags/example_nested_branch_dag.py took 0.232 seconds
[2023-02-14T13:25:42.680+0000] {processor.py:153} INFO - Started process (PID=146) to work on /home/airflow/.local/lib/python3.7/site-packages/airflow/example_dags/example_nested_branch_dag.py
[2023-02-14T13:25:42.681+0000] {processor.py:743} INFO - Processing file /home/airflow/.local/lib/python3.7/site-packages/airflow/example_dags/example_nested_branch_dag.py for tasks to queue
[2023-02-14T13:25:42.682+0000] {logging_mixin.py:137} INFO - [2023-02-14T13:25:42.682+0000] {dagbag.py:538} INFO - Filling up the DagBag from /home/airflow/.local/lib/python3.7/site-packages/airflow/example_dags/example_nested_branch_dag.py
[2023-02-14T13:25:42.708+0000] {processor.py:753} INFO - DAG(s) dict_keys(['example_nested_branch_dag']) retrieved from /home/airflow/.local/lib/python3.7/site-packages/airflow/example_dags/example_nested_branch_dag.py
[2023-02-14T13:25:42.730+0000] {logging_mixin.py:137} INFO - [2023-02-14T13:25:42.730+0000] {dag.py:2690} INFO - Sync 1 DAGs
[2023-02-14T13:25:42.758+0000] {logging_mixin.py:137} INFO - [2023-02-14T13:25:42.757+0000] {dag.py:3441} INFO - Setting next_dagrun for example_nested_branch_dag to 2023-02-13T00:00:00+00:00, run_after=2023-02-14T00:00:00+00:00
[2023-02-14T13:25:42.775+0000] {processor.py:175} INFO - Processing /home/airflow/.local/lib/python3.7/site-packages/airflow/example_dags/example_nested_branch_dag.py took 0.098 seconds
[2023-02-14T13:26:12.975+0000] {processor.py:153} INFO - Started process (PID=215) to work on /home/airflow/.local/lib/python3.7/site-packages/airflow/example_dags/example_nested_branch_dag.py
[2023-02-14T13:26:12.976+0000] {processor.py:743} INFO - Processing file /home/airflow/.local/lib/python3.7/site-packages/airflow/example_dags/example_nested_branch_dag.py for tasks to queue
[2023-02-14T13:26:12.977+0000] {logging_mixin.py:137} INFO - [2023-02-14T13:26:12.976+0000] {dagbag.py:538} INFO - Filling up the DagBag from /home/airflow/.local/lib/python3.7/site-packages/airflow/example_dags/example_nested_branch_dag.py
[2023-02-14T13:26:13.010+0000] {processor.py:753} INFO - DAG(s) dict_keys(['example_nested_branch_dag']) retrieved from /home/airflow/.local/lib/python3.7/site-packages/airflow/example_dags/example_nested_branch_dag.py
[2023-02-14T13:26:13.045+0000] {logging_mixin.py:137} INFO - [2023-02-14T13:26:13.045+0000] {dag.py:2690} INFO - Sync 1 DAGs
[2023-02-14T13:26:13.085+0000] {logging_mixin.py:137} INFO - [2023-02-14T13:26:13.085+0000] {dag.py:3441} INFO - Setting next_dagrun for example_nested_branch_dag to 2023-02-13T00:00:00+00:00, run_after=2023-02-14T00:00:00+00:00
[2023-02-14T13:26:13.118+0000] {processor.py:175} INFO - Processing /home/airflow/.local/lib/python3.7/site-packages/airflow/example_dags/example_nested_branch_dag.py took 0.146 seconds
[2023-02-14T13:26:45.303+0000] {processor.py:153} INFO - Started process (PID=294) to work on /home/airflow/.local/lib/python3.7/site-packages/airflow/example_dags/example_nested_branch_dag.py
[2023-02-14T13:26:45.306+0000] {processor.py:743} INFO - Processing file /home/airflow/.local/lib/python3.7/site-packages/airflow/example_dags/example_nested_branch_dag.py for tasks to queue
[2023-02-14T13:26:45.307+0000] {logging_mixin.py:137} INFO - [2023-02-14T13:26:45.307+0000] {dagbag.py:538} INFO - Filling up the DagBag from /home/airflow/.local/lib/python3.7/site-packages/airflow/example_dags/example_nested_branch_dag.py
[2023-02-14T13:26:45.401+0000] {processor.py:753} INFO - DAG(s) dict_keys(['example_nested_branch_dag']) retrieved from /home/airflow/.local/lib/python3.7/site-packages/airflow/example_dags/example_nested_branch_dag.py
[2023-02-14T13:26:45.489+0000] {logging_mixin.py:137} INFO - [2023-02-14T13:26:45.489+0000] {dag.py:2690} INFO - Sync 1 DAGs
[2023-02-14T13:26:45.645+0000] {logging_mixin.py:137} INFO - [2023-02-14T13:26:45.644+0000] {dag.py:3441} INFO - Setting next_dagrun for example_nested_branch_dag to 2023-02-13T00:00:00+00:00, run_after=2023-02-14T00:00:00+00:00
[2023-02-14T13:26:45.718+0000] {processor.py:175} INFO - Processing /home/airflow/.local/lib/python3.7/site-packages/airflow/example_dags/example_nested_branch_dag.py took 0.422 seconds
[2023-02-14T13:27:16.481+0000] {processor.py:153} INFO - Started process (PID=372) to work on /home/airflow/.local/lib/python3.7/site-packages/airflow/example_dags/example_nested_branch_dag.py
[2023-02-14T13:27:16.482+0000] {processor.py:743} INFO - Processing file /home/airflow/.local/lib/python3.7/site-packages/airflow/example_dags/example_nested_branch_dag.py for tasks to queue
[2023-02-14T13:27:16.483+0000] {logging_mixin.py:137} INFO - [2023-02-14T13:27:16.483+0000] {dagbag.py:538} INFO - Filling up the DagBag from /home/airflow/.local/lib/python3.7/site-packages/airflow/example_dags/example_nested_branch_dag.py
[2023-02-14T13:27:16.516+0000] {processor.py:753} INFO - DAG(s) dict_keys(['example_nested_branch_dag']) retrieved from /home/airflow/.local/lib/python3.7/site-packages/airflow/example_dags/example_nested_branch_dag.py
[2023-02-14T13:27:16.538+0000] {logging_mixin.py:137} INFO - [2023-02-14T13:27:16.538+0000] {dag.py:2690} INFO - Sync 1 DAGs
[2023-02-14T13:27:16.563+0000] {logging_mixin.py:137} INFO - [2023-02-14T13:27:16.562+0000] {dag.py:3441} INFO - Setting next_dagrun for example_nested_branch_dag to 2023-02-13T00:00:00+00:00, run_after=2023-02-14T00:00:00+00:00
[2023-02-14T13:27:16.580+0000] {processor.py:175} INFO - Processing /home/airflow/.local/lib/python3.7/site-packages/airflow/example_dags/example_nested_branch_dag.py took 0.104 seconds
[2023-02-14T13:27:47.388+0000] {processor.py:153} INFO - Started process (PID=443) to work on /home/airflow/.local/lib/python3.7/site-packages/airflow/example_dags/example_nested_branch_dag.py
[2023-02-14T13:27:47.389+0000] {processor.py:743} INFO - Processing file /home/airflow/.local/lib/python3.7/site-packages/airflow/example_dags/example_nested_branch_dag.py for tasks to queue
[2023-02-14T13:27:47.392+0000] {logging_mixin.py:137} INFO - [2023-02-14T13:27:47.391+0000] {dagbag.py:538} INFO - Filling up the DagBag from /home/airflow/.local/lib/python3.7/site-packages/airflow/example_dags/example_nested_branch_dag.py
[2023-02-14T13:27:47.436+0000] {processor.py:753} INFO - DAG(s) dict_keys(['example_nested_branch_dag']) retrieved from /home/airflow/.local/lib/python3.7/site-packages/airflow/example_dags/example_nested_branch_dag.py
[2023-02-14T13:27:47.475+0000] {logging_mixin.py:137} INFO - [2023-02-14T13:27:47.475+0000] {dag.py:2690} INFO - Sync 1 DAGs
[2023-02-14T13:27:47.510+0000] {logging_mixin.py:137} INFO - [2023-02-14T13:27:47.510+0000] {dag.py:3441} INFO - Setting next_dagrun for example_nested_branch_dag to 2023-02-13T00:00:00+00:00, run_after=2023-02-14T00:00:00+00:00
[2023-02-14T13:27:47.536+0000] {processor.py:175} INFO - Processing /home/airflow/.local/lib/python3.7/site-packages/airflow/example_dags/example_nested_branch_dag.py took 0.155 seconds
[2023-02-14T13:28:18.868+0000] {processor.py:153} INFO - Started process (PID=520) to work on /home/airflow/.local/lib/python3.7/site-packages/airflow/example_dags/example_nested_branch_dag.py
[2023-02-14T13:28:18.871+0000] {processor.py:743} INFO - Processing file /home/airflow/.local/lib/python3.7/site-packages/airflow/example_dags/example_nested_branch_dag.py for tasks to queue
[2023-02-14T13:28:18.873+0000] {logging_mixin.py:137} INFO - [2023-02-14T13:28:18.873+0000] {dagbag.py:538} INFO - Filling up the DagBag from /home/airflow/.local/lib/python3.7/site-packages/airflow/example_dags/example_nested_branch_dag.py
[2023-02-14T13:28:18.977+0000] {processor.py:753} INFO - DAG(s) dict_keys(['example_nested_branch_dag']) retrieved from /home/airflow/.local/lib/python3.7/site-packages/airflow/example_dags/example_nested_branch_dag.py
[2023-02-14T13:28:19.072+0000] {logging_mixin.py:137} INFO - [2023-02-14T13:28:19.072+0000] {dag.py:2690} INFO - Sync 1 DAGs
[2023-02-14T13:28:19.188+0000] {logging_mixin.py:137} INFO - [2023-02-14T13:28:19.182+0000] {dag.py:3441} INFO - Setting next_dagrun for example_nested_branch_dag to 2023-02-13T00:00:00+00:00, run_after=2023-02-14T00:00:00+00:00
[2023-02-14T13:28:19.268+0000] {processor.py:175} INFO - Processing /home/airflow/.local/lib/python3.7/site-packages/airflow/example_dags/example_nested_branch_dag.py took 0.409 seconds
[2023-02-14T13:28:49.717+0000] {processor.py:153} INFO - Started process (PID=600) to work on /home/airflow/.local/lib/python3.7/site-packages/airflow/example_dags/example_nested_branch_dag.py
[2023-02-14T13:28:49.719+0000] {processor.py:743} INFO - Processing file /home/airflow/.local/lib/python3.7/site-packages/airflow/example_dags/example_nested_branch_dag.py for tasks to queue
[2023-02-14T13:28:49.720+0000] {logging_mixin.py:137} INFO - [2023-02-14T13:28:49.720+0000] {dagbag.py:538} INFO - Filling up the DagBag from /home/airflow/.local/lib/python3.7/site-packages/airflow/example_dags/example_nested_branch_dag.py
[2023-02-14T13:28:49.792+0000] {processor.py:753} INFO - DAG(s) dict_keys(['example_nested_branch_dag']) retrieved from /home/airflow/.local/lib/python3.7/site-packages/airflow/example_dags/example_nested_branch_dag.py
[2023-02-14T13:28:49.860+0000] {logging_mixin.py:137} INFO - [2023-02-14T13:28:49.859+0000] {dag.py:2690} INFO - Sync 1 DAGs
[2023-02-14T13:28:49.937+0000] {logging_mixin.py:137} INFO - [2023-02-14T13:28:49.936+0000] {dag.py:3441} INFO - Setting next_dagrun for example_nested_branch_dag to 2023-02-13T00:00:00+00:00, run_after=2023-02-14T00:00:00+00:00
[2023-02-14T13:28:50.019+0000] {processor.py:175} INFO - Processing /home/airflow/.local/lib/python3.7/site-packages/airflow/example_dags/example_nested_branch_dag.py took 0.311 seconds
[2023-02-14T13:29:20.835+0000] {processor.py:153} INFO - Started process (PID=671) to work on /home/airflow/.local/lib/python3.7/site-packages/airflow/example_dags/example_nested_branch_dag.py
[2023-02-14T13:29:20.836+0000] {processor.py:743} INFO - Processing file /home/airflow/.local/lib/python3.7/site-packages/airflow/example_dags/example_nested_branch_dag.py for tasks to queue
[2023-02-14T13:29:20.837+0000] {logging_mixin.py:137} INFO - [2023-02-14T13:29:20.837+0000] {dagbag.py:538} INFO - Filling up the DagBag from /home/airflow/.local/lib/python3.7/site-packages/airflow/example_dags/example_nested_branch_dag.py
[2023-02-14T13:29:20.862+0000] {processor.py:753} INFO - DAG(s) dict_keys(['example_nested_branch_dag']) retrieved from /home/airflow/.local/lib/python3.7/site-packages/airflow/example_dags/example_nested_branch_dag.py
[2023-02-14T13:29:20.884+0000] {logging_mixin.py:137} INFO - [2023-02-14T13:29:20.884+0000] {dag.py:2690} INFO - Sync 1 DAGs
[2023-02-14T13:29:20.909+0000] {logging_mixin.py:137} INFO - [2023-02-14T13:29:20.909+0000] {dag.py:3441} INFO - Setting next_dagrun for example_nested_branch_dag to 2023-02-13T00:00:00+00:00, run_after=2023-02-14T00:00:00+00:00
[2023-02-14T13:29:20.928+0000] {processor.py:175} INFO - Processing /home/airflow/.local/lib/python3.7/site-packages/airflow/example_dags/example_nested_branch_dag.py took 0.097 seconds
[2023-02-14T13:29:51.426+0000] {processor.py:153} INFO - Started process (PID=743) to work on /home/airflow/.local/lib/python3.7/site-packages/airflow/example_dags/example_nested_branch_dag.py
[2023-02-14T13:29:51.427+0000] {processor.py:743} INFO - Processing file /home/airflow/.local/lib/python3.7/site-packages/airflow/example_dags/example_nested_branch_dag.py for tasks to queue
[2023-02-14T13:29:51.428+0000] {logging_mixin.py:137} INFO - [2023-02-14T13:29:51.428+0000] {dagbag.py:538} INFO - Filling up the DagBag from /home/airflow/.local/lib/python3.7/site-packages/airflow/example_dags/example_nested_branch_dag.py
[2023-02-14T13:29:51.464+0000] {processor.py:753} INFO - DAG(s) dict_keys(['example_nested_branch_dag']) retrieved from /home/airflow/.local/lib/python3.7/site-packages/airflow/example_dags/example_nested_branch_dag.py
[2023-02-14T13:29:51.487+0000] {logging_mixin.py:137} INFO - [2023-02-14T13:29:51.487+0000] {dag.py:2690} INFO - Sync 1 DAGs
[2023-02-14T13:29:51.516+0000] {logging_mixin.py:137} INFO - [2023-02-14T13:29:51.516+0000] {dag.py:3441} INFO - Setting next_dagrun for example_nested_branch_dag to 2023-02-13T00:00:00+00:00, run_after=2023-02-14T00:00:00+00:00
[2023-02-14T13:29:51.537+0000] {processor.py:175} INFO - Processing /home/airflow/.local/lib/python3.7/site-packages/airflow/example_dags/example_nested_branch_dag.py took 0.117 seconds
