[2023-02-14T13:25:09.547+0000] {processor.py:153} INFO - Started process (PID=55) to work on /home/airflow/.local/lib/python3.7/site-packages/airflow/example_dags/example_task_group_decorator.py
[2023-02-14T13:25:09.548+0000] {processor.py:743} INFO - Processing file /home/airflow/.local/lib/python3.7/site-packages/airflow/example_dags/example_task_group_decorator.py for tasks to queue
[2023-02-14T13:25:09.549+0000] {logging_mixin.py:137} INFO - [2023-02-14T13:25:09.549+0000] {dagbag.py:538} INFO - Filling up the DagBag from /home/airflow/.local/lib/python3.7/site-packages/airflow/example_dags/example_task_group_decorator.py
[2023-02-14T13:25:09.603+0000] {processor.py:753} INFO - DAG(s) dict_keys(['example_task_group_decorator']) retrieved from /home/airflow/.local/lib/python3.7/site-packages/airflow/example_dags/example_task_group_decorator.py
[2023-02-14T13:25:09.623+0000] {logging_mixin.py:137} INFO - [2023-02-14T13:25:09.623+0000] {dag.py:2690} INFO - Sync 1 DAGs
[2023-02-14T13:25:09.718+0000] {logging_mixin.py:137} INFO - [2023-02-14T13:25:09.717+0000] {dag.py:3441} INFO - Setting next_dagrun for example_task_group_decorator to 2023-02-13T13:25:09.717553+00:00, run_after=2023-02-14T13:25:09.717553+00:00
[2023-02-14T13:25:09.757+0000] {processor.py:175} INFO - Processing /home/airflow/.local/lib/python3.7/site-packages/airflow/example_dags/example_task_group_decorator.py took 0.214 seconds
[2023-02-14T13:25:40.089+0000] {processor.py:153} INFO - Started process (PID=126) to work on /home/airflow/.local/lib/python3.7/site-packages/airflow/example_dags/example_task_group_decorator.py
[2023-02-14T13:25:40.090+0000] {processor.py:743} INFO - Processing file /home/airflow/.local/lib/python3.7/site-packages/airflow/example_dags/example_task_group_decorator.py for tasks to queue
[2023-02-14T13:25:40.092+0000] {logging_mixin.py:137} INFO - [2023-02-14T13:25:40.091+0000] {dagbag.py:538} INFO - Filling up the DagBag from /home/airflow/.local/lib/python3.7/site-packages/airflow/example_dags/example_task_group_decorator.py
[2023-02-14T13:25:40.159+0000] {processor.py:753} INFO - DAG(s) dict_keys(['example_task_group_decorator']) retrieved from /home/airflow/.local/lib/python3.7/site-packages/airflow/example_dags/example_task_group_decorator.py
[2023-02-14T13:25:40.197+0000] {logging_mixin.py:137} INFO - [2023-02-14T13:25:40.197+0000] {dag.py:2690} INFO - Sync 1 DAGs
[2023-02-14T13:25:40.243+0000] {logging_mixin.py:137} INFO - [2023-02-14T13:25:40.242+0000] {dag.py:3441} INFO - Setting next_dagrun for example_task_group_decorator to 2023-02-13T13:25:40.242073+00:00, run_after=2023-02-14T13:25:40.242073+00:00
[2023-02-14T13:25:40.295+0000] {processor.py:175} INFO - Processing /home/airflow/.local/lib/python3.7/site-packages/airflow/example_dags/example_task_group_decorator.py took 0.211 seconds
[2023-02-14T13:26:11.208+0000] {processor.py:153} INFO - Started process (PID=195) to work on /home/airflow/.local/lib/python3.7/site-packages/airflow/example_dags/example_task_group_decorator.py
[2023-02-14T13:26:11.211+0000] {processor.py:743} INFO - Processing file /home/airflow/.local/lib/python3.7/site-packages/airflow/example_dags/example_task_group_decorator.py for tasks to queue
[2023-02-14T13:26:11.212+0000] {logging_mixin.py:137} INFO - [2023-02-14T13:26:11.212+0000] {dagbag.py:538} INFO - Filling up the DagBag from /home/airflow/.local/lib/python3.7/site-packages/airflow/example_dags/example_task_group_decorator.py
[2023-02-14T13:26:11.248+0000] {processor.py:753} INFO - DAG(s) dict_keys(['example_task_group_decorator']) retrieved from /home/airflow/.local/lib/python3.7/site-packages/airflow/example_dags/example_task_group_decorator.py
[2023-02-14T13:26:11.275+0000] {logging_mixin.py:137} INFO - [2023-02-14T13:26:11.275+0000] {dag.py:2690} INFO - Sync 1 DAGs
[2023-02-14T13:26:11.309+0000] {logging_mixin.py:137} INFO - [2023-02-14T13:26:11.309+0000] {dag.py:3441} INFO - Setting next_dagrun for example_task_group_decorator to 2023-02-13T13:26:11.308752+00:00, run_after=2023-02-14T13:26:11.308752+00:00
[2023-02-14T13:26:11.361+0000] {processor.py:175} INFO - Processing /home/airflow/.local/lib/python3.7/site-packages/airflow/example_dags/example_task_group_decorator.py took 0.156 seconds
[2023-02-14T13:26:42.356+0000] {processor.py:153} INFO - Started process (PID=265) to work on /home/airflow/.local/lib/python3.7/site-packages/airflow/example_dags/example_task_group_decorator.py
[2023-02-14T13:26:42.358+0000] {processor.py:743} INFO - Processing file /home/airflow/.local/lib/python3.7/site-packages/airflow/example_dags/example_task_group_decorator.py for tasks to queue
[2023-02-14T13:26:42.360+0000] {logging_mixin.py:137} INFO - [2023-02-14T13:26:42.360+0000] {dagbag.py:538} INFO - Filling up the DagBag from /home/airflow/.local/lib/python3.7/site-packages/airflow/example_dags/example_task_group_decorator.py
[2023-02-14T13:26:42.440+0000] {processor.py:753} INFO - DAG(s) dict_keys(['example_task_group_decorator']) retrieved from /home/airflow/.local/lib/python3.7/site-packages/airflow/example_dags/example_task_group_decorator.py
[2023-02-14T13:26:42.492+0000] {logging_mixin.py:137} INFO - [2023-02-14T13:26:42.492+0000] {dag.py:2690} INFO - Sync 1 DAGs
[2023-02-14T13:26:42.549+0000] {logging_mixin.py:137} INFO - [2023-02-14T13:26:42.549+0000] {dag.py:3441} INFO - Setting next_dagrun for example_task_group_decorator to 2023-02-13T13:26:42.548972+00:00, run_after=2023-02-14T13:26:42.548972+00:00
[2023-02-14T13:26:42.595+0000] {processor.py:175} INFO - Processing /home/airflow/.local/lib/python3.7/site-packages/airflow/example_dags/example_task_group_decorator.py took 0.246 seconds
[2023-02-14T13:27:13.222+0000] {processor.py:153} INFO - Started process (PID=345) to work on /home/airflow/.local/lib/python3.7/site-packages/airflow/example_dags/example_task_group_decorator.py
[2023-02-14T13:27:13.225+0000] {processor.py:743} INFO - Processing file /home/airflow/.local/lib/python3.7/site-packages/airflow/example_dags/example_task_group_decorator.py for tasks to queue
[2023-02-14T13:27:13.226+0000] {logging_mixin.py:137} INFO - [2023-02-14T13:27:13.226+0000] {dagbag.py:538} INFO - Filling up the DagBag from /home/airflow/.local/lib/python3.7/site-packages/airflow/example_dags/example_task_group_decorator.py
[2023-02-14T13:27:13.276+0000] {processor.py:753} INFO - DAG(s) dict_keys(['example_task_group_decorator']) retrieved from /home/airflow/.local/lib/python3.7/site-packages/airflow/example_dags/example_task_group_decorator.py
[2023-02-14T13:27:13.304+0000] {logging_mixin.py:137} INFO - [2023-02-14T13:27:13.304+0000] {dag.py:2690} INFO - Sync 1 DAGs
[2023-02-14T13:27:13.329+0000] {logging_mixin.py:137} INFO - [2023-02-14T13:27:13.329+0000] {dag.py:3441} INFO - Setting next_dagrun for example_task_group_decorator to 2023-02-13T13:27:13.329581+00:00, run_after=2023-02-14T13:27:13.329581+00:00
[2023-02-14T13:27:13.349+0000] {processor.py:175} INFO - Processing /home/airflow/.local/lib/python3.7/site-packages/airflow/example_dags/example_task_group_decorator.py took 0.130 seconds
[2023-02-14T13:27:44.011+0000] {processor.py:153} INFO - Started process (PID=423) to work on /home/airflow/.local/lib/python3.7/site-packages/airflow/example_dags/example_task_group_decorator.py
[2023-02-14T13:27:44.015+0000] {processor.py:743} INFO - Processing file /home/airflow/.local/lib/python3.7/site-packages/airflow/example_dags/example_task_group_decorator.py for tasks to queue
[2023-02-14T13:27:44.016+0000] {logging_mixin.py:137} INFO - [2023-02-14T13:27:44.016+0000] {dagbag.py:538} INFO - Filling up the DagBag from /home/airflow/.local/lib/python3.7/site-packages/airflow/example_dags/example_task_group_decorator.py
[2023-02-14T13:27:44.059+0000] {processor.py:753} INFO - DAG(s) dict_keys(['example_task_group_decorator']) retrieved from /home/airflow/.local/lib/python3.7/site-packages/airflow/example_dags/example_task_group_decorator.py
[2023-02-14T13:27:44.085+0000] {logging_mixin.py:137} INFO - [2023-02-14T13:27:44.085+0000] {dag.py:2690} INFO - Sync 1 DAGs
[2023-02-14T13:27:44.111+0000] {logging_mixin.py:137} INFO - [2023-02-14T13:27:44.110+0000] {dag.py:3441} INFO - Setting next_dagrun for example_task_group_decorator to 2023-02-13T13:27:44.110785+00:00, run_after=2023-02-14T13:27:44.110785+00:00
[2023-02-14T13:27:44.137+0000] {processor.py:175} INFO - Processing /home/airflow/.local/lib/python3.7/site-packages/airflow/example_dags/example_task_group_decorator.py took 0.131 seconds
[2023-02-14T13:28:15.070+0000] {processor.py:153} INFO - Started process (PID=494) to work on /home/airflow/.local/lib/python3.7/site-packages/airflow/example_dags/example_task_group_decorator.py
[2023-02-14T13:28:15.075+0000] {processor.py:743} INFO - Processing file /home/airflow/.local/lib/python3.7/site-packages/airflow/example_dags/example_task_group_decorator.py for tasks to queue
[2023-02-14T13:28:15.078+0000] {logging_mixin.py:137} INFO - [2023-02-14T13:28:15.078+0000] {dagbag.py:538} INFO - Filling up the DagBag from /home/airflow/.local/lib/python3.7/site-packages/airflow/example_dags/example_task_group_decorator.py
[2023-02-14T13:28:15.145+0000] {processor.py:753} INFO - DAG(s) dict_keys(['example_task_group_decorator']) retrieved from /home/airflow/.local/lib/python3.7/site-packages/airflow/example_dags/example_task_group_decorator.py
[2023-02-14T13:28:15.198+0000] {logging_mixin.py:137} INFO - [2023-02-14T13:28:15.198+0000] {dag.py:2690} INFO - Sync 1 DAGs
[2023-02-14T13:28:15.253+0000] {logging_mixin.py:137} INFO - [2023-02-14T13:28:15.253+0000] {dag.py:3441} INFO - Setting next_dagrun for example_task_group_decorator to 2023-02-13T13:28:15.252526+00:00, run_after=2023-02-14T13:28:15.252526+00:00
[2023-02-14T13:28:15.298+0000] {processor.py:175} INFO - Processing /home/airflow/.local/lib/python3.7/site-packages/airflow/example_dags/example_task_group_decorator.py took 0.238 seconds
[2023-02-14T13:28:46.319+0000] {processor.py:153} INFO - Started process (PID=573) to work on /home/airflow/.local/lib/python3.7/site-packages/airflow/example_dags/example_task_group_decorator.py
[2023-02-14T13:28:46.320+0000] {processor.py:743} INFO - Processing file /home/airflow/.local/lib/python3.7/site-packages/airflow/example_dags/example_task_group_decorator.py for tasks to queue
[2023-02-14T13:28:46.321+0000] {logging_mixin.py:137} INFO - [2023-02-14T13:28:46.320+0000] {dagbag.py:538} INFO - Filling up the DagBag from /home/airflow/.local/lib/python3.7/site-packages/airflow/example_dags/example_task_group_decorator.py
[2023-02-14T13:28:46.349+0000] {processor.py:753} INFO - DAG(s) dict_keys(['example_task_group_decorator']) retrieved from /home/airflow/.local/lib/python3.7/site-packages/airflow/example_dags/example_task_group_decorator.py
[2023-02-14T13:28:46.376+0000] {logging_mixin.py:137} INFO - [2023-02-14T13:28:46.375+0000] {dag.py:2690} INFO - Sync 1 DAGs
[2023-02-14T13:28:46.403+0000] {logging_mixin.py:137} INFO - [2023-02-14T13:28:46.403+0000] {dag.py:3441} INFO - Setting next_dagrun for example_task_group_decorator to 2023-02-13T13:28:46.403332+00:00, run_after=2023-02-14T13:28:46.403332+00:00
[2023-02-14T13:28:46.428+0000] {processor.py:175} INFO - Processing /home/airflow/.local/lib/python3.7/site-packages/airflow/example_dags/example_task_group_decorator.py took 0.112 seconds
[2023-02-14T13:29:16.459+0000] {processor.py:153} INFO - Started process (PID=644) to work on /home/airflow/.local/lib/python3.7/site-packages/airflow/example_dags/example_task_group_decorator.py
[2023-02-14T13:29:16.463+0000] {processor.py:743} INFO - Processing file /home/airflow/.local/lib/python3.7/site-packages/airflow/example_dags/example_task_group_decorator.py for tasks to queue
[2023-02-14T13:29:16.464+0000] {logging_mixin.py:137} INFO - [2023-02-14T13:29:16.464+0000] {dagbag.py:538} INFO - Filling up the DagBag from /home/airflow/.local/lib/python3.7/site-packages/airflow/example_dags/example_task_group_decorator.py
[2023-02-14T13:29:16.528+0000] {processor.py:753} INFO - DAG(s) dict_keys(['example_task_group_decorator']) retrieved from /home/airflow/.local/lib/python3.7/site-packages/airflow/example_dags/example_task_group_decorator.py
[2023-02-14T13:29:16.590+0000] {logging_mixin.py:137} INFO - [2023-02-14T13:29:16.590+0000] {dag.py:2690} INFO - Sync 1 DAGs
[2023-02-14T13:29:16.686+0000] {logging_mixin.py:137} INFO - [2023-02-14T13:29:16.686+0000] {dag.py:3441} INFO - Setting next_dagrun for example_task_group_decorator to 2023-02-13T13:29:16.685716+00:00, run_after=2023-02-14T13:29:16.685716+00:00
[2023-02-14T13:29:16.732+0000] {processor.py:175} INFO - Processing /home/airflow/.local/lib/python3.7/site-packages/airflow/example_dags/example_task_group_decorator.py took 0.278 seconds
[2023-02-14T13:29:47.287+0000] {processor.py:153} INFO - Started process (PID=723) to work on /home/airflow/.local/lib/python3.7/site-packages/airflow/example_dags/example_task_group_decorator.py
[2023-02-14T13:29:47.289+0000] {processor.py:743} INFO - Processing file /home/airflow/.local/lib/python3.7/site-packages/airflow/example_dags/example_task_group_decorator.py for tasks to queue
[2023-02-14T13:29:47.291+0000] {logging_mixin.py:137} INFO - [2023-02-14T13:29:47.291+0000] {dagbag.py:538} INFO - Filling up the DagBag from /home/airflow/.local/lib/python3.7/site-packages/airflow/example_dags/example_task_group_decorator.py
[2023-02-14T13:29:47.347+0000] {processor.py:753} INFO - DAG(s) dict_keys(['example_task_group_decorator']) retrieved from /home/airflow/.local/lib/python3.7/site-packages/airflow/example_dags/example_task_group_decorator.py
[2023-02-14T13:29:47.403+0000] {logging_mixin.py:137} INFO - [2023-02-14T13:29:47.403+0000] {dag.py:2690} INFO - Sync 1 DAGs
[2023-02-14T13:29:47.459+0000] {logging_mixin.py:137} INFO - [2023-02-14T13:29:47.459+0000] {dag.py:3441} INFO - Setting next_dagrun for example_task_group_decorator to 2023-02-13T13:29:47.459019+00:00, run_after=2023-02-14T13:29:47.459019+00:00
[2023-02-14T13:29:47.495+0000] {processor.py:175} INFO - Processing /home/airflow/.local/lib/python3.7/site-packages/airflow/example_dags/example_task_group_decorator.py took 0.214 seconds
