[2023-02-14T13:25:09.607+0000] {processor.py:153} INFO - Started process (PID=56) to work on /home/airflow/.local/lib/python3.7/site-packages/airflow/example_dags/example_bash_operator.py
[2023-02-14T13:25:09.608+0000] {processor.py:743} INFO - Processing file /home/airflow/.local/lib/python3.7/site-packages/airflow/example_dags/example_bash_operator.py for tasks to queue
[2023-02-14T13:25:09.609+0000] {logging_mixin.py:137} INFO - [2023-02-14T13:25:09.609+0000] {dagbag.py:538} INFO - Filling up the DagBag from /home/airflow/.local/lib/python3.7/site-packages/airflow/example_dags/example_bash_operator.py
[2023-02-14T13:25:09.654+0000] {processor.py:753} INFO - DAG(s) dict_keys(['example_bash_operator']) retrieved from /home/airflow/.local/lib/python3.7/site-packages/airflow/example_dags/example_bash_operator.py
[2023-02-14T13:25:09.675+0000] {logging_mixin.py:137} INFO - [2023-02-14T13:25:09.675+0000] {dag.py:2690} INFO - Sync 1 DAGs
[2023-02-14T13:25:09.729+0000] {logging_mixin.py:137} INFO - [2023-02-14T13:25:09.729+0000] {dag.py:3441} INFO - Setting next_dagrun for example_bash_operator to 2023-02-13T00:00:00+00:00, run_after=2023-02-14T00:00:00+00:00
[2023-02-14T13:25:09.765+0000] {processor.py:175} INFO - Processing /home/airflow/.local/lib/python3.7/site-packages/airflow/example_dags/example_bash_operator.py took 0.163 seconds
[2023-02-14T13:25:40.124+0000] {processor.py:153} INFO - Started process (PID=127) to work on /home/airflow/.local/lib/python3.7/site-packages/airflow/example_dags/example_bash_operator.py
[2023-02-14T13:25:40.127+0000] {processor.py:743} INFO - Processing file /home/airflow/.local/lib/python3.7/site-packages/airflow/example_dags/example_bash_operator.py for tasks to queue
[2023-02-14T13:25:40.129+0000] {logging_mixin.py:137} INFO - [2023-02-14T13:25:40.128+0000] {dagbag.py:538} INFO - Filling up the DagBag from /home/airflow/.local/lib/python3.7/site-packages/airflow/example_dags/example_bash_operator.py
[2023-02-14T13:25:40.174+0000] {processor.py:753} INFO - DAG(s) dict_keys(['example_bash_operator']) retrieved from /home/airflow/.local/lib/python3.7/site-packages/airflow/example_dags/example_bash_operator.py
[2023-02-14T13:25:40.249+0000] {logging_mixin.py:137} INFO - [2023-02-14T13:25:40.248+0000] {dag.py:2690} INFO - Sync 1 DAGs
[2023-02-14T13:25:40.311+0000] {logging_mixin.py:137} INFO - [2023-02-14T13:25:40.311+0000] {dag.py:3441} INFO - Setting next_dagrun for example_bash_operator to 2023-02-13T00:00:00+00:00, run_after=2023-02-14T00:00:00+00:00
[2023-02-14T13:25:40.345+0000] {processor.py:175} INFO - Processing /home/airflow/.local/lib/python3.7/site-packages/airflow/example_dags/example_bash_operator.py took 0.227 seconds
[2023-02-14T13:26:11.212+0000] {processor.py:153} INFO - Started process (PID=196) to work on /home/airflow/.local/lib/python3.7/site-packages/airflow/example_dags/example_bash_operator.py
[2023-02-14T13:26:11.213+0000] {processor.py:743} INFO - Processing file /home/airflow/.local/lib/python3.7/site-packages/airflow/example_dags/example_bash_operator.py for tasks to queue
[2023-02-14T13:26:11.214+0000] {logging_mixin.py:137} INFO - [2023-02-14T13:26:11.214+0000] {dagbag.py:538} INFO - Filling up the DagBag from /home/airflow/.local/lib/python3.7/site-packages/airflow/example_dags/example_bash_operator.py
[2023-02-14T13:26:11.242+0000] {processor.py:753} INFO - DAG(s) dict_keys(['example_bash_operator']) retrieved from /home/airflow/.local/lib/python3.7/site-packages/airflow/example_dags/example_bash_operator.py
[2023-02-14T13:26:11.287+0000] {logging_mixin.py:137} INFO - [2023-02-14T13:26:11.287+0000] {dag.py:2690} INFO - Sync 1 DAGs
[2023-02-14T13:26:11.331+0000] {logging_mixin.py:137} INFO - [2023-02-14T13:26:11.330+0000] {dag.py:3441} INFO - Setting next_dagrun for example_bash_operator to 2023-02-13T00:00:00+00:00, run_after=2023-02-14T00:00:00+00:00
[2023-02-14T13:26:11.383+0000] {processor.py:175} INFO - Processing /home/airflow/.local/lib/python3.7/site-packages/airflow/example_dags/example_bash_operator.py took 0.174 seconds
[2023-02-14T13:26:42.370+0000] {processor.py:153} INFO - Started process (PID=266) to work on /home/airflow/.local/lib/python3.7/site-packages/airflow/example_dags/example_bash_operator.py
[2023-02-14T13:26:42.374+0000] {processor.py:743} INFO - Processing file /home/airflow/.local/lib/python3.7/site-packages/airflow/example_dags/example_bash_operator.py for tasks to queue
[2023-02-14T13:26:42.377+0000] {logging_mixin.py:137} INFO - [2023-02-14T13:26:42.376+0000] {dagbag.py:538} INFO - Filling up the DagBag from /home/airflow/.local/lib/python3.7/site-packages/airflow/example_dags/example_bash_operator.py
[2023-02-14T13:26:42.433+0000] {processor.py:753} INFO - DAG(s) dict_keys(['example_bash_operator']) retrieved from /home/airflow/.local/lib/python3.7/site-packages/airflow/example_dags/example_bash_operator.py
[2023-02-14T13:26:42.513+0000] {logging_mixin.py:137} INFO - [2023-02-14T13:26:42.513+0000] {dag.py:2690} INFO - Sync 1 DAGs
[2023-02-14T13:26:42.566+0000] {logging_mixin.py:137} INFO - [2023-02-14T13:26:42.566+0000] {dag.py:3441} INFO - Setting next_dagrun for example_bash_operator to 2023-02-13T00:00:00+00:00, run_after=2023-02-14T00:00:00+00:00
[2023-02-14T13:26:42.619+0000] {processor.py:175} INFO - Processing /home/airflow/.local/lib/python3.7/site-packages/airflow/example_dags/example_bash_operator.py took 0.256 seconds
[2023-02-14T13:27:13.229+0000] {processor.py:153} INFO - Started process (PID=346) to work on /home/airflow/.local/lib/python3.7/site-packages/airflow/example_dags/example_bash_operator.py
[2023-02-14T13:27:13.230+0000] {processor.py:743} INFO - Processing file /home/airflow/.local/lib/python3.7/site-packages/airflow/example_dags/example_bash_operator.py for tasks to queue
[2023-02-14T13:27:13.231+0000] {logging_mixin.py:137} INFO - [2023-02-14T13:27:13.231+0000] {dagbag.py:538} INFO - Filling up the DagBag from /home/airflow/.local/lib/python3.7/site-packages/airflow/example_dags/example_bash_operator.py
[2023-02-14T13:27:13.267+0000] {processor.py:753} INFO - DAG(s) dict_keys(['example_bash_operator']) retrieved from /home/airflow/.local/lib/python3.7/site-packages/airflow/example_dags/example_bash_operator.py
[2023-02-14T13:27:13.328+0000] {logging_mixin.py:137} INFO - [2023-02-14T13:27:13.328+0000] {dag.py:2690} INFO - Sync 1 DAGs
[2023-02-14T13:27:13.370+0000] {logging_mixin.py:137} INFO - [2023-02-14T13:27:13.370+0000] {dag.py:3441} INFO - Setting next_dagrun for example_bash_operator to 2023-02-13T00:00:00+00:00, run_after=2023-02-14T00:00:00+00:00
[2023-02-14T13:27:13.395+0000] {processor.py:175} INFO - Processing /home/airflow/.local/lib/python3.7/site-packages/airflow/example_dags/example_bash_operator.py took 0.169 seconds
[2023-02-14T13:27:44.016+0000] {processor.py:153} INFO - Started process (PID=424) to work on /home/airflow/.local/lib/python3.7/site-packages/airflow/example_dags/example_bash_operator.py
[2023-02-14T13:27:44.017+0000] {processor.py:743} INFO - Processing file /home/airflow/.local/lib/python3.7/site-packages/airflow/example_dags/example_bash_operator.py for tasks to queue
[2023-02-14T13:27:44.019+0000] {logging_mixin.py:137} INFO - [2023-02-14T13:27:44.018+0000] {dagbag.py:538} INFO - Filling up the DagBag from /home/airflow/.local/lib/python3.7/site-packages/airflow/example_dags/example_bash_operator.py
[2023-02-14T13:27:44.053+0000] {processor.py:753} INFO - DAG(s) dict_keys(['example_bash_operator']) retrieved from /home/airflow/.local/lib/python3.7/site-packages/airflow/example_dags/example_bash_operator.py
[2023-02-14T13:27:44.095+0000] {logging_mixin.py:137} INFO - [2023-02-14T13:27:44.095+0000] {dag.py:2690} INFO - Sync 1 DAGs
[2023-02-14T13:27:44.131+0000] {logging_mixin.py:137} INFO - [2023-02-14T13:27:44.131+0000] {dag.py:3441} INFO - Setting next_dagrun for example_bash_operator to 2023-02-13T00:00:00+00:00, run_after=2023-02-14T00:00:00+00:00
[2023-02-14T13:27:44.159+0000] {processor.py:175} INFO - Processing /home/airflow/.local/lib/python3.7/site-packages/airflow/example_dags/example_bash_operator.py took 0.147 seconds
[2023-02-14T13:28:15.082+0000] {processor.py:153} INFO - Started process (PID=495) to work on /home/airflow/.local/lib/python3.7/site-packages/airflow/example_dags/example_bash_operator.py
[2023-02-14T13:28:15.084+0000] {processor.py:743} INFO - Processing file /home/airflow/.local/lib/python3.7/site-packages/airflow/example_dags/example_bash_operator.py for tasks to queue
[2023-02-14T13:28:15.086+0000] {logging_mixin.py:137} INFO - [2023-02-14T13:28:15.085+0000] {dagbag.py:538} INFO - Filling up the DagBag from /home/airflow/.local/lib/python3.7/site-packages/airflow/example_dags/example_bash_operator.py
[2023-02-14T13:28:15.133+0000] {processor.py:753} INFO - DAG(s) dict_keys(['example_bash_operator']) retrieved from /home/airflow/.local/lib/python3.7/site-packages/airflow/example_dags/example_bash_operator.py
[2023-02-14T13:28:15.206+0000] {logging_mixin.py:137} INFO - [2023-02-14T13:28:15.206+0000] {dag.py:2690} INFO - Sync 1 DAGs
[2023-02-14T13:28:15.255+0000] {logging_mixin.py:137} INFO - [2023-02-14T13:28:15.255+0000] {dag.py:3441} INFO - Setting next_dagrun for example_bash_operator to 2023-02-13T00:00:00+00:00, run_after=2023-02-14T00:00:00+00:00
[2023-02-14T13:28:15.294+0000] {processor.py:175} INFO - Processing /home/airflow/.local/lib/python3.7/site-packages/airflow/example_dags/example_bash_operator.py took 0.222 seconds
[2023-02-14T13:28:46.325+0000] {processor.py:153} INFO - Started process (PID=574) to work on /home/airflow/.local/lib/python3.7/site-packages/airflow/example_dags/example_bash_operator.py
[2023-02-14T13:28:46.326+0000] {processor.py:743} INFO - Processing file /home/airflow/.local/lib/python3.7/site-packages/airflow/example_dags/example_bash_operator.py for tasks to queue
[2023-02-14T13:28:46.326+0000] {logging_mixin.py:137} INFO - [2023-02-14T13:28:46.326+0000] {dagbag.py:538} INFO - Filling up the DagBag from /home/airflow/.local/lib/python3.7/site-packages/airflow/example_dags/example_bash_operator.py
[2023-02-14T13:28:46.346+0000] {processor.py:753} INFO - DAG(s) dict_keys(['example_bash_operator']) retrieved from /home/airflow/.local/lib/python3.7/site-packages/airflow/example_dags/example_bash_operator.py
[2023-02-14T13:28:46.386+0000] {logging_mixin.py:137} INFO - [2023-02-14T13:28:46.385+0000] {dag.py:2690} INFO - Sync 1 DAGs
[2023-02-14T13:28:46.414+0000] {logging_mixin.py:137} INFO - [2023-02-14T13:28:46.414+0000] {dag.py:3441} INFO - Setting next_dagrun for example_bash_operator to 2023-02-13T00:00:00+00:00, run_after=2023-02-14T00:00:00+00:00
[2023-02-14T13:28:46.435+0000] {processor.py:175} INFO - Processing /home/airflow/.local/lib/python3.7/site-packages/airflow/example_dags/example_bash_operator.py took 0.113 seconds
[2023-02-14T13:29:16.467+0000] {processor.py:153} INFO - Started process (PID=645) to work on /home/airflow/.local/lib/python3.7/site-packages/airflow/example_dags/example_bash_operator.py
[2023-02-14T13:29:16.468+0000] {processor.py:743} INFO - Processing file /home/airflow/.local/lib/python3.7/site-packages/airflow/example_dags/example_bash_operator.py for tasks to queue
[2023-02-14T13:29:16.469+0000] {logging_mixin.py:137} INFO - [2023-02-14T13:29:16.469+0000] {dagbag.py:538} INFO - Filling up the DagBag from /home/airflow/.local/lib/python3.7/site-packages/airflow/example_dags/example_bash_operator.py
[2023-02-14T13:29:16.505+0000] {processor.py:753} INFO - DAG(s) dict_keys(['example_bash_operator']) retrieved from /home/airflow/.local/lib/python3.7/site-packages/airflow/example_dags/example_bash_operator.py
[2023-02-14T13:29:16.598+0000] {logging_mixin.py:137} INFO - [2023-02-14T13:29:16.597+0000] {dag.py:2690} INFO - Sync 1 DAGs
[2023-02-14T13:29:16.690+0000] {logging_mixin.py:137} INFO - [2023-02-14T13:29:16.690+0000] {dag.py:3441} INFO - Setting next_dagrun for example_bash_operator to 2023-02-13T00:00:00+00:00, run_after=2023-02-14T00:00:00+00:00
[2023-02-14T13:29:16.767+0000] {processor.py:175} INFO - Processing /home/airflow/.local/lib/python3.7/site-packages/airflow/example_dags/example_bash_operator.py took 0.303 seconds
[2023-02-14T13:29:47.298+0000] {processor.py:153} INFO - Started process (PID=724) to work on /home/airflow/.local/lib/python3.7/site-packages/airflow/example_dags/example_bash_operator.py
[2023-02-14T13:29:47.303+0000] {processor.py:743} INFO - Processing file /home/airflow/.local/lib/python3.7/site-packages/airflow/example_dags/example_bash_operator.py for tasks to queue
[2023-02-14T13:29:47.304+0000] {logging_mixin.py:137} INFO - [2023-02-14T13:29:47.304+0000] {dagbag.py:538} INFO - Filling up the DagBag from /home/airflow/.local/lib/python3.7/site-packages/airflow/example_dags/example_bash_operator.py
[2023-02-14T13:29:47.342+0000] {processor.py:753} INFO - DAG(s) dict_keys(['example_bash_operator']) retrieved from /home/airflow/.local/lib/python3.7/site-packages/airflow/example_dags/example_bash_operator.py
[2023-02-14T13:29:47.434+0000] {logging_mixin.py:137} INFO - [2023-02-14T13:29:47.434+0000] {dag.py:2690} INFO - Sync 1 DAGs
[2023-02-14T13:29:47.481+0000] {logging_mixin.py:137} INFO - [2023-02-14T13:29:47.480+0000] {dag.py:3441} INFO - Setting next_dagrun for example_bash_operator to 2023-02-13T00:00:00+00:00, run_after=2023-02-14T00:00:00+00:00
[2023-02-14T13:29:47.515+0000] {processor.py:175} INFO - Processing /home/airflow/.local/lib/python3.7/site-packages/airflow/example_dags/example_bash_operator.py took 0.223 seconds
