[2023-02-14T13:25:09.259+0000] {processor.py:153} INFO - Started process (PID=54) to work on /home/airflow/.local/lib/python3.7/site-packages/airflow/example_dags/example_latest_only_with_trigger.py
[2023-02-14T13:25:09.260+0000] {processor.py:743} INFO - Processing file /home/airflow/.local/lib/python3.7/site-packages/airflow/example_dags/example_latest_only_with_trigger.py for tasks to queue
[2023-02-14T13:25:09.261+0000] {logging_mixin.py:137} INFO - [2023-02-14T13:25:09.260+0000] {dagbag.py:538} INFO - Filling up the DagBag from /home/airflow/.local/lib/python3.7/site-packages/airflow/example_dags/example_latest_only_with_trigger.py
[2023-02-14T13:25:09.338+0000] {processor.py:753} INFO - DAG(s) dict_keys(['latest_only_with_trigger']) retrieved from /home/airflow/.local/lib/python3.7/site-packages/airflow/example_dags/example_latest_only_with_trigger.py
[2023-02-14T13:25:09.391+0000] {logging_mixin.py:137} INFO - [2023-02-14T13:25:09.391+0000] {dag.py:2690} INFO - Sync 1 DAGs
[2023-02-14T13:25:09.439+0000] {logging_mixin.py:137} INFO - [2023-02-14T13:25:09.439+0000] {dag.py:3441} INFO - Setting next_dagrun for latest_only_with_trigger to 2023-02-14T09:25:09.439002+00:00, run_after=2023-02-14T13:25:09.439002+00:00
[2023-02-14T13:25:09.515+0000] {processor.py:175} INFO - Processing /home/airflow/.local/lib/python3.7/site-packages/airflow/example_dags/example_latest_only_with_trigger.py took 0.272 seconds
[2023-02-14T13:25:39.800+0000] {processor.py:153} INFO - Started process (PID=125) to work on /home/airflow/.local/lib/python3.7/site-packages/airflow/example_dags/example_latest_only_with_trigger.py
[2023-02-14T13:25:39.803+0000] {processor.py:743} INFO - Processing file /home/airflow/.local/lib/python3.7/site-packages/airflow/example_dags/example_latest_only_with_trigger.py for tasks to queue
[2023-02-14T13:25:39.806+0000] {logging_mixin.py:137} INFO - [2023-02-14T13:25:39.805+0000] {dagbag.py:538} INFO - Filling up the DagBag from /home/airflow/.local/lib/python3.7/site-packages/airflow/example_dags/example_latest_only_with_trigger.py
[2023-02-14T13:25:39.853+0000] {processor.py:753} INFO - DAG(s) dict_keys(['latest_only_with_trigger']) retrieved from /home/airflow/.local/lib/python3.7/site-packages/airflow/example_dags/example_latest_only_with_trigger.py
[2023-02-14T13:25:39.914+0000] {logging_mixin.py:137} INFO - [2023-02-14T13:25:39.914+0000] {dag.py:2690} INFO - Sync 1 DAGs
[2023-02-14T13:25:39.991+0000] {logging_mixin.py:137} INFO - [2023-02-14T13:25:39.990+0000] {dag.py:3441} INFO - Setting next_dagrun for latest_only_with_trigger to 2023-02-14T09:25:39.990214+00:00, run_after=2023-02-14T13:25:39.990214+00:00
[2023-02-14T13:25:40.051+0000] {processor.py:175} INFO - Processing /home/airflow/.local/lib/python3.7/site-packages/airflow/example_dags/example_latest_only_with_trigger.py took 0.259 seconds
[2023-02-14T13:26:10.100+0000] {processor.py:153} INFO - Started process (PID=193) to work on /home/airflow/.local/lib/python3.7/site-packages/airflow/example_dags/example_latest_only_with_trigger.py
[2023-02-14T13:26:10.101+0000] {processor.py:743} INFO - Processing file /home/airflow/.local/lib/python3.7/site-packages/airflow/example_dags/example_latest_only_with_trigger.py for tasks to queue
[2023-02-14T13:26:10.101+0000] {logging_mixin.py:137} INFO - [2023-02-14T13:26:10.101+0000] {dagbag.py:538} INFO - Filling up the DagBag from /home/airflow/.local/lib/python3.7/site-packages/airflow/example_dags/example_latest_only_with_trigger.py
[2023-02-14T13:26:10.115+0000] {processor.py:753} INFO - DAG(s) dict_keys(['latest_only_with_trigger']) retrieved from /home/airflow/.local/lib/python3.7/site-packages/airflow/example_dags/example_latest_only_with_trigger.py
[2023-02-14T13:26:10.137+0000] {logging_mixin.py:137} INFO - [2023-02-14T13:26:10.137+0000] {dag.py:2690} INFO - Sync 1 DAGs
[2023-02-14T13:26:10.165+0000] {logging_mixin.py:137} INFO - [2023-02-14T13:26:10.164+0000] {dag.py:3441} INFO - Setting next_dagrun for latest_only_with_trigger to 2023-02-14T09:26:10.164724+00:00, run_after=2023-02-14T13:26:10.164724+00:00
[2023-02-14T13:26:10.183+0000] {processor.py:175} INFO - Processing /home/airflow/.local/lib/python3.7/site-packages/airflow/example_dags/example_latest_only_with_trigger.py took 0.086 seconds
[2023-02-14T13:26:41.113+0000] {processor.py:153} INFO - Started process (PID=264) to work on /home/airflow/.local/lib/python3.7/site-packages/airflow/example_dags/example_latest_only_with_trigger.py
[2023-02-14T13:26:41.114+0000] {processor.py:743} INFO - Processing file /home/airflow/.local/lib/python3.7/site-packages/airflow/example_dags/example_latest_only_with_trigger.py for tasks to queue
[2023-02-14T13:26:41.115+0000] {logging_mixin.py:137} INFO - [2023-02-14T13:26:41.115+0000] {dagbag.py:538} INFO - Filling up the DagBag from /home/airflow/.local/lib/python3.7/site-packages/airflow/example_dags/example_latest_only_with_trigger.py
[2023-02-14T13:26:41.137+0000] {processor.py:753} INFO - DAG(s) dict_keys(['latest_only_with_trigger']) retrieved from /home/airflow/.local/lib/python3.7/site-packages/airflow/example_dags/example_latest_only_with_trigger.py
[2023-02-14T13:26:41.195+0000] {logging_mixin.py:137} INFO - [2023-02-14T13:26:41.195+0000] {dag.py:2690} INFO - Sync 1 DAGs
[2023-02-14T13:26:41.256+0000] {logging_mixin.py:137} INFO - [2023-02-14T13:26:41.256+0000] {dag.py:3441} INFO - Setting next_dagrun for latest_only_with_trigger to 2023-02-14T09:26:41.256423+00:00, run_after=2023-02-14T13:26:41.256423+00:00
[2023-02-14T13:26:41.298+0000] {processor.py:175} INFO - Processing /home/airflow/.local/lib/python3.7/site-packages/airflow/example_dags/example_latest_only_with_trigger.py took 0.191 seconds
[2023-02-14T13:27:12.080+0000] {processor.py:153} INFO - Started process (PID=335) to work on /home/airflow/.local/lib/python3.7/site-packages/airflow/example_dags/example_latest_only_with_trigger.py
[2023-02-14T13:27:12.081+0000] {processor.py:743} INFO - Processing file /home/airflow/.local/lib/python3.7/site-packages/airflow/example_dags/example_latest_only_with_trigger.py for tasks to queue
[2023-02-14T13:27:12.082+0000] {logging_mixin.py:137} INFO - [2023-02-14T13:27:12.082+0000] {dagbag.py:538} INFO - Filling up the DagBag from /home/airflow/.local/lib/python3.7/site-packages/airflow/example_dags/example_latest_only_with_trigger.py
[2023-02-14T13:27:12.099+0000] {processor.py:753} INFO - DAG(s) dict_keys(['latest_only_with_trigger']) retrieved from /home/airflow/.local/lib/python3.7/site-packages/airflow/example_dags/example_latest_only_with_trigger.py
[2023-02-14T13:27:12.132+0000] {logging_mixin.py:137} INFO - [2023-02-14T13:27:12.131+0000] {dag.py:2690} INFO - Sync 1 DAGs
[2023-02-14T13:27:12.169+0000] {logging_mixin.py:137} INFO - [2023-02-14T13:27:12.169+0000] {dag.py:3441} INFO - Setting next_dagrun for latest_only_with_trigger to 2023-02-14T09:27:12.169430+00:00, run_after=2023-02-14T13:27:12.169430+00:00
[2023-02-14T13:27:12.191+0000] {processor.py:175} INFO - Processing /home/airflow/.local/lib/python3.7/site-packages/airflow/example_dags/example_latest_only_with_trigger.py took 0.113 seconds
[2023-02-14T13:27:42.858+0000] {processor.py:153} INFO - Started process (PID=422) to work on /home/airflow/.local/lib/python3.7/site-packages/airflow/example_dags/example_latest_only_with_trigger.py
[2023-02-14T13:27:42.860+0000] {processor.py:743} INFO - Processing file /home/airflow/.local/lib/python3.7/site-packages/airflow/example_dags/example_latest_only_with_trigger.py for tasks to queue
[2023-02-14T13:27:42.862+0000] {logging_mixin.py:137} INFO - [2023-02-14T13:27:42.861+0000] {dagbag.py:538} INFO - Filling up the DagBag from /home/airflow/.local/lib/python3.7/site-packages/airflow/example_dags/example_latest_only_with_trigger.py
[2023-02-14T13:27:42.882+0000] {processor.py:753} INFO - DAG(s) dict_keys(['latest_only_with_trigger']) retrieved from /home/airflow/.local/lib/python3.7/site-packages/airflow/example_dags/example_latest_only_with_trigger.py
[2023-02-14T13:27:42.924+0000] {logging_mixin.py:137} INFO - [2023-02-14T13:27:42.924+0000] {dag.py:2690} INFO - Sync 1 DAGs
[2023-02-14T13:27:42.958+0000] {logging_mixin.py:137} INFO - [2023-02-14T13:27:42.958+0000] {dag.py:3441} INFO - Setting next_dagrun for latest_only_with_trigger to 2023-02-14T09:27:42.958312+00:00, run_after=2023-02-14T13:27:42.958312+00:00
[2023-02-14T13:27:42.980+0000] {processor.py:175} INFO - Processing /home/airflow/.local/lib/python3.7/site-packages/airflow/example_dags/example_latest_only_with_trigger.py took 0.126 seconds
[2023-02-14T13:28:13.807+0000] {processor.py:153} INFO - Started process (PID=493) to work on /home/airflow/.local/lib/python3.7/site-packages/airflow/example_dags/example_latest_only_with_trigger.py
[2023-02-14T13:28:13.809+0000] {processor.py:743} INFO - Processing file /home/airflow/.local/lib/python3.7/site-packages/airflow/example_dags/example_latest_only_with_trigger.py for tasks to queue
[2023-02-14T13:28:13.812+0000] {logging_mixin.py:137} INFO - [2023-02-14T13:28:13.812+0000] {dagbag.py:538} INFO - Filling up the DagBag from /home/airflow/.local/lib/python3.7/site-packages/airflow/example_dags/example_latest_only_with_trigger.py
[2023-02-14T13:28:13.852+0000] {processor.py:753} INFO - DAG(s) dict_keys(['latest_only_with_trigger']) retrieved from /home/airflow/.local/lib/python3.7/site-packages/airflow/example_dags/example_latest_only_with_trigger.py
[2023-02-14T13:28:13.911+0000] {logging_mixin.py:137} INFO - [2023-02-14T13:28:13.911+0000] {dag.py:2690} INFO - Sync 1 DAGs
[2023-02-14T13:28:13.969+0000] {logging_mixin.py:137} INFO - [2023-02-14T13:28:13.969+0000] {dag.py:3441} INFO - Setting next_dagrun for latest_only_with_trigger to 2023-02-14T09:28:13.968753+00:00, run_after=2023-02-14T13:28:13.968753+00:00
[2023-02-14T13:28:14.015+0000] {processor.py:175} INFO - Processing /home/airflow/.local/lib/python3.7/site-packages/airflow/example_dags/example_latest_only_with_trigger.py took 0.214 seconds
[2023-02-14T13:28:44.145+0000] {processor.py:153} INFO - Started process (PID=563) to work on /home/airflow/.local/lib/python3.7/site-packages/airflow/example_dags/example_latest_only_with_trigger.py
[2023-02-14T13:28:44.146+0000] {processor.py:743} INFO - Processing file /home/airflow/.local/lib/python3.7/site-packages/airflow/example_dags/example_latest_only_with_trigger.py for tasks to queue
[2023-02-14T13:28:44.147+0000] {logging_mixin.py:137} INFO - [2023-02-14T13:28:44.147+0000] {dagbag.py:538} INFO - Filling up the DagBag from /home/airflow/.local/lib/python3.7/site-packages/airflow/example_dags/example_latest_only_with_trigger.py
[2023-02-14T13:28:44.176+0000] {processor.py:753} INFO - DAG(s) dict_keys(['latest_only_with_trigger']) retrieved from /home/airflow/.local/lib/python3.7/site-packages/airflow/example_dags/example_latest_only_with_trigger.py
[2023-02-14T13:28:44.220+0000] {logging_mixin.py:137} INFO - [2023-02-14T13:28:44.220+0000] {dag.py:2690} INFO - Sync 1 DAGs
[2023-02-14T13:28:44.261+0000] {logging_mixin.py:137} INFO - [2023-02-14T13:28:44.261+0000] {dag.py:3441} INFO - Setting next_dagrun for latest_only_with_trigger to 2023-02-14T09:28:44.261066+00:00, run_after=2023-02-14T13:28:44.261066+00:00
[2023-02-14T13:28:44.284+0000] {processor.py:175} INFO - Processing /home/airflow/.local/lib/python3.7/site-packages/airflow/example_dags/example_latest_only_with_trigger.py took 0.145 seconds
[2023-02-14T13:29:14.415+0000] {processor.py:153} INFO - Started process (PID=634) to work on /home/airflow/.local/lib/python3.7/site-packages/airflow/example_dags/example_latest_only_with_trigger.py
[2023-02-14T13:29:14.417+0000] {processor.py:743} INFO - Processing file /home/airflow/.local/lib/python3.7/site-packages/airflow/example_dags/example_latest_only_with_trigger.py for tasks to queue
[2023-02-14T13:29:14.418+0000] {logging_mixin.py:137} INFO - [2023-02-14T13:29:14.418+0000] {dagbag.py:538} INFO - Filling up the DagBag from /home/airflow/.local/lib/python3.7/site-packages/airflow/example_dags/example_latest_only_with_trigger.py
[2023-02-14T13:29:14.438+0000] {processor.py:753} INFO - DAG(s) dict_keys(['latest_only_with_trigger']) retrieved from /home/airflow/.local/lib/python3.7/site-packages/airflow/example_dags/example_latest_only_with_trigger.py
[2023-02-14T13:29:14.481+0000] {logging_mixin.py:137} INFO - [2023-02-14T13:29:14.481+0000] {dag.py:2690} INFO - Sync 1 DAGs
[2023-02-14T13:29:14.524+0000] {logging_mixin.py:137} INFO - [2023-02-14T13:29:14.523+0000] {dag.py:3441} INFO - Setting next_dagrun for latest_only_with_trigger to 2023-02-14T09:29:14.523318+00:00, run_after=2023-02-14T13:29:14.523318+00:00
[2023-02-14T13:29:14.573+0000] {processor.py:175} INFO - Processing /home/airflow/.local/lib/python3.7/site-packages/airflow/example_dags/example_latest_only_with_trigger.py took 0.162 seconds
[2023-02-14T13:29:45.159+0000] {processor.py:153} INFO - Started process (PID=722) to work on /home/airflow/.local/lib/python3.7/site-packages/airflow/example_dags/example_latest_only_with_trigger.py
[2023-02-14T13:29:45.160+0000] {processor.py:743} INFO - Processing file /home/airflow/.local/lib/python3.7/site-packages/airflow/example_dags/example_latest_only_with_trigger.py for tasks to queue
[2023-02-14T13:29:45.160+0000] {logging_mixin.py:137} INFO - [2023-02-14T13:29:45.160+0000] {dagbag.py:538} INFO - Filling up the DagBag from /home/airflow/.local/lib/python3.7/site-packages/airflow/example_dags/example_latest_only_with_trigger.py
[2023-02-14T13:29:45.173+0000] {processor.py:753} INFO - DAG(s) dict_keys(['latest_only_with_trigger']) retrieved from /home/airflow/.local/lib/python3.7/site-packages/airflow/example_dags/example_latest_only_with_trigger.py
[2023-02-14T13:29:45.197+0000] {logging_mixin.py:137} INFO - [2023-02-14T13:29:45.197+0000] {dag.py:2690} INFO - Sync 1 DAGs
[2023-02-14T13:29:45.223+0000] {logging_mixin.py:137} INFO - [2023-02-14T13:29:45.223+0000] {dag.py:3441} INFO - Setting next_dagrun for latest_only_with_trigger to 2023-02-14T09:29:45.222841+00:00, run_after=2023-02-14T13:29:45.222841+00:00
[2023-02-14T13:29:45.246+0000] {processor.py:175} INFO - Processing /home/airflow/.local/lib/python3.7/site-packages/airflow/example_dags/example_latest_only_with_trigger.py took 0.090 seconds
