[2023-02-14T13:25:12.643+0000] {processor.py:153} INFO - Started process (PID=77) to work on /home/airflow/.local/lib/python3.7/site-packages/airflow/example_dags/example_external_task_marker_dag.py
[2023-02-14T13:25:12.644+0000] {processor.py:743} INFO - Processing file /home/airflow/.local/lib/python3.7/site-packages/airflow/example_dags/example_external_task_marker_dag.py for tasks to queue
[2023-02-14T13:25:12.646+0000] {logging_mixin.py:137} INFO - [2023-02-14T13:25:12.646+0000] {dagbag.py:538} INFO - Filling up the DagBag from /home/airflow/.local/lib/python3.7/site-packages/airflow/example_dags/example_external_task_marker_dag.py
[2023-02-14T13:25:12.714+0000] {processor.py:753} INFO - DAG(s) dict_keys(['example_external_task_marker_child', 'example_external_task_marker_parent']) retrieved from /home/airflow/.local/lib/python3.7/site-packages/airflow/example_dags/example_external_task_marker_dag.py
[2023-02-14T13:25:12.742+0000] {logging_mixin.py:137} INFO - [2023-02-14T13:25:12.742+0000] {dag.py:2690} INFO - Sync 2 DAGs
[2023-02-14T13:25:12.812+0000] {logging_mixin.py:137} INFO - [2023-02-14T13:25:12.811+0000] {dag.py:3441} INFO - Setting next_dagrun for example_external_task_marker_child to None, run_after=None
[2023-02-14T13:25:12.819+0000] {logging_mixin.py:137} INFO - [2023-02-14T13:25:12.819+0000] {dag.py:3441} INFO - Setting next_dagrun for example_external_task_marker_parent to None, run_after=None
[2023-02-14T13:25:12.864+0000] {processor.py:175} INFO - Processing /home/airflow/.local/lib/python3.7/site-packages/airflow/example_dags/example_external_task_marker_dag.py took 0.239 seconds
[2023-02-14T13:25:43.736+0000] {processor.py:153} INFO - Started process (PID=148) to work on /home/airflow/.local/lib/python3.7/site-packages/airflow/example_dags/example_external_task_marker_dag.py
[2023-02-14T13:25:43.737+0000] {processor.py:743} INFO - Processing file /home/airflow/.local/lib/python3.7/site-packages/airflow/example_dags/example_external_task_marker_dag.py for tasks to queue
[2023-02-14T13:25:43.738+0000] {logging_mixin.py:137} INFO - [2023-02-14T13:25:43.738+0000] {dagbag.py:538} INFO - Filling up the DagBag from /home/airflow/.local/lib/python3.7/site-packages/airflow/example_dags/example_external_task_marker_dag.py
[2023-02-14T13:25:43.754+0000] {processor.py:753} INFO - DAG(s) dict_keys(['example_external_task_marker_parent', 'example_external_task_marker_child']) retrieved from /home/airflow/.local/lib/python3.7/site-packages/airflow/example_dags/example_external_task_marker_dag.py
[2023-02-14T13:25:43.834+0000] {logging_mixin.py:137} INFO - [2023-02-14T13:25:43.833+0000] {dag.py:2690} INFO - Sync 2 DAGs
[2023-02-14T13:25:43.875+0000] {logging_mixin.py:137} INFO - [2023-02-14T13:25:43.875+0000] {dag.py:3441} INFO - Setting next_dagrun for example_external_task_marker_child to None, run_after=None
[2023-02-14T13:25:43.879+0000] {logging_mixin.py:137} INFO - [2023-02-14T13:25:43.879+0000] {dag.py:3441} INFO - Setting next_dagrun for example_external_task_marker_parent to None, run_after=None
[2023-02-14T13:25:43.904+0000] {processor.py:175} INFO - Processing /home/airflow/.local/lib/python3.7/site-packages/airflow/example_dags/example_external_task_marker_dag.py took 0.171 seconds
[2023-02-14T13:26:14.057+0000] {processor.py:153} INFO - Started process (PID=217) to work on /home/airflow/.local/lib/python3.7/site-packages/airflow/example_dags/example_external_task_marker_dag.py
[2023-02-14T13:26:14.058+0000] {processor.py:743} INFO - Processing file /home/airflow/.local/lib/python3.7/site-packages/airflow/example_dags/example_external_task_marker_dag.py for tasks to queue
[2023-02-14T13:26:14.059+0000] {logging_mixin.py:137} INFO - [2023-02-14T13:26:14.058+0000] {dagbag.py:538} INFO - Filling up the DagBag from /home/airflow/.local/lib/python3.7/site-packages/airflow/example_dags/example_external_task_marker_dag.py
[2023-02-14T13:26:14.088+0000] {processor.py:753} INFO - DAG(s) dict_keys(['example_external_task_marker_child', 'example_external_task_marker_parent']) retrieved from /home/airflow/.local/lib/python3.7/site-packages/airflow/example_dags/example_external_task_marker_dag.py
[2023-02-14T13:26:14.139+0000] {logging_mixin.py:137} INFO - [2023-02-14T13:26:14.139+0000] {dag.py:2690} INFO - Sync 2 DAGs
[2023-02-14T13:26:14.190+0000] {logging_mixin.py:137} INFO - [2023-02-14T13:26:14.190+0000] {dag.py:3441} INFO - Setting next_dagrun for example_external_task_marker_child to None, run_after=None
[2023-02-14T13:26:14.198+0000] {logging_mixin.py:137} INFO - [2023-02-14T13:26:14.198+0000] {dag.py:3441} INFO - Setting next_dagrun for example_external_task_marker_parent to None, run_after=None
[2023-02-14T13:26:14.231+0000] {processor.py:175} INFO - Processing /home/airflow/.local/lib/python3.7/site-packages/airflow/example_dags/example_external_task_marker_dag.py took 0.179 seconds
[2023-02-14T13:26:45.835+0000] {processor.py:153} INFO - Started process (PID=303) to work on /home/airflow/.local/lib/python3.7/site-packages/airflow/example_dags/example_external_task_marker_dag.py
[2023-02-14T13:26:45.842+0000] {processor.py:743} INFO - Processing file /home/airflow/.local/lib/python3.7/site-packages/airflow/example_dags/example_external_task_marker_dag.py for tasks to queue
[2023-02-14T13:26:45.843+0000] {logging_mixin.py:137} INFO - [2023-02-14T13:26:45.843+0000] {dagbag.py:538} INFO - Filling up the DagBag from /home/airflow/.local/lib/python3.7/site-packages/airflow/example_dags/example_external_task_marker_dag.py
[2023-02-14T13:26:45.950+0000] {processor.py:753} INFO - DAG(s) dict_keys(['example_external_task_marker_parent', 'example_external_task_marker_child']) retrieved from /home/airflow/.local/lib/python3.7/site-packages/airflow/example_dags/example_external_task_marker_dag.py
[2023-02-14T13:26:46.046+0000] {logging_mixin.py:137} INFO - [2023-02-14T13:26:46.046+0000] {dag.py:2690} INFO - Sync 2 DAGs
[2023-02-14T13:26:46.139+0000] {logging_mixin.py:137} INFO - [2023-02-14T13:26:46.138+0000] {dag.py:3441} INFO - Setting next_dagrun for example_external_task_marker_child to None, run_after=None
[2023-02-14T13:26:46.155+0000] {logging_mixin.py:137} INFO - [2023-02-14T13:26:46.154+0000] {dag.py:3441} INFO - Setting next_dagrun for example_external_task_marker_parent to None, run_after=None
[2023-02-14T13:26:46.290+0000] {processor.py:175} INFO - Processing /home/airflow/.local/lib/python3.7/site-packages/airflow/example_dags/example_external_task_marker_dag.py took 0.460 seconds
[2023-02-14T13:27:16.595+0000] {processor.py:153} INFO - Started process (PID=374) to work on /home/airflow/.local/lib/python3.7/site-packages/airflow/example_dags/example_external_task_marker_dag.py
[2023-02-14T13:27:16.596+0000] {processor.py:743} INFO - Processing file /home/airflow/.local/lib/python3.7/site-packages/airflow/example_dags/example_external_task_marker_dag.py for tasks to queue
[2023-02-14T13:27:16.597+0000] {logging_mixin.py:137} INFO - [2023-02-14T13:27:16.596+0000] {dagbag.py:538} INFO - Filling up the DagBag from /home/airflow/.local/lib/python3.7/site-packages/airflow/example_dags/example_external_task_marker_dag.py
[2023-02-14T13:27:16.611+0000] {processor.py:753} INFO - DAG(s) dict_keys(['example_external_task_marker_parent', 'example_external_task_marker_child']) retrieved from /home/airflow/.local/lib/python3.7/site-packages/airflow/example_dags/example_external_task_marker_dag.py
[2023-02-14T13:27:16.638+0000] {logging_mixin.py:137} INFO - [2023-02-14T13:27:16.637+0000] {dag.py:2690} INFO - Sync 2 DAGs
[2023-02-14T13:27:16.671+0000] {logging_mixin.py:137} INFO - [2023-02-14T13:27:16.671+0000] {dag.py:3441} INFO - Setting next_dagrun for example_external_task_marker_child to None, run_after=None
[2023-02-14T13:27:16.675+0000] {logging_mixin.py:137} INFO - [2023-02-14T13:27:16.674+0000] {dag.py:3441} INFO - Setting next_dagrun for example_external_task_marker_parent to None, run_after=None
[2023-02-14T13:27:16.690+0000] {processor.py:175} INFO - Processing /home/airflow/.local/lib/python3.7/site-packages/airflow/example_dags/example_external_task_marker_dag.py took 0.097 seconds
[2023-02-14T13:27:47.556+0000] {processor.py:153} INFO - Started process (PID=445) to work on /home/airflow/.local/lib/python3.7/site-packages/airflow/example_dags/example_external_task_marker_dag.py
[2023-02-14T13:27:47.557+0000] {processor.py:743} INFO - Processing file /home/airflow/.local/lib/python3.7/site-packages/airflow/example_dags/example_external_task_marker_dag.py for tasks to queue
[2023-02-14T13:27:47.557+0000] {logging_mixin.py:137} INFO - [2023-02-14T13:27:47.557+0000] {dagbag.py:538} INFO - Filling up the DagBag from /home/airflow/.local/lib/python3.7/site-packages/airflow/example_dags/example_external_task_marker_dag.py
[2023-02-14T13:27:47.570+0000] {processor.py:753} INFO - DAG(s) dict_keys(['example_external_task_marker_child', 'example_external_task_marker_parent']) retrieved from /home/airflow/.local/lib/python3.7/site-packages/airflow/example_dags/example_external_task_marker_dag.py
[2023-02-14T13:27:47.594+0000] {logging_mixin.py:137} INFO - [2023-02-14T13:27:47.594+0000] {dag.py:2690} INFO - Sync 2 DAGs
[2023-02-14T13:27:47.620+0000] {logging_mixin.py:137} INFO - [2023-02-14T13:27:47.619+0000] {dag.py:3441} INFO - Setting next_dagrun for example_external_task_marker_child to None, run_after=None
[2023-02-14T13:27:47.623+0000] {logging_mixin.py:137} INFO - [2023-02-14T13:27:47.623+0000] {dag.py:3441} INFO - Setting next_dagrun for example_external_task_marker_parent to None, run_after=None
[2023-02-14T13:27:47.639+0000] {processor.py:175} INFO - Processing /home/airflow/.local/lib/python3.7/site-packages/airflow/example_dags/example_external_task_marker_dag.py took 0.086 seconds
[2023-02-14T13:28:19.316+0000] {processor.py:153} INFO - Started process (PID=522) to work on /home/airflow/.local/lib/python3.7/site-packages/airflow/example_dags/example_external_task_marker_dag.py
[2023-02-14T13:28:19.318+0000] {processor.py:743} INFO - Processing file /home/airflow/.local/lib/python3.7/site-packages/airflow/example_dags/example_external_task_marker_dag.py for tasks to queue
[2023-02-14T13:28:19.320+0000] {logging_mixin.py:137} INFO - [2023-02-14T13:28:19.320+0000] {dagbag.py:538} INFO - Filling up the DagBag from /home/airflow/.local/lib/python3.7/site-packages/airflow/example_dags/example_external_task_marker_dag.py
[2023-02-14T13:28:19.360+0000] {processor.py:753} INFO - DAG(s) dict_keys(['example_external_task_marker_child', 'example_external_task_marker_parent']) retrieved from /home/airflow/.local/lib/python3.7/site-packages/airflow/example_dags/example_external_task_marker_dag.py
[2023-02-14T13:28:19.474+0000] {logging_mixin.py:137} INFO - [2023-02-14T13:28:19.474+0000] {dag.py:2690} INFO - Sync 2 DAGs
[2023-02-14T13:28:19.553+0000] {logging_mixin.py:137} INFO - [2023-02-14T13:28:19.552+0000] {dag.py:3441} INFO - Setting next_dagrun for example_external_task_marker_child to None, run_after=None
[2023-02-14T13:28:19.560+0000] {logging_mixin.py:137} INFO - [2023-02-14T13:28:19.560+0000] {dag.py:3441} INFO - Setting next_dagrun for example_external_task_marker_parent to None, run_after=None
[2023-02-14T13:28:19.671+0000] {processor.py:175} INFO - Processing /home/airflow/.local/lib/python3.7/site-packages/airflow/example_dags/example_external_task_marker_dag.py took 0.362 seconds
[2023-02-14T13:28:50.090+0000] {processor.py:153} INFO - Started process (PID=602) to work on /home/airflow/.local/lib/python3.7/site-packages/airflow/example_dags/example_external_task_marker_dag.py
[2023-02-14T13:28:50.091+0000] {processor.py:743} INFO - Processing file /home/airflow/.local/lib/python3.7/site-packages/airflow/example_dags/example_external_task_marker_dag.py for tasks to queue
[2023-02-14T13:28:50.093+0000] {logging_mixin.py:137} INFO - [2023-02-14T13:28:50.092+0000] {dagbag.py:538} INFO - Filling up the DagBag from /home/airflow/.local/lib/python3.7/site-packages/airflow/example_dags/example_external_task_marker_dag.py
[2023-02-14T13:28:50.135+0000] {processor.py:753} INFO - DAG(s) dict_keys(['example_external_task_marker_child', 'example_external_task_marker_parent']) retrieved from /home/airflow/.local/lib/python3.7/site-packages/airflow/example_dags/example_external_task_marker_dag.py
[2023-02-14T13:28:50.215+0000] {logging_mixin.py:137} INFO - [2023-02-14T13:28:50.214+0000] {dag.py:2690} INFO - Sync 2 DAGs
[2023-02-14T13:28:50.255+0000] {logging_mixin.py:137} INFO - [2023-02-14T13:28:50.255+0000] {dag.py:3441} INFO - Setting next_dagrun for example_external_task_marker_child to None, run_after=None
[2023-02-14T13:28:50.261+0000] {logging_mixin.py:137} INFO - [2023-02-14T13:28:50.261+0000] {dag.py:3441} INFO - Setting next_dagrun for example_external_task_marker_parent to None, run_after=None
[2023-02-14T13:28:50.283+0000] {processor.py:175} INFO - Processing /home/airflow/.local/lib/python3.7/site-packages/airflow/example_dags/example_external_task_marker_dag.py took 0.204 seconds
[2023-02-14T13:29:20.947+0000] {processor.py:153} INFO - Started process (PID=673) to work on /home/airflow/.local/lib/python3.7/site-packages/airflow/example_dags/example_external_task_marker_dag.py
[2023-02-14T13:29:20.948+0000] {processor.py:743} INFO - Processing file /home/airflow/.local/lib/python3.7/site-packages/airflow/example_dags/example_external_task_marker_dag.py for tasks to queue
[2023-02-14T13:29:20.949+0000] {logging_mixin.py:137} INFO - [2023-02-14T13:29:20.948+0000] {dagbag.py:538} INFO - Filling up the DagBag from /home/airflow/.local/lib/python3.7/site-packages/airflow/example_dags/example_external_task_marker_dag.py
[2023-02-14T13:29:20.960+0000] {processor.py:753} INFO - DAG(s) dict_keys(['example_external_task_marker_child', 'example_external_task_marker_parent']) retrieved from /home/airflow/.local/lib/python3.7/site-packages/airflow/example_dags/example_external_task_marker_dag.py
[2023-02-14T13:29:20.983+0000] {logging_mixin.py:137} INFO - [2023-02-14T13:29:20.983+0000] {dag.py:2690} INFO - Sync 2 DAGs
[2023-02-14T13:29:21.009+0000] {logging_mixin.py:137} INFO - [2023-02-14T13:29:21.009+0000] {dag.py:3441} INFO - Setting next_dagrun for example_external_task_marker_child to None, run_after=None
[2023-02-14T13:29:21.013+0000] {logging_mixin.py:137} INFO - [2023-02-14T13:29:21.012+0000] {dag.py:3441} INFO - Setting next_dagrun for example_external_task_marker_parent to None, run_after=None
[2023-02-14T13:29:21.029+0000] {processor.py:175} INFO - Processing /home/airflow/.local/lib/python3.7/site-packages/airflow/example_dags/example_external_task_marker_dag.py took 0.085 seconds
[2023-02-14T13:29:51.552+0000] {processor.py:153} INFO - Started process (PID=745) to work on /home/airflow/.local/lib/python3.7/site-packages/airflow/example_dags/example_external_task_marker_dag.py
[2023-02-14T13:29:51.553+0000] {processor.py:743} INFO - Processing file /home/airflow/.local/lib/python3.7/site-packages/airflow/example_dags/example_external_task_marker_dag.py for tasks to queue
[2023-02-14T13:29:51.554+0000] {logging_mixin.py:137} INFO - [2023-02-14T13:29:51.554+0000] {dagbag.py:538} INFO - Filling up the DagBag from /home/airflow/.local/lib/python3.7/site-packages/airflow/example_dags/example_external_task_marker_dag.py
[2023-02-14T13:29:51.565+0000] {processor.py:753} INFO - DAG(s) dict_keys(['example_external_task_marker_parent', 'example_external_task_marker_child']) retrieved from /home/airflow/.local/lib/python3.7/site-packages/airflow/example_dags/example_external_task_marker_dag.py
[2023-02-14T13:29:51.590+0000] {logging_mixin.py:137} INFO - [2023-02-14T13:29:51.590+0000] {dag.py:2690} INFO - Sync 2 DAGs
[2023-02-14T13:29:51.616+0000] {logging_mixin.py:137} INFO - [2023-02-14T13:29:51.616+0000] {dag.py:3441} INFO - Setting next_dagrun for example_external_task_marker_child to None, run_after=None
[2023-02-14T13:29:51.619+0000] {logging_mixin.py:137} INFO - [2023-02-14T13:29:51.619+0000] {dag.py:3441} INFO - Setting next_dagrun for example_external_task_marker_parent to None, run_after=None
[2023-02-14T13:29:51.635+0000] {processor.py:175} INFO - Processing /home/airflow/.local/lib/python3.7/site-packages/airflow/example_dags/example_external_task_marker_dag.py took 0.085 seconds
