[2023-02-14T13:25:10.217+0000] {processor.py:153} INFO - Started process (PID=61) to work on /home/airflow/.local/lib/python3.7/site-packages/airflow/example_dags/example_short_circuit_decorator.py
[2023-02-14T13:25:10.218+0000] {processor.py:743} INFO - Processing file /home/airflow/.local/lib/python3.7/site-packages/airflow/example_dags/example_short_circuit_decorator.py for tasks to queue
[2023-02-14T13:25:10.219+0000] {logging_mixin.py:137} INFO - [2023-02-14T13:25:10.219+0000] {dagbag.py:538} INFO - Filling up the DagBag from /home/airflow/.local/lib/python3.7/site-packages/airflow/example_dags/example_short_circuit_decorator.py
[2023-02-14T13:25:10.291+0000] {processor.py:753} INFO - DAG(s) dict_keys(['example_short_circuit_decorator']) retrieved from /home/airflow/.local/lib/python3.7/site-packages/airflow/example_dags/example_short_circuit_decorator.py
[2023-02-14T13:25:10.312+0000] {logging_mixin.py:137} INFO - [2023-02-14T13:25:10.312+0000] {dag.py:2690} INFO - Sync 1 DAGs
[2023-02-14T13:25:10.364+0000] {logging_mixin.py:137} INFO - [2023-02-14T13:25:10.363+0000] {dag.py:3441} INFO - Setting next_dagrun for example_short_circuit_decorator to 2023-02-13T13:25:10.363354+00:00, run_after=2023-02-14T13:25:10.363354+00:00
[2023-02-14T13:25:10.446+0000] {processor.py:175} INFO - Processing /home/airflow/.local/lib/python3.7/site-packages/airflow/example_dags/example_short_circuit_decorator.py took 0.234 seconds
[2023-02-14T13:25:40.618+0000] {processor.py:153} INFO - Started process (PID=132) to work on /home/airflow/.local/lib/python3.7/site-packages/airflow/example_dags/example_short_circuit_decorator.py
[2023-02-14T13:25:40.619+0000] {processor.py:743} INFO - Processing file /home/airflow/.local/lib/python3.7/site-packages/airflow/example_dags/example_short_circuit_decorator.py for tasks to queue
[2023-02-14T13:25:40.619+0000] {logging_mixin.py:137} INFO - [2023-02-14T13:25:40.619+0000] {dagbag.py:538} INFO - Filling up the DagBag from /home/airflow/.local/lib/python3.7/site-packages/airflow/example_dags/example_short_circuit_decorator.py
[2023-02-14T13:25:40.643+0000] {processor.py:753} INFO - DAG(s) dict_keys(['example_short_circuit_decorator']) retrieved from /home/airflow/.local/lib/python3.7/site-packages/airflow/example_dags/example_short_circuit_decorator.py
[2023-02-14T13:25:40.666+0000] {logging_mixin.py:137} INFO - [2023-02-14T13:25:40.666+0000] {dag.py:2690} INFO - Sync 1 DAGs
[2023-02-14T13:25:40.692+0000] {logging_mixin.py:137} INFO - [2023-02-14T13:25:40.692+0000] {dag.py:3441} INFO - Setting next_dagrun for example_short_circuit_decorator to 2023-02-13T13:25:40.692410+00:00, run_after=2023-02-14T13:25:40.692410+00:00
[2023-02-14T13:25:40.710+0000] {processor.py:175} INFO - Processing /home/airflow/.local/lib/python3.7/site-packages/airflow/example_dags/example_short_circuit_decorator.py took 0.095 seconds
[2023-02-14T13:26:11.867+0000] {processor.py:153} INFO - Started process (PID=201) to work on /home/airflow/.local/lib/python3.7/site-packages/airflow/example_dags/example_short_circuit_decorator.py
[2023-02-14T13:26:11.868+0000] {processor.py:743} INFO - Processing file /home/airflow/.local/lib/python3.7/site-packages/airflow/example_dags/example_short_circuit_decorator.py for tasks to queue
[2023-02-14T13:26:11.870+0000] {logging_mixin.py:137} INFO - [2023-02-14T13:26:11.869+0000] {dagbag.py:538} INFO - Filling up the DagBag from /home/airflow/.local/lib/python3.7/site-packages/airflow/example_dags/example_short_circuit_decorator.py
[2023-02-14T13:26:11.931+0000] {processor.py:753} INFO - DAG(s) dict_keys(['example_short_circuit_decorator']) retrieved from /home/airflow/.local/lib/python3.7/site-packages/airflow/example_dags/example_short_circuit_decorator.py
[2023-02-14T13:26:11.989+0000] {logging_mixin.py:137} INFO - [2023-02-14T13:26:11.989+0000] {dag.py:2690} INFO - Sync 1 DAGs
[2023-02-14T13:26:12.044+0000] {logging_mixin.py:137} INFO - [2023-02-14T13:26:12.044+0000] {dag.py:3441} INFO - Setting next_dagrun for example_short_circuit_decorator to 2023-02-13T13:26:12.044362+00:00, run_after=2023-02-14T13:26:12.044362+00:00
[2023-02-14T13:26:12.080+0000] {processor.py:175} INFO - Processing /home/airflow/.local/lib/python3.7/site-packages/airflow/example_dags/example_short_circuit_decorator.py took 0.220 seconds
[2023-02-14T13:26:43.158+0000] {processor.py:153} INFO - Started process (PID=278) to work on /home/airflow/.local/lib/python3.7/site-packages/airflow/example_dags/example_short_circuit_decorator.py
[2023-02-14T13:26:43.160+0000] {processor.py:743} INFO - Processing file /home/airflow/.local/lib/python3.7/site-packages/airflow/example_dags/example_short_circuit_decorator.py for tasks to queue
[2023-02-14T13:26:43.162+0000] {logging_mixin.py:137} INFO - [2023-02-14T13:26:43.161+0000] {dagbag.py:538} INFO - Filling up the DagBag from /home/airflow/.local/lib/python3.7/site-packages/airflow/example_dags/example_short_circuit_decorator.py
[2023-02-14T13:26:43.225+0000] {processor.py:753} INFO - DAG(s) dict_keys(['example_short_circuit_decorator']) retrieved from /home/airflow/.local/lib/python3.7/site-packages/airflow/example_dags/example_short_circuit_decorator.py
[2023-02-14T13:26:43.278+0000] {logging_mixin.py:137} INFO - [2023-02-14T13:26:43.277+0000] {dag.py:2690} INFO - Sync 1 DAGs
[2023-02-14T13:26:43.339+0000] {logging_mixin.py:137} INFO - [2023-02-14T13:26:43.339+0000] {dag.py:3441} INFO - Setting next_dagrun for example_short_circuit_decorator to 2023-02-13T13:26:43.339232+00:00, run_after=2023-02-14T13:26:43.339232+00:00
[2023-02-14T13:26:43.391+0000] {processor.py:175} INFO - Processing /home/airflow/.local/lib/python3.7/site-packages/airflow/example_dags/example_short_circuit_decorator.py took 0.240 seconds
[2023-02-14T13:27:13.610+0000] {processor.py:153} INFO - Started process (PID=358) to work on /home/airflow/.local/lib/python3.7/site-packages/airflow/example_dags/example_short_circuit_decorator.py
[2023-02-14T13:27:13.611+0000] {processor.py:743} INFO - Processing file /home/airflow/.local/lib/python3.7/site-packages/airflow/example_dags/example_short_circuit_decorator.py for tasks to queue
[2023-02-14T13:27:13.612+0000] {logging_mixin.py:137} INFO - [2023-02-14T13:27:13.612+0000] {dagbag.py:538} INFO - Filling up the DagBag from /home/airflow/.local/lib/python3.7/site-packages/airflow/example_dags/example_short_circuit_decorator.py
[2023-02-14T13:27:13.635+0000] {processor.py:753} INFO - DAG(s) dict_keys(['example_short_circuit_decorator']) retrieved from /home/airflow/.local/lib/python3.7/site-packages/airflow/example_dags/example_short_circuit_decorator.py
[2023-02-14T13:27:13.658+0000] {logging_mixin.py:137} INFO - [2023-02-14T13:27:13.658+0000] {dag.py:2690} INFO - Sync 1 DAGs
[2023-02-14T13:27:13.686+0000] {logging_mixin.py:137} INFO - [2023-02-14T13:27:13.686+0000] {dag.py:3441} INFO - Setting next_dagrun for example_short_circuit_decorator to 2023-02-13T13:27:13.686161+00:00, run_after=2023-02-14T13:27:13.686161+00:00
[2023-02-14T13:27:13.705+0000] {processor.py:175} INFO - Processing /home/airflow/.local/lib/python3.7/site-packages/airflow/example_dags/example_short_circuit_decorator.py took 0.097 seconds
[2023-02-14T13:27:44.512+0000] {processor.py:153} INFO - Started process (PID=429) to work on /home/airflow/.local/lib/python3.7/site-packages/airflow/example_dags/example_short_circuit_decorator.py
[2023-02-14T13:27:44.513+0000] {processor.py:743} INFO - Processing file /home/airflow/.local/lib/python3.7/site-packages/airflow/example_dags/example_short_circuit_decorator.py for tasks to queue
[2023-02-14T13:27:44.513+0000] {logging_mixin.py:137} INFO - [2023-02-14T13:27:44.513+0000] {dagbag.py:538} INFO - Filling up the DagBag from /home/airflow/.local/lib/python3.7/site-packages/airflow/example_dags/example_short_circuit_decorator.py
[2023-02-14T13:27:44.536+0000] {processor.py:753} INFO - DAG(s) dict_keys(['example_short_circuit_decorator']) retrieved from /home/airflow/.local/lib/python3.7/site-packages/airflow/example_dags/example_short_circuit_decorator.py
[2023-02-14T13:27:44.565+0000] {logging_mixin.py:137} INFO - [2023-02-14T13:27:44.565+0000] {dag.py:2690} INFO - Sync 1 DAGs
[2023-02-14T13:27:44.606+0000] {logging_mixin.py:137} INFO - [2023-02-14T13:27:44.605+0000] {dag.py:3441} INFO - Setting next_dagrun for example_short_circuit_decorator to 2023-02-13T13:27:44.605498+00:00, run_after=2023-02-14T13:27:44.605498+00:00
[2023-02-14T13:27:44.630+0000] {processor.py:175} INFO - Processing /home/airflow/.local/lib/python3.7/site-packages/airflow/example_dags/example_short_circuit_decorator.py took 0.120 seconds
[2023-02-14T13:28:15.940+0000] {processor.py:153} INFO - Started process (PID=500) to work on /home/airflow/.local/lib/python3.7/site-packages/airflow/example_dags/example_short_circuit_decorator.py
[2023-02-14T13:28:15.944+0000] {processor.py:743} INFO - Processing file /home/airflow/.local/lib/python3.7/site-packages/airflow/example_dags/example_short_circuit_decorator.py for tasks to queue
[2023-02-14T13:28:15.947+0000] {logging_mixin.py:137} INFO - [2023-02-14T13:28:15.946+0000] {dagbag.py:538} INFO - Filling up the DagBag from /home/airflow/.local/lib/python3.7/site-packages/airflow/example_dags/example_short_circuit_decorator.py
[2023-02-14T13:28:16.042+0000] {processor.py:753} INFO - DAG(s) dict_keys(['example_short_circuit_decorator']) retrieved from /home/airflow/.local/lib/python3.7/site-packages/airflow/example_dags/example_short_circuit_decorator.py
[2023-02-14T13:28:16.141+0000] {logging_mixin.py:137} INFO - [2023-02-14T13:28:16.140+0000] {dag.py:2690} INFO - Sync 1 DAGs
[2023-02-14T13:28:16.198+0000] {logging_mixin.py:137} INFO - [2023-02-14T13:28:16.197+0000] {dag.py:3441} INFO - Setting next_dagrun for example_short_circuit_decorator to 2023-02-13T13:28:16.197290+00:00, run_after=2023-02-14T13:28:16.197290+00:00
[2023-02-14T13:28:16.241+0000] {processor.py:175} INFO - Processing /home/airflow/.local/lib/python3.7/site-packages/airflow/example_dags/example_short_circuit_decorator.py took 0.312 seconds
[2023-02-14T13:28:46.710+0000] {processor.py:153} INFO - Started process (PID=579) to work on /home/airflow/.local/lib/python3.7/site-packages/airflow/example_dags/example_short_circuit_decorator.py
[2023-02-14T13:28:46.712+0000] {processor.py:743} INFO - Processing file /home/airflow/.local/lib/python3.7/site-packages/airflow/example_dags/example_short_circuit_decorator.py for tasks to queue
[2023-02-14T13:28:46.712+0000] {logging_mixin.py:137} INFO - [2023-02-14T13:28:46.712+0000] {dagbag.py:538} INFO - Filling up the DagBag from /home/airflow/.local/lib/python3.7/site-packages/airflow/example_dags/example_short_circuit_decorator.py
[2023-02-14T13:28:46.755+0000] {processor.py:753} INFO - DAG(s) dict_keys(['example_short_circuit_decorator']) retrieved from /home/airflow/.local/lib/python3.7/site-packages/airflow/example_dags/example_short_circuit_decorator.py
[2023-02-14T13:28:46.807+0000] {logging_mixin.py:137} INFO - [2023-02-14T13:28:46.806+0000] {dag.py:2690} INFO - Sync 1 DAGs
[2023-02-14T13:28:46.856+0000] {logging_mixin.py:137} INFO - [2023-02-14T13:28:46.855+0000] {dag.py:3441} INFO - Setting next_dagrun for example_short_circuit_decorator to 2023-02-13T13:28:46.855465+00:00, run_after=2023-02-14T13:28:46.855465+00:00
[2023-02-14T13:28:46.889+0000] {processor.py:175} INFO - Processing /home/airflow/.local/lib/python3.7/site-packages/airflow/example_dags/example_short_circuit_decorator.py took 0.183 seconds
[2023-02-14T13:29:17.364+0000] {processor.py:153} INFO - Started process (PID=657) to work on /home/airflow/.local/lib/python3.7/site-packages/airflow/example_dags/example_short_circuit_decorator.py
[2023-02-14T13:29:17.366+0000] {processor.py:743} INFO - Processing file /home/airflow/.local/lib/python3.7/site-packages/airflow/example_dags/example_short_circuit_decorator.py for tasks to queue
[2023-02-14T13:29:17.367+0000] {logging_mixin.py:137} INFO - [2023-02-14T13:29:17.367+0000] {dagbag.py:538} INFO - Filling up the DagBag from /home/airflow/.local/lib/python3.7/site-packages/airflow/example_dags/example_short_circuit_decorator.py
[2023-02-14T13:29:17.412+0000] {processor.py:753} INFO - DAG(s) dict_keys(['example_short_circuit_decorator']) retrieved from /home/airflow/.local/lib/python3.7/site-packages/airflow/example_dags/example_short_circuit_decorator.py
[2023-02-14T13:29:17.474+0000] {logging_mixin.py:137} INFO - [2023-02-14T13:29:17.473+0000] {dag.py:2690} INFO - Sync 1 DAGs
[2023-02-14T13:29:17.529+0000] {logging_mixin.py:137} INFO - [2023-02-14T13:29:17.529+0000] {dag.py:3441} INFO - Setting next_dagrun for example_short_circuit_decorator to 2023-02-13T13:29:17.528732+00:00, run_after=2023-02-14T13:29:17.528732+00:00
[2023-02-14T13:29:17.573+0000] {processor.py:175} INFO - Processing /home/airflow/.local/lib/python3.7/site-packages/airflow/example_dags/example_short_circuit_decorator.py took 0.214 seconds
[2023-02-14T13:29:47.988+0000] {processor.py:153} INFO - Started process (PID=729) to work on /home/airflow/.local/lib/python3.7/site-packages/airflow/example_dags/example_short_circuit_decorator.py
[2023-02-14T13:29:47.989+0000] {processor.py:743} INFO - Processing file /home/airflow/.local/lib/python3.7/site-packages/airflow/example_dags/example_short_circuit_decorator.py for tasks to queue
[2023-02-14T13:29:47.990+0000] {logging_mixin.py:137} INFO - [2023-02-14T13:29:47.989+0000] {dagbag.py:538} INFO - Filling up the DagBag from /home/airflow/.local/lib/python3.7/site-packages/airflow/example_dags/example_short_circuit_decorator.py
[2023-02-14T13:29:48.045+0000] {processor.py:753} INFO - DAG(s) dict_keys(['example_short_circuit_decorator']) retrieved from /home/airflow/.local/lib/python3.7/site-packages/airflow/example_dags/example_short_circuit_decorator.py
[2023-02-14T13:29:48.099+0000] {logging_mixin.py:137} INFO - [2023-02-14T13:29:48.098+0000] {dag.py:2690} INFO - Sync 1 DAGs
[2023-02-14T13:29:48.157+0000] {logging_mixin.py:137} INFO - [2023-02-14T13:29:48.157+0000] {dag.py:3441} INFO - Setting next_dagrun for example_short_circuit_decorator to 2023-02-13T13:29:48.157238+00:00, run_after=2023-02-14T13:29:48.157238+00:00
[2023-02-14T13:29:48.198+0000] {processor.py:175} INFO - Processing /home/airflow/.local/lib/python3.7/site-packages/airflow/example_dags/example_short_circuit_decorator.py took 0.216 seconds
