[2023-02-14T13:25:14.026+0000] {processor.py:153} INFO - Started process (PID=86) to work on /home/airflow/.local/lib/python3.7/site-packages/airflow/example_dags/tutorial.py
[2023-02-14T13:25:14.027+0000] {processor.py:743} INFO - Processing file /home/airflow/.local/lib/python3.7/site-packages/airflow/example_dags/tutorial.py for tasks to queue
[2023-02-14T13:25:14.030+0000] {logging_mixin.py:137} INFO - [2023-02-14T13:25:14.028+0000] {dagbag.py:538} INFO - Filling up the DagBag from /home/airflow/.local/lib/python3.7/site-packages/airflow/example_dags/tutorial.py
[2023-02-14T13:25:14.092+0000] {processor.py:753} INFO - DAG(s) dict_keys(['tutorial']) retrieved from /home/airflow/.local/lib/python3.7/site-packages/airflow/example_dags/tutorial.py
[2023-02-14T13:25:14.127+0000] {logging_mixin.py:137} INFO - [2023-02-14T13:25:14.126+0000] {dag.py:2690} INFO - Sync 1 DAGs
[2023-02-14T13:25:14.193+0000] {logging_mixin.py:137} INFO - [2023-02-14T13:25:14.192+0000] {dag.py:3441} INFO - Setting next_dagrun for tutorial to 2023-02-13T13:25:14.192339+00:00, run_after=2023-02-14T13:25:14.192339+00:00
[2023-02-14T13:25:14.250+0000] {processor.py:175} INFO - Processing /home/airflow/.local/lib/python3.7/site-packages/airflow/example_dags/tutorial.py took 0.231 seconds
[2023-02-14T13:25:44.472+0000] {processor.py:153} INFO - Started process (PID=157) to work on /home/airflow/.local/lib/python3.7/site-packages/airflow/example_dags/tutorial.py
[2023-02-14T13:25:44.473+0000] {processor.py:743} INFO - Processing file /home/airflow/.local/lib/python3.7/site-packages/airflow/example_dags/tutorial.py for tasks to queue
[2023-02-14T13:25:44.474+0000] {logging_mixin.py:137} INFO - [2023-02-14T13:25:44.474+0000] {dagbag.py:538} INFO - Filling up the DagBag from /home/airflow/.local/lib/python3.7/site-packages/airflow/example_dags/tutorial.py
[2023-02-14T13:25:44.486+0000] {processor.py:753} INFO - DAG(s) dict_keys(['tutorial']) retrieved from /home/airflow/.local/lib/python3.7/site-packages/airflow/example_dags/tutorial.py
[2023-02-14T13:25:44.513+0000] {logging_mixin.py:137} INFO - [2023-02-14T13:25:44.512+0000] {dag.py:2690} INFO - Sync 1 DAGs
[2023-02-14T13:25:44.555+0000] {logging_mixin.py:137} INFO - [2023-02-14T13:25:44.554+0000] {dag.py:3441} INFO - Setting next_dagrun for tutorial to 2023-02-13T13:25:44.554217+00:00, run_after=2023-02-14T13:25:44.554217+00:00
[2023-02-14T13:25:44.584+0000] {processor.py:175} INFO - Processing /home/airflow/.local/lib/python3.7/site-packages/airflow/example_dags/tutorial.py took 0.114 seconds
[2023-02-14T13:26:15.156+0000] {processor.py:153} INFO - Started process (PID=226) to work on /home/airflow/.local/lib/python3.7/site-packages/airflow/example_dags/tutorial.py
[2023-02-14T13:26:15.159+0000] {processor.py:743} INFO - Processing file /home/airflow/.local/lib/python3.7/site-packages/airflow/example_dags/tutorial.py for tasks to queue
[2023-02-14T13:26:15.161+0000] {logging_mixin.py:137} INFO - [2023-02-14T13:26:15.161+0000] {dagbag.py:538} INFO - Filling up the DagBag from /home/airflow/.local/lib/python3.7/site-packages/airflow/example_dags/tutorial.py
[2023-02-14T13:26:15.192+0000] {processor.py:753} INFO - DAG(s) dict_keys(['tutorial']) retrieved from /home/airflow/.local/lib/python3.7/site-packages/airflow/example_dags/tutorial.py
[2023-02-14T13:26:15.261+0000] {logging_mixin.py:137} INFO - [2023-02-14T13:26:15.260+0000] {dag.py:2690} INFO - Sync 1 DAGs
[2023-02-14T13:26:15.368+0000] {logging_mixin.py:137} INFO - [2023-02-14T13:26:15.367+0000] {dag.py:3441} INFO - Setting next_dagrun for tutorial to 2023-02-13T13:26:15.366535+00:00, run_after=2023-02-14T13:26:15.366535+00:00
[2023-02-14T13:26:15.447+0000] {processor.py:175} INFO - Processing /home/airflow/.local/lib/python3.7/site-packages/airflow/example_dags/tutorial.py took 0.299 seconds
[2023-02-14T13:26:48.005+0000] {processor.py:153} INFO - Started process (PID=312) to work on /home/airflow/.local/lib/python3.7/site-packages/airflow/example_dags/tutorial.py
[2023-02-14T13:26:48.011+0000] {processor.py:743} INFO - Processing file /home/airflow/.local/lib/python3.7/site-packages/airflow/example_dags/tutorial.py for tasks to queue
[2023-02-14T13:26:48.013+0000] {logging_mixin.py:137} INFO - [2023-02-14T13:26:48.012+0000] {dagbag.py:538} INFO - Filling up the DagBag from /home/airflow/.local/lib/python3.7/site-packages/airflow/example_dags/tutorial.py
[2023-02-14T13:26:48.052+0000] {processor.py:753} INFO - DAG(s) dict_keys(['tutorial']) retrieved from /home/airflow/.local/lib/python3.7/site-packages/airflow/example_dags/tutorial.py
[2023-02-14T13:26:48.150+0000] {logging_mixin.py:137} INFO - [2023-02-14T13:26:48.149+0000] {dag.py:2690} INFO - Sync 1 DAGs
[2023-02-14T13:26:48.240+0000] {logging_mixin.py:137} INFO - [2023-02-14T13:26:48.239+0000] {dag.py:3441} INFO - Setting next_dagrun for tutorial to 2023-02-13T13:26:48.239360+00:00, run_after=2023-02-14T13:26:48.239360+00:00
[2023-02-14T13:26:48.304+0000] {processor.py:175} INFO - Processing /home/airflow/.local/lib/python3.7/site-packages/airflow/example_dags/tutorial.py took 0.319 seconds
[2023-02-14T13:27:18.386+0000] {processor.py:153} INFO - Started process (PID=383) to work on /home/airflow/.local/lib/python3.7/site-packages/airflow/example_dags/tutorial.py
[2023-02-14T13:27:18.387+0000] {processor.py:743} INFO - Processing file /home/airflow/.local/lib/python3.7/site-packages/airflow/example_dags/tutorial.py for tasks to queue
[2023-02-14T13:27:18.387+0000] {logging_mixin.py:137} INFO - [2023-02-14T13:27:18.387+0000] {dagbag.py:538} INFO - Filling up the DagBag from /home/airflow/.local/lib/python3.7/site-packages/airflow/example_dags/tutorial.py
[2023-02-14T13:27:18.398+0000] {processor.py:753} INFO - DAG(s) dict_keys(['tutorial']) retrieved from /home/airflow/.local/lib/python3.7/site-packages/airflow/example_dags/tutorial.py
[2023-02-14T13:27:18.420+0000] {logging_mixin.py:137} INFO - [2023-02-14T13:27:18.420+0000] {dag.py:2690} INFO - Sync 1 DAGs
[2023-02-14T13:27:18.444+0000] {logging_mixin.py:137} INFO - [2023-02-14T13:27:18.444+0000] {dag.py:3441} INFO - Setting next_dagrun for tutorial to 2023-02-13T13:27:18.444453+00:00, run_after=2023-02-14T13:27:18.444453+00:00
[2023-02-14T13:27:18.463+0000] {processor.py:175} INFO - Processing /home/airflow/.local/lib/python3.7/site-packages/airflow/example_dags/tutorial.py took 0.079 seconds
[2023-02-14T13:27:49.225+0000] {processor.py:153} INFO - Started process (PID=454) to work on /home/airflow/.local/lib/python3.7/site-packages/airflow/example_dags/tutorial.py
[2023-02-14T13:27:49.226+0000] {processor.py:743} INFO - Processing file /home/airflow/.local/lib/python3.7/site-packages/airflow/example_dags/tutorial.py for tasks to queue
[2023-02-14T13:27:49.227+0000] {logging_mixin.py:137} INFO - [2023-02-14T13:27:49.227+0000] {dagbag.py:538} INFO - Filling up the DagBag from /home/airflow/.local/lib/python3.7/site-packages/airflow/example_dags/tutorial.py
[2023-02-14T13:27:49.239+0000] {processor.py:753} INFO - DAG(s) dict_keys(['tutorial']) retrieved from /home/airflow/.local/lib/python3.7/site-packages/airflow/example_dags/tutorial.py
[2023-02-14T13:27:49.268+0000] {logging_mixin.py:137} INFO - [2023-02-14T13:27:49.268+0000] {dag.py:2690} INFO - Sync 1 DAGs
[2023-02-14T13:27:49.315+0000] {logging_mixin.py:137} INFO - [2023-02-14T13:27:49.315+0000] {dag.py:3441} INFO - Setting next_dagrun for tutorial to 2023-02-13T13:27:49.314974+00:00, run_after=2023-02-14T13:27:49.314974+00:00
[2023-02-14T13:27:49.352+0000] {processor.py:175} INFO - Processing /home/airflow/.local/lib/python3.7/site-packages/airflow/example_dags/tutorial.py took 0.129 seconds
[2023-02-14T13:28:21.166+0000] {processor.py:153} INFO - Started process (PID=533) to work on /home/airflow/.local/lib/python3.7/site-packages/airflow/example_dags/tutorial.py
[2023-02-14T13:28:21.168+0000] {processor.py:743} INFO - Processing file /home/airflow/.local/lib/python3.7/site-packages/airflow/example_dags/tutorial.py for tasks to queue
[2023-02-14T13:28:21.169+0000] {logging_mixin.py:137} INFO - [2023-02-14T13:28:21.169+0000] {dagbag.py:538} INFO - Filling up the DagBag from /home/airflow/.local/lib/python3.7/site-packages/airflow/example_dags/tutorial.py
[2023-02-14T13:28:21.202+0000] {processor.py:753} INFO - DAG(s) dict_keys(['tutorial']) retrieved from /home/airflow/.local/lib/python3.7/site-packages/airflow/example_dags/tutorial.py
[2023-02-14T13:28:21.284+0000] {logging_mixin.py:137} INFO - [2023-02-14T13:28:21.284+0000] {dag.py:2690} INFO - Sync 1 DAGs
[2023-02-14T13:28:21.353+0000] {logging_mixin.py:137} INFO - [2023-02-14T13:28:21.353+0000] {dag.py:3441} INFO - Setting next_dagrun for tutorial to 2023-02-13T13:28:21.353094+00:00, run_after=2023-02-14T13:28:21.353094+00:00
[2023-02-14T13:28:21.408+0000] {processor.py:175} INFO - Processing /home/airflow/.local/lib/python3.7/site-packages/airflow/example_dags/tutorial.py took 0.249 seconds
[2023-02-14T13:28:51.596+0000] {processor.py:153} INFO - Started process (PID=611) to work on /home/airflow/.local/lib/python3.7/site-packages/airflow/example_dags/tutorial.py
[2023-02-14T13:28:51.597+0000] {processor.py:743} INFO - Processing file /home/airflow/.local/lib/python3.7/site-packages/airflow/example_dags/tutorial.py for tasks to queue
[2023-02-14T13:28:51.598+0000] {logging_mixin.py:137} INFO - [2023-02-14T13:28:51.598+0000] {dagbag.py:538} INFO - Filling up the DagBag from /home/airflow/.local/lib/python3.7/site-packages/airflow/example_dags/tutorial.py
[2023-02-14T13:28:51.632+0000] {processor.py:753} INFO - DAG(s) dict_keys(['tutorial']) retrieved from /home/airflow/.local/lib/python3.7/site-packages/airflow/example_dags/tutorial.py
[2023-02-14T13:28:51.688+0000] {logging_mixin.py:137} INFO - [2023-02-14T13:28:51.687+0000] {dag.py:2690} INFO - Sync 1 DAGs
[2023-02-14T13:28:51.734+0000] {logging_mixin.py:137} INFO - [2023-02-14T13:28:51.734+0000] {dag.py:3441} INFO - Setting next_dagrun for tutorial to 2023-02-13T13:28:51.734327+00:00, run_after=2023-02-14T13:28:51.734327+00:00
[2023-02-14T13:28:51.757+0000] {processor.py:175} INFO - Processing /home/airflow/.local/lib/python3.7/site-packages/airflow/example_dags/tutorial.py took 0.167 seconds
[2023-02-14T13:29:22.545+0000] {processor.py:153} INFO - Started process (PID=682) to work on /home/airflow/.local/lib/python3.7/site-packages/airflow/example_dags/tutorial.py
[2023-02-14T13:29:22.546+0000] {processor.py:743} INFO - Processing file /home/airflow/.local/lib/python3.7/site-packages/airflow/example_dags/tutorial.py for tasks to queue
[2023-02-14T13:29:22.547+0000] {logging_mixin.py:137} INFO - [2023-02-14T13:29:22.547+0000] {dagbag.py:538} INFO - Filling up the DagBag from /home/airflow/.local/lib/python3.7/site-packages/airflow/example_dags/tutorial.py
[2023-02-14T13:29:22.571+0000] {processor.py:753} INFO - DAG(s) dict_keys(['tutorial']) retrieved from /home/airflow/.local/lib/python3.7/site-packages/airflow/example_dags/tutorial.py
[2023-02-14T13:29:22.605+0000] {logging_mixin.py:137} INFO - [2023-02-14T13:29:22.605+0000] {dag.py:2690} INFO - Sync 1 DAGs
[2023-02-14T13:29:22.644+0000] {logging_mixin.py:137} INFO - [2023-02-14T13:29:22.644+0000] {dag.py:3441} INFO - Setting next_dagrun for tutorial to 2023-02-13T13:29:22.643836+00:00, run_after=2023-02-14T13:29:22.643836+00:00
[2023-02-14T13:29:22.681+0000] {processor.py:175} INFO - Processing /home/airflow/.local/lib/python3.7/site-packages/airflow/example_dags/tutorial.py took 0.141 seconds
[2023-02-14T13:29:53.216+0000] {processor.py:153} INFO - Started process (PID=754) to work on /home/airflow/.local/lib/python3.7/site-packages/airflow/example_dags/tutorial.py
[2023-02-14T13:29:53.218+0000] {processor.py:743} INFO - Processing file /home/airflow/.local/lib/python3.7/site-packages/airflow/example_dags/tutorial.py for tasks to queue
[2023-02-14T13:29:53.220+0000] {logging_mixin.py:137} INFO - [2023-02-14T13:29:53.219+0000] {dagbag.py:538} INFO - Filling up the DagBag from /home/airflow/.local/lib/python3.7/site-packages/airflow/example_dags/tutorial.py
[2023-02-14T13:29:53.243+0000] {processor.py:753} INFO - DAG(s) dict_keys(['tutorial']) retrieved from /home/airflow/.local/lib/python3.7/site-packages/airflow/example_dags/tutorial.py
[2023-02-14T13:29:53.295+0000] {logging_mixin.py:137} INFO - [2023-02-14T13:29:53.295+0000] {dag.py:2690} INFO - Sync 1 DAGs
[2023-02-14T13:29:53.343+0000] {logging_mixin.py:137} INFO - [2023-02-14T13:29:53.343+0000] {dag.py:3441} INFO - Setting next_dagrun for tutorial to 2023-02-13T13:29:53.342755+00:00, run_after=2023-02-14T13:29:53.342755+00:00
[2023-02-14T13:29:53.369+0000] {processor.py:175} INFO - Processing /home/airflow/.local/lib/python3.7/site-packages/airflow/example_dags/tutorial.py took 0.162 seconds
