[2023-02-15T01:08:14.774+0000] {taskinstance.py:1083} INFO - Dependencies all met for <TaskInstance: my_dag.training_model_C scheduled__2023-02-14T00:00:00+00:00 [queued]>
[2023-02-15T01:08:14.792+0000] {taskinstance.py:1083} INFO - Dependencies all met for <TaskInstance: my_dag.training_model_C scheduled__2023-02-14T00:00:00+00:00 [queued]>
[2023-02-15T01:08:14.792+0000] {taskinstance.py:1279} INFO - 
--------------------------------------------------------------------------------
[2023-02-15T01:08:14.793+0000] {taskinstance.py:1280} INFO - Starting attempt 1 of 1
[2023-02-15T01:08:14.793+0000] {taskinstance.py:1281} INFO - 
--------------------------------------------------------------------------------
[2023-02-15T01:08:14.832+0000] {taskinstance.py:1300} INFO - Executing <Task(PythonOperator): training_model_C> on 2023-02-14 00:00:00+00:00
[2023-02-15T01:08:14.841+0000] {standard_task_runner.py:55} INFO - Started process 479 to run task
[2023-02-15T01:08:14.845+0000] {standard_task_runner.py:82} INFO - Running: ['***', 'tasks', 'run', 'my_dag', 'training_model_C', 'scheduled__2023-02-14T00:00:00+00:00', '--job-id', '5', '--raw', '--subdir', 'DAGS_FOLDER/firts_dag.py', '--cfg-path', '/tmp/tmpau7ea4k6']
[2023-02-15T01:08:14.846+0000] {standard_task_runner.py:83} INFO - Job 5: Subtask training_model_C
[2023-02-15T01:08:14.949+0000] {task_command.py:388} INFO - Running <TaskInstance: my_dag.training_model_C scheduled__2023-02-14T00:00:00+00:00 [running]> on host ca65f84028ad
[2023-02-15T01:08:15.085+0000] {taskinstance.py:1509} INFO - Exporting the following env vars:
AIRFLOW_CTX_DAG_OWNER=***
AIRFLOW_CTX_DAG_ID=my_dag
AIRFLOW_CTX_TASK_ID=training_model_C
AIRFLOW_CTX_EXECUTION_DATE=2023-02-14T00:00:00+00:00
AIRFLOW_CTX_TRY_NUMBER=1
AIRFLOW_CTX_DAG_RUN_ID=scheduled__2023-02-14T00:00:00+00:00
[2023-02-15T01:08:15.086+0000] {python.py:177} INFO - Done. Returned value was: 9
[2023-02-15T01:08:15.130+0000] {taskinstance.py:1323} INFO - Marking task as SUCCESS. dag_id=my_dag, task_id=training_model_C, execution_date=20230214T000000, start_date=20230215T010814, end_date=20230215T010815
[2023-02-15T01:08:15.217+0000] {local_task_job.py:208} INFO - Task exited with return code 0
[2023-02-15T01:08:15.295+0000] {taskinstance.py:2578} INFO - 0 downstream tasks scheduled from follow-on schedule check
