[2023-02-15T01:11:00.708+0000] {taskinstance.py:1083} INFO - Dependencies all met for <TaskInstance: my_dag.download_data manual__2023-02-15T01:10:59.172626+00:00 [queued]>
[2023-02-15T01:11:00.721+0000] {taskinstance.py:1083} INFO - Dependencies all met for <TaskInstance: my_dag.download_data manual__2023-02-15T01:10:59.172626+00:00 [queued]>
[2023-02-15T01:11:00.722+0000] {taskinstance.py:1279} INFO - 
--------------------------------------------------------------------------------
[2023-02-15T01:11:00.722+0000] {taskinstance.py:1280} INFO - Starting attempt 1 of 1
[2023-02-15T01:11:00.722+0000] {taskinstance.py:1281} INFO - 
--------------------------------------------------------------------------------
[2023-02-15T01:11:00.751+0000] {taskinstance.py:1300} INFO - Executing <Task(BashOperator): download_data> on 2023-02-15 01:10:59.172626+00:00
[2023-02-15T01:11:00.761+0000] {standard_task_runner.py:55} INFO - Started process 687 to run task
[2023-02-15T01:11:00.764+0000] {standard_task_runner.py:82} INFO - Running: ['***', 'tasks', 'run', 'my_dag', 'download_data', 'manual__2023-02-15T01:10:59.172626+00:00', '--job-id', '10', '--raw', '--subdir', 'DAGS_FOLDER/firts_dag.py', '--cfg-path', '/tmp/tmp2dnm1_2l']
[2023-02-15T01:11:00.765+0000] {standard_task_runner.py:83} INFO - Job 10: Subtask download_data
[2023-02-15T01:11:00.857+0000] {task_command.py:388} INFO - Running <TaskInstance: my_dag.download_data manual__2023-02-15T01:10:59.172626+00:00 [running]> on host ca65f84028ad
[2023-02-15T01:11:01.033+0000] {taskinstance.py:1509} INFO - Exporting the following env vars:
AIRFLOW_CTX_DAG_OWNER=***
AIRFLOW_CTX_DAG_ID=my_dag
AIRFLOW_CTX_TASK_ID=download_data
AIRFLOW_CTX_EXECUTION_DATE=2023-02-15T01:10:59.172626+00:00
AIRFLOW_CTX_TRY_NUMBER=1
AIRFLOW_CTX_DAG_RUN_ID=manual__2023-02-15T01:10:59.172626+00:00
[2023-02-15T01:11:01.034+0000] {subprocess.py:63} INFO - Tmp dir root location: 
 /tmp
[2023-02-15T01:11:01.035+0000] {subprocess.py:75} INFO - Running command: ['/bin/bash', '-c', "echo 'scrapy crawl linkedin_jobs -O json.json'"]
[2023-02-15T01:11:01.054+0000] {subprocess.py:86} INFO - Output:
[2023-02-15T01:11:01.056+0000] {subprocess.py:93} INFO - scrapy crawl linkedin_jobs -O json.json
[2023-02-15T01:11:01.056+0000] {subprocess.py:97} INFO - Command exited with return code 0
[2023-02-15T01:11:01.104+0000] {taskinstance.py:1323} INFO - Marking task as SUCCESS. dag_id=my_dag, task_id=download_data, execution_date=20230215T011059, start_date=20230215T011100, end_date=20230215T011101
[2023-02-15T01:11:01.176+0000] {local_task_job.py:208} INFO - Task exited with return code 0
[2023-02-15T01:11:01.205+0000] {taskinstance.py:2578} INFO - 0 downstream tasks scheduled from follow-on schedule check
