[2023-02-16T00:00:14.582+0000] {processor.py:153} INFO - Started process (PID=777) to work on /home/airflow/.local/lib/python3.7/site-packages/airflow/example_dags/example_sla_dag.py
[2023-02-16T00:00:14.583+0000] {processor.py:743} INFO - Processing file /home/airflow/.local/lib/python3.7/site-packages/airflow/example_dags/example_sla_dag.py for tasks to queue
[2023-02-16T00:00:14.584+0000] {logging_mixin.py:137} INFO - [2023-02-16T00:00:14.584+0000] {dagbag.py:538} INFO - Filling up the DagBag from /home/airflow/.local/lib/python3.7/site-packages/airflow/example_dags/example_sla_dag.py
[2023-02-16T00:00:14.610+0000] {processor.py:753} INFO - DAG(s) dict_keys(['example_sla_dag']) retrieved from /home/airflow/.local/lib/python3.7/site-packages/airflow/example_dags/example_sla_dag.py
[2023-02-16T00:00:14.637+0000] {logging_mixin.py:137} INFO - [2023-02-16T00:00:14.637+0000] {dag.py:2690} INFO - Sync 1 DAGs
[2023-02-16T00:00:14.674+0000] {logging_mixin.py:137} INFO - [2023-02-16T00:00:14.674+0000] {dag.py:3441} INFO - Setting next_dagrun for example_sla_dag to 2023-02-15T23:58:00+00:00, run_after=2023-02-16T00:00:00+00:00
[2023-02-16T00:00:14.702+0000] {processor.py:175} INFO - Processing /home/airflow/.local/lib/python3.7/site-packages/airflow/example_dags/example_sla_dag.py took 0.124 seconds
[2023-02-16T00:00:45.353+0000] {processor.py:153} INFO - Started process (PID=851) to work on /home/airflow/.local/lib/python3.7/site-packages/airflow/example_dags/example_sla_dag.py
[2023-02-16T00:00:45.354+0000] {processor.py:743} INFO - Processing file /home/airflow/.local/lib/python3.7/site-packages/airflow/example_dags/example_sla_dag.py for tasks to queue
[2023-02-16T00:00:45.355+0000] {logging_mixin.py:137} INFO - [2023-02-16T00:00:45.355+0000] {dagbag.py:538} INFO - Filling up the DagBag from /home/airflow/.local/lib/python3.7/site-packages/airflow/example_dags/example_sla_dag.py
[2023-02-16T00:00:45.381+0000] {processor.py:753} INFO - DAG(s) dict_keys(['example_sla_dag']) retrieved from /home/airflow/.local/lib/python3.7/site-packages/airflow/example_dags/example_sla_dag.py
[2023-02-16T00:00:45.411+0000] {logging_mixin.py:137} INFO - [2023-02-16T00:00:45.411+0000] {dag.py:2690} INFO - Sync 1 DAGs
[2023-02-16T00:00:45.451+0000] {logging_mixin.py:137} INFO - [2023-02-16T00:00:45.451+0000] {dag.py:3441} INFO - Setting next_dagrun for example_sla_dag to 2023-02-15T23:58:00+00:00, run_after=2023-02-16T00:00:00+00:00
[2023-02-16T00:00:45.480+0000] {processor.py:175} INFO - Processing /home/airflow/.local/lib/python3.7/site-packages/airflow/example_dags/example_sla_dag.py took 0.131 seconds
[2023-02-16T00:01:16.694+0000] {processor.py:153} INFO - Started process (PID=940) to work on /home/airflow/.local/lib/python3.7/site-packages/airflow/example_dags/example_sla_dag.py
[2023-02-16T00:01:16.695+0000] {processor.py:743} INFO - Processing file /home/airflow/.local/lib/python3.7/site-packages/airflow/example_dags/example_sla_dag.py for tasks to queue
[2023-02-16T00:01:16.695+0000] {logging_mixin.py:137} INFO - [2023-02-16T00:01:16.695+0000] {dagbag.py:538} INFO - Filling up the DagBag from /home/airflow/.local/lib/python3.7/site-packages/airflow/example_dags/example_sla_dag.py
[2023-02-16T00:01:16.715+0000] {processor.py:753} INFO - DAG(s) dict_keys(['example_sla_dag']) retrieved from /home/airflow/.local/lib/python3.7/site-packages/airflow/example_dags/example_sla_dag.py
[2023-02-16T00:01:16.739+0000] {logging_mixin.py:137} INFO - [2023-02-16T00:01:16.739+0000] {dag.py:2690} INFO - Sync 1 DAGs
[2023-02-16T00:01:16.775+0000] {logging_mixin.py:137} INFO - [2023-02-16T00:01:16.775+0000] {dag.py:3441} INFO - Setting next_dagrun for example_sla_dag to 2023-02-15T23:58:00+00:00, run_after=2023-02-16T00:00:00+00:00
[2023-02-16T00:01:16.803+0000] {processor.py:175} INFO - Processing /home/airflow/.local/lib/python3.7/site-packages/airflow/example_dags/example_sla_dag.py took 0.113 seconds
[2023-02-16T00:01:47.098+0000] {processor.py:153} INFO - Started process (PID=1012) to work on /home/airflow/.local/lib/python3.7/site-packages/airflow/example_dags/example_sla_dag.py
[2023-02-16T00:01:47.098+0000] {processor.py:743} INFO - Processing file /home/airflow/.local/lib/python3.7/site-packages/airflow/example_dags/example_sla_dag.py for tasks to queue
[2023-02-16T00:01:47.099+0000] {logging_mixin.py:137} INFO - [2023-02-16T00:01:47.099+0000] {dagbag.py:538} INFO - Filling up the DagBag from /home/airflow/.local/lib/python3.7/site-packages/airflow/example_dags/example_sla_dag.py
[2023-02-16T00:01:47.125+0000] {processor.py:753} INFO - DAG(s) dict_keys(['example_sla_dag']) retrieved from /home/airflow/.local/lib/python3.7/site-packages/airflow/example_dags/example_sla_dag.py
[2023-02-16T00:01:47.156+0000] {logging_mixin.py:137} INFO - [2023-02-16T00:01:47.155+0000] {dag.py:2690} INFO - Sync 1 DAGs
[2023-02-16T00:01:47.199+0000] {logging_mixin.py:137} INFO - [2023-02-16T00:01:47.199+0000] {dag.py:3441} INFO - Setting next_dagrun for example_sla_dag to 2023-02-15T23:58:00+00:00, run_after=2023-02-16T00:00:00+00:00
[2023-02-16T00:01:47.232+0000] {processor.py:175} INFO - Processing /home/airflow/.local/lib/python3.7/site-packages/airflow/example_dags/example_sla_dag.py took 0.138 seconds
[2023-02-16T00:02:18.190+0000] {processor.py:153} INFO - Started process (PID=1085) to work on /home/airflow/.local/lib/python3.7/site-packages/airflow/example_dags/example_sla_dag.py
[2023-02-16T00:02:18.192+0000] {processor.py:743} INFO - Processing file /home/airflow/.local/lib/python3.7/site-packages/airflow/example_dags/example_sla_dag.py for tasks to queue
[2023-02-16T00:02:18.193+0000] {logging_mixin.py:137} INFO - [2023-02-16T00:02:18.192+0000] {dagbag.py:538} INFO - Filling up the DagBag from /home/airflow/.local/lib/python3.7/site-packages/airflow/example_dags/example_sla_dag.py
[2023-02-16T00:02:18.228+0000] {processor.py:753} INFO - DAG(s) dict_keys(['example_sla_dag']) retrieved from /home/airflow/.local/lib/python3.7/site-packages/airflow/example_dags/example_sla_dag.py
[2023-02-16T00:02:18.264+0000] {logging_mixin.py:137} INFO - [2023-02-16T00:02:18.263+0000] {dag.py:2690} INFO - Sync 1 DAGs
[2023-02-16T00:02:18.319+0000] {logging_mixin.py:137} INFO - [2023-02-16T00:02:18.319+0000] {dag.py:3441} INFO - Setting next_dagrun for example_sla_dag to 2023-02-16T00:00:00+00:00, run_after=2023-02-16T00:02:00+00:00
[2023-02-16T00:02:18.353+0000] {processor.py:175} INFO - Processing /home/airflow/.local/lib/python3.7/site-packages/airflow/example_dags/example_sla_dag.py took 0.169 seconds
[2023-02-16T00:02:49.580+0000] {processor.py:153} INFO - Started process (PID=1173) to work on /home/airflow/.local/lib/python3.7/site-packages/airflow/example_dags/example_sla_dag.py
[2023-02-16T00:02:49.582+0000] {processor.py:743} INFO - Processing file /home/airflow/.local/lib/python3.7/site-packages/airflow/example_dags/example_sla_dag.py for tasks to queue
[2023-02-16T00:02:49.583+0000] {logging_mixin.py:137} INFO - [2023-02-16T00:02:49.583+0000] {dagbag.py:538} INFO - Filling up the DagBag from /home/airflow/.local/lib/python3.7/site-packages/airflow/example_dags/example_sla_dag.py
[2023-02-16T00:02:49.621+0000] {processor.py:753} INFO - DAG(s) dict_keys(['example_sla_dag']) retrieved from /home/airflow/.local/lib/python3.7/site-packages/airflow/example_dags/example_sla_dag.py
[2023-02-16T00:02:49.664+0000] {logging_mixin.py:137} INFO - [2023-02-16T00:02:49.664+0000] {dag.py:2690} INFO - Sync 1 DAGs
[2023-02-16T00:02:49.719+0000] {logging_mixin.py:137} INFO - [2023-02-16T00:02:49.719+0000] {dag.py:3441} INFO - Setting next_dagrun for example_sla_dag to 2023-02-16T00:00:00+00:00, run_after=2023-02-16T00:02:00+00:00
[2023-02-16T00:02:49.758+0000] {processor.py:175} INFO - Processing /home/airflow/.local/lib/python3.7/site-packages/airflow/example_dags/example_sla_dag.py took 0.184 seconds
[2023-02-16T00:03:20.629+0000] {processor.py:153} INFO - Started process (PID=1245) to work on /home/airflow/.local/lib/python3.7/site-packages/airflow/example_dags/example_sla_dag.py
[2023-02-16T00:03:20.631+0000] {processor.py:743} INFO - Processing file /home/airflow/.local/lib/python3.7/site-packages/airflow/example_dags/example_sla_dag.py for tasks to queue
[2023-02-16T00:03:20.632+0000] {logging_mixin.py:137} INFO - [2023-02-16T00:03:20.631+0000] {dagbag.py:538} INFO - Filling up the DagBag from /home/airflow/.local/lib/python3.7/site-packages/airflow/example_dags/example_sla_dag.py
[2023-02-16T00:03:20.655+0000] {processor.py:753} INFO - DAG(s) dict_keys(['example_sla_dag']) retrieved from /home/airflow/.local/lib/python3.7/site-packages/airflow/example_dags/example_sla_dag.py
[2023-02-16T00:03:20.682+0000] {logging_mixin.py:137} INFO - [2023-02-16T00:03:20.682+0000] {dag.py:2690} INFO - Sync 1 DAGs
[2023-02-16T00:03:20.717+0000] {logging_mixin.py:137} INFO - [2023-02-16T00:03:20.717+0000] {dag.py:3441} INFO - Setting next_dagrun for example_sla_dag to 2023-02-16T00:00:00+00:00, run_after=2023-02-16T00:02:00+00:00
[2023-02-16T00:03:20.746+0000] {processor.py:175} INFO - Processing /home/airflow/.local/lib/python3.7/site-packages/airflow/example_dags/example_sla_dag.py took 0.121 seconds
[2023-02-16T00:03:51.532+0000] {processor.py:153} INFO - Started process (PID=1317) to work on /home/airflow/.local/lib/python3.7/site-packages/airflow/example_dags/example_sla_dag.py
[2023-02-16T00:03:51.533+0000] {processor.py:743} INFO - Processing file /home/airflow/.local/lib/python3.7/site-packages/airflow/example_dags/example_sla_dag.py for tasks to queue
[2023-02-16T00:03:51.534+0000] {logging_mixin.py:137} INFO - [2023-02-16T00:03:51.534+0000] {dagbag.py:538} INFO - Filling up the DagBag from /home/airflow/.local/lib/python3.7/site-packages/airflow/example_dags/example_sla_dag.py
[2023-02-16T00:03:51.561+0000] {processor.py:753} INFO - DAG(s) dict_keys(['example_sla_dag']) retrieved from /home/airflow/.local/lib/python3.7/site-packages/airflow/example_dags/example_sla_dag.py
[2023-02-16T00:03:51.593+0000] {logging_mixin.py:137} INFO - [2023-02-16T00:03:51.593+0000] {dag.py:2690} INFO - Sync 1 DAGs
[2023-02-16T00:03:51.635+0000] {logging_mixin.py:137} INFO - [2023-02-16T00:03:51.635+0000] {dag.py:3441} INFO - Setting next_dagrun for example_sla_dag to 2023-02-16T00:00:00+00:00, run_after=2023-02-16T00:02:00+00:00
[2023-02-16T00:03:51.664+0000] {processor.py:175} INFO - Processing /home/airflow/.local/lib/python3.7/site-packages/airflow/example_dags/example_sla_dag.py took 0.135 seconds
[2023-02-16T00:04:22.339+0000] {processor.py:153} INFO - Started process (PID=1405) to work on /home/airflow/.local/lib/python3.7/site-packages/airflow/example_dags/example_sla_dag.py
[2023-02-16T00:04:22.341+0000] {processor.py:743} INFO - Processing file /home/airflow/.local/lib/python3.7/site-packages/airflow/example_dags/example_sla_dag.py for tasks to queue
[2023-02-16T00:04:22.342+0000] {logging_mixin.py:137} INFO - [2023-02-16T00:04:22.342+0000] {dagbag.py:538} INFO - Filling up the DagBag from /home/airflow/.local/lib/python3.7/site-packages/airflow/example_dags/example_sla_dag.py
[2023-02-16T00:04:22.371+0000] {processor.py:753} INFO - DAG(s) dict_keys(['example_sla_dag']) retrieved from /home/airflow/.local/lib/python3.7/site-packages/airflow/example_dags/example_sla_dag.py
[2023-02-16T00:04:22.416+0000] {logging_mixin.py:137} INFO - [2023-02-16T00:04:22.416+0000] {dag.py:2690} INFO - Sync 1 DAGs
[2023-02-16T00:04:22.479+0000] {logging_mixin.py:137} INFO - [2023-02-16T00:04:22.479+0000] {dag.py:3441} INFO - Setting next_dagrun for example_sla_dag to 2023-02-16T00:02:00+00:00, run_after=2023-02-16T00:04:00+00:00
[2023-02-16T00:04:22.527+0000] {processor.py:175} INFO - Processing /home/airflow/.local/lib/python3.7/site-packages/airflow/example_dags/example_sla_dag.py took 0.191 seconds
[2023-02-16T00:04:53.129+0000] {processor.py:153} INFO - Started process (PID=1479) to work on /home/airflow/.local/lib/python3.7/site-packages/airflow/example_dags/example_sla_dag.py
[2023-02-16T00:04:53.130+0000] {processor.py:743} INFO - Processing file /home/airflow/.local/lib/python3.7/site-packages/airflow/example_dags/example_sla_dag.py for tasks to queue
[2023-02-16T00:04:53.132+0000] {logging_mixin.py:137} INFO - [2023-02-16T00:04:53.131+0000] {dagbag.py:538} INFO - Filling up the DagBag from /home/airflow/.local/lib/python3.7/site-packages/airflow/example_dags/example_sla_dag.py
[2023-02-16T00:04:53.161+0000] {processor.py:753} INFO - DAG(s) dict_keys(['example_sla_dag']) retrieved from /home/airflow/.local/lib/python3.7/site-packages/airflow/example_dags/example_sla_dag.py
[2023-02-16T00:04:53.194+0000] {logging_mixin.py:137} INFO - [2023-02-16T00:04:53.194+0000] {dag.py:2690} INFO - Sync 1 DAGs
[2023-02-16T00:04:53.245+0000] {logging_mixin.py:137} INFO - [2023-02-16T00:04:53.244+0000] {dag.py:3441} INFO - Setting next_dagrun for example_sla_dag to 2023-02-16T00:02:00+00:00, run_after=2023-02-16T00:04:00+00:00
[2023-02-16T00:04:53.278+0000] {processor.py:175} INFO - Processing /home/airflow/.local/lib/python3.7/site-packages/airflow/example_dags/example_sla_dag.py took 0.154 seconds
[2023-02-16T00:05:23.372+0000] {processor.py:153} INFO - Started process (PID=1551) to work on /home/airflow/.local/lib/python3.7/site-packages/airflow/example_dags/example_sla_dag.py
[2023-02-16T00:05:23.373+0000] {processor.py:743} INFO - Processing file /home/airflow/.local/lib/python3.7/site-packages/airflow/example_dags/example_sla_dag.py for tasks to queue
[2023-02-16T00:05:23.374+0000] {logging_mixin.py:137} INFO - [2023-02-16T00:05:23.374+0000] {dagbag.py:538} INFO - Filling up the DagBag from /home/airflow/.local/lib/python3.7/site-packages/airflow/example_dags/example_sla_dag.py
[2023-02-16T00:05:23.406+0000] {processor.py:753} INFO - DAG(s) dict_keys(['example_sla_dag']) retrieved from /home/airflow/.local/lib/python3.7/site-packages/airflow/example_dags/example_sla_dag.py
[2023-02-16T00:05:23.443+0000] {logging_mixin.py:137} INFO - [2023-02-16T00:05:23.443+0000] {dag.py:2690} INFO - Sync 1 DAGs
[2023-02-16T00:05:23.501+0000] {logging_mixin.py:137} INFO - [2023-02-16T00:05:23.501+0000] {dag.py:3441} INFO - Setting next_dagrun for example_sla_dag to 2023-02-16T00:02:00+00:00, run_after=2023-02-16T00:04:00+00:00
[2023-02-16T00:05:23.540+0000] {processor.py:175} INFO - Processing /home/airflow/.local/lib/python3.7/site-packages/airflow/example_dags/example_sla_dag.py took 0.173 seconds
[2023-02-16T00:05:54.358+0000] {processor.py:153} INFO - Started process (PID=1632) to work on /home/airflow/.local/lib/python3.7/site-packages/airflow/example_dags/example_sla_dag.py
[2023-02-16T00:05:54.360+0000] {processor.py:743} INFO - Processing file /home/airflow/.local/lib/python3.7/site-packages/airflow/example_dags/example_sla_dag.py for tasks to queue
[2023-02-16T00:05:54.361+0000] {logging_mixin.py:137} INFO - [2023-02-16T00:05:54.360+0000] {dagbag.py:538} INFO - Filling up the DagBag from /home/airflow/.local/lib/python3.7/site-packages/airflow/example_dags/example_sla_dag.py
[2023-02-16T00:05:54.396+0000] {processor.py:753} INFO - DAG(s) dict_keys(['example_sla_dag']) retrieved from /home/airflow/.local/lib/python3.7/site-packages/airflow/example_dags/example_sla_dag.py
[2023-02-16T00:05:54.437+0000] {logging_mixin.py:137} INFO - [2023-02-16T00:05:54.436+0000] {dag.py:2690} INFO - Sync 1 DAGs
[2023-02-16T00:05:54.488+0000] {logging_mixin.py:137} INFO - [2023-02-16T00:05:54.487+0000] {dag.py:3441} INFO - Setting next_dagrun for example_sla_dag to 2023-02-16T00:02:00+00:00, run_after=2023-02-16T00:04:00+00:00
[2023-02-16T00:05:54.556+0000] {processor.py:175} INFO - Processing /home/airflow/.local/lib/python3.7/site-packages/airflow/example_dags/example_sla_dag.py took 0.203 seconds
[2023-02-16T00:06:25.102+0000] {processor.py:153} INFO - Started process (PID=1711) to work on /home/airflow/.local/lib/python3.7/site-packages/airflow/example_dags/example_sla_dag.py
[2023-02-16T00:06:25.104+0000] {processor.py:743} INFO - Processing file /home/airflow/.local/lib/python3.7/site-packages/airflow/example_dags/example_sla_dag.py for tasks to queue
[2023-02-16T00:06:25.104+0000] {logging_mixin.py:137} INFO - [2023-02-16T00:06:25.104+0000] {dagbag.py:538} INFO - Filling up the DagBag from /home/airflow/.local/lib/python3.7/site-packages/airflow/example_dags/example_sla_dag.py
[2023-02-16T00:06:25.136+0000] {processor.py:753} INFO - DAG(s) dict_keys(['example_sla_dag']) retrieved from /home/airflow/.local/lib/python3.7/site-packages/airflow/example_dags/example_sla_dag.py
[2023-02-16T00:06:25.172+0000] {logging_mixin.py:137} INFO - [2023-02-16T00:06:25.172+0000] {dag.py:2690} INFO - Sync 1 DAGs
[2023-02-16T00:06:25.218+0000] {logging_mixin.py:137} INFO - [2023-02-16T00:06:25.218+0000] {dag.py:3441} INFO - Setting next_dagrun for example_sla_dag to 2023-02-16T00:04:00+00:00, run_after=2023-02-16T00:06:00+00:00
[2023-02-16T00:06:25.271+0000] {processor.py:175} INFO - Processing /home/airflow/.local/lib/python3.7/site-packages/airflow/example_dags/example_sla_dag.py took 0.175 seconds
[2023-02-16T00:08:00.118+0000] {processor.py:153} INFO - Started process (PID=78) to work on /home/airflow/.local/lib/python3.7/site-packages/airflow/example_dags/example_sla_dag.py
[2023-02-16T00:08:00.119+0000] {processor.py:743} INFO - Processing file /home/airflow/.local/lib/python3.7/site-packages/airflow/example_dags/example_sla_dag.py for tasks to queue
[2023-02-16T00:08:00.121+0000] {logging_mixin.py:137} INFO - [2023-02-16T00:08:00.120+0000] {dagbag.py:538} INFO - Filling up the DagBag from /home/airflow/.local/lib/python3.7/site-packages/airflow/example_dags/example_sla_dag.py
[2023-02-16T00:08:00.171+0000] {processor.py:753} INFO - DAG(s) dict_keys(['example_sla_dag']) retrieved from /home/airflow/.local/lib/python3.7/site-packages/airflow/example_dags/example_sla_dag.py
[2023-02-16T00:08:00.208+0000] {logging_mixin.py:137} INFO - [2023-02-16T00:08:00.207+0000] {dag.py:2690} INFO - Sync 1 DAGs
[2023-02-16T00:08:00.258+0000] {logging_mixin.py:137} INFO - [2023-02-16T00:08:00.257+0000] {dag.py:3441} INFO - Setting next_dagrun for example_sla_dag to 2023-02-16T00:06:00+00:00, run_after=2023-02-16T00:08:00+00:00
[2023-02-16T00:08:00.292+0000] {processor.py:175} INFO - Processing /home/airflow/.local/lib/python3.7/site-packages/airflow/example_dags/example_sla_dag.py took 0.178 seconds
[2023-02-16T00:08:31.153+0000] {processor.py:153} INFO - Started process (PID=151) to work on /home/airflow/.local/lib/python3.7/site-packages/airflow/example_dags/example_sla_dag.py
[2023-02-16T00:08:31.155+0000] {processor.py:743} INFO - Processing file /home/airflow/.local/lib/python3.7/site-packages/airflow/example_dags/example_sla_dag.py for tasks to queue
[2023-02-16T00:08:31.156+0000] {logging_mixin.py:137} INFO - [2023-02-16T00:08:31.155+0000] {dagbag.py:538} INFO - Filling up the DagBag from /home/airflow/.local/lib/python3.7/site-packages/airflow/example_dags/example_sla_dag.py
[2023-02-16T00:08:31.186+0000] {processor.py:753} INFO - DAG(s) dict_keys(['example_sla_dag']) retrieved from /home/airflow/.local/lib/python3.7/site-packages/airflow/example_dags/example_sla_dag.py
[2023-02-16T00:08:31.218+0000] {logging_mixin.py:137} INFO - [2023-02-16T00:08:31.217+0000] {dag.py:2690} INFO - Sync 1 DAGs
[2023-02-16T00:08:31.259+0000] {logging_mixin.py:137} INFO - [2023-02-16T00:08:31.259+0000] {dag.py:3441} INFO - Setting next_dagrun for example_sla_dag to 2023-02-16T00:06:00+00:00, run_after=2023-02-16T00:08:00+00:00
[2023-02-16T00:08:31.297+0000] {processor.py:175} INFO - Processing /home/airflow/.local/lib/python3.7/site-packages/airflow/example_dags/example_sla_dag.py took 0.149 seconds
[2023-02-16T00:09:01.708+0000] {processor.py:153} INFO - Started process (PID=239) to work on /home/airflow/.local/lib/python3.7/site-packages/airflow/example_dags/example_sla_dag.py
[2023-02-16T00:09:01.710+0000] {processor.py:743} INFO - Processing file /home/airflow/.local/lib/python3.7/site-packages/airflow/example_dags/example_sla_dag.py for tasks to queue
[2023-02-16T00:09:01.711+0000] {logging_mixin.py:137} INFO - [2023-02-16T00:09:01.711+0000] {dagbag.py:538} INFO - Filling up the DagBag from /home/airflow/.local/lib/python3.7/site-packages/airflow/example_dags/example_sla_dag.py
[2023-02-16T00:09:01.751+0000] {processor.py:753} INFO - DAG(s) dict_keys(['example_sla_dag']) retrieved from /home/airflow/.local/lib/python3.7/site-packages/airflow/example_dags/example_sla_dag.py
[2023-02-16T00:09:01.786+0000] {logging_mixin.py:137} INFO - [2023-02-16T00:09:01.786+0000] {dag.py:2690} INFO - Sync 1 DAGs
[2023-02-16T00:09:01.839+0000] {logging_mixin.py:137} INFO - [2023-02-16T00:09:01.839+0000] {dag.py:3441} INFO - Setting next_dagrun for example_sla_dag to 2023-02-16T00:06:00+00:00, run_after=2023-02-16T00:08:00+00:00
[2023-02-16T00:09:01.875+0000] {processor.py:175} INFO - Processing /home/airflow/.local/lib/python3.7/site-packages/airflow/example_dags/example_sla_dag.py took 0.173 seconds
[2023-02-16T00:09:32.740+0000] {processor.py:153} INFO - Started process (PID=311) to work on /home/airflow/.local/lib/python3.7/site-packages/airflow/example_dags/example_sla_dag.py
[2023-02-16T00:09:32.741+0000] {processor.py:743} INFO - Processing file /home/airflow/.local/lib/python3.7/site-packages/airflow/example_dags/example_sla_dag.py for tasks to queue
[2023-02-16T00:09:32.742+0000] {logging_mixin.py:137} INFO - [2023-02-16T00:09:32.742+0000] {dagbag.py:538} INFO - Filling up the DagBag from /home/airflow/.local/lib/python3.7/site-packages/airflow/example_dags/example_sla_dag.py
[2023-02-16T00:09:32.776+0000] {processor.py:753} INFO - DAG(s) dict_keys(['example_sla_dag']) retrieved from /home/airflow/.local/lib/python3.7/site-packages/airflow/example_dags/example_sla_dag.py
[2023-02-16T00:09:32.812+0000] {logging_mixin.py:137} INFO - [2023-02-16T00:09:32.811+0000] {dag.py:2690} INFO - Sync 1 DAGs
[2023-02-16T00:09:32.855+0000] {logging_mixin.py:137} INFO - [2023-02-16T00:09:32.855+0000] {dag.py:3441} INFO - Setting next_dagrun for example_sla_dag to 2023-02-16T00:06:00+00:00, run_after=2023-02-16T00:08:00+00:00
[2023-02-16T00:09:32.890+0000] {processor.py:175} INFO - Processing /home/airflow/.local/lib/python3.7/site-packages/airflow/example_dags/example_sla_dag.py took 0.155 seconds
[2023-02-16T00:10:03.422+0000] {processor.py:153} INFO - Started process (PID=384) to work on /home/airflow/.local/lib/python3.7/site-packages/airflow/example_dags/example_sla_dag.py
[2023-02-16T00:10:03.423+0000] {processor.py:743} INFO - Processing file /home/airflow/.local/lib/python3.7/site-packages/airflow/example_dags/example_sla_dag.py for tasks to queue
[2023-02-16T00:10:03.424+0000] {logging_mixin.py:137} INFO - [2023-02-16T00:10:03.424+0000] {dagbag.py:538} INFO - Filling up the DagBag from /home/airflow/.local/lib/python3.7/site-packages/airflow/example_dags/example_sla_dag.py
[2023-02-16T00:10:03.457+0000] {processor.py:753} INFO - DAG(s) dict_keys(['example_sla_dag']) retrieved from /home/airflow/.local/lib/python3.7/site-packages/airflow/example_dags/example_sla_dag.py
[2023-02-16T00:10:03.497+0000] {logging_mixin.py:137} INFO - [2023-02-16T00:10:03.496+0000] {dag.py:2690} INFO - Sync 1 DAGs
[2023-02-16T00:10:03.548+0000] {logging_mixin.py:137} INFO - [2023-02-16T00:10:03.547+0000] {dag.py:3441} INFO - Setting next_dagrun for example_sla_dag to 2023-02-16T00:08:00+00:00, run_after=2023-02-16T00:10:00+00:00
[2023-02-16T00:10:03.584+0000] {processor.py:175} INFO - Processing /home/airflow/.local/lib/python3.7/site-packages/airflow/example_dags/example_sla_dag.py took 0.167 seconds
[2023-02-16T00:10:33.844+0000] {processor.py:153} INFO - Started process (PID=464) to work on /home/airflow/.local/lib/python3.7/site-packages/airflow/example_dags/example_sla_dag.py
[2023-02-16T00:10:33.846+0000] {processor.py:743} INFO - Processing file /home/airflow/.local/lib/python3.7/site-packages/airflow/example_dags/example_sla_dag.py for tasks to queue
[2023-02-16T00:10:33.847+0000] {logging_mixin.py:137} INFO - [2023-02-16T00:10:33.847+0000] {dagbag.py:538} INFO - Filling up the DagBag from /home/airflow/.local/lib/python3.7/site-packages/airflow/example_dags/example_sla_dag.py
[2023-02-16T00:10:33.873+0000] {processor.py:753} INFO - DAG(s) dict_keys(['example_sla_dag']) retrieved from /home/airflow/.local/lib/python3.7/site-packages/airflow/example_dags/example_sla_dag.py
[2023-02-16T00:10:33.910+0000] {logging_mixin.py:137} INFO - [2023-02-16T00:10:33.910+0000] {dag.py:2690} INFO - Sync 1 DAGs
[2023-02-16T00:10:33.969+0000] {logging_mixin.py:137} INFO - [2023-02-16T00:10:33.969+0000] {dag.py:3441} INFO - Setting next_dagrun for example_sla_dag to 2023-02-16T00:08:00+00:00, run_after=2023-02-16T00:10:00+00:00
[2023-02-16T00:10:34.004+0000] {processor.py:175} INFO - Processing /home/airflow/.local/lib/python3.7/site-packages/airflow/example_dags/example_sla_dag.py took 0.165 seconds
[2023-02-16T00:11:04.241+0000] {processor.py:153} INFO - Started process (PID=545) to work on /home/airflow/.local/lib/python3.7/site-packages/airflow/example_dags/example_sla_dag.py
[2023-02-16T00:11:04.242+0000] {processor.py:743} INFO - Processing file /home/airflow/.local/lib/python3.7/site-packages/airflow/example_dags/example_sla_dag.py for tasks to queue
[2023-02-16T00:11:04.244+0000] {logging_mixin.py:137} INFO - [2023-02-16T00:11:04.243+0000] {dagbag.py:538} INFO - Filling up the DagBag from /home/airflow/.local/lib/python3.7/site-packages/airflow/example_dags/example_sla_dag.py
[2023-02-16T00:11:04.273+0000] {processor.py:753} INFO - DAG(s) dict_keys(['example_sla_dag']) retrieved from /home/airflow/.local/lib/python3.7/site-packages/airflow/example_dags/example_sla_dag.py
[2023-02-16T00:11:04.305+0000] {logging_mixin.py:137} INFO - [2023-02-16T00:11:04.305+0000] {dag.py:2690} INFO - Sync 1 DAGs
[2023-02-16T00:11:04.355+0000] {logging_mixin.py:137} INFO - [2023-02-16T00:11:04.355+0000] {dag.py:3441} INFO - Setting next_dagrun for example_sla_dag to 2023-02-16T00:08:00+00:00, run_after=2023-02-16T00:10:00+00:00
[2023-02-16T00:11:04.386+0000] {processor.py:175} INFO - Processing /home/airflow/.local/lib/python3.7/site-packages/airflow/example_dags/example_sla_dag.py took 0.150 seconds
[2023-02-16T00:31:35.507+0000] {processor.py:153} INFO - Started process (PID=79) to work on /home/airflow/.local/lib/python3.7/site-packages/airflow/example_dags/example_sla_dag.py
[2023-02-16T00:31:35.508+0000] {processor.py:743} INFO - Processing file /home/airflow/.local/lib/python3.7/site-packages/airflow/example_dags/example_sla_dag.py for tasks to queue
[2023-02-16T00:31:35.509+0000] {logging_mixin.py:137} INFO - [2023-02-16T00:31:35.509+0000] {dagbag.py:538} INFO - Filling up the DagBag from /home/airflow/.local/lib/python3.7/site-packages/airflow/example_dags/example_sla_dag.py
[2023-02-16T00:31:35.547+0000] {processor.py:753} INFO - DAG(s) dict_keys(['example_sla_dag']) retrieved from /home/airflow/.local/lib/python3.7/site-packages/airflow/example_dags/example_sla_dag.py
[2023-02-16T00:31:35.586+0000] {logging_mixin.py:137} INFO - [2023-02-16T00:31:35.586+0000] {dag.py:2690} INFO - Sync 1 DAGs
[2023-02-16T00:31:35.634+0000] {logging_mixin.py:137} INFO - [2023-02-16T00:31:35.634+0000] {dag.py:3441} INFO - Setting next_dagrun for example_sla_dag to 2023-02-16T00:28:00+00:00, run_after=2023-02-16T00:30:00+00:00
[2023-02-16T00:31:35.668+0000] {processor.py:175} INFO - Processing /home/airflow/.local/lib/python3.7/site-packages/airflow/example_dags/example_sla_dag.py took 0.165 seconds
[2023-02-16T00:32:05.734+0000] {processor.py:153} INFO - Started process (PID=151) to work on /home/airflow/.local/lib/python3.7/site-packages/airflow/example_dags/example_sla_dag.py
[2023-02-16T00:32:05.735+0000] {processor.py:743} INFO - Processing file /home/airflow/.local/lib/python3.7/site-packages/airflow/example_dags/example_sla_dag.py for tasks to queue
[2023-02-16T00:32:05.736+0000] {logging_mixin.py:137} INFO - [2023-02-16T00:32:05.736+0000] {dagbag.py:538} INFO - Filling up the DagBag from /home/airflow/.local/lib/python3.7/site-packages/airflow/example_dags/example_sla_dag.py
[2023-02-16T00:32:05.769+0000] {processor.py:753} INFO - DAG(s) dict_keys(['example_sla_dag']) retrieved from /home/airflow/.local/lib/python3.7/site-packages/airflow/example_dags/example_sla_dag.py
[2023-02-16T00:32:05.802+0000] {logging_mixin.py:137} INFO - [2023-02-16T00:32:05.802+0000] {dag.py:2690} INFO - Sync 1 DAGs
[2023-02-16T00:32:05.850+0000] {logging_mixin.py:137} INFO - [2023-02-16T00:32:05.849+0000] {dag.py:3441} INFO - Setting next_dagrun for example_sla_dag to 2023-02-16T00:30:00+00:00, run_after=2023-02-16T00:32:00+00:00
[2023-02-16T00:32:05.887+0000] {processor.py:175} INFO - Processing /home/airflow/.local/lib/python3.7/site-packages/airflow/example_dags/example_sla_dag.py took 0.159 seconds
