[2023-02-16T00:00:12.676+0000] {processor.py:153} INFO - Started process (PID=760) to work on /home/airflow/.local/lib/python3.7/site-packages/airflow/example_dags/example_complex.py
[2023-02-16T00:00:12.677+0000] {processor.py:743} INFO - Processing file /home/airflow/.local/lib/python3.7/site-packages/airflow/example_dags/example_complex.py for tasks to queue
[2023-02-16T00:00:12.678+0000] {logging_mixin.py:137} INFO - [2023-02-16T00:00:12.678+0000] {dagbag.py:538} INFO - Filling up the DagBag from /home/airflow/.local/lib/python3.7/site-packages/airflow/example_dags/example_complex.py
[2023-02-16T00:00:12.693+0000] {logging_mixin.py:137} INFO - [2023-02-16T00:00:12.693+0000] {taskmixin.py:205} WARNING - Dependency <Task(BashOperator): create_entry_group>, delete_entry_group already registered for DAG: example_complex
[2023-02-16T00:00:12.693+0000] {logging_mixin.py:137} INFO - [2023-02-16T00:00:12.693+0000] {taskmixin.py:205} WARNING - Dependency <Task(BashOperator): delete_entry_group>, create_entry_group already registered for DAG: example_complex
[2023-02-16T00:00:12.693+0000] {logging_mixin.py:137} INFO - [2023-02-16T00:00:12.693+0000] {taskmixin.py:205} WARNING - Dependency <Task(BashOperator): create_entry_gcs>, delete_entry already registered for DAG: example_complex
[2023-02-16T00:00:12.694+0000] {logging_mixin.py:137} INFO - [2023-02-16T00:00:12.694+0000] {taskmixin.py:205} WARNING - Dependency <Task(BashOperator): delete_entry>, create_entry_gcs already registered for DAG: example_complex
[2023-02-16T00:00:12.694+0000] {logging_mixin.py:137} INFO - [2023-02-16T00:00:12.694+0000] {taskmixin.py:205} WARNING - Dependency <Task(BashOperator): create_tag>, delete_tag already registered for DAG: example_complex
[2023-02-16T00:00:12.694+0000] {logging_mixin.py:137} INFO - [2023-02-16T00:00:12.694+0000] {taskmixin.py:205} WARNING - Dependency <Task(BashOperator): delete_tag>, create_tag already registered for DAG: example_complex
[2023-02-16T00:00:12.704+0000] {processor.py:753} INFO - DAG(s) dict_keys(['example_complex']) retrieved from /home/airflow/.local/lib/python3.7/site-packages/airflow/example_dags/example_complex.py
[2023-02-16T00:00:12.749+0000] {logging_mixin.py:137} INFO - [2023-02-16T00:00:12.749+0000] {dag.py:2690} INFO - Sync 1 DAGs
[2023-02-16T00:00:12.794+0000] {logging_mixin.py:137} INFO - [2023-02-16T00:00:12.794+0000] {dag.py:3441} INFO - Setting next_dagrun for example_complex to None, run_after=None
[2023-02-16T00:00:12.828+0000] {processor.py:175} INFO - Processing /home/airflow/.local/lib/python3.7/site-packages/airflow/example_dags/example_complex.py took 0.157 seconds
[2023-02-16T00:00:43.677+0000] {processor.py:153} INFO - Started process (PID=834) to work on /home/airflow/.local/lib/python3.7/site-packages/airflow/example_dags/example_complex.py
[2023-02-16T00:00:43.678+0000] {processor.py:743} INFO - Processing file /home/airflow/.local/lib/python3.7/site-packages/airflow/example_dags/example_complex.py for tasks to queue
[2023-02-16T00:00:43.680+0000] {logging_mixin.py:137} INFO - [2023-02-16T00:00:43.679+0000] {dagbag.py:538} INFO - Filling up the DagBag from /home/airflow/.local/lib/python3.7/site-packages/airflow/example_dags/example_complex.py
[2023-02-16T00:00:43.698+0000] {logging_mixin.py:137} INFO - [2023-02-16T00:00:43.698+0000] {taskmixin.py:205} WARNING - Dependency <Task(BashOperator): create_entry_group>, delete_entry_group already registered for DAG: example_complex
[2023-02-16T00:00:43.699+0000] {logging_mixin.py:137} INFO - [2023-02-16T00:00:43.699+0000] {taskmixin.py:205} WARNING - Dependency <Task(BashOperator): delete_entry_group>, create_entry_group already registered for DAG: example_complex
[2023-02-16T00:00:43.699+0000] {logging_mixin.py:137} INFO - [2023-02-16T00:00:43.699+0000] {taskmixin.py:205} WARNING - Dependency <Task(BashOperator): create_entry_gcs>, delete_entry already registered for DAG: example_complex
[2023-02-16T00:00:43.699+0000] {logging_mixin.py:137} INFO - [2023-02-16T00:00:43.699+0000] {taskmixin.py:205} WARNING - Dependency <Task(BashOperator): delete_entry>, create_entry_gcs already registered for DAG: example_complex
[2023-02-16T00:00:43.700+0000] {logging_mixin.py:137} INFO - [2023-02-16T00:00:43.700+0000] {taskmixin.py:205} WARNING - Dependency <Task(BashOperator): create_tag>, delete_tag already registered for DAG: example_complex
[2023-02-16T00:00:43.700+0000] {logging_mixin.py:137} INFO - [2023-02-16T00:00:43.700+0000] {taskmixin.py:205} WARNING - Dependency <Task(BashOperator): delete_tag>, create_tag already registered for DAG: example_complex
[2023-02-16T00:00:43.710+0000] {processor.py:753} INFO - DAG(s) dict_keys(['example_complex']) retrieved from /home/airflow/.local/lib/python3.7/site-packages/airflow/example_dags/example_complex.py
[2023-02-16T00:00:43.755+0000] {logging_mixin.py:137} INFO - [2023-02-16T00:00:43.755+0000] {dag.py:2690} INFO - Sync 1 DAGs
[2023-02-16T00:00:43.793+0000] {logging_mixin.py:137} INFO - [2023-02-16T00:00:43.793+0000] {dag.py:3441} INFO - Setting next_dagrun for example_complex to None, run_after=None
[2023-02-16T00:00:43.827+0000] {processor.py:175} INFO - Processing /home/airflow/.local/lib/python3.7/site-packages/airflow/example_dags/example_complex.py took 0.156 seconds
[2023-02-16T00:01:14.813+0000] {processor.py:153} INFO - Started process (PID=923) to work on /home/airflow/.local/lib/python3.7/site-packages/airflow/example_dags/example_complex.py
[2023-02-16T00:01:14.814+0000] {processor.py:743} INFO - Processing file /home/airflow/.local/lib/python3.7/site-packages/airflow/example_dags/example_complex.py for tasks to queue
[2023-02-16T00:01:14.815+0000] {logging_mixin.py:137} INFO - [2023-02-16T00:01:14.815+0000] {dagbag.py:538} INFO - Filling up the DagBag from /home/airflow/.local/lib/python3.7/site-packages/airflow/example_dags/example_complex.py
[2023-02-16T00:01:14.834+0000] {logging_mixin.py:137} INFO - [2023-02-16T00:01:14.834+0000] {taskmixin.py:205} WARNING - Dependency <Task(BashOperator): create_entry_group>, delete_entry_group already registered for DAG: example_complex
[2023-02-16T00:01:14.834+0000] {logging_mixin.py:137} INFO - [2023-02-16T00:01:14.834+0000] {taskmixin.py:205} WARNING - Dependency <Task(BashOperator): delete_entry_group>, create_entry_group already registered for DAG: example_complex
[2023-02-16T00:01:14.835+0000] {logging_mixin.py:137} INFO - [2023-02-16T00:01:14.835+0000] {taskmixin.py:205} WARNING - Dependency <Task(BashOperator): create_entry_gcs>, delete_entry already registered for DAG: example_complex
[2023-02-16T00:01:14.835+0000] {logging_mixin.py:137} INFO - [2023-02-16T00:01:14.835+0000] {taskmixin.py:205} WARNING - Dependency <Task(BashOperator): delete_entry>, create_entry_gcs already registered for DAG: example_complex
[2023-02-16T00:01:14.836+0000] {logging_mixin.py:137} INFO - [2023-02-16T00:01:14.836+0000] {taskmixin.py:205} WARNING - Dependency <Task(BashOperator): create_tag>, delete_tag already registered for DAG: example_complex
[2023-02-16T00:01:14.836+0000] {logging_mixin.py:137} INFO - [2023-02-16T00:01:14.836+0000] {taskmixin.py:205} WARNING - Dependency <Task(BashOperator): delete_tag>, create_tag already registered for DAG: example_complex
[2023-02-16T00:01:14.845+0000] {processor.py:753} INFO - DAG(s) dict_keys(['example_complex']) retrieved from /home/airflow/.local/lib/python3.7/site-packages/airflow/example_dags/example_complex.py
[2023-02-16T00:01:14.884+0000] {logging_mixin.py:137} INFO - [2023-02-16T00:01:14.884+0000] {dag.py:2690} INFO - Sync 1 DAGs
[2023-02-16T00:01:14.917+0000] {logging_mixin.py:137} INFO - [2023-02-16T00:01:14.917+0000] {dag.py:3441} INFO - Setting next_dagrun for example_complex to None, run_after=None
[2023-02-16T00:01:14.947+0000] {processor.py:175} INFO - Processing /home/airflow/.local/lib/python3.7/site-packages/airflow/example_dags/example_complex.py took 0.139 seconds
[2023-02-16T00:01:45.701+0000] {processor.py:153} INFO - Started process (PID=995) to work on /home/airflow/.local/lib/python3.7/site-packages/airflow/example_dags/example_complex.py
[2023-02-16T00:01:45.703+0000] {processor.py:743} INFO - Processing file /home/airflow/.local/lib/python3.7/site-packages/airflow/example_dags/example_complex.py for tasks to queue
[2023-02-16T00:01:45.704+0000] {logging_mixin.py:137} INFO - [2023-02-16T00:01:45.703+0000] {dagbag.py:538} INFO - Filling up the DagBag from /home/airflow/.local/lib/python3.7/site-packages/airflow/example_dags/example_complex.py
[2023-02-16T00:01:45.717+0000] {logging_mixin.py:137} INFO - [2023-02-16T00:01:45.717+0000] {taskmixin.py:205} WARNING - Dependency <Task(BashOperator): create_entry_group>, delete_entry_group already registered for DAG: example_complex
[2023-02-16T00:01:45.718+0000] {logging_mixin.py:137} INFO - [2023-02-16T00:01:45.717+0000] {taskmixin.py:205} WARNING - Dependency <Task(BashOperator): delete_entry_group>, create_entry_group already registered for DAG: example_complex
[2023-02-16T00:01:45.718+0000] {logging_mixin.py:137} INFO - [2023-02-16T00:01:45.718+0000] {taskmixin.py:205} WARNING - Dependency <Task(BashOperator): create_entry_gcs>, delete_entry already registered for DAG: example_complex
[2023-02-16T00:01:45.718+0000] {logging_mixin.py:137} INFO - [2023-02-16T00:01:45.718+0000] {taskmixin.py:205} WARNING - Dependency <Task(BashOperator): delete_entry>, create_entry_gcs already registered for DAG: example_complex
[2023-02-16T00:01:45.718+0000] {logging_mixin.py:137} INFO - [2023-02-16T00:01:45.718+0000] {taskmixin.py:205} WARNING - Dependency <Task(BashOperator): create_tag>, delete_tag already registered for DAG: example_complex
[2023-02-16T00:01:45.719+0000] {logging_mixin.py:137} INFO - [2023-02-16T00:01:45.718+0000] {taskmixin.py:205} WARNING - Dependency <Task(BashOperator): delete_tag>, create_tag already registered for DAG: example_complex
[2023-02-16T00:01:45.726+0000] {processor.py:753} INFO - DAG(s) dict_keys(['example_complex']) retrieved from /home/airflow/.local/lib/python3.7/site-packages/airflow/example_dags/example_complex.py
[2023-02-16T00:01:45.763+0000] {logging_mixin.py:137} INFO - [2023-02-16T00:01:45.763+0000] {dag.py:2690} INFO - Sync 1 DAGs
[2023-02-16T00:01:45.801+0000] {logging_mixin.py:137} INFO - [2023-02-16T00:01:45.801+0000] {dag.py:3441} INFO - Setting next_dagrun for example_complex to None, run_after=None
[2023-02-16T00:01:45.839+0000] {processor.py:175} INFO - Processing /home/airflow/.local/lib/python3.7/site-packages/airflow/example_dags/example_complex.py took 0.141 seconds
[2023-02-16T00:02:16.333+0000] {processor.py:153} INFO - Started process (PID=1068) to work on /home/airflow/.local/lib/python3.7/site-packages/airflow/example_dags/example_complex.py
[2023-02-16T00:02:16.334+0000] {processor.py:743} INFO - Processing file /home/airflow/.local/lib/python3.7/site-packages/airflow/example_dags/example_complex.py for tasks to queue
[2023-02-16T00:02:16.336+0000] {logging_mixin.py:137} INFO - [2023-02-16T00:02:16.335+0000] {dagbag.py:538} INFO - Filling up the DagBag from /home/airflow/.local/lib/python3.7/site-packages/airflow/example_dags/example_complex.py
[2023-02-16T00:02:16.356+0000] {logging_mixin.py:137} INFO - [2023-02-16T00:02:16.356+0000] {taskmixin.py:205} WARNING - Dependency <Task(BashOperator): create_entry_group>, delete_entry_group already registered for DAG: example_complex
[2023-02-16T00:02:16.357+0000] {logging_mixin.py:137} INFO - [2023-02-16T00:02:16.357+0000] {taskmixin.py:205} WARNING - Dependency <Task(BashOperator): delete_entry_group>, create_entry_group already registered for DAG: example_complex
[2023-02-16T00:02:16.357+0000] {logging_mixin.py:137} INFO - [2023-02-16T00:02:16.357+0000] {taskmixin.py:205} WARNING - Dependency <Task(BashOperator): create_entry_gcs>, delete_entry already registered for DAG: example_complex
[2023-02-16T00:02:16.357+0000] {logging_mixin.py:137} INFO - [2023-02-16T00:02:16.357+0000] {taskmixin.py:205} WARNING - Dependency <Task(BashOperator): delete_entry>, create_entry_gcs already registered for DAG: example_complex
[2023-02-16T00:02:16.358+0000] {logging_mixin.py:137} INFO - [2023-02-16T00:02:16.358+0000] {taskmixin.py:205} WARNING - Dependency <Task(BashOperator): create_tag>, delete_tag already registered for DAG: example_complex
[2023-02-16T00:02:16.358+0000] {logging_mixin.py:137} INFO - [2023-02-16T00:02:16.358+0000] {taskmixin.py:205} WARNING - Dependency <Task(BashOperator): delete_tag>, create_tag already registered for DAG: example_complex
[2023-02-16T00:02:16.369+0000] {processor.py:753} INFO - DAG(s) dict_keys(['example_complex']) retrieved from /home/airflow/.local/lib/python3.7/site-packages/airflow/example_dags/example_complex.py
[2023-02-16T00:02:16.417+0000] {logging_mixin.py:137} INFO - [2023-02-16T00:02:16.417+0000] {dag.py:2690} INFO - Sync 1 DAGs
[2023-02-16T00:02:16.461+0000] {logging_mixin.py:137} INFO - [2023-02-16T00:02:16.460+0000] {dag.py:3441} INFO - Setting next_dagrun for example_complex to None, run_after=None
[2023-02-16T00:02:16.508+0000] {processor.py:175} INFO - Processing /home/airflow/.local/lib/python3.7/site-packages/airflow/example_dags/example_complex.py took 0.181 seconds
[2023-02-16T00:02:47.386+0000] {processor.py:153} INFO - Started process (PID=1149) to work on /home/airflow/.local/lib/python3.7/site-packages/airflow/example_dags/example_complex.py
[2023-02-16T00:02:47.387+0000] {processor.py:743} INFO - Processing file /home/airflow/.local/lib/python3.7/site-packages/airflow/example_dags/example_complex.py for tasks to queue
[2023-02-16T00:02:47.388+0000] {logging_mixin.py:137} INFO - [2023-02-16T00:02:47.388+0000] {dagbag.py:538} INFO - Filling up the DagBag from /home/airflow/.local/lib/python3.7/site-packages/airflow/example_dags/example_complex.py
[2023-02-16T00:02:47.406+0000] {logging_mixin.py:137} INFO - [2023-02-16T00:02:47.406+0000] {taskmixin.py:205} WARNING - Dependency <Task(BashOperator): create_entry_group>, delete_entry_group already registered for DAG: example_complex
[2023-02-16T00:02:47.406+0000] {logging_mixin.py:137} INFO - [2023-02-16T00:02:47.406+0000] {taskmixin.py:205} WARNING - Dependency <Task(BashOperator): delete_entry_group>, create_entry_group already registered for DAG: example_complex
[2023-02-16T00:02:47.407+0000] {logging_mixin.py:137} INFO - [2023-02-16T00:02:47.407+0000] {taskmixin.py:205} WARNING - Dependency <Task(BashOperator): create_entry_gcs>, delete_entry already registered for DAG: example_complex
[2023-02-16T00:02:47.407+0000] {logging_mixin.py:137} INFO - [2023-02-16T00:02:47.407+0000] {taskmixin.py:205} WARNING - Dependency <Task(BashOperator): delete_entry>, create_entry_gcs already registered for DAG: example_complex
[2023-02-16T00:02:47.407+0000] {logging_mixin.py:137} INFO - [2023-02-16T00:02:47.407+0000] {taskmixin.py:205} WARNING - Dependency <Task(BashOperator): create_tag>, delete_tag already registered for DAG: example_complex
[2023-02-16T00:02:47.408+0000] {logging_mixin.py:137} INFO - [2023-02-16T00:02:47.408+0000] {taskmixin.py:205} WARNING - Dependency <Task(BashOperator): delete_tag>, create_tag already registered for DAG: example_complex
[2023-02-16T00:02:47.419+0000] {processor.py:753} INFO - DAG(s) dict_keys(['example_complex']) retrieved from /home/airflow/.local/lib/python3.7/site-packages/airflow/example_dags/example_complex.py
[2023-02-16T00:02:47.470+0000] {logging_mixin.py:137} INFO - [2023-02-16T00:02:47.470+0000] {dag.py:2690} INFO - Sync 1 DAGs
[2023-02-16T00:02:47.520+0000] {logging_mixin.py:137} INFO - [2023-02-16T00:02:47.519+0000] {dag.py:3441} INFO - Setting next_dagrun for example_complex to None, run_after=None
[2023-02-16T00:02:47.558+0000] {processor.py:175} INFO - Processing /home/airflow/.local/lib/python3.7/site-packages/airflow/example_dags/example_complex.py took 0.175 seconds
[2023-02-16T00:03:17.855+0000] {processor.py:153} INFO - Started process (PID=1228) to work on /home/airflow/.local/lib/python3.7/site-packages/airflow/example_dags/example_complex.py
[2023-02-16T00:03:17.857+0000] {processor.py:743} INFO - Processing file /home/airflow/.local/lib/python3.7/site-packages/airflow/example_dags/example_complex.py for tasks to queue
[2023-02-16T00:03:17.858+0000] {logging_mixin.py:137} INFO - [2023-02-16T00:03:17.858+0000] {dagbag.py:538} INFO - Filling up the DagBag from /home/airflow/.local/lib/python3.7/site-packages/airflow/example_dags/example_complex.py
[2023-02-16T00:03:17.872+0000] {logging_mixin.py:137} INFO - [2023-02-16T00:03:17.872+0000] {taskmixin.py:205} WARNING - Dependency <Task(BashOperator): create_entry_group>, delete_entry_group already registered for DAG: example_complex
[2023-02-16T00:03:17.873+0000] {logging_mixin.py:137} INFO - [2023-02-16T00:03:17.873+0000] {taskmixin.py:205} WARNING - Dependency <Task(BashOperator): delete_entry_group>, create_entry_group already registered for DAG: example_complex
[2023-02-16T00:03:17.873+0000] {logging_mixin.py:137} INFO - [2023-02-16T00:03:17.873+0000] {taskmixin.py:205} WARNING - Dependency <Task(BashOperator): create_entry_gcs>, delete_entry already registered for DAG: example_complex
[2023-02-16T00:03:17.873+0000] {logging_mixin.py:137} INFO - [2023-02-16T00:03:17.873+0000] {taskmixin.py:205} WARNING - Dependency <Task(BashOperator): delete_entry>, create_entry_gcs already registered for DAG: example_complex
[2023-02-16T00:03:17.874+0000] {logging_mixin.py:137} INFO - [2023-02-16T00:03:17.874+0000] {taskmixin.py:205} WARNING - Dependency <Task(BashOperator): create_tag>, delete_tag already registered for DAG: example_complex
[2023-02-16T00:03:17.874+0000] {logging_mixin.py:137} INFO - [2023-02-16T00:03:17.874+0000] {taskmixin.py:205} WARNING - Dependency <Task(BashOperator): delete_tag>, create_tag already registered for DAG: example_complex
[2023-02-16T00:03:17.882+0000] {processor.py:753} INFO - DAG(s) dict_keys(['example_complex']) retrieved from /home/airflow/.local/lib/python3.7/site-packages/airflow/example_dags/example_complex.py
[2023-02-16T00:03:17.920+0000] {logging_mixin.py:137} INFO - [2023-02-16T00:03:17.919+0000] {dag.py:2690} INFO - Sync 1 DAGs
[2023-02-16T00:03:17.952+0000] {logging_mixin.py:137} INFO - [2023-02-16T00:03:17.951+0000] {dag.py:3441} INFO - Setting next_dagrun for example_complex to None, run_after=None
[2023-02-16T00:03:17.986+0000] {processor.py:175} INFO - Processing /home/airflow/.local/lib/python3.7/site-packages/airflow/example_dags/example_complex.py took 0.135 seconds
[2023-02-16T00:03:48.692+0000] {processor.py:153} INFO - Started process (PID=1300) to work on /home/airflow/.local/lib/python3.7/site-packages/airflow/example_dags/example_complex.py
[2023-02-16T00:03:48.693+0000] {processor.py:743} INFO - Processing file /home/airflow/.local/lib/python3.7/site-packages/airflow/example_dags/example_complex.py for tasks to queue
[2023-02-16T00:03:48.693+0000] {logging_mixin.py:137} INFO - [2023-02-16T00:03:48.693+0000] {dagbag.py:538} INFO - Filling up the DagBag from /home/airflow/.local/lib/python3.7/site-packages/airflow/example_dags/example_complex.py
[2023-02-16T00:03:48.709+0000] {logging_mixin.py:137} INFO - [2023-02-16T00:03:48.709+0000] {taskmixin.py:205} WARNING - Dependency <Task(BashOperator): create_entry_group>, delete_entry_group already registered for DAG: example_complex
[2023-02-16T00:03:48.710+0000] {logging_mixin.py:137} INFO - [2023-02-16T00:03:48.709+0000] {taskmixin.py:205} WARNING - Dependency <Task(BashOperator): delete_entry_group>, create_entry_group already registered for DAG: example_complex
[2023-02-16T00:03:48.710+0000] {logging_mixin.py:137} INFO - [2023-02-16T00:03:48.710+0000] {taskmixin.py:205} WARNING - Dependency <Task(BashOperator): create_entry_gcs>, delete_entry already registered for DAG: example_complex
[2023-02-16T00:03:48.710+0000] {logging_mixin.py:137} INFO - [2023-02-16T00:03:48.710+0000] {taskmixin.py:205} WARNING - Dependency <Task(BashOperator): delete_entry>, create_entry_gcs already registered for DAG: example_complex
[2023-02-16T00:03:48.711+0000] {logging_mixin.py:137} INFO - [2023-02-16T00:03:48.710+0000] {taskmixin.py:205} WARNING - Dependency <Task(BashOperator): create_tag>, delete_tag already registered for DAG: example_complex
[2023-02-16T00:03:48.711+0000] {logging_mixin.py:137} INFO - [2023-02-16T00:03:48.711+0000] {taskmixin.py:205} WARNING - Dependency <Task(BashOperator): delete_tag>, create_tag already registered for DAG: example_complex
[2023-02-16T00:03:48.721+0000] {processor.py:753} INFO - DAG(s) dict_keys(['example_complex']) retrieved from /home/airflow/.local/lib/python3.7/site-packages/airflow/example_dags/example_complex.py
[2023-02-16T00:03:48.762+0000] {logging_mixin.py:137} INFO - [2023-02-16T00:03:48.762+0000] {dag.py:2690} INFO - Sync 1 DAGs
[2023-02-16T00:03:48.799+0000] {logging_mixin.py:137} INFO - [2023-02-16T00:03:48.799+0000] {dag.py:3441} INFO - Setting next_dagrun for example_complex to None, run_after=None
[2023-02-16T00:03:48.833+0000] {processor.py:175} INFO - Processing /home/airflow/.local/lib/python3.7/site-packages/airflow/example_dags/example_complex.py took 0.146 seconds
[2023-02-16T00:04:18.968+0000] {processor.py:153} INFO - Started process (PID=1372) to work on /home/airflow/.local/lib/python3.7/site-packages/airflow/example_dags/example_complex.py
[2023-02-16T00:04:18.969+0000] {processor.py:743} INFO - Processing file /home/airflow/.local/lib/python3.7/site-packages/airflow/example_dags/example_complex.py for tasks to queue
[2023-02-16T00:04:18.970+0000] {logging_mixin.py:137} INFO - [2023-02-16T00:04:18.970+0000] {dagbag.py:538} INFO - Filling up the DagBag from /home/airflow/.local/lib/python3.7/site-packages/airflow/example_dags/example_complex.py
[2023-02-16T00:04:18.987+0000] {logging_mixin.py:137} INFO - [2023-02-16T00:04:18.986+0000] {taskmixin.py:205} WARNING - Dependency <Task(BashOperator): create_entry_group>, delete_entry_group already registered for DAG: example_complex
[2023-02-16T00:04:18.987+0000] {logging_mixin.py:137} INFO - [2023-02-16T00:04:18.987+0000] {taskmixin.py:205} WARNING - Dependency <Task(BashOperator): delete_entry_group>, create_entry_group already registered for DAG: example_complex
[2023-02-16T00:04:18.987+0000] {logging_mixin.py:137} INFO - [2023-02-16T00:04:18.987+0000] {taskmixin.py:205} WARNING - Dependency <Task(BashOperator): create_entry_gcs>, delete_entry already registered for DAG: example_complex
[2023-02-16T00:04:18.987+0000] {logging_mixin.py:137} INFO - [2023-02-16T00:04:18.987+0000] {taskmixin.py:205} WARNING - Dependency <Task(BashOperator): delete_entry>, create_entry_gcs already registered for DAG: example_complex
[2023-02-16T00:04:18.988+0000] {logging_mixin.py:137} INFO - [2023-02-16T00:04:18.988+0000] {taskmixin.py:205} WARNING - Dependency <Task(BashOperator): create_tag>, delete_tag already registered for DAG: example_complex
[2023-02-16T00:04:18.988+0000] {logging_mixin.py:137} INFO - [2023-02-16T00:04:18.988+0000] {taskmixin.py:205} WARNING - Dependency <Task(BashOperator): delete_tag>, create_tag already registered for DAG: example_complex
[2023-02-16T00:04:18.998+0000] {processor.py:753} INFO - DAG(s) dict_keys(['example_complex']) retrieved from /home/airflow/.local/lib/python3.7/site-packages/airflow/example_dags/example_complex.py
[2023-02-16T00:04:19.043+0000] {logging_mixin.py:137} INFO - [2023-02-16T00:04:19.043+0000] {dag.py:2690} INFO - Sync 1 DAGs
[2023-02-16T00:04:19.091+0000] {logging_mixin.py:137} INFO - [2023-02-16T00:04:19.091+0000] {dag.py:3441} INFO - Setting next_dagrun for example_complex to None, run_after=None
[2023-02-16T00:04:19.129+0000] {processor.py:175} INFO - Processing /home/airflow/.local/lib/python3.7/site-packages/airflow/example_dags/example_complex.py took 0.166 seconds
[2023-02-16T00:04:49.812+0000] {processor.py:153} INFO - Started process (PID=1462) to work on /home/airflow/.local/lib/python3.7/site-packages/airflow/example_dags/example_complex.py
[2023-02-16T00:04:49.813+0000] {processor.py:743} INFO - Processing file /home/airflow/.local/lib/python3.7/site-packages/airflow/example_dags/example_complex.py for tasks to queue
[2023-02-16T00:04:49.815+0000] {logging_mixin.py:137} INFO - [2023-02-16T00:04:49.815+0000] {dagbag.py:538} INFO - Filling up the DagBag from /home/airflow/.local/lib/python3.7/site-packages/airflow/example_dags/example_complex.py
[2023-02-16T00:04:49.842+0000] {logging_mixin.py:137} INFO - [2023-02-16T00:04:49.841+0000] {taskmixin.py:205} WARNING - Dependency <Task(BashOperator): create_entry_group>, delete_entry_group already registered for DAG: example_complex
[2023-02-16T00:04:49.842+0000] {logging_mixin.py:137} INFO - [2023-02-16T00:04:49.842+0000] {taskmixin.py:205} WARNING - Dependency <Task(BashOperator): delete_entry_group>, create_entry_group already registered for DAG: example_complex
[2023-02-16T00:04:49.843+0000] {logging_mixin.py:137} INFO - [2023-02-16T00:04:49.843+0000] {taskmixin.py:205} WARNING - Dependency <Task(BashOperator): create_entry_gcs>, delete_entry already registered for DAG: example_complex
[2023-02-16T00:04:49.844+0000] {logging_mixin.py:137} INFO - [2023-02-16T00:04:49.843+0000] {taskmixin.py:205} WARNING - Dependency <Task(BashOperator): delete_entry>, create_entry_gcs already registered for DAG: example_complex
[2023-02-16T00:04:49.845+0000] {logging_mixin.py:137} INFO - [2023-02-16T00:04:49.844+0000] {taskmixin.py:205} WARNING - Dependency <Task(BashOperator): create_tag>, delete_tag already registered for DAG: example_complex
[2023-02-16T00:04:49.845+0000] {logging_mixin.py:137} INFO - [2023-02-16T00:04:49.845+0000] {taskmixin.py:205} WARNING - Dependency <Task(BashOperator): delete_tag>, create_tag already registered for DAG: example_complex
[2023-02-16T00:04:49.860+0000] {processor.py:753} INFO - DAG(s) dict_keys(['example_complex']) retrieved from /home/airflow/.local/lib/python3.7/site-packages/airflow/example_dags/example_complex.py
[2023-02-16T00:04:49.913+0000] {logging_mixin.py:137} INFO - [2023-02-16T00:04:49.912+0000] {dag.py:2690} INFO - Sync 1 DAGs
[2023-02-16T00:04:49.966+0000] {logging_mixin.py:137} INFO - [2023-02-16T00:04:49.966+0000] {dag.py:3441} INFO - Setting next_dagrun for example_complex to None, run_after=None
[2023-02-16T00:04:50.005+0000] {processor.py:175} INFO - Processing /home/airflow/.local/lib/python3.7/site-packages/airflow/example_dags/example_complex.py took 0.198 seconds
[2023-02-16T00:05:20.361+0000] {processor.py:153} INFO - Started process (PID=1534) to work on /home/airflow/.local/lib/python3.7/site-packages/airflow/example_dags/example_complex.py
[2023-02-16T00:05:20.363+0000] {processor.py:743} INFO - Processing file /home/airflow/.local/lib/python3.7/site-packages/airflow/example_dags/example_complex.py for tasks to queue
[2023-02-16T00:05:20.364+0000] {logging_mixin.py:137} INFO - [2023-02-16T00:05:20.364+0000] {dagbag.py:538} INFO - Filling up the DagBag from /home/airflow/.local/lib/python3.7/site-packages/airflow/example_dags/example_complex.py
[2023-02-16T00:05:20.383+0000] {logging_mixin.py:137} INFO - [2023-02-16T00:05:20.382+0000] {taskmixin.py:205} WARNING - Dependency <Task(BashOperator): create_entry_group>, delete_entry_group already registered for DAG: example_complex
[2023-02-16T00:05:20.383+0000] {logging_mixin.py:137} INFO - [2023-02-16T00:05:20.383+0000] {taskmixin.py:205} WARNING - Dependency <Task(BashOperator): delete_entry_group>, create_entry_group already registered for DAG: example_complex
[2023-02-16T00:05:20.384+0000] {logging_mixin.py:137} INFO - [2023-02-16T00:05:20.383+0000] {taskmixin.py:205} WARNING - Dependency <Task(BashOperator): create_entry_gcs>, delete_entry already registered for DAG: example_complex
[2023-02-16T00:05:20.384+0000] {logging_mixin.py:137} INFO - [2023-02-16T00:05:20.384+0000] {taskmixin.py:205} WARNING - Dependency <Task(BashOperator): delete_entry>, create_entry_gcs already registered for DAG: example_complex
[2023-02-16T00:05:20.384+0000] {logging_mixin.py:137} INFO - [2023-02-16T00:05:20.384+0000] {taskmixin.py:205} WARNING - Dependency <Task(BashOperator): create_tag>, delete_tag already registered for DAG: example_complex
[2023-02-16T00:05:20.385+0000] {logging_mixin.py:137} INFO - [2023-02-16T00:05:20.385+0000] {taskmixin.py:205} WARNING - Dependency <Task(BashOperator): delete_tag>, create_tag already registered for DAG: example_complex
[2023-02-16T00:05:20.395+0000] {processor.py:753} INFO - DAG(s) dict_keys(['example_complex']) retrieved from /home/airflow/.local/lib/python3.7/site-packages/airflow/example_dags/example_complex.py
[2023-02-16T00:05:20.436+0000] {logging_mixin.py:137} INFO - [2023-02-16T00:05:20.435+0000] {dag.py:2690} INFO - Sync 1 DAGs
[2023-02-16T00:05:20.471+0000] {logging_mixin.py:137} INFO - [2023-02-16T00:05:20.470+0000] {dag.py:3441} INFO - Setting next_dagrun for example_complex to None, run_after=None
[2023-02-16T00:05:20.502+0000] {processor.py:175} INFO - Processing /home/airflow/.local/lib/python3.7/site-packages/airflow/example_dags/example_complex.py took 0.145 seconds
[2023-02-16T00:05:50.796+0000] {processor.py:153} INFO - Started process (PID=1606) to work on /home/airflow/.local/lib/python3.7/site-packages/airflow/example_dags/example_complex.py
[2023-02-16T00:05:50.798+0000] {processor.py:743} INFO - Processing file /home/airflow/.local/lib/python3.7/site-packages/airflow/example_dags/example_complex.py for tasks to queue
[2023-02-16T00:05:50.799+0000] {logging_mixin.py:137} INFO - [2023-02-16T00:05:50.799+0000] {dagbag.py:538} INFO - Filling up the DagBag from /home/airflow/.local/lib/python3.7/site-packages/airflow/example_dags/example_complex.py
[2023-02-16T00:05:50.819+0000] {logging_mixin.py:137} INFO - [2023-02-16T00:05:50.818+0000] {taskmixin.py:205} WARNING - Dependency <Task(BashOperator): create_entry_group>, delete_entry_group already registered for DAG: example_complex
[2023-02-16T00:05:50.819+0000] {logging_mixin.py:137} INFO - [2023-02-16T00:05:50.819+0000] {taskmixin.py:205} WARNING - Dependency <Task(BashOperator): delete_entry_group>, create_entry_group already registered for DAG: example_complex
[2023-02-16T00:05:50.820+0000] {logging_mixin.py:137} INFO - [2023-02-16T00:05:50.819+0000] {taskmixin.py:205} WARNING - Dependency <Task(BashOperator): create_entry_gcs>, delete_entry already registered for DAG: example_complex
[2023-02-16T00:05:50.820+0000] {logging_mixin.py:137} INFO - [2023-02-16T00:05:50.820+0000] {taskmixin.py:205} WARNING - Dependency <Task(BashOperator): delete_entry>, create_entry_gcs already registered for DAG: example_complex
[2023-02-16T00:05:50.821+0000] {logging_mixin.py:137} INFO - [2023-02-16T00:05:50.821+0000] {taskmixin.py:205} WARNING - Dependency <Task(BashOperator): create_tag>, delete_tag already registered for DAG: example_complex
[2023-02-16T00:05:50.821+0000] {logging_mixin.py:137} INFO - [2023-02-16T00:05:50.821+0000] {taskmixin.py:205} WARNING - Dependency <Task(BashOperator): delete_tag>, create_tag already registered for DAG: example_complex
[2023-02-16T00:05:50.833+0000] {processor.py:753} INFO - DAG(s) dict_keys(['example_complex']) retrieved from /home/airflow/.local/lib/python3.7/site-packages/airflow/example_dags/example_complex.py
[2023-02-16T00:05:50.889+0000] {logging_mixin.py:137} INFO - [2023-02-16T00:05:50.889+0000] {dag.py:2690} INFO - Sync 1 DAGs
[2023-02-16T00:05:50.935+0000] {logging_mixin.py:137} INFO - [2023-02-16T00:05:50.935+0000] {dag.py:3441} INFO - Setting next_dagrun for example_complex to None, run_after=None
[2023-02-16T00:05:50.979+0000] {processor.py:175} INFO - Processing /home/airflow/.local/lib/python3.7/site-packages/airflow/example_dags/example_complex.py took 0.187 seconds
[2023-02-16T00:06:21.947+0000] {processor.py:153} INFO - Started process (PID=1694) to work on /home/airflow/.local/lib/python3.7/site-packages/airflow/example_dags/example_complex.py
[2023-02-16T00:06:21.948+0000] {processor.py:743} INFO - Processing file /home/airflow/.local/lib/python3.7/site-packages/airflow/example_dags/example_complex.py for tasks to queue
[2023-02-16T00:06:21.949+0000] {logging_mixin.py:137} INFO - [2023-02-16T00:06:21.949+0000] {dagbag.py:538} INFO - Filling up the DagBag from /home/airflow/.local/lib/python3.7/site-packages/airflow/example_dags/example_complex.py
[2023-02-16T00:06:21.968+0000] {logging_mixin.py:137} INFO - [2023-02-16T00:06:21.968+0000] {taskmixin.py:205} WARNING - Dependency <Task(BashOperator): create_entry_group>, delete_entry_group already registered for DAG: example_complex
[2023-02-16T00:06:21.968+0000] {logging_mixin.py:137} INFO - [2023-02-16T00:06:21.968+0000] {taskmixin.py:205} WARNING - Dependency <Task(BashOperator): delete_entry_group>, create_entry_group already registered for DAG: example_complex
[2023-02-16T00:06:21.969+0000] {logging_mixin.py:137} INFO - [2023-02-16T00:06:21.969+0000] {taskmixin.py:205} WARNING - Dependency <Task(BashOperator): create_entry_gcs>, delete_entry already registered for DAG: example_complex
[2023-02-16T00:06:21.969+0000] {logging_mixin.py:137} INFO - [2023-02-16T00:06:21.969+0000] {taskmixin.py:205} WARNING - Dependency <Task(BashOperator): delete_entry>, create_entry_gcs already registered for DAG: example_complex
[2023-02-16T00:06:21.970+0000] {logging_mixin.py:137} INFO - [2023-02-16T00:06:21.970+0000] {taskmixin.py:205} WARNING - Dependency <Task(BashOperator): create_tag>, delete_tag already registered for DAG: example_complex
[2023-02-16T00:06:21.970+0000] {logging_mixin.py:137} INFO - [2023-02-16T00:06:21.970+0000] {taskmixin.py:205} WARNING - Dependency <Task(BashOperator): delete_tag>, create_tag already registered for DAG: example_complex
[2023-02-16T00:06:21.981+0000] {processor.py:753} INFO - DAG(s) dict_keys(['example_complex']) retrieved from /home/airflow/.local/lib/python3.7/site-packages/airflow/example_dags/example_complex.py
[2023-02-16T00:06:22.034+0000] {logging_mixin.py:137} INFO - [2023-02-16T00:06:22.034+0000] {dag.py:2690} INFO - Sync 1 DAGs
[2023-02-16T00:06:22.076+0000] {logging_mixin.py:137} INFO - [2023-02-16T00:06:22.076+0000] {dag.py:3441} INFO - Setting next_dagrun for example_complex to None, run_after=None
[2023-02-16T00:06:22.119+0000] {processor.py:175} INFO - Processing /home/airflow/.local/lib/python3.7/site-packages/airflow/example_dags/example_complex.py took 0.176 seconds
[2023-02-16T00:07:57.459+0000] {processor.py:153} INFO - Started process (PID=61) to work on /home/airflow/.local/lib/python3.7/site-packages/airflow/example_dags/example_complex.py
[2023-02-16T00:07:57.466+0000] {processor.py:743} INFO - Processing file /home/airflow/.local/lib/python3.7/site-packages/airflow/example_dags/example_complex.py for tasks to queue
[2023-02-16T00:07:57.467+0000] {logging_mixin.py:137} INFO - [2023-02-16T00:07:57.467+0000] {dagbag.py:538} INFO - Filling up the DagBag from /home/airflow/.local/lib/python3.7/site-packages/airflow/example_dags/example_complex.py
[2023-02-16T00:07:57.482+0000] {logging_mixin.py:137} INFO - [2023-02-16T00:07:57.482+0000] {taskmixin.py:205} WARNING - Dependency <Task(BashOperator): create_entry_group>, delete_entry_group already registered for DAG: example_complex
[2023-02-16T00:07:57.482+0000] {logging_mixin.py:137} INFO - [2023-02-16T00:07:57.482+0000] {taskmixin.py:205} WARNING - Dependency <Task(BashOperator): delete_entry_group>, create_entry_group already registered for DAG: example_complex
[2023-02-16T00:07:57.482+0000] {logging_mixin.py:137} INFO - [2023-02-16T00:07:57.482+0000] {taskmixin.py:205} WARNING - Dependency <Task(BashOperator): create_entry_gcs>, delete_entry already registered for DAG: example_complex
[2023-02-16T00:07:57.483+0000] {logging_mixin.py:137} INFO - [2023-02-16T00:07:57.482+0000] {taskmixin.py:205} WARNING - Dependency <Task(BashOperator): delete_entry>, create_entry_gcs already registered for DAG: example_complex
[2023-02-16T00:07:57.483+0000] {logging_mixin.py:137} INFO - [2023-02-16T00:07:57.483+0000] {taskmixin.py:205} WARNING - Dependency <Task(BashOperator): create_tag>, delete_tag already registered for DAG: example_complex
[2023-02-16T00:07:57.483+0000] {logging_mixin.py:137} INFO - [2023-02-16T00:07:57.483+0000] {taskmixin.py:205} WARNING - Dependency <Task(BashOperator): delete_tag>, create_tag already registered for DAG: example_complex
[2023-02-16T00:07:57.494+0000] {processor.py:753} INFO - DAG(s) dict_keys(['example_complex']) retrieved from /home/airflow/.local/lib/python3.7/site-packages/airflow/example_dags/example_complex.py
[2023-02-16T00:07:57.543+0000] {logging_mixin.py:137} INFO - [2023-02-16T00:07:57.543+0000] {dag.py:2690} INFO - Sync 1 DAGs
[2023-02-16T00:07:57.581+0000] {logging_mixin.py:137} INFO - [2023-02-16T00:07:57.581+0000] {dag.py:3441} INFO - Setting next_dagrun for example_complex to None, run_after=None
[2023-02-16T00:07:57.617+0000] {processor.py:175} INFO - Processing /home/airflow/.local/lib/python3.7/site-packages/airflow/example_dags/example_complex.py took 0.163 seconds
[2023-02-16T00:08:28.140+0000] {processor.py:153} INFO - Started process (PID=134) to work on /home/airflow/.local/lib/python3.7/site-packages/airflow/example_dags/example_complex.py
[2023-02-16T00:08:28.141+0000] {processor.py:743} INFO - Processing file /home/airflow/.local/lib/python3.7/site-packages/airflow/example_dags/example_complex.py for tasks to queue
[2023-02-16T00:08:28.142+0000] {logging_mixin.py:137} INFO - [2023-02-16T00:08:28.142+0000] {dagbag.py:538} INFO - Filling up the DagBag from /home/airflow/.local/lib/python3.7/site-packages/airflow/example_dags/example_complex.py
[2023-02-16T00:08:28.158+0000] {logging_mixin.py:137} INFO - [2023-02-16T00:08:28.158+0000] {taskmixin.py:205} WARNING - Dependency <Task(BashOperator): create_entry_group>, delete_entry_group already registered for DAG: example_complex
[2023-02-16T00:08:28.158+0000] {logging_mixin.py:137} INFO - [2023-02-16T00:08:28.158+0000] {taskmixin.py:205} WARNING - Dependency <Task(BashOperator): delete_entry_group>, create_entry_group already registered for DAG: example_complex
[2023-02-16T00:08:28.158+0000] {logging_mixin.py:137} INFO - [2023-02-16T00:08:28.158+0000] {taskmixin.py:205} WARNING - Dependency <Task(BashOperator): create_entry_gcs>, delete_entry already registered for DAG: example_complex
[2023-02-16T00:08:28.159+0000] {logging_mixin.py:137} INFO - [2023-02-16T00:08:28.159+0000] {taskmixin.py:205} WARNING - Dependency <Task(BashOperator): delete_entry>, create_entry_gcs already registered for DAG: example_complex
[2023-02-16T00:08:28.159+0000] {logging_mixin.py:137} INFO - [2023-02-16T00:08:28.159+0000] {taskmixin.py:205} WARNING - Dependency <Task(BashOperator): create_tag>, delete_tag already registered for DAG: example_complex
[2023-02-16T00:08:28.159+0000] {logging_mixin.py:137} INFO - [2023-02-16T00:08:28.159+0000] {taskmixin.py:205} WARNING - Dependency <Task(BashOperator): delete_tag>, create_tag already registered for DAG: example_complex
[2023-02-16T00:08:28.170+0000] {processor.py:753} INFO - DAG(s) dict_keys(['example_complex']) retrieved from /home/airflow/.local/lib/python3.7/site-packages/airflow/example_dags/example_complex.py
[2023-02-16T00:08:28.215+0000] {logging_mixin.py:137} INFO - [2023-02-16T00:08:28.215+0000] {dag.py:2690} INFO - Sync 1 DAGs
[2023-02-16T00:08:28.259+0000] {logging_mixin.py:137} INFO - [2023-02-16T00:08:28.259+0000] {dag.py:3441} INFO - Setting next_dagrun for example_complex to None, run_after=None
[2023-02-16T00:08:28.301+0000] {processor.py:175} INFO - Processing /home/airflow/.local/lib/python3.7/site-packages/airflow/example_dags/example_complex.py took 0.164 seconds
[2023-02-16T00:08:59.451+0000] {processor.py:153} INFO - Started process (PID=215) to work on /home/airflow/.local/lib/python3.7/site-packages/airflow/example_dags/example_complex.py
[2023-02-16T00:08:59.453+0000] {processor.py:743} INFO - Processing file /home/airflow/.local/lib/python3.7/site-packages/airflow/example_dags/example_complex.py for tasks to queue
[2023-02-16T00:08:59.454+0000] {logging_mixin.py:137} INFO - [2023-02-16T00:08:59.453+0000] {dagbag.py:538} INFO - Filling up the DagBag from /home/airflow/.local/lib/python3.7/site-packages/airflow/example_dags/example_complex.py
[2023-02-16T00:08:59.472+0000] {logging_mixin.py:137} INFO - [2023-02-16T00:08:59.471+0000] {taskmixin.py:205} WARNING - Dependency <Task(BashOperator): create_entry_group>, delete_entry_group already registered for DAG: example_complex
[2023-02-16T00:08:59.472+0000] {logging_mixin.py:137} INFO - [2023-02-16T00:08:59.472+0000] {taskmixin.py:205} WARNING - Dependency <Task(BashOperator): delete_entry_group>, create_entry_group already registered for DAG: example_complex
[2023-02-16T00:08:59.472+0000] {logging_mixin.py:137} INFO - [2023-02-16T00:08:59.472+0000] {taskmixin.py:205} WARNING - Dependency <Task(BashOperator): create_entry_gcs>, delete_entry already registered for DAG: example_complex
[2023-02-16T00:08:59.473+0000] {logging_mixin.py:137} INFO - [2023-02-16T00:08:59.472+0000] {taskmixin.py:205} WARNING - Dependency <Task(BashOperator): delete_entry>, create_entry_gcs already registered for DAG: example_complex
[2023-02-16T00:08:59.473+0000] {logging_mixin.py:137} INFO - [2023-02-16T00:08:59.473+0000] {taskmixin.py:205} WARNING - Dependency <Task(BashOperator): create_tag>, delete_tag already registered for DAG: example_complex
[2023-02-16T00:08:59.473+0000] {logging_mixin.py:137} INFO - [2023-02-16T00:08:59.473+0000] {taskmixin.py:205} WARNING - Dependency <Task(BashOperator): delete_tag>, create_tag already registered for DAG: example_complex
[2023-02-16T00:08:59.486+0000] {processor.py:753} INFO - DAG(s) dict_keys(['example_complex']) retrieved from /home/airflow/.local/lib/python3.7/site-packages/airflow/example_dags/example_complex.py
[2023-02-16T00:08:59.533+0000] {logging_mixin.py:137} INFO - [2023-02-16T00:08:59.532+0000] {dag.py:2690} INFO - Sync 1 DAGs
[2023-02-16T00:08:59.572+0000] {logging_mixin.py:137} INFO - [2023-02-16T00:08:59.572+0000] {dag.py:3441} INFO - Setting next_dagrun for example_complex to None, run_after=None
[2023-02-16T00:08:59.617+0000] {processor.py:175} INFO - Processing /home/airflow/.local/lib/python3.7/site-packages/airflow/example_dags/example_complex.py took 0.170 seconds
[2023-02-16T00:09:30.041+0000] {processor.py:153} INFO - Started process (PID=294) to work on /home/airflow/.local/lib/python3.7/site-packages/airflow/example_dags/example_complex.py
[2023-02-16T00:09:30.043+0000] {processor.py:743} INFO - Processing file /home/airflow/.local/lib/python3.7/site-packages/airflow/example_dags/example_complex.py for tasks to queue
[2023-02-16T00:09:30.044+0000] {logging_mixin.py:137} INFO - [2023-02-16T00:09:30.044+0000] {dagbag.py:538} INFO - Filling up the DagBag from /home/airflow/.local/lib/python3.7/site-packages/airflow/example_dags/example_complex.py
[2023-02-16T00:09:30.062+0000] {logging_mixin.py:137} INFO - [2023-02-16T00:09:30.061+0000] {taskmixin.py:205} WARNING - Dependency <Task(BashOperator): create_entry_group>, delete_entry_group already registered for DAG: example_complex
[2023-02-16T00:09:30.062+0000] {logging_mixin.py:137} INFO - [2023-02-16T00:09:30.062+0000] {taskmixin.py:205} WARNING - Dependency <Task(BashOperator): delete_entry_group>, create_entry_group already registered for DAG: example_complex
[2023-02-16T00:09:30.062+0000] {logging_mixin.py:137} INFO - [2023-02-16T00:09:30.062+0000] {taskmixin.py:205} WARNING - Dependency <Task(BashOperator): create_entry_gcs>, delete_entry already registered for DAG: example_complex
[2023-02-16T00:09:30.062+0000] {logging_mixin.py:137} INFO - [2023-02-16T00:09:30.062+0000] {taskmixin.py:205} WARNING - Dependency <Task(BashOperator): delete_entry>, create_entry_gcs already registered for DAG: example_complex
[2023-02-16T00:09:30.063+0000] {logging_mixin.py:137} INFO - [2023-02-16T00:09:30.063+0000] {taskmixin.py:205} WARNING - Dependency <Task(BashOperator): create_tag>, delete_tag already registered for DAG: example_complex
[2023-02-16T00:09:30.063+0000] {logging_mixin.py:137} INFO - [2023-02-16T00:09:30.063+0000] {taskmixin.py:205} WARNING - Dependency <Task(BashOperator): delete_tag>, create_tag already registered for DAG: example_complex
[2023-02-16T00:09:30.074+0000] {processor.py:753} INFO - DAG(s) dict_keys(['example_complex']) retrieved from /home/airflow/.local/lib/python3.7/site-packages/airflow/example_dags/example_complex.py
[2023-02-16T00:09:30.115+0000] {logging_mixin.py:137} INFO - [2023-02-16T00:09:30.114+0000] {dag.py:2690} INFO - Sync 1 DAGs
[2023-02-16T00:09:30.149+0000] {logging_mixin.py:137} INFO - [2023-02-16T00:09:30.149+0000] {dag.py:3441} INFO - Setting next_dagrun for example_complex to None, run_after=None
[2023-02-16T00:09:30.187+0000] {processor.py:175} INFO - Processing /home/airflow/.local/lib/python3.7/site-packages/airflow/example_dags/example_complex.py took 0.151 seconds
[2023-02-16T00:10:00.731+0000] {processor.py:153} INFO - Started process (PID=367) to work on /home/airflow/.local/lib/python3.7/site-packages/airflow/example_dags/example_complex.py
[2023-02-16T00:10:00.733+0000] {processor.py:743} INFO - Processing file /home/airflow/.local/lib/python3.7/site-packages/airflow/example_dags/example_complex.py for tasks to queue
[2023-02-16T00:10:00.733+0000] {logging_mixin.py:137} INFO - [2023-02-16T00:10:00.733+0000] {dagbag.py:538} INFO - Filling up the DagBag from /home/airflow/.local/lib/python3.7/site-packages/airflow/example_dags/example_complex.py
[2023-02-16T00:10:00.749+0000] {logging_mixin.py:137} INFO - [2023-02-16T00:10:00.749+0000] {taskmixin.py:205} WARNING - Dependency <Task(BashOperator): create_entry_group>, delete_entry_group already registered for DAG: example_complex
[2023-02-16T00:10:00.749+0000] {logging_mixin.py:137} INFO - [2023-02-16T00:10:00.749+0000] {taskmixin.py:205} WARNING - Dependency <Task(BashOperator): delete_entry_group>, create_entry_group already registered for DAG: example_complex
[2023-02-16T00:10:00.750+0000] {logging_mixin.py:137} INFO - [2023-02-16T00:10:00.749+0000] {taskmixin.py:205} WARNING - Dependency <Task(BashOperator): create_entry_gcs>, delete_entry already registered for DAG: example_complex
[2023-02-16T00:10:00.750+0000] {logging_mixin.py:137} INFO - [2023-02-16T00:10:00.750+0000] {taskmixin.py:205} WARNING - Dependency <Task(BashOperator): delete_entry>, create_entry_gcs already registered for DAG: example_complex
[2023-02-16T00:10:00.750+0000] {logging_mixin.py:137} INFO - [2023-02-16T00:10:00.750+0000] {taskmixin.py:205} WARNING - Dependency <Task(BashOperator): create_tag>, delete_tag already registered for DAG: example_complex
[2023-02-16T00:10:00.751+0000] {logging_mixin.py:137} INFO - [2023-02-16T00:10:00.751+0000] {taskmixin.py:205} WARNING - Dependency <Task(BashOperator): delete_tag>, create_tag already registered for DAG: example_complex
[2023-02-16T00:10:00.760+0000] {processor.py:753} INFO - DAG(s) dict_keys(['example_complex']) retrieved from /home/airflow/.local/lib/python3.7/site-packages/airflow/example_dags/example_complex.py
[2023-02-16T00:10:00.805+0000] {logging_mixin.py:137} INFO - [2023-02-16T00:10:00.805+0000] {dag.py:2690} INFO - Sync 1 DAGs
[2023-02-16T00:10:00.851+0000] {logging_mixin.py:137} INFO - [2023-02-16T00:10:00.851+0000] {dag.py:3441} INFO - Setting next_dagrun for example_complex to None, run_after=None
[2023-02-16T00:10:00.885+0000] {processor.py:175} INFO - Processing /home/airflow/.local/lib/python3.7/site-packages/airflow/example_dags/example_complex.py took 0.157 seconds
[2023-02-16T00:10:31.594+0000] {processor.py:153} INFO - Started process (PID=439) to work on /home/airflow/.local/lib/python3.7/site-packages/airflow/example_dags/example_complex.py
[2023-02-16T00:10:31.595+0000] {processor.py:743} INFO - Processing file /home/airflow/.local/lib/python3.7/site-packages/airflow/example_dags/example_complex.py for tasks to queue
[2023-02-16T00:10:31.596+0000] {logging_mixin.py:137} INFO - [2023-02-16T00:10:31.596+0000] {dagbag.py:538} INFO - Filling up the DagBag from /home/airflow/.local/lib/python3.7/site-packages/airflow/example_dags/example_complex.py
[2023-02-16T00:10:31.613+0000] {logging_mixin.py:137} INFO - [2023-02-16T00:10:31.612+0000] {taskmixin.py:205} WARNING - Dependency <Task(BashOperator): create_entry_group>, delete_entry_group already registered for DAG: example_complex
[2023-02-16T00:10:31.613+0000] {logging_mixin.py:137} INFO - [2023-02-16T00:10:31.613+0000] {taskmixin.py:205} WARNING - Dependency <Task(BashOperator): delete_entry_group>, create_entry_group already registered for DAG: example_complex
[2023-02-16T00:10:31.613+0000] {logging_mixin.py:137} INFO - [2023-02-16T00:10:31.613+0000] {taskmixin.py:205} WARNING - Dependency <Task(BashOperator): create_entry_gcs>, delete_entry already registered for DAG: example_complex
[2023-02-16T00:10:31.614+0000] {logging_mixin.py:137} INFO - [2023-02-16T00:10:31.613+0000] {taskmixin.py:205} WARNING - Dependency <Task(BashOperator): delete_entry>, create_entry_gcs already registered for DAG: example_complex
[2023-02-16T00:10:31.614+0000] {logging_mixin.py:137} INFO - [2023-02-16T00:10:31.614+0000] {taskmixin.py:205} WARNING - Dependency <Task(BashOperator): create_tag>, delete_tag already registered for DAG: example_complex
[2023-02-16T00:10:31.614+0000] {logging_mixin.py:137} INFO - [2023-02-16T00:10:31.614+0000] {taskmixin.py:205} WARNING - Dependency <Task(BashOperator): delete_tag>, create_tag already registered for DAG: example_complex
[2023-02-16T00:10:31.624+0000] {processor.py:753} INFO - DAG(s) dict_keys(['example_complex']) retrieved from /home/airflow/.local/lib/python3.7/site-packages/airflow/example_dags/example_complex.py
[2023-02-16T00:10:31.670+0000] {logging_mixin.py:137} INFO - [2023-02-16T00:10:31.669+0000] {dag.py:2690} INFO - Sync 1 DAGs
[2023-02-16T00:10:31.709+0000] {logging_mixin.py:137} INFO - [2023-02-16T00:10:31.708+0000] {dag.py:3441} INFO - Setting next_dagrun for example_complex to None, run_after=None
[2023-02-16T00:10:31.747+0000] {processor.py:175} INFO - Processing /home/airflow/.local/lib/python3.7/site-packages/airflow/example_dags/example_complex.py took 0.157 seconds
[2023-02-16T00:11:02.358+0000] {processor.py:153} INFO - Started process (PID=528) to work on /home/airflow/.local/lib/python3.7/site-packages/airflow/example_dags/example_complex.py
[2023-02-16T00:11:02.359+0000] {processor.py:743} INFO - Processing file /home/airflow/.local/lib/python3.7/site-packages/airflow/example_dags/example_complex.py for tasks to queue
[2023-02-16T00:11:02.361+0000] {logging_mixin.py:137} INFO - [2023-02-16T00:11:02.361+0000] {dagbag.py:538} INFO - Filling up the DagBag from /home/airflow/.local/lib/python3.7/site-packages/airflow/example_dags/example_complex.py
[2023-02-16T00:11:02.381+0000] {logging_mixin.py:137} INFO - [2023-02-16T00:11:02.381+0000] {taskmixin.py:205} WARNING - Dependency <Task(BashOperator): create_entry_group>, delete_entry_group already registered for DAG: example_complex
[2023-02-16T00:11:02.381+0000] {logging_mixin.py:137} INFO - [2023-02-16T00:11:02.381+0000] {taskmixin.py:205} WARNING - Dependency <Task(BashOperator): delete_entry_group>, create_entry_group already registered for DAG: example_complex
[2023-02-16T00:11:02.381+0000] {logging_mixin.py:137} INFO - [2023-02-16T00:11:02.381+0000] {taskmixin.py:205} WARNING - Dependency <Task(BashOperator): create_entry_gcs>, delete_entry already registered for DAG: example_complex
[2023-02-16T00:11:02.382+0000] {logging_mixin.py:137} INFO - [2023-02-16T00:11:02.382+0000] {taskmixin.py:205} WARNING - Dependency <Task(BashOperator): delete_entry>, create_entry_gcs already registered for DAG: example_complex
[2023-02-16T00:11:02.382+0000] {logging_mixin.py:137} INFO - [2023-02-16T00:11:02.382+0000] {taskmixin.py:205} WARNING - Dependency <Task(BashOperator): create_tag>, delete_tag already registered for DAG: example_complex
[2023-02-16T00:11:02.382+0000] {logging_mixin.py:137} INFO - [2023-02-16T00:11:02.382+0000] {taskmixin.py:205} WARNING - Dependency <Task(BashOperator): delete_tag>, create_tag already registered for DAG: example_complex
[2023-02-16T00:11:02.391+0000] {processor.py:753} INFO - DAG(s) dict_keys(['example_complex']) retrieved from /home/airflow/.local/lib/python3.7/site-packages/airflow/example_dags/example_complex.py
[2023-02-16T00:11:02.450+0000] {logging_mixin.py:137} INFO - [2023-02-16T00:11:02.449+0000] {dag.py:2690} INFO - Sync 1 DAGs
[2023-02-16T00:11:02.495+0000] {logging_mixin.py:137} INFO - [2023-02-16T00:11:02.495+0000] {dag.py:3441} INFO - Setting next_dagrun for example_complex to None, run_after=None
[2023-02-16T00:11:02.528+0000] {processor.py:175} INFO - Processing /home/airflow/.local/lib/python3.7/site-packages/airflow/example_dags/example_complex.py took 0.176 seconds
