[2023-02-16T00:00:13.541+0000] {processor.py:153} INFO - Started process (PID=767) to work on /home/airflow/.local/lib/python3.7/site-packages/airflow/example_dags/example_latest_only_with_trigger.py
[2023-02-16T00:00:13.542+0000] {processor.py:743} INFO - Processing file /home/airflow/.local/lib/python3.7/site-packages/airflow/example_dags/example_latest_only_with_trigger.py for tasks to queue
[2023-02-16T00:00:13.543+0000] {logging_mixin.py:137} INFO - [2023-02-16T00:00:13.543+0000] {dagbag.py:538} INFO - Filling up the DagBag from /home/airflow/.local/lib/python3.7/site-packages/airflow/example_dags/example_latest_only_with_trigger.py
[2023-02-16T00:00:13.556+0000] {processor.py:753} INFO - DAG(s) dict_keys(['latest_only_with_trigger']) retrieved from /home/airflow/.local/lib/python3.7/site-packages/airflow/example_dags/example_latest_only_with_trigger.py
[2023-02-16T00:00:13.585+0000] {logging_mixin.py:137} INFO - [2023-02-16T00:00:13.585+0000] {dag.py:2690} INFO - Sync 1 DAGs
[2023-02-16T00:00:13.620+0000] {logging_mixin.py:137} INFO - [2023-02-16T00:00:13.620+0000] {dag.py:3441} INFO - Setting next_dagrun for latest_only_with_trigger to 2023-02-15T20:00:13.620043+00:00, run_after=2023-02-16T00:00:13.620043+00:00
[2023-02-16T00:00:13.653+0000] {processor.py:175} INFO - Processing /home/airflow/.local/lib/python3.7/site-packages/airflow/example_dags/example_latest_only_with_trigger.py took 0.116 seconds
[2023-02-16T00:00:44.458+0000] {processor.py:153} INFO - Started process (PID=841) to work on /home/airflow/.local/lib/python3.7/site-packages/airflow/example_dags/example_latest_only_with_trigger.py
[2023-02-16T00:00:44.458+0000] {processor.py:743} INFO - Processing file /home/airflow/.local/lib/python3.7/site-packages/airflow/example_dags/example_latest_only_with_trigger.py for tasks to queue
[2023-02-16T00:00:44.459+0000] {logging_mixin.py:137} INFO - [2023-02-16T00:00:44.459+0000] {dagbag.py:538} INFO - Filling up the DagBag from /home/airflow/.local/lib/python3.7/site-packages/airflow/example_dags/example_latest_only_with_trigger.py
[2023-02-16T00:00:44.476+0000] {processor.py:753} INFO - DAG(s) dict_keys(['latest_only_with_trigger']) retrieved from /home/airflow/.local/lib/python3.7/site-packages/airflow/example_dags/example_latest_only_with_trigger.py
[2023-02-16T00:00:44.512+0000] {logging_mixin.py:137} INFO - [2023-02-16T00:00:44.511+0000] {dag.py:2690} INFO - Sync 1 DAGs
[2023-02-16T00:00:44.556+0000] {logging_mixin.py:137} INFO - [2023-02-16T00:00:44.556+0000] {dag.py:3441} INFO - Setting next_dagrun for latest_only_with_trigger to 2023-02-15T20:00:44.555764+00:00, run_after=2023-02-16T00:00:44.555764+00:00
[2023-02-16T00:00:44.595+0000] {processor.py:175} INFO - Processing /home/airflow/.local/lib/python3.7/site-packages/airflow/example_dags/example_latest_only_with_trigger.py took 0.143 seconds
[2023-02-16T00:01:15.688+0000] {processor.py:153} INFO - Started process (PID=930) to work on /home/airflow/.local/lib/python3.7/site-packages/airflow/example_dags/example_latest_only_with_trigger.py
[2023-02-16T00:01:15.689+0000] {processor.py:743} INFO - Processing file /home/airflow/.local/lib/python3.7/site-packages/airflow/example_dags/example_latest_only_with_trigger.py for tasks to queue
[2023-02-16T00:01:15.689+0000] {logging_mixin.py:137} INFO - [2023-02-16T00:01:15.689+0000] {dagbag.py:538} INFO - Filling up the DagBag from /home/airflow/.local/lib/python3.7/site-packages/airflow/example_dags/example_latest_only_with_trigger.py
[2023-02-16T00:01:15.704+0000] {processor.py:753} INFO - DAG(s) dict_keys(['latest_only_with_trigger']) retrieved from /home/airflow/.local/lib/python3.7/site-packages/airflow/example_dags/example_latest_only_with_trigger.py
[2023-02-16T00:01:15.734+0000] {logging_mixin.py:137} INFO - [2023-02-16T00:01:15.734+0000] {dag.py:2690} INFO - Sync 1 DAGs
[2023-02-16T00:01:15.766+0000] {logging_mixin.py:137} INFO - [2023-02-16T00:01:15.766+0000] {dag.py:3441} INFO - Setting next_dagrun for latest_only_with_trigger to 2023-02-15T20:01:15.766203+00:00, run_after=2023-02-16T00:01:15.766203+00:00
[2023-02-16T00:01:15.796+0000] {processor.py:175} INFO - Processing /home/airflow/.local/lib/python3.7/site-packages/airflow/example_dags/example_latest_only_with_trigger.py took 0.112 seconds
[2023-02-16T00:01:46.288+0000] {processor.py:153} INFO - Started process (PID=1002) to work on /home/airflow/.local/lib/python3.7/site-packages/airflow/example_dags/example_latest_only_with_trigger.py
[2023-02-16T00:01:46.290+0000] {processor.py:743} INFO - Processing file /home/airflow/.local/lib/python3.7/site-packages/airflow/example_dags/example_latest_only_with_trigger.py for tasks to queue
[2023-02-16T00:01:46.291+0000] {logging_mixin.py:137} INFO - [2023-02-16T00:01:46.290+0000] {dagbag.py:538} INFO - Filling up the DagBag from /home/airflow/.local/lib/python3.7/site-packages/airflow/example_dags/example_latest_only_with_trigger.py
[2023-02-16T00:01:46.305+0000] {processor.py:753} INFO - DAG(s) dict_keys(['latest_only_with_trigger']) retrieved from /home/airflow/.local/lib/python3.7/site-packages/airflow/example_dags/example_latest_only_with_trigger.py
[2023-02-16T00:01:46.336+0000] {logging_mixin.py:137} INFO - [2023-02-16T00:01:46.336+0000] {dag.py:2690} INFO - Sync 1 DAGs
[2023-02-16T00:01:46.370+0000] {logging_mixin.py:137} INFO - [2023-02-16T00:01:46.369+0000] {dag.py:3441} INFO - Setting next_dagrun for latest_only_with_trigger to 2023-02-15T20:01:46.369483+00:00, run_after=2023-02-16T00:01:46.369483+00:00
[2023-02-16T00:01:46.402+0000] {processor.py:175} INFO - Processing /home/airflow/.local/lib/python3.7/site-packages/airflow/example_dags/example_latest_only_with_trigger.py took 0.118 seconds
[2023-02-16T00:02:17.187+0000] {processor.py:153} INFO - Started process (PID=1075) to work on /home/airflow/.local/lib/python3.7/site-packages/airflow/example_dags/example_latest_only_with_trigger.py
[2023-02-16T00:02:17.189+0000] {processor.py:743} INFO - Processing file /home/airflow/.local/lib/python3.7/site-packages/airflow/example_dags/example_latest_only_with_trigger.py for tasks to queue
[2023-02-16T00:02:17.189+0000] {logging_mixin.py:137} INFO - [2023-02-16T00:02:17.189+0000] {dagbag.py:538} INFO - Filling up the DagBag from /home/airflow/.local/lib/python3.7/site-packages/airflow/example_dags/example_latest_only_with_trigger.py
[2023-02-16T00:02:17.210+0000] {processor.py:753} INFO - DAG(s) dict_keys(['latest_only_with_trigger']) retrieved from /home/airflow/.local/lib/python3.7/site-packages/airflow/example_dags/example_latest_only_with_trigger.py
[2023-02-16T00:02:17.249+0000] {logging_mixin.py:137} INFO - [2023-02-16T00:02:17.249+0000] {dag.py:2690} INFO - Sync 1 DAGs
[2023-02-16T00:02:17.288+0000] {logging_mixin.py:137} INFO - [2023-02-16T00:02:17.288+0000] {dag.py:3441} INFO - Setting next_dagrun for latest_only_with_trigger to 2023-02-15T20:02:17.288490+00:00, run_after=2023-02-16T00:02:17.288490+00:00
[2023-02-16T00:02:17.323+0000] {processor.py:175} INFO - Processing /home/airflow/.local/lib/python3.7/site-packages/airflow/example_dags/example_latest_only_with_trigger.py took 0.140 seconds
[2023-02-16T00:02:48.287+0000] {processor.py:153} INFO - Started process (PID=1163) to work on /home/airflow/.local/lib/python3.7/site-packages/airflow/example_dags/example_latest_only_with_trigger.py
[2023-02-16T00:02:48.288+0000] {processor.py:743} INFO - Processing file /home/airflow/.local/lib/python3.7/site-packages/airflow/example_dags/example_latest_only_with_trigger.py for tasks to queue
[2023-02-16T00:02:48.289+0000] {logging_mixin.py:137} INFO - [2023-02-16T00:02:48.289+0000] {dagbag.py:538} INFO - Filling up the DagBag from /home/airflow/.local/lib/python3.7/site-packages/airflow/example_dags/example_latest_only_with_trigger.py
[2023-02-16T00:02:48.309+0000] {processor.py:753} INFO - DAG(s) dict_keys(['latest_only_with_trigger']) retrieved from /home/airflow/.local/lib/python3.7/site-packages/airflow/example_dags/example_latest_only_with_trigger.py
[2023-02-16T00:02:48.344+0000] {logging_mixin.py:137} INFO - [2023-02-16T00:02:48.343+0000] {dag.py:2690} INFO - Sync 1 DAGs
[2023-02-16T00:02:48.392+0000] {logging_mixin.py:137} INFO - [2023-02-16T00:02:48.392+0000] {dag.py:3441} INFO - Setting next_dagrun for latest_only_with_trigger to 2023-02-15T20:02:48.391692+00:00, run_after=2023-02-16T00:02:48.391692+00:00
[2023-02-16T00:02:48.473+0000] {processor.py:175} INFO - Processing /home/airflow/.local/lib/python3.7/site-packages/airflow/example_dags/example_latest_only_with_trigger.py took 0.189 seconds
[2023-02-16T00:03:18.617+0000] {processor.py:153} INFO - Started process (PID=1235) to work on /home/airflow/.local/lib/python3.7/site-packages/airflow/example_dags/example_latest_only_with_trigger.py
[2023-02-16T00:03:18.618+0000] {processor.py:743} INFO - Processing file /home/airflow/.local/lib/python3.7/site-packages/airflow/example_dags/example_latest_only_with_trigger.py for tasks to queue
[2023-02-16T00:03:18.619+0000] {logging_mixin.py:137} INFO - [2023-02-16T00:03:18.619+0000] {dagbag.py:538} INFO - Filling up the DagBag from /home/airflow/.local/lib/python3.7/site-packages/airflow/example_dags/example_latest_only_with_trigger.py
[2023-02-16T00:03:18.633+0000] {processor.py:753} INFO - DAG(s) dict_keys(['latest_only_with_trigger']) retrieved from /home/airflow/.local/lib/python3.7/site-packages/airflow/example_dags/example_latest_only_with_trigger.py
[2023-02-16T00:03:18.669+0000] {logging_mixin.py:137} INFO - [2023-02-16T00:03:18.669+0000] {dag.py:2690} INFO - Sync 1 DAGs
[2023-02-16T00:03:18.716+0000] {logging_mixin.py:137} INFO - [2023-02-16T00:03:18.716+0000] {dag.py:3441} INFO - Setting next_dagrun for latest_only_with_trigger to 2023-02-15T20:03:18.716018+00:00, run_after=2023-02-16T00:03:18.716018+00:00
[2023-02-16T00:03:18.752+0000] {processor.py:175} INFO - Processing /home/airflow/.local/lib/python3.7/site-packages/airflow/example_dags/example_latest_only_with_trigger.py took 0.139 seconds
[2023-02-16T00:03:49.547+0000] {processor.py:153} INFO - Started process (PID=1307) to work on /home/airflow/.local/lib/python3.7/site-packages/airflow/example_dags/example_latest_only_with_trigger.py
[2023-02-16T00:03:49.548+0000] {processor.py:743} INFO - Processing file /home/airflow/.local/lib/python3.7/site-packages/airflow/example_dags/example_latest_only_with_trigger.py for tasks to queue
[2023-02-16T00:03:49.548+0000] {logging_mixin.py:137} INFO - [2023-02-16T00:03:49.548+0000] {dagbag.py:538} INFO - Filling up the DagBag from /home/airflow/.local/lib/python3.7/site-packages/airflow/example_dags/example_latest_only_with_trigger.py
[2023-02-16T00:03:49.568+0000] {processor.py:753} INFO - DAG(s) dict_keys(['latest_only_with_trigger']) retrieved from /home/airflow/.local/lib/python3.7/site-packages/airflow/example_dags/example_latest_only_with_trigger.py
[2023-02-16T00:03:49.613+0000] {logging_mixin.py:137} INFO - [2023-02-16T00:03:49.613+0000] {dag.py:2690} INFO - Sync 1 DAGs
[2023-02-16T00:03:49.661+0000] {logging_mixin.py:137} INFO - [2023-02-16T00:03:49.661+0000] {dag.py:3441} INFO - Setting next_dagrun for latest_only_with_trigger to 2023-02-15T20:03:49.661390+00:00, run_after=2023-02-16T00:03:49.661390+00:00
[2023-02-16T00:03:49.697+0000] {processor.py:175} INFO - Processing /home/airflow/.local/lib/python3.7/site-packages/airflow/example_dags/example_latest_only_with_trigger.py took 0.155 seconds
[2023-02-16T00:04:20.073+0000] {processor.py:153} INFO - Started process (PID=1388) to work on /home/airflow/.local/lib/python3.7/site-packages/airflow/example_dags/example_latest_only_with_trigger.py
[2023-02-16T00:04:20.074+0000] {processor.py:743} INFO - Processing file /home/airflow/.local/lib/python3.7/site-packages/airflow/example_dags/example_latest_only_with_trigger.py for tasks to queue
[2023-02-16T00:04:20.075+0000] {logging_mixin.py:137} INFO - [2023-02-16T00:04:20.074+0000] {dagbag.py:538} INFO - Filling up the DagBag from /home/airflow/.local/lib/python3.7/site-packages/airflow/example_dags/example_latest_only_with_trigger.py
[2023-02-16T00:04:20.092+0000] {processor.py:753} INFO - DAG(s) dict_keys(['latest_only_with_trigger']) retrieved from /home/airflow/.local/lib/python3.7/site-packages/airflow/example_dags/example_latest_only_with_trigger.py
[2023-02-16T00:04:20.125+0000] {logging_mixin.py:137} INFO - [2023-02-16T00:04:20.125+0000] {dag.py:2690} INFO - Sync 1 DAGs
[2023-02-16T00:04:20.172+0000] {logging_mixin.py:137} INFO - [2023-02-16T00:04:20.172+0000] {dag.py:3441} INFO - Setting next_dagrun for latest_only_with_trigger to 2023-02-15T20:04:20.171812+00:00, run_after=2023-02-16T00:04:20.171812+00:00
[2023-02-16T00:04:20.210+0000] {processor.py:175} INFO - Processing /home/airflow/.local/lib/python3.7/site-packages/airflow/example_dags/example_latest_only_with_trigger.py took 0.144 seconds
[2023-02-16T00:04:50.816+0000] {processor.py:153} INFO - Started process (PID=1469) to work on /home/airflow/.local/lib/python3.7/site-packages/airflow/example_dags/example_latest_only_with_trigger.py
[2023-02-16T00:04:50.818+0000] {processor.py:743} INFO - Processing file /home/airflow/.local/lib/python3.7/site-packages/airflow/example_dags/example_latest_only_with_trigger.py for tasks to queue
[2023-02-16T00:04:50.820+0000] {logging_mixin.py:137} INFO - [2023-02-16T00:04:50.819+0000] {dagbag.py:538} INFO - Filling up the DagBag from /home/airflow/.local/lib/python3.7/site-packages/airflow/example_dags/example_latest_only_with_trigger.py
[2023-02-16T00:04:50.854+0000] {processor.py:753} INFO - DAG(s) dict_keys(['latest_only_with_trigger']) retrieved from /home/airflow/.local/lib/python3.7/site-packages/airflow/example_dags/example_latest_only_with_trigger.py
[2023-02-16T00:04:50.906+0000] {logging_mixin.py:137} INFO - [2023-02-16T00:04:50.906+0000] {dag.py:2690} INFO - Sync 1 DAGs
[2023-02-16T00:04:50.974+0000] {logging_mixin.py:137} INFO - [2023-02-16T00:04:50.973+0000] {dag.py:3441} INFO - Setting next_dagrun for latest_only_with_trigger to 2023-02-15T20:04:50.973227+00:00, run_after=2023-02-16T00:04:50.973227+00:00
[2023-02-16T00:04:51.019+0000] {processor.py:175} INFO - Processing /home/airflow/.local/lib/python3.7/site-packages/airflow/example_dags/example_latest_only_with_trigger.py took 0.207 seconds
[2023-02-16T00:05:21.081+0000] {processor.py:153} INFO - Started process (PID=1541) to work on /home/airflow/.local/lib/python3.7/site-packages/airflow/example_dags/example_latest_only_with_trigger.py
[2023-02-16T00:05:21.082+0000] {processor.py:743} INFO - Processing file /home/airflow/.local/lib/python3.7/site-packages/airflow/example_dags/example_latest_only_with_trigger.py for tasks to queue
[2023-02-16T00:05:21.083+0000] {logging_mixin.py:137} INFO - [2023-02-16T00:05:21.082+0000] {dagbag.py:538} INFO - Filling up the DagBag from /home/airflow/.local/lib/python3.7/site-packages/airflow/example_dags/example_latest_only_with_trigger.py
[2023-02-16T00:05:21.100+0000] {processor.py:753} INFO - DAG(s) dict_keys(['latest_only_with_trigger']) retrieved from /home/airflow/.local/lib/python3.7/site-packages/airflow/example_dags/example_latest_only_with_trigger.py
[2023-02-16T00:05:21.134+0000] {logging_mixin.py:137} INFO - [2023-02-16T00:05:21.134+0000] {dag.py:2690} INFO - Sync 1 DAGs
[2023-02-16T00:05:21.170+0000] {logging_mixin.py:137} INFO - [2023-02-16T00:05:21.170+0000] {dag.py:3441} INFO - Setting next_dagrun for latest_only_with_trigger to 2023-02-15T20:05:21.170429+00:00, run_after=2023-02-16T00:05:21.170429+00:00
[2023-02-16T00:05:21.202+0000] {processor.py:175} INFO - Processing /home/airflow/.local/lib/python3.7/site-packages/airflow/example_dags/example_latest_only_with_trigger.py took 0.125 seconds
[2023-02-16T00:05:51.518+0000] {processor.py:153} INFO - Started process (PID=1613) to work on /home/airflow/.local/lib/python3.7/site-packages/airflow/example_dags/example_latest_only_with_trigger.py
[2023-02-16T00:05:51.519+0000] {processor.py:743} INFO - Processing file /home/airflow/.local/lib/python3.7/site-packages/airflow/example_dags/example_latest_only_with_trigger.py for tasks to queue
[2023-02-16T00:05:51.521+0000] {logging_mixin.py:137} INFO - [2023-02-16T00:05:51.520+0000] {dagbag.py:538} INFO - Filling up the DagBag from /home/airflow/.local/lib/python3.7/site-packages/airflow/example_dags/example_latest_only_with_trigger.py
[2023-02-16T00:05:51.538+0000] {processor.py:753} INFO - DAG(s) dict_keys(['latest_only_with_trigger']) retrieved from /home/airflow/.local/lib/python3.7/site-packages/airflow/example_dags/example_latest_only_with_trigger.py
[2023-02-16T00:05:51.570+0000] {logging_mixin.py:137} INFO - [2023-02-16T00:05:51.569+0000] {dag.py:2690} INFO - Sync 1 DAGs
[2023-02-16T00:05:51.608+0000] {logging_mixin.py:137} INFO - [2023-02-16T00:05:51.607+0000] {dag.py:3441} INFO - Setting next_dagrun for latest_only_with_trigger to 2023-02-15T20:05:51.607754+00:00, run_after=2023-02-16T00:05:51.607754+00:00
[2023-02-16T00:05:51.641+0000] {processor.py:175} INFO - Processing /home/airflow/.local/lib/python3.7/site-packages/airflow/example_dags/example_latest_only_with_trigger.py took 0.128 seconds
[2023-02-16T00:06:22.998+0000] {processor.py:153} INFO - Started process (PID=1701) to work on /home/airflow/.local/lib/python3.7/site-packages/airflow/example_dags/example_latest_only_with_trigger.py
[2023-02-16T00:06:22.999+0000] {processor.py:743} INFO - Processing file /home/airflow/.local/lib/python3.7/site-packages/airflow/example_dags/example_latest_only_with_trigger.py for tasks to queue
[2023-02-16T00:06:23.000+0000] {logging_mixin.py:137} INFO - [2023-02-16T00:06:23.000+0000] {dagbag.py:538} INFO - Filling up the DagBag from /home/airflow/.local/lib/python3.7/site-packages/airflow/example_dags/example_latest_only_with_trigger.py
[2023-02-16T00:06:23.015+0000] {processor.py:753} INFO - DAG(s) dict_keys(['latest_only_with_trigger']) retrieved from /home/airflow/.local/lib/python3.7/site-packages/airflow/example_dags/example_latest_only_with_trigger.py
[2023-02-16T00:06:23.053+0000] {logging_mixin.py:137} INFO - [2023-02-16T00:06:23.052+0000] {dag.py:2690} INFO - Sync 1 DAGs
[2023-02-16T00:06:23.099+0000] {logging_mixin.py:137} INFO - [2023-02-16T00:06:23.098+0000] {dag.py:3441} INFO - Setting next_dagrun for latest_only_with_trigger to 2023-02-15T20:06:23.098535+00:00, run_after=2023-02-16T00:06:23.098535+00:00
[2023-02-16T00:06:23.168+0000] {processor.py:175} INFO - Processing /home/airflow/.local/lib/python3.7/site-packages/airflow/example_dags/example_latest_only_with_trigger.py took 0.175 seconds
[2023-02-16T00:07:58.619+0000] {processor.py:153} INFO - Started process (PID=68) to work on /home/airflow/.local/lib/python3.7/site-packages/airflow/example_dags/example_latest_only_with_trigger.py
[2023-02-16T00:07:58.620+0000] {processor.py:743} INFO - Processing file /home/airflow/.local/lib/python3.7/site-packages/airflow/example_dags/example_latest_only_with_trigger.py for tasks to queue
[2023-02-16T00:07:58.621+0000] {logging_mixin.py:137} INFO - [2023-02-16T00:07:58.621+0000] {dagbag.py:538} INFO - Filling up the DagBag from /home/airflow/.local/lib/python3.7/site-packages/airflow/example_dags/example_latest_only_with_trigger.py
[2023-02-16T00:07:58.648+0000] {processor.py:753} INFO - DAG(s) dict_keys(['latest_only_with_trigger']) retrieved from /home/airflow/.local/lib/python3.7/site-packages/airflow/example_dags/example_latest_only_with_trigger.py
[2023-02-16T00:07:58.683+0000] {logging_mixin.py:137} INFO - [2023-02-16T00:07:58.683+0000] {dag.py:2690} INFO - Sync 1 DAGs
[2023-02-16T00:07:58.729+0000] {logging_mixin.py:137} INFO - [2023-02-16T00:07:58.729+0000] {dag.py:3441} INFO - Setting next_dagrun for latest_only_with_trigger to 2023-02-15T20:07:58.728889+00:00, run_after=2023-02-16T00:07:58.728889+00:00
[2023-02-16T00:07:58.782+0000] {processor.py:175} INFO - Processing /home/airflow/.local/lib/python3.7/site-packages/airflow/example_dags/example_latest_only_with_trigger.py took 0.169 seconds
[2023-02-16T00:08:29.086+0000] {processor.py:153} INFO - Started process (PID=141) to work on /home/airflow/.local/lib/python3.7/site-packages/airflow/example_dags/example_latest_only_with_trigger.py
[2023-02-16T00:08:29.088+0000] {processor.py:743} INFO - Processing file /home/airflow/.local/lib/python3.7/site-packages/airflow/example_dags/example_latest_only_with_trigger.py for tasks to queue
[2023-02-16T00:08:29.088+0000] {logging_mixin.py:137} INFO - [2023-02-16T00:08:29.088+0000] {dagbag.py:538} INFO - Filling up the DagBag from /home/airflow/.local/lib/python3.7/site-packages/airflow/example_dags/example_latest_only_with_trigger.py
[2023-02-16T00:08:29.105+0000] {processor.py:753} INFO - DAG(s) dict_keys(['latest_only_with_trigger']) retrieved from /home/airflow/.local/lib/python3.7/site-packages/airflow/example_dags/example_latest_only_with_trigger.py
[2023-02-16T00:08:29.140+0000] {logging_mixin.py:137} INFO - [2023-02-16T00:08:29.139+0000] {dag.py:2690} INFO - Sync 1 DAGs
[2023-02-16T00:08:29.189+0000] {logging_mixin.py:137} INFO - [2023-02-16T00:08:29.188+0000] {dag.py:3441} INFO - Setting next_dagrun for latest_only_with_trigger to 2023-02-15T20:08:29.188029+00:00, run_after=2023-02-16T00:08:29.188029+00:00
[2023-02-16T00:08:29.225+0000] {processor.py:175} INFO - Processing /home/airflow/.local/lib/python3.7/site-packages/airflow/example_dags/example_latest_only_with_trigger.py took 0.143 seconds
[2023-02-16T00:09:00.365+0000] {processor.py:153} INFO - Started process (PID=222) to work on /home/airflow/.local/lib/python3.7/site-packages/airflow/example_dags/example_latest_only_with_trigger.py
[2023-02-16T00:09:00.366+0000] {processor.py:743} INFO - Processing file /home/airflow/.local/lib/python3.7/site-packages/airflow/example_dags/example_latest_only_with_trigger.py for tasks to queue
[2023-02-16T00:09:00.367+0000] {logging_mixin.py:137} INFO - [2023-02-16T00:09:00.367+0000] {dagbag.py:538} INFO - Filling up the DagBag from /home/airflow/.local/lib/python3.7/site-packages/airflow/example_dags/example_latest_only_with_trigger.py
[2023-02-16T00:09:00.388+0000] {processor.py:753} INFO - DAG(s) dict_keys(['latest_only_with_trigger']) retrieved from /home/airflow/.local/lib/python3.7/site-packages/airflow/example_dags/example_latest_only_with_trigger.py
[2023-02-16T00:09:00.429+0000] {logging_mixin.py:137} INFO - [2023-02-16T00:09:00.429+0000] {dag.py:2690} INFO - Sync 1 DAGs
[2023-02-16T00:09:00.474+0000] {logging_mixin.py:137} INFO - [2023-02-16T00:09:00.473+0000] {dag.py:3441} INFO - Setting next_dagrun for latest_only_with_trigger to 2023-02-15T20:09:00.473361+00:00, run_after=2023-02-16T00:09:00.473361+00:00
[2023-02-16T00:09:00.511+0000] {processor.py:175} INFO - Processing /home/airflow/.local/lib/python3.7/site-packages/airflow/example_dags/example_latest_only_with_trigger.py took 0.151 seconds
[2023-02-16T00:09:30.735+0000] {processor.py:153} INFO - Started process (PID=301) to work on /home/airflow/.local/lib/python3.7/site-packages/airflow/example_dags/example_latest_only_with_trigger.py
[2023-02-16T00:09:30.737+0000] {processor.py:743} INFO - Processing file /home/airflow/.local/lib/python3.7/site-packages/airflow/example_dags/example_latest_only_with_trigger.py for tasks to queue
[2023-02-16T00:09:30.738+0000] {logging_mixin.py:137} INFO - [2023-02-16T00:09:30.738+0000] {dagbag.py:538} INFO - Filling up the DagBag from /home/airflow/.local/lib/python3.7/site-packages/airflow/example_dags/example_latest_only_with_trigger.py
[2023-02-16T00:09:30.753+0000] {processor.py:753} INFO - DAG(s) dict_keys(['latest_only_with_trigger']) retrieved from /home/airflow/.local/lib/python3.7/site-packages/airflow/example_dags/example_latest_only_with_trigger.py
[2023-02-16T00:09:30.788+0000] {logging_mixin.py:137} INFO - [2023-02-16T00:09:30.788+0000] {dag.py:2690} INFO - Sync 1 DAGs
[2023-02-16T00:09:30.828+0000] {logging_mixin.py:137} INFO - [2023-02-16T00:09:30.827+0000] {dag.py:3441} INFO - Setting next_dagrun for latest_only_with_trigger to 2023-02-15T20:09:30.827654+00:00, run_after=2023-02-16T00:09:30.827654+00:00
[2023-02-16T00:09:30.860+0000] {processor.py:175} INFO - Processing /home/airflow/.local/lib/python3.7/site-packages/airflow/example_dags/example_latest_only_with_trigger.py took 0.129 seconds
[2023-02-16T00:10:01.494+0000] {processor.py:153} INFO - Started process (PID=374) to work on /home/airflow/.local/lib/python3.7/site-packages/airflow/example_dags/example_latest_only_with_trigger.py
[2023-02-16T00:10:01.497+0000] {processor.py:743} INFO - Processing file /home/airflow/.local/lib/python3.7/site-packages/airflow/example_dags/example_latest_only_with_trigger.py for tasks to queue
[2023-02-16T00:10:01.499+0000] {logging_mixin.py:137} INFO - [2023-02-16T00:10:01.498+0000] {dagbag.py:538} INFO - Filling up the DagBag from /home/airflow/.local/lib/python3.7/site-packages/airflow/example_dags/example_latest_only_with_trigger.py
[2023-02-16T00:10:01.529+0000] {processor.py:753} INFO - DAG(s) dict_keys(['latest_only_with_trigger']) retrieved from /home/airflow/.local/lib/python3.7/site-packages/airflow/example_dags/example_latest_only_with_trigger.py
[2023-02-16T00:10:01.574+0000] {logging_mixin.py:137} INFO - [2023-02-16T00:10:01.574+0000] {dag.py:2690} INFO - Sync 1 DAGs
[2023-02-16T00:10:01.640+0000] {logging_mixin.py:137} INFO - [2023-02-16T00:10:01.639+0000] {dag.py:3441} INFO - Setting next_dagrun for latest_only_with_trigger to 2023-02-15T20:10:01.638050+00:00, run_after=2023-02-16T00:10:01.638050+00:00
[2023-02-16T00:10:01.699+0000] {processor.py:175} INFO - Processing /home/airflow/.local/lib/python3.7/site-packages/airflow/example_dags/example_latest_only_with_trigger.py took 0.213 seconds
[2023-02-16T00:10:32.414+0000] {processor.py:153} INFO - Started process (PID=446) to work on /home/airflow/.local/lib/python3.7/site-packages/airflow/example_dags/example_latest_only_with_trigger.py
[2023-02-16T00:10:32.416+0000] {processor.py:743} INFO - Processing file /home/airflow/.local/lib/python3.7/site-packages/airflow/example_dags/example_latest_only_with_trigger.py for tasks to queue
[2023-02-16T00:10:32.417+0000] {logging_mixin.py:137} INFO - [2023-02-16T00:10:32.417+0000] {dagbag.py:538} INFO - Filling up the DagBag from /home/airflow/.local/lib/python3.7/site-packages/airflow/example_dags/example_latest_only_with_trigger.py
[2023-02-16T00:10:32.437+0000] {processor.py:753} INFO - DAG(s) dict_keys(['latest_only_with_trigger']) retrieved from /home/airflow/.local/lib/python3.7/site-packages/airflow/example_dags/example_latest_only_with_trigger.py
[2023-02-16T00:10:32.476+0000] {logging_mixin.py:137} INFO - [2023-02-16T00:10:32.476+0000] {dag.py:2690} INFO - Sync 1 DAGs
[2023-02-16T00:10:32.526+0000] {logging_mixin.py:137} INFO - [2023-02-16T00:10:32.526+0000] {dag.py:3441} INFO - Setting next_dagrun for latest_only_with_trigger to 2023-02-15T20:10:32.525828+00:00, run_after=2023-02-16T00:10:32.525828+00:00
[2023-02-16T00:10:32.567+0000] {processor.py:175} INFO - Processing /home/airflow/.local/lib/python3.7/site-packages/airflow/example_dags/example_latest_only_with_trigger.py took 0.157 seconds
[2023-02-16T00:11:03.221+0000] {processor.py:153} INFO - Started process (PID=535) to work on /home/airflow/.local/lib/python3.7/site-packages/airflow/example_dags/example_latest_only_with_trigger.py
[2023-02-16T00:11:03.226+0000] {processor.py:743} INFO - Processing file /home/airflow/.local/lib/python3.7/site-packages/airflow/example_dags/example_latest_only_with_trigger.py for tasks to queue
[2023-02-16T00:11:03.227+0000] {logging_mixin.py:137} INFO - [2023-02-16T00:11:03.227+0000] {dagbag.py:538} INFO - Filling up the DagBag from /home/airflow/.local/lib/python3.7/site-packages/airflow/example_dags/example_latest_only_with_trigger.py
[2023-02-16T00:11:03.249+0000] {processor.py:753} INFO - DAG(s) dict_keys(['latest_only_with_trigger']) retrieved from /home/airflow/.local/lib/python3.7/site-packages/airflow/example_dags/example_latest_only_with_trigger.py
[2023-02-16T00:11:03.311+0000] {logging_mixin.py:137} INFO - [2023-02-16T00:11:03.311+0000] {dag.py:2690} INFO - Sync 1 DAGs
[2023-02-16T00:11:03.373+0000] {logging_mixin.py:137} INFO - [2023-02-16T00:11:03.373+0000] {dag.py:3441} INFO - Setting next_dagrun for latest_only_with_trigger to 2023-02-15T20:11:03.372896+00:00, run_after=2023-02-16T00:11:03.372896+00:00
[2023-02-16T00:11:03.428+0000] {processor.py:175} INFO - Processing /home/airflow/.local/lib/python3.7/site-packages/airflow/example_dags/example_latest_only_with_trigger.py took 0.212 seconds
[2023-02-16T00:31:34.460+0000] {processor.py:153} INFO - Started process (PID=69) to work on /home/airflow/.local/lib/python3.7/site-packages/airflow/example_dags/example_latest_only_with_trigger.py
[2023-02-16T00:31:34.461+0000] {processor.py:743} INFO - Processing file /home/airflow/.local/lib/python3.7/site-packages/airflow/example_dags/example_latest_only_with_trigger.py for tasks to queue
[2023-02-16T00:31:34.462+0000] {logging_mixin.py:137} INFO - [2023-02-16T00:31:34.462+0000] {dagbag.py:538} INFO - Filling up the DagBag from /home/airflow/.local/lib/python3.7/site-packages/airflow/example_dags/example_latest_only_with_trigger.py
[2023-02-16T00:31:34.483+0000] {processor.py:753} INFO - DAG(s) dict_keys(['latest_only_with_trigger']) retrieved from /home/airflow/.local/lib/python3.7/site-packages/airflow/example_dags/example_latest_only_with_trigger.py
[2023-02-16T00:31:34.518+0000] {logging_mixin.py:137} INFO - [2023-02-16T00:31:34.518+0000] {dag.py:2690} INFO - Sync 1 DAGs
[2023-02-16T00:31:34.562+0000] {logging_mixin.py:137} INFO - [2023-02-16T00:31:34.561+0000] {dag.py:3441} INFO - Setting next_dagrun for latest_only_with_trigger to 2023-02-15T20:31:34.561622+00:00, run_after=2023-02-16T00:31:34.561622+00:00
[2023-02-16T00:31:34.619+0000] {processor.py:175} INFO - Processing /home/airflow/.local/lib/python3.7/site-packages/airflow/example_dags/example_latest_only_with_trigger.py took 0.165 seconds
[2023-02-16T00:32:04.753+0000] {processor.py:153} INFO - Started process (PID=141) to work on /home/airflow/.local/lib/python3.7/site-packages/airflow/example_dags/example_latest_only_with_trigger.py
[2023-02-16T00:32:04.754+0000] {processor.py:743} INFO - Processing file /home/airflow/.local/lib/python3.7/site-packages/airflow/example_dags/example_latest_only_with_trigger.py for tasks to queue
[2023-02-16T00:32:04.755+0000] {logging_mixin.py:137} INFO - [2023-02-16T00:32:04.755+0000] {dagbag.py:538} INFO - Filling up the DagBag from /home/airflow/.local/lib/python3.7/site-packages/airflow/example_dags/example_latest_only_with_trigger.py
[2023-02-16T00:32:04.775+0000] {processor.py:753} INFO - DAG(s) dict_keys(['latest_only_with_trigger']) retrieved from /home/airflow/.local/lib/python3.7/site-packages/airflow/example_dags/example_latest_only_with_trigger.py
[2023-02-16T00:32:04.814+0000] {logging_mixin.py:137} INFO - [2023-02-16T00:32:04.813+0000] {dag.py:2690} INFO - Sync 1 DAGs
[2023-02-16T00:32:04.865+0000] {logging_mixin.py:137} INFO - [2023-02-16T00:32:04.865+0000] {dag.py:3441} INFO - Setting next_dagrun for latest_only_with_trigger to 2023-02-15T20:32:04.865207+00:00, run_after=2023-02-16T00:32:04.865207+00:00
[2023-02-16T00:32:04.901+0000] {processor.py:175} INFO - Processing /home/airflow/.local/lib/python3.7/site-packages/airflow/example_dags/example_latest_only_with_trigger.py took 0.152 seconds
