[2023-02-16T00:00:14.446+0000] {processor.py:153} INFO - Started process (PID=776) to work on /home/airflow/.local/lib/python3.7/site-packages/airflow/example_dags/example_skip_dag.py
[2023-02-16T00:00:14.446+0000] {processor.py:743} INFO - Processing file /home/airflow/.local/lib/python3.7/site-packages/airflow/example_dags/example_skip_dag.py for tasks to queue
[2023-02-16T00:00:14.447+0000] {logging_mixin.py:137} INFO - [2023-02-16T00:00:14.447+0000] {dagbag.py:538} INFO - Filling up the DagBag from /home/airflow/.local/lib/python3.7/site-packages/airflow/example_dags/example_skip_dag.py
[2023-02-16T00:00:14.460+0000] {processor.py:753} INFO - DAG(s) dict_keys(['example_skip_dag']) retrieved from /home/airflow/.local/lib/python3.7/site-packages/airflow/example_dags/example_skip_dag.py
[2023-02-16T00:00:14.489+0000] {logging_mixin.py:137} INFO - [2023-02-16T00:00:14.488+0000] {dag.py:2690} INFO - Sync 1 DAGs
[2023-02-16T00:00:14.524+0000] {logging_mixin.py:137} INFO - [2023-02-16T00:00:14.524+0000] {dag.py:3441} INFO - Setting next_dagrun for example_skip_dag to 2023-02-15T00:00:14.523987+00:00, run_after=2023-02-16T00:00:14.523987+00:00
[2023-02-16T00:00:14.554+0000] {processor.py:175} INFO - Processing /home/airflow/.local/lib/python3.7/site-packages/airflow/example_dags/example_skip_dag.py took 0.112 seconds
[2023-02-16T00:00:45.340+0000] {processor.py:153} INFO - Started process (PID=850) to work on /home/airflow/.local/lib/python3.7/site-packages/airflow/example_dags/example_skip_dag.py
[2023-02-16T00:00:45.341+0000] {processor.py:743} INFO - Processing file /home/airflow/.local/lib/python3.7/site-packages/airflow/example_dags/example_skip_dag.py for tasks to queue
[2023-02-16T00:00:45.341+0000] {logging_mixin.py:137} INFO - [2023-02-16T00:00:45.341+0000] {dagbag.py:538} INFO - Filling up the DagBag from /home/airflow/.local/lib/python3.7/site-packages/airflow/example_dags/example_skip_dag.py
[2023-02-16T00:00:45.356+0000] {processor.py:753} INFO - DAG(s) dict_keys(['example_skip_dag']) retrieved from /home/airflow/.local/lib/python3.7/site-packages/airflow/example_dags/example_skip_dag.py
[2023-02-16T00:00:45.390+0000] {logging_mixin.py:137} INFO - [2023-02-16T00:00:45.390+0000] {dag.py:2690} INFO - Sync 1 DAGs
[2023-02-16T00:00:45.423+0000] {logging_mixin.py:137} INFO - [2023-02-16T00:00:45.423+0000] {dag.py:3441} INFO - Setting next_dagrun for example_skip_dag to 2023-02-15T00:00:45.423596+00:00, run_after=2023-02-16T00:00:45.423596+00:00
[2023-02-16T00:00:45.453+0000] {processor.py:175} INFO - Processing /home/airflow/.local/lib/python3.7/site-packages/airflow/example_dags/example_skip_dag.py took 0.116 seconds
[2023-02-16T00:01:16.551+0000] {processor.py:153} INFO - Started process (PID=939) to work on /home/airflow/.local/lib/python3.7/site-packages/airflow/example_dags/example_skip_dag.py
[2023-02-16T00:01:16.552+0000] {processor.py:743} INFO - Processing file /home/airflow/.local/lib/python3.7/site-packages/airflow/example_dags/example_skip_dag.py for tasks to queue
[2023-02-16T00:01:16.553+0000] {logging_mixin.py:137} INFO - [2023-02-16T00:01:16.552+0000] {dagbag.py:538} INFO - Filling up the DagBag from /home/airflow/.local/lib/python3.7/site-packages/airflow/example_dags/example_skip_dag.py
[2023-02-16T00:01:16.568+0000] {processor.py:753} INFO - DAG(s) dict_keys(['example_skip_dag']) retrieved from /home/airflow/.local/lib/python3.7/site-packages/airflow/example_dags/example_skip_dag.py
[2023-02-16T00:01:16.598+0000] {logging_mixin.py:137} INFO - [2023-02-16T00:01:16.598+0000] {dag.py:2690} INFO - Sync 1 DAGs
[2023-02-16T00:01:16.634+0000] {logging_mixin.py:137} INFO - [2023-02-16T00:01:16.633+0000] {dag.py:3441} INFO - Setting next_dagrun for example_skip_dag to 2023-02-15T00:01:16.633632+00:00, run_after=2023-02-16T00:01:16.633632+00:00
[2023-02-16T00:01:16.669+0000] {processor.py:175} INFO - Processing /home/airflow/.local/lib/python3.7/site-packages/airflow/example_dags/example_skip_dag.py took 0.120 seconds
[2023-02-16T00:01:47.058+0000] {processor.py:153} INFO - Started process (PID=1011) to work on /home/airflow/.local/lib/python3.7/site-packages/airflow/example_dags/example_skip_dag.py
[2023-02-16T00:01:47.059+0000] {processor.py:743} INFO - Processing file /home/airflow/.local/lib/python3.7/site-packages/airflow/example_dags/example_skip_dag.py for tasks to queue
[2023-02-16T00:01:47.060+0000] {logging_mixin.py:137} INFO - [2023-02-16T00:01:47.059+0000] {dagbag.py:538} INFO - Filling up the DagBag from /home/airflow/.local/lib/python3.7/site-packages/airflow/example_dags/example_skip_dag.py
[2023-02-16T00:01:47.074+0000] {processor.py:753} INFO - DAG(s) dict_keys(['example_skip_dag']) retrieved from /home/airflow/.local/lib/python3.7/site-packages/airflow/example_dags/example_skip_dag.py
[2023-02-16T00:01:47.107+0000] {logging_mixin.py:137} INFO - [2023-02-16T00:01:47.107+0000] {dag.py:2690} INFO - Sync 1 DAGs
[2023-02-16T00:01:47.146+0000] {logging_mixin.py:137} INFO - [2023-02-16T00:01:47.145+0000] {dag.py:3441} INFO - Setting next_dagrun for example_skip_dag to 2023-02-15T00:01:47.145699+00:00, run_after=2023-02-16T00:01:47.145699+00:00
[2023-02-16T00:01:47.181+0000] {processor.py:175} INFO - Processing /home/airflow/.local/lib/python3.7/site-packages/airflow/example_dags/example_skip_dag.py took 0.130 seconds
[2023-02-16T00:02:18.029+0000] {processor.py:153} INFO - Started process (PID=1084) to work on /home/airflow/.local/lib/python3.7/site-packages/airflow/example_dags/example_skip_dag.py
[2023-02-16T00:02:18.030+0000] {processor.py:743} INFO - Processing file /home/airflow/.local/lib/python3.7/site-packages/airflow/example_dags/example_skip_dag.py for tasks to queue
[2023-02-16T00:02:18.031+0000] {logging_mixin.py:137} INFO - [2023-02-16T00:02:18.031+0000] {dagbag.py:538} INFO - Filling up the DagBag from /home/airflow/.local/lib/python3.7/site-packages/airflow/example_dags/example_skip_dag.py
[2023-02-16T00:02:18.045+0000] {processor.py:753} INFO - DAG(s) dict_keys(['example_skip_dag']) retrieved from /home/airflow/.local/lib/python3.7/site-packages/airflow/example_dags/example_skip_dag.py
[2023-02-16T00:02:18.078+0000] {logging_mixin.py:137} INFO - [2023-02-16T00:02:18.078+0000] {dag.py:2690} INFO - Sync 1 DAGs
[2023-02-16T00:02:18.118+0000] {logging_mixin.py:137} INFO - [2023-02-16T00:02:18.118+0000] {dag.py:3441} INFO - Setting next_dagrun for example_skip_dag to 2023-02-15T00:02:18.118252+00:00, run_after=2023-02-16T00:02:18.118252+00:00
[2023-02-16T00:02:18.159+0000] {processor.py:175} INFO - Processing /home/airflow/.local/lib/python3.7/site-packages/airflow/example_dags/example_skip_dag.py took 0.134 seconds
[2023-02-16T00:02:49.524+0000] {processor.py:153} INFO - Started process (PID=1172) to work on /home/airflow/.local/lib/python3.7/site-packages/airflow/example_dags/example_skip_dag.py
[2023-02-16T00:02:49.526+0000] {processor.py:743} INFO - Processing file /home/airflow/.local/lib/python3.7/site-packages/airflow/example_dags/example_skip_dag.py for tasks to queue
[2023-02-16T00:02:49.527+0000] {logging_mixin.py:137} INFO - [2023-02-16T00:02:49.527+0000] {dagbag.py:538} INFO - Filling up the DagBag from /home/airflow/.local/lib/python3.7/site-packages/airflow/example_dags/example_skip_dag.py
[2023-02-16T00:02:49.548+0000] {processor.py:753} INFO - DAG(s) dict_keys(['example_skip_dag']) retrieved from /home/airflow/.local/lib/python3.7/site-packages/airflow/example_dags/example_skip_dag.py
[2023-02-16T00:02:49.593+0000] {logging_mixin.py:137} INFO - [2023-02-16T00:02:49.593+0000] {dag.py:2690} INFO - Sync 1 DAGs
[2023-02-16T00:02:49.639+0000] {logging_mixin.py:137} INFO - [2023-02-16T00:02:49.639+0000] {dag.py:3441} INFO - Setting next_dagrun for example_skip_dag to 2023-02-15T00:02:49.638643+00:00, run_after=2023-02-16T00:02:49.638643+00:00
[2023-02-16T00:02:49.678+0000] {processor.py:175} INFO - Processing /home/airflow/.local/lib/python3.7/site-packages/airflow/example_dags/example_skip_dag.py took 0.158 seconds
[2023-02-16T00:03:20.484+0000] {processor.py:153} INFO - Started process (PID=1244) to work on /home/airflow/.local/lib/python3.7/site-packages/airflow/example_dags/example_skip_dag.py
[2023-02-16T00:03:20.485+0000] {processor.py:743} INFO - Processing file /home/airflow/.local/lib/python3.7/site-packages/airflow/example_dags/example_skip_dag.py for tasks to queue
[2023-02-16T00:03:20.486+0000] {logging_mixin.py:137} INFO - [2023-02-16T00:03:20.486+0000] {dagbag.py:538} INFO - Filling up the DagBag from /home/airflow/.local/lib/python3.7/site-packages/airflow/example_dags/example_skip_dag.py
[2023-02-16T00:03:20.504+0000] {processor.py:753} INFO - DAG(s) dict_keys(['example_skip_dag']) retrieved from /home/airflow/.local/lib/python3.7/site-packages/airflow/example_dags/example_skip_dag.py
[2023-02-16T00:03:20.536+0000] {logging_mixin.py:137} INFO - [2023-02-16T00:03:20.535+0000] {dag.py:2690} INFO - Sync 1 DAGs
[2023-02-16T00:03:20.573+0000] {logging_mixin.py:137} INFO - [2023-02-16T00:03:20.573+0000] {dag.py:3441} INFO - Setting next_dagrun for example_skip_dag to 2023-02-15T00:03:20.573516+00:00, run_after=2023-02-16T00:03:20.573516+00:00
[2023-02-16T00:03:20.609+0000] {processor.py:175} INFO - Processing /home/airflow/.local/lib/python3.7/site-packages/airflow/example_dags/example_skip_dag.py took 0.129 seconds
[2023-02-16T00:03:51.388+0000] {processor.py:153} INFO - Started process (PID=1316) to work on /home/airflow/.local/lib/python3.7/site-packages/airflow/example_dags/example_skip_dag.py
[2023-02-16T00:03:51.389+0000] {processor.py:743} INFO - Processing file /home/airflow/.local/lib/python3.7/site-packages/airflow/example_dags/example_skip_dag.py for tasks to queue
[2023-02-16T00:03:51.390+0000] {logging_mixin.py:137} INFO - [2023-02-16T00:03:51.390+0000] {dagbag.py:538} INFO - Filling up the DagBag from /home/airflow/.local/lib/python3.7/site-packages/airflow/example_dags/example_skip_dag.py
[2023-02-16T00:03:51.405+0000] {processor.py:753} INFO - DAG(s) dict_keys(['example_skip_dag']) retrieved from /home/airflow/.local/lib/python3.7/site-packages/airflow/example_dags/example_skip_dag.py
[2023-02-16T00:03:51.437+0000] {logging_mixin.py:137} INFO - [2023-02-16T00:03:51.437+0000] {dag.py:2690} INFO - Sync 1 DAGs
[2023-02-16T00:03:51.472+0000] {logging_mixin.py:137} INFO - [2023-02-16T00:03:51.472+0000] {dag.py:3441} INFO - Setting next_dagrun for example_skip_dag to 2023-02-15T00:03:51.472101+00:00, run_after=2023-02-16T00:03:51.472101+00:00
[2023-02-16T00:03:51.505+0000] {processor.py:175} INFO - Processing /home/airflow/.local/lib/python3.7/site-packages/airflow/example_dags/example_skip_dag.py took 0.122 seconds
[2023-02-16T00:04:22.185+0000] {processor.py:153} INFO - Started process (PID=1404) to work on /home/airflow/.local/lib/python3.7/site-packages/airflow/example_dags/example_skip_dag.py
[2023-02-16T00:04:22.187+0000] {processor.py:743} INFO - Processing file /home/airflow/.local/lib/python3.7/site-packages/airflow/example_dags/example_skip_dag.py for tasks to queue
[2023-02-16T00:04:22.187+0000] {logging_mixin.py:137} INFO - [2023-02-16T00:04:22.187+0000] {dagbag.py:538} INFO - Filling up the DagBag from /home/airflow/.local/lib/python3.7/site-packages/airflow/example_dags/example_skip_dag.py
[2023-02-16T00:04:22.203+0000] {processor.py:753} INFO - DAG(s) dict_keys(['example_skip_dag']) retrieved from /home/airflow/.local/lib/python3.7/site-packages/airflow/example_dags/example_skip_dag.py
[2023-02-16T00:04:22.236+0000] {logging_mixin.py:137} INFO - [2023-02-16T00:04:22.236+0000] {dag.py:2690} INFO - Sync 1 DAGs
[2023-02-16T00:04:22.276+0000] {logging_mixin.py:137} INFO - [2023-02-16T00:04:22.276+0000] {dag.py:3441} INFO - Setting next_dagrun for example_skip_dag to 2023-02-15T00:04:22.276288+00:00, run_after=2023-02-16T00:04:22.276288+00:00
[2023-02-16T00:04:22.309+0000] {processor.py:175} INFO - Processing /home/airflow/.local/lib/python3.7/site-packages/airflow/example_dags/example_skip_dag.py took 0.129 seconds
[2023-02-16T00:04:52.955+0000] {processor.py:153} INFO - Started process (PID=1478) to work on /home/airflow/.local/lib/python3.7/site-packages/airflow/example_dags/example_skip_dag.py
[2023-02-16T00:04:52.956+0000] {processor.py:743} INFO - Processing file /home/airflow/.local/lib/python3.7/site-packages/airflow/example_dags/example_skip_dag.py for tasks to queue
[2023-02-16T00:04:52.957+0000] {logging_mixin.py:137} INFO - [2023-02-16T00:04:52.957+0000] {dagbag.py:538} INFO - Filling up the DagBag from /home/airflow/.local/lib/python3.7/site-packages/airflow/example_dags/example_skip_dag.py
[2023-02-16T00:04:52.977+0000] {processor.py:753} INFO - DAG(s) dict_keys(['example_skip_dag']) retrieved from /home/airflow/.local/lib/python3.7/site-packages/airflow/example_dags/example_skip_dag.py
[2023-02-16T00:04:53.014+0000] {logging_mixin.py:137} INFO - [2023-02-16T00:04:53.014+0000] {dag.py:2690} INFO - Sync 1 DAGs
[2023-02-16T00:04:53.056+0000] {logging_mixin.py:137} INFO - [2023-02-16T00:04:53.055+0000] {dag.py:3441} INFO - Setting next_dagrun for example_skip_dag to 2023-02-15T00:04:53.055707+00:00, run_after=2023-02-16T00:04:53.055707+00:00
[2023-02-16T00:04:53.098+0000] {processor.py:175} INFO - Processing /home/airflow/.local/lib/python3.7/site-packages/airflow/example_dags/example_skip_dag.py took 0.147 seconds
[2023-02-16T00:05:23.192+0000] {processor.py:153} INFO - Started process (PID=1550) to work on /home/airflow/.local/lib/python3.7/site-packages/airflow/example_dags/example_skip_dag.py
[2023-02-16T00:05:23.193+0000] {processor.py:743} INFO - Processing file /home/airflow/.local/lib/python3.7/site-packages/airflow/example_dags/example_skip_dag.py for tasks to queue
[2023-02-16T00:05:23.194+0000] {logging_mixin.py:137} INFO - [2023-02-16T00:05:23.194+0000] {dagbag.py:538} INFO - Filling up the DagBag from /home/airflow/.local/lib/python3.7/site-packages/airflow/example_dags/example_skip_dag.py
[2023-02-16T00:05:23.216+0000] {processor.py:753} INFO - DAG(s) dict_keys(['example_skip_dag']) retrieved from /home/airflow/.local/lib/python3.7/site-packages/airflow/example_dags/example_skip_dag.py
[2023-02-16T00:05:23.260+0000] {logging_mixin.py:137} INFO - [2023-02-16T00:05:23.260+0000] {dag.py:2690} INFO - Sync 1 DAGs
[2023-02-16T00:05:23.301+0000] {logging_mixin.py:137} INFO - [2023-02-16T00:05:23.301+0000] {dag.py:3441} INFO - Setting next_dagrun for example_skip_dag to 2023-02-15T00:05:23.300837+00:00, run_after=2023-02-16T00:05:23.300837+00:00
[2023-02-16T00:05:23.339+0000] {processor.py:175} INFO - Processing /home/airflow/.local/lib/python3.7/site-packages/airflow/example_dags/example_skip_dag.py took 0.154 seconds
[2023-02-16T00:05:54.341+0000] {processor.py:153} INFO - Started process (PID=1631) to work on /home/airflow/.local/lib/python3.7/site-packages/airflow/example_dags/example_skip_dag.py
[2023-02-16T00:05:54.342+0000] {processor.py:743} INFO - Processing file /home/airflow/.local/lib/python3.7/site-packages/airflow/example_dags/example_skip_dag.py for tasks to queue
[2023-02-16T00:05:54.343+0000] {logging_mixin.py:137} INFO - [2023-02-16T00:05:54.343+0000] {dagbag.py:538} INFO - Filling up the DagBag from /home/airflow/.local/lib/python3.7/site-packages/airflow/example_dags/example_skip_dag.py
[2023-02-16T00:05:54.361+0000] {processor.py:753} INFO - DAG(s) dict_keys(['example_skip_dag']) retrieved from /home/airflow/.local/lib/python3.7/site-packages/airflow/example_dags/example_skip_dag.py
[2023-02-16T00:05:54.401+0000] {logging_mixin.py:137} INFO - [2023-02-16T00:05:54.401+0000] {dag.py:2690} INFO - Sync 1 DAGs
[2023-02-16T00:05:54.447+0000] {logging_mixin.py:137} INFO - [2023-02-16T00:05:54.446+0000] {dag.py:3441} INFO - Setting next_dagrun for example_skip_dag to 2023-02-15T00:05:54.446559+00:00, run_after=2023-02-16T00:05:54.446559+00:00
[2023-02-16T00:05:54.486+0000] {processor.py:175} INFO - Processing /home/airflow/.local/lib/python3.7/site-packages/airflow/example_dags/example_skip_dag.py took 0.149 seconds
[2023-02-16T00:06:24.919+0000] {processor.py:153} INFO - Started process (PID=1710) to work on /home/airflow/.local/lib/python3.7/site-packages/airflow/example_dags/example_skip_dag.py
[2023-02-16T00:06:24.921+0000] {processor.py:743} INFO - Processing file /home/airflow/.local/lib/python3.7/site-packages/airflow/example_dags/example_skip_dag.py for tasks to queue
[2023-02-16T00:06:24.923+0000] {logging_mixin.py:137} INFO - [2023-02-16T00:06:24.923+0000] {dagbag.py:538} INFO - Filling up the DagBag from /home/airflow/.local/lib/python3.7/site-packages/airflow/example_dags/example_skip_dag.py
[2023-02-16T00:06:24.947+0000] {processor.py:753} INFO - DAG(s) dict_keys(['example_skip_dag']) retrieved from /home/airflow/.local/lib/python3.7/site-packages/airflow/example_dags/example_skip_dag.py
[2023-02-16T00:06:24.991+0000] {logging_mixin.py:137} INFO - [2023-02-16T00:06:24.991+0000] {dag.py:2690} INFO - Sync 1 DAGs
[2023-02-16T00:06:25.035+0000] {logging_mixin.py:137} INFO - [2023-02-16T00:06:25.035+0000] {dag.py:3441} INFO - Setting next_dagrun for example_skip_dag to 2023-02-15T00:06:25.035352+00:00, run_after=2023-02-16T00:06:25.035352+00:00
[2023-02-16T00:06:25.072+0000] {processor.py:175} INFO - Processing /home/airflow/.local/lib/python3.7/site-packages/airflow/example_dags/example_skip_dag.py took 0.158 seconds
[2023-02-16T00:07:59.946+0000] {processor.py:153} INFO - Started process (PID=77) to work on /home/airflow/.local/lib/python3.7/site-packages/airflow/example_dags/example_skip_dag.py
[2023-02-16T00:07:59.947+0000] {processor.py:743} INFO - Processing file /home/airflow/.local/lib/python3.7/site-packages/airflow/example_dags/example_skip_dag.py for tasks to queue
[2023-02-16T00:07:59.948+0000] {logging_mixin.py:137} INFO - [2023-02-16T00:07:59.948+0000] {dagbag.py:538} INFO - Filling up the DagBag from /home/airflow/.local/lib/python3.7/site-packages/airflow/example_dags/example_skip_dag.py
[2023-02-16T00:07:59.971+0000] {processor.py:753} INFO - DAG(s) dict_keys(['example_skip_dag']) retrieved from /home/airflow/.local/lib/python3.7/site-packages/airflow/example_dags/example_skip_dag.py
[2023-02-16T00:08:00.016+0000] {logging_mixin.py:137} INFO - [2023-02-16T00:08:00.016+0000] {dag.py:2690} INFO - Sync 1 DAGs
[2023-02-16T00:08:00.076+0000] {logging_mixin.py:137} INFO - [2023-02-16T00:08:00.075+0000] {dag.py:3441} INFO - Setting next_dagrun for example_skip_dag to 2023-02-15T00:08:00.075701+00:00, run_after=2023-02-16T00:08:00.075701+00:00
[2023-02-16T00:08:00.110+0000] {processor.py:175} INFO - Processing /home/airflow/.local/lib/python3.7/site-packages/airflow/example_dags/example_skip_dag.py took 0.167 seconds
[2023-02-16T00:08:30.987+0000] {processor.py:153} INFO - Started process (PID=150) to work on /home/airflow/.local/lib/python3.7/site-packages/airflow/example_dags/example_skip_dag.py
[2023-02-16T00:08:30.988+0000] {processor.py:743} INFO - Processing file /home/airflow/.local/lib/python3.7/site-packages/airflow/example_dags/example_skip_dag.py for tasks to queue
[2023-02-16T00:08:30.989+0000] {logging_mixin.py:137} INFO - [2023-02-16T00:08:30.989+0000] {dagbag.py:538} INFO - Filling up the DagBag from /home/airflow/.local/lib/python3.7/site-packages/airflow/example_dags/example_skip_dag.py
[2023-02-16T00:08:31.008+0000] {processor.py:753} INFO - DAG(s) dict_keys(['example_skip_dag']) retrieved from /home/airflow/.local/lib/python3.7/site-packages/airflow/example_dags/example_skip_dag.py
[2023-02-16T00:08:31.047+0000] {logging_mixin.py:137} INFO - [2023-02-16T00:08:31.046+0000] {dag.py:2690} INFO - Sync 1 DAGs
[2023-02-16T00:08:31.093+0000] {logging_mixin.py:137} INFO - [2023-02-16T00:08:31.093+0000] {dag.py:3441} INFO - Setting next_dagrun for example_skip_dag to 2023-02-15T00:08:31.093088+00:00, run_after=2023-02-16T00:08:31.093088+00:00
[2023-02-16T00:08:31.128+0000] {processor.py:175} INFO - Processing /home/airflow/.local/lib/python3.7/site-packages/airflow/example_dags/example_skip_dag.py took 0.145 seconds
[2023-02-16T00:09:01.550+0000] {processor.py:153} INFO - Started process (PID=238) to work on /home/airflow/.local/lib/python3.7/site-packages/airflow/example_dags/example_skip_dag.py
[2023-02-16T00:09:01.551+0000] {processor.py:743} INFO - Processing file /home/airflow/.local/lib/python3.7/site-packages/airflow/example_dags/example_skip_dag.py for tasks to queue
[2023-02-16T00:09:01.552+0000] {logging_mixin.py:137} INFO - [2023-02-16T00:09:01.551+0000] {dagbag.py:538} INFO - Filling up the DagBag from /home/airflow/.local/lib/python3.7/site-packages/airflow/example_dags/example_skip_dag.py
[2023-02-16T00:09:01.567+0000] {processor.py:753} INFO - DAG(s) dict_keys(['example_skip_dag']) retrieved from /home/airflow/.local/lib/python3.7/site-packages/airflow/example_dags/example_skip_dag.py
[2023-02-16T00:09:01.599+0000] {logging_mixin.py:137} INFO - [2023-02-16T00:09:01.599+0000] {dag.py:2690} INFO - Sync 1 DAGs
[2023-02-16T00:09:01.638+0000] {logging_mixin.py:137} INFO - [2023-02-16T00:09:01.638+0000] {dag.py:3441} INFO - Setting next_dagrun for example_skip_dag to 2023-02-15T00:09:01.638456+00:00, run_after=2023-02-16T00:09:01.638456+00:00
[2023-02-16T00:09:01.676+0000] {processor.py:175} INFO - Processing /home/airflow/.local/lib/python3.7/site-packages/airflow/example_dags/example_skip_dag.py took 0.131 seconds
[2023-02-16T00:09:32.567+0000] {processor.py:153} INFO - Started process (PID=310) to work on /home/airflow/.local/lib/python3.7/site-packages/airflow/example_dags/example_skip_dag.py
[2023-02-16T00:09:32.568+0000] {processor.py:743} INFO - Processing file /home/airflow/.local/lib/python3.7/site-packages/airflow/example_dags/example_skip_dag.py for tasks to queue
[2023-02-16T00:09:32.569+0000] {logging_mixin.py:137} INFO - [2023-02-16T00:09:32.569+0000] {dagbag.py:538} INFO - Filling up the DagBag from /home/airflow/.local/lib/python3.7/site-packages/airflow/example_dags/example_skip_dag.py
[2023-02-16T00:09:32.586+0000] {processor.py:753} INFO - DAG(s) dict_keys(['example_skip_dag']) retrieved from /home/airflow/.local/lib/python3.7/site-packages/airflow/example_dags/example_skip_dag.py
[2023-02-16T00:09:32.624+0000] {logging_mixin.py:137} INFO - [2023-02-16T00:09:32.623+0000] {dag.py:2690} INFO - Sync 1 DAGs
[2023-02-16T00:09:32.669+0000] {logging_mixin.py:137} INFO - [2023-02-16T00:09:32.668+0000] {dag.py:3441} INFO - Setting next_dagrun for example_skip_dag to 2023-02-15T00:09:32.668508+00:00, run_after=2023-02-16T00:09:32.668508+00:00
[2023-02-16T00:09:32.705+0000] {processor.py:175} INFO - Processing /home/airflow/.local/lib/python3.7/site-packages/airflow/example_dags/example_skip_dag.py took 0.142 seconds
[2023-02-16T00:10:03.403+0000] {processor.py:153} INFO - Started process (PID=383) to work on /home/airflow/.local/lib/python3.7/site-packages/airflow/example_dags/example_skip_dag.py
[2023-02-16T00:10:03.404+0000] {processor.py:743} INFO - Processing file /home/airflow/.local/lib/python3.7/site-packages/airflow/example_dags/example_skip_dag.py for tasks to queue
[2023-02-16T00:10:03.406+0000] {logging_mixin.py:137} INFO - [2023-02-16T00:10:03.405+0000] {dagbag.py:538} INFO - Filling up the DagBag from /home/airflow/.local/lib/python3.7/site-packages/airflow/example_dags/example_skip_dag.py
[2023-02-16T00:10:03.422+0000] {processor.py:753} INFO - DAG(s) dict_keys(['example_skip_dag']) retrieved from /home/airflow/.local/lib/python3.7/site-packages/airflow/example_dags/example_skip_dag.py
[2023-02-16T00:10:03.454+0000] {logging_mixin.py:137} INFO - [2023-02-16T00:10:03.454+0000] {dag.py:2690} INFO - Sync 1 DAGs
[2023-02-16T00:10:03.493+0000] {logging_mixin.py:137} INFO - [2023-02-16T00:10:03.492+0000] {dag.py:3441} INFO - Setting next_dagrun for example_skip_dag to 2023-02-15T00:10:03.492644+00:00, run_after=2023-02-16T00:10:03.492644+00:00
[2023-02-16T00:10:03.530+0000] {processor.py:175} INFO - Processing /home/airflow/.local/lib/python3.7/site-packages/airflow/example_dags/example_skip_dag.py took 0.132 seconds
[2023-02-16T00:10:33.669+0000] {processor.py:153} INFO - Started process (PID=463) to work on /home/airflow/.local/lib/python3.7/site-packages/airflow/example_dags/example_skip_dag.py
[2023-02-16T00:10:33.670+0000] {processor.py:743} INFO - Processing file /home/airflow/.local/lib/python3.7/site-packages/airflow/example_dags/example_skip_dag.py for tasks to queue
[2023-02-16T00:10:33.671+0000] {logging_mixin.py:137} INFO - [2023-02-16T00:10:33.670+0000] {dagbag.py:538} INFO - Filling up the DagBag from /home/airflow/.local/lib/python3.7/site-packages/airflow/example_dags/example_skip_dag.py
[2023-02-16T00:10:33.686+0000] {processor.py:753} INFO - DAG(s) dict_keys(['example_skip_dag']) retrieved from /home/airflow/.local/lib/python3.7/site-packages/airflow/example_dags/example_skip_dag.py
[2023-02-16T00:10:33.725+0000] {logging_mixin.py:137} INFO - [2023-02-16T00:10:33.725+0000] {dag.py:2690} INFO - Sync 1 DAGs
[2023-02-16T00:10:33.771+0000] {logging_mixin.py:137} INFO - [2023-02-16T00:10:33.771+0000] {dag.py:3441} INFO - Setting next_dagrun for example_skip_dag to 2023-02-15T00:10:33.771261+00:00, run_after=2023-02-16T00:10:33.771261+00:00
[2023-02-16T00:10:33.814+0000] {processor.py:175} INFO - Processing /home/airflow/.local/lib/python3.7/site-packages/airflow/example_dags/example_skip_dag.py took 0.148 seconds
[2023-02-16T00:11:04.183+0000] {processor.py:153} INFO - Started process (PID=544) to work on /home/airflow/.local/lib/python3.7/site-packages/airflow/example_dags/example_skip_dag.py
[2023-02-16T00:11:04.184+0000] {processor.py:743} INFO - Processing file /home/airflow/.local/lib/python3.7/site-packages/airflow/example_dags/example_skip_dag.py for tasks to queue
[2023-02-16T00:11:04.185+0000] {logging_mixin.py:137} INFO - [2023-02-16T00:11:04.185+0000] {dagbag.py:538} INFO - Filling up the DagBag from /home/airflow/.local/lib/python3.7/site-packages/airflow/example_dags/example_skip_dag.py
[2023-02-16T00:11:04.201+0000] {processor.py:753} INFO - DAG(s) dict_keys(['example_skip_dag']) retrieved from /home/airflow/.local/lib/python3.7/site-packages/airflow/example_dags/example_skip_dag.py
[2023-02-16T00:11:04.234+0000] {logging_mixin.py:137} INFO - [2023-02-16T00:11:04.234+0000] {dag.py:2690} INFO - Sync 1 DAGs
[2023-02-16T00:11:04.269+0000] {logging_mixin.py:137} INFO - [2023-02-16T00:11:04.269+0000] {dag.py:3441} INFO - Setting next_dagrun for example_skip_dag to 2023-02-15T00:11:04.269439+00:00, run_after=2023-02-16T00:11:04.269439+00:00
[2023-02-16T00:11:04.301+0000] {processor.py:175} INFO - Processing /home/airflow/.local/lib/python3.7/site-packages/airflow/example_dags/example_skip_dag.py took 0.120 seconds
[2023-02-16T00:31:35.500+0000] {processor.py:153} INFO - Started process (PID=78) to work on /home/airflow/.local/lib/python3.7/site-packages/airflow/example_dags/example_skip_dag.py
[2023-02-16T00:31:35.501+0000] {processor.py:743} INFO - Processing file /home/airflow/.local/lib/python3.7/site-packages/airflow/example_dags/example_skip_dag.py for tasks to queue
[2023-02-16T00:31:35.503+0000] {logging_mixin.py:137} INFO - [2023-02-16T00:31:35.502+0000] {dagbag.py:538} INFO - Filling up the DagBag from /home/airflow/.local/lib/python3.7/site-packages/airflow/example_dags/example_skip_dag.py
[2023-02-16T00:31:35.526+0000] {processor.py:753} INFO - DAG(s) dict_keys(['example_skip_dag']) retrieved from /home/airflow/.local/lib/python3.7/site-packages/airflow/example_dags/example_skip_dag.py
[2023-02-16T00:31:35.564+0000] {logging_mixin.py:137} INFO - [2023-02-16T00:31:35.564+0000] {dag.py:2690} INFO - Sync 1 DAGs
[2023-02-16T00:31:35.611+0000] {logging_mixin.py:137} INFO - [2023-02-16T00:31:35.611+0000] {dag.py:3441} INFO - Setting next_dagrun for example_skip_dag to 2023-02-15T00:31:35.611059+00:00, run_after=2023-02-16T00:31:35.611059+00:00
[2023-02-16T00:31:35.646+0000] {processor.py:175} INFO - Processing /home/airflow/.local/lib/python3.7/site-packages/airflow/example_dags/example_skip_dag.py took 0.152 seconds
[2023-02-16T00:32:05.727+0000] {processor.py:153} INFO - Started process (PID=150) to work on /home/airflow/.local/lib/python3.7/site-packages/airflow/example_dags/example_skip_dag.py
[2023-02-16T00:32:05.728+0000] {processor.py:743} INFO - Processing file /home/airflow/.local/lib/python3.7/site-packages/airflow/example_dags/example_skip_dag.py for tasks to queue
[2023-02-16T00:32:05.729+0000] {logging_mixin.py:137} INFO - [2023-02-16T00:32:05.729+0000] {dagbag.py:538} INFO - Filling up the DagBag from /home/airflow/.local/lib/python3.7/site-packages/airflow/example_dags/example_skip_dag.py
[2023-02-16T00:32:05.744+0000] {processor.py:753} INFO - DAG(s) dict_keys(['example_skip_dag']) retrieved from /home/airflow/.local/lib/python3.7/site-packages/airflow/example_dags/example_skip_dag.py
[2023-02-16T00:32:05.776+0000] {logging_mixin.py:137} INFO - [2023-02-16T00:32:05.776+0000] {dag.py:2690} INFO - Sync 1 DAGs
[2023-02-16T00:32:05.818+0000] {logging_mixin.py:137} INFO - [2023-02-16T00:32:05.818+0000] {dag.py:3441} INFO - Setting next_dagrun for example_skip_dag to 2023-02-15T00:32:05.817656+00:00, run_after=2023-02-16T00:32:05.817656+00:00
[2023-02-16T00:32:05.854+0000] {processor.py:175} INFO - Processing /home/airflow/.local/lib/python3.7/site-packages/airflow/example_dags/example_skip_dag.py took 0.131 seconds
