[2023-02-16T00:00:11.227+0000] {processor.py:153} INFO - Started process (PID=756) to work on /home/airflow/.local/lib/python3.7/site-packages/airflow/example_dags/example_branch_labels.py
[2023-02-16T00:00:11.228+0000] {processor.py:743} INFO - Processing file /home/airflow/.local/lib/python3.7/site-packages/airflow/example_dags/example_branch_labels.py for tasks to queue
[2023-02-16T00:00:11.229+0000] {logging_mixin.py:137} INFO - [2023-02-16T00:00:11.228+0000] {dagbag.py:538} INFO - Filling up the DagBag from /home/airflow/.local/lib/python3.7/site-packages/airflow/example_dags/example_branch_labels.py
[2023-02-16T00:00:11.251+0000] {processor.py:753} INFO - DAG(s) dict_keys(['example_branch_labels']) retrieved from /home/airflow/.local/lib/python3.7/site-packages/airflow/example_dags/example_branch_labels.py
[2023-02-16T00:00:11.296+0000] {logging_mixin.py:137} INFO - [2023-02-16T00:00:11.295+0000] {dag.py:2690} INFO - Sync 1 DAGs
[2023-02-16T00:00:11.353+0000] {logging_mixin.py:137} INFO - [2023-02-16T00:00:11.353+0000] {dag.py:3441} INFO - Setting next_dagrun for example_branch_labels to 2023-02-15T00:00:00+00:00, run_after=2023-02-16T00:00:00+00:00
[2023-02-16T00:00:11.390+0000] {processor.py:175} INFO - Processing /home/airflow/.local/lib/python3.7/site-packages/airflow/example_dags/example_branch_labels.py took 0.167 seconds
[2023-02-16T00:00:42.288+0000] {processor.py:153} INFO - Started process (PID=830) to work on /home/airflow/.local/lib/python3.7/site-packages/airflow/example_dags/example_branch_labels.py
[2023-02-16T00:00:42.289+0000] {processor.py:743} INFO - Processing file /home/airflow/.local/lib/python3.7/site-packages/airflow/example_dags/example_branch_labels.py for tasks to queue
[2023-02-16T00:00:42.290+0000] {logging_mixin.py:137} INFO - [2023-02-16T00:00:42.290+0000] {dagbag.py:538} INFO - Filling up the DagBag from /home/airflow/.local/lib/python3.7/site-packages/airflow/example_dags/example_branch_labels.py
[2023-02-16T00:00:42.314+0000] {processor.py:753} INFO - DAG(s) dict_keys(['example_branch_labels']) retrieved from /home/airflow/.local/lib/python3.7/site-packages/airflow/example_dags/example_branch_labels.py
[2023-02-16T00:00:42.355+0000] {logging_mixin.py:137} INFO - [2023-02-16T00:00:42.354+0000] {dag.py:2690} INFO - Sync 1 DAGs
[2023-02-16T00:00:42.401+0000] {logging_mixin.py:137} INFO - [2023-02-16T00:00:42.401+0000] {dag.py:3441} INFO - Setting next_dagrun for example_branch_labels to 2023-02-15T00:00:00+00:00, run_after=2023-02-16T00:00:00+00:00
[2023-02-16T00:00:42.437+0000] {processor.py:175} INFO - Processing /home/airflow/.local/lib/python3.7/site-packages/airflow/example_dags/example_branch_labels.py took 0.155 seconds
[2023-02-16T00:01:13.479+0000] {processor.py:153} INFO - Started process (PID=912) to work on /home/airflow/.local/lib/python3.7/site-packages/airflow/example_dags/example_branch_labels.py
[2023-02-16T00:01:13.479+0000] {processor.py:743} INFO - Processing file /home/airflow/.local/lib/python3.7/site-packages/airflow/example_dags/example_branch_labels.py for tasks to queue
[2023-02-16T00:01:13.480+0000] {logging_mixin.py:137} INFO - [2023-02-16T00:01:13.480+0000] {dagbag.py:538} INFO - Filling up the DagBag from /home/airflow/.local/lib/python3.7/site-packages/airflow/example_dags/example_branch_labels.py
[2023-02-16T00:01:13.496+0000] {processor.py:753} INFO - DAG(s) dict_keys(['example_branch_labels']) retrieved from /home/airflow/.local/lib/python3.7/site-packages/airflow/example_dags/example_branch_labels.py
[2023-02-16T00:01:13.530+0000] {logging_mixin.py:137} INFO - [2023-02-16T00:01:13.530+0000] {dag.py:2690} INFO - Sync 1 DAGs
[2023-02-16T00:01:13.567+0000] {logging_mixin.py:137} INFO - [2023-02-16T00:01:13.566+0000] {dag.py:3441} INFO - Setting next_dagrun for example_branch_labels to 2023-02-15T00:00:00+00:00, run_after=2023-02-16T00:00:00+00:00
[2023-02-16T00:01:13.599+0000] {processor.py:175} INFO - Processing /home/airflow/.local/lib/python3.7/site-packages/airflow/example_dags/example_branch_labels.py took 0.126 seconds
[2023-02-16T00:01:44.325+0000] {processor.py:153} INFO - Started process (PID=991) to work on /home/airflow/.local/lib/python3.7/site-packages/airflow/example_dags/example_branch_labels.py
[2023-02-16T00:01:44.326+0000] {processor.py:743} INFO - Processing file /home/airflow/.local/lib/python3.7/site-packages/airflow/example_dags/example_branch_labels.py for tasks to queue
[2023-02-16T00:01:44.327+0000] {logging_mixin.py:137} INFO - [2023-02-16T00:01:44.327+0000] {dagbag.py:538} INFO - Filling up the DagBag from /home/airflow/.local/lib/python3.7/site-packages/airflow/example_dags/example_branch_labels.py
[2023-02-16T00:01:44.349+0000] {processor.py:753} INFO - DAG(s) dict_keys(['example_branch_labels']) retrieved from /home/airflow/.local/lib/python3.7/site-packages/airflow/example_dags/example_branch_labels.py
[2023-02-16T00:01:44.394+0000] {logging_mixin.py:137} INFO - [2023-02-16T00:01:44.394+0000] {dag.py:2690} INFO - Sync 1 DAGs
[2023-02-16T00:01:44.443+0000] {logging_mixin.py:137} INFO - [2023-02-16T00:01:44.443+0000] {dag.py:3441} INFO - Setting next_dagrun for example_branch_labels to 2023-02-15T00:00:00+00:00, run_after=2023-02-16T00:00:00+00:00
[2023-02-16T00:01:44.479+0000] {processor.py:175} INFO - Processing /home/airflow/.local/lib/python3.7/site-packages/airflow/example_dags/example_branch_labels.py took 0.159 seconds
[2023-02-16T00:02:14.934+0000] {processor.py:153} INFO - Started process (PID=1064) to work on /home/airflow/.local/lib/python3.7/site-packages/airflow/example_dags/example_branch_labels.py
[2023-02-16T00:02:14.935+0000] {processor.py:743} INFO - Processing file /home/airflow/.local/lib/python3.7/site-packages/airflow/example_dags/example_branch_labels.py for tasks to queue
[2023-02-16T00:02:14.936+0000] {logging_mixin.py:137} INFO - [2023-02-16T00:02:14.936+0000] {dagbag.py:538} INFO - Filling up the DagBag from /home/airflow/.local/lib/python3.7/site-packages/airflow/example_dags/example_branch_labels.py
[2023-02-16T00:02:14.955+0000] {processor.py:753} INFO - DAG(s) dict_keys(['example_branch_labels']) retrieved from /home/airflow/.local/lib/python3.7/site-packages/airflow/example_dags/example_branch_labels.py
[2023-02-16T00:02:15.005+0000] {logging_mixin.py:137} INFO - [2023-02-16T00:02:15.005+0000] {dag.py:2690} INFO - Sync 1 DAGs
[2023-02-16T00:02:15.059+0000] {logging_mixin.py:137} INFO - [2023-02-16T00:02:15.059+0000] {dag.py:3441} INFO - Setting next_dagrun for example_branch_labels to 2023-02-15T00:00:00+00:00, run_after=2023-02-16T00:00:00+00:00
[2023-02-16T00:02:15.091+0000] {processor.py:175} INFO - Processing /home/airflow/.local/lib/python3.7/site-packages/airflow/example_dags/example_branch_labels.py took 0.160 seconds
[2023-02-16T00:02:46.004+0000] {processor.py:153} INFO - Started process (PID=1136) to work on /home/airflow/.local/lib/python3.7/site-packages/airflow/example_dags/example_branch_labels.py
[2023-02-16T00:02:46.005+0000] {processor.py:743} INFO - Processing file /home/airflow/.local/lib/python3.7/site-packages/airflow/example_dags/example_branch_labels.py for tasks to queue
[2023-02-16T00:02:46.006+0000] {logging_mixin.py:137} INFO - [2023-02-16T00:02:46.005+0000] {dagbag.py:538} INFO - Filling up the DagBag from /home/airflow/.local/lib/python3.7/site-packages/airflow/example_dags/example_branch_labels.py
[2023-02-16T00:02:46.025+0000] {processor.py:753} INFO - DAG(s) dict_keys(['example_branch_labels']) retrieved from /home/airflow/.local/lib/python3.7/site-packages/airflow/example_dags/example_branch_labels.py
[2023-02-16T00:02:46.065+0000] {logging_mixin.py:137} INFO - [2023-02-16T00:02:46.065+0000] {dag.py:2690} INFO - Sync 1 DAGs
[2023-02-16T00:02:46.111+0000] {logging_mixin.py:137} INFO - [2023-02-16T00:02:46.111+0000] {dag.py:3441} INFO - Setting next_dagrun for example_branch_labels to 2023-02-15T00:00:00+00:00, run_after=2023-02-16T00:00:00+00:00
[2023-02-16T00:02:46.146+0000] {processor.py:175} INFO - Processing /home/airflow/.local/lib/python3.7/site-packages/airflow/example_dags/example_branch_labels.py took 0.146 seconds
[2023-02-16T00:03:16.512+0000] {processor.py:153} INFO - Started process (PID=1224) to work on /home/airflow/.local/lib/python3.7/site-packages/airflow/example_dags/example_branch_labels.py
[2023-02-16T00:03:16.513+0000] {processor.py:743} INFO - Processing file /home/airflow/.local/lib/python3.7/site-packages/airflow/example_dags/example_branch_labels.py for tasks to queue
[2023-02-16T00:03:16.514+0000] {logging_mixin.py:137} INFO - [2023-02-16T00:03:16.514+0000] {dagbag.py:538} INFO - Filling up the DagBag from /home/airflow/.local/lib/python3.7/site-packages/airflow/example_dags/example_branch_labels.py
[2023-02-16T00:03:16.532+0000] {processor.py:753} INFO - DAG(s) dict_keys(['example_branch_labels']) retrieved from /home/airflow/.local/lib/python3.7/site-packages/airflow/example_dags/example_branch_labels.py
[2023-02-16T00:03:16.565+0000] {logging_mixin.py:137} INFO - [2023-02-16T00:03:16.565+0000] {dag.py:2690} INFO - Sync 1 DAGs
[2023-02-16T00:03:16.607+0000] {logging_mixin.py:137} INFO - [2023-02-16T00:03:16.607+0000] {dag.py:3441} INFO - Setting next_dagrun for example_branch_labels to 2023-02-15T00:00:00+00:00, run_after=2023-02-16T00:00:00+00:00
[2023-02-16T00:03:16.644+0000] {processor.py:175} INFO - Processing /home/airflow/.local/lib/python3.7/site-packages/airflow/example_dags/example_branch_labels.py took 0.138 seconds
[2023-02-16T00:03:47.334+0000] {processor.py:153} INFO - Started process (PID=1296) to work on /home/airflow/.local/lib/python3.7/site-packages/airflow/example_dags/example_branch_labels.py
[2023-02-16T00:03:47.336+0000] {processor.py:743} INFO - Processing file /home/airflow/.local/lib/python3.7/site-packages/airflow/example_dags/example_branch_labels.py for tasks to queue
[2023-02-16T00:03:47.337+0000] {logging_mixin.py:137} INFO - [2023-02-16T00:03:47.336+0000] {dagbag.py:538} INFO - Filling up the DagBag from /home/airflow/.local/lib/python3.7/site-packages/airflow/example_dags/example_branch_labels.py
[2023-02-16T00:03:47.355+0000] {processor.py:753} INFO - DAG(s) dict_keys(['example_branch_labels']) retrieved from /home/airflow/.local/lib/python3.7/site-packages/airflow/example_dags/example_branch_labels.py
[2023-02-16T00:03:47.392+0000] {logging_mixin.py:137} INFO - [2023-02-16T00:03:47.392+0000] {dag.py:2690} INFO - Sync 1 DAGs
[2023-02-16T00:03:47.432+0000] {logging_mixin.py:137} INFO - [2023-02-16T00:03:47.432+0000] {dag.py:3441} INFO - Setting next_dagrun for example_branch_labels to 2023-02-15T00:00:00+00:00, run_after=2023-02-16T00:00:00+00:00
[2023-02-16T00:03:47.465+0000] {processor.py:175} INFO - Processing /home/airflow/.local/lib/python3.7/site-packages/airflow/example_dags/example_branch_labels.py took 0.136 seconds
[2023-02-16T00:04:18.365+0000] {processor.py:153} INFO - Started process (PID=1368) to work on /home/airflow/.local/lib/python3.7/site-packages/airflow/example_dags/example_branch_labels.py
[2023-02-16T00:04:18.367+0000] {processor.py:743} INFO - Processing file /home/airflow/.local/lib/python3.7/site-packages/airflow/example_dags/example_branch_labels.py for tasks to queue
[2023-02-16T00:04:18.368+0000] {logging_mixin.py:137} INFO - [2023-02-16T00:04:18.368+0000] {dagbag.py:538} INFO - Filling up the DagBag from /home/airflow/.local/lib/python3.7/site-packages/airflow/example_dags/example_branch_labels.py
[2023-02-16T00:04:18.400+0000] {processor.py:753} INFO - DAG(s) dict_keys(['example_branch_labels']) retrieved from /home/airflow/.local/lib/python3.7/site-packages/airflow/example_dags/example_branch_labels.py
[2023-02-16T00:04:18.448+0000] {logging_mixin.py:137} INFO - [2023-02-16T00:04:18.448+0000] {dag.py:2690} INFO - Sync 1 DAGs
[2023-02-16T00:04:18.508+0000] {logging_mixin.py:137} INFO - [2023-02-16T00:04:18.508+0000] {dag.py:3441} INFO - Setting next_dagrun for example_branch_labels to 2023-02-15T00:00:00+00:00, run_after=2023-02-16T00:00:00+00:00
[2023-02-16T00:04:18.549+0000] {processor.py:175} INFO - Processing /home/airflow/.local/lib/python3.7/site-packages/airflow/example_dags/example_branch_labels.py took 0.190 seconds
[2023-02-16T00:04:49.348+0000] {processor.py:153} INFO - Started process (PID=1458) to work on /home/airflow/.local/lib/python3.7/site-packages/airflow/example_dags/example_branch_labels.py
[2023-02-16T00:04:49.353+0000] {processor.py:743} INFO - Processing file /home/airflow/.local/lib/python3.7/site-packages/airflow/example_dags/example_branch_labels.py for tasks to queue
[2023-02-16T00:04:49.354+0000] {logging_mixin.py:137} INFO - [2023-02-16T00:04:49.353+0000] {dagbag.py:538} INFO - Filling up the DagBag from /home/airflow/.local/lib/python3.7/site-packages/airflow/example_dags/example_branch_labels.py
[2023-02-16T00:04:49.377+0000] {processor.py:753} INFO - DAG(s) dict_keys(['example_branch_labels']) retrieved from /home/airflow/.local/lib/python3.7/site-packages/airflow/example_dags/example_branch_labels.py
[2023-02-16T00:04:49.430+0000] {logging_mixin.py:137} INFO - [2023-02-16T00:04:49.429+0000] {dag.py:2690} INFO - Sync 1 DAGs
[2023-02-16T00:04:49.479+0000] {logging_mixin.py:137} INFO - [2023-02-16T00:04:49.479+0000] {dag.py:3441} INFO - Setting next_dagrun for example_branch_labels to 2023-02-15T00:00:00+00:00, run_after=2023-02-16T00:00:00+00:00
[2023-02-16T00:04:49.517+0000] {processor.py:175} INFO - Processing /home/airflow/.local/lib/python3.7/site-packages/airflow/example_dags/example_branch_labels.py took 0.173 seconds
[2023-02-16T00:05:20.008+0000] {processor.py:153} INFO - Started process (PID=1530) to work on /home/airflow/.local/lib/python3.7/site-packages/airflow/example_dags/example_branch_labels.py
[2023-02-16T00:05:20.009+0000] {processor.py:743} INFO - Processing file /home/airflow/.local/lib/python3.7/site-packages/airflow/example_dags/example_branch_labels.py for tasks to queue
[2023-02-16T00:05:20.010+0000] {logging_mixin.py:137} INFO - [2023-02-16T00:05:20.010+0000] {dagbag.py:538} INFO - Filling up the DagBag from /home/airflow/.local/lib/python3.7/site-packages/airflow/example_dags/example_branch_labels.py
[2023-02-16T00:05:20.029+0000] {processor.py:753} INFO - DAG(s) dict_keys(['example_branch_labels']) retrieved from /home/airflow/.local/lib/python3.7/site-packages/airflow/example_dags/example_branch_labels.py
[2023-02-16T00:05:20.061+0000] {logging_mixin.py:137} INFO - [2023-02-16T00:05:20.061+0000] {dag.py:2690} INFO - Sync 1 DAGs
[2023-02-16T00:05:20.102+0000] {logging_mixin.py:137} INFO - [2023-02-16T00:05:20.102+0000] {dag.py:3441} INFO - Setting next_dagrun for example_branch_labels to 2023-02-15T00:00:00+00:00, run_after=2023-02-16T00:00:00+00:00
[2023-02-16T00:05:20.134+0000] {processor.py:175} INFO - Processing /home/airflow/.local/lib/python3.7/site-packages/airflow/example_dags/example_branch_labels.py took 0.131 seconds
[2023-02-16T00:05:50.430+0000] {processor.py:153} INFO - Started process (PID=1602) to work on /home/airflow/.local/lib/python3.7/site-packages/airflow/example_dags/example_branch_labels.py
[2023-02-16T00:05:50.431+0000] {processor.py:743} INFO - Processing file /home/airflow/.local/lib/python3.7/site-packages/airflow/example_dags/example_branch_labels.py for tasks to queue
[2023-02-16T00:05:50.432+0000] {logging_mixin.py:137} INFO - [2023-02-16T00:05:50.432+0000] {dagbag.py:538} INFO - Filling up the DagBag from /home/airflow/.local/lib/python3.7/site-packages/airflow/example_dags/example_branch_labels.py
[2023-02-16T00:05:50.452+0000] {processor.py:753} INFO - DAG(s) dict_keys(['example_branch_labels']) retrieved from /home/airflow/.local/lib/python3.7/site-packages/airflow/example_dags/example_branch_labels.py
[2023-02-16T00:05:50.489+0000] {logging_mixin.py:137} INFO - [2023-02-16T00:05:50.489+0000] {dag.py:2690} INFO - Sync 1 DAGs
[2023-02-16T00:05:50.537+0000] {logging_mixin.py:137} INFO - [2023-02-16T00:05:50.537+0000] {dag.py:3441} INFO - Setting next_dagrun for example_branch_labels to 2023-02-15T00:00:00+00:00, run_after=2023-02-16T00:00:00+00:00
[2023-02-16T00:05:50.572+0000] {processor.py:175} INFO - Processing /home/airflow/.local/lib/python3.7/site-packages/airflow/example_dags/example_branch_labels.py took 0.147 seconds
[2023-02-16T00:06:21.564+0000] {processor.py:153} INFO - Started process (PID=1683) to work on /home/airflow/.local/lib/python3.7/site-packages/airflow/example_dags/example_branch_labels.py
[2023-02-16T00:06:21.567+0000] {processor.py:743} INFO - Processing file /home/airflow/.local/lib/python3.7/site-packages/airflow/example_dags/example_branch_labels.py for tasks to queue
[2023-02-16T00:06:21.568+0000] {logging_mixin.py:137} INFO - [2023-02-16T00:06:21.568+0000] {dagbag.py:538} INFO - Filling up the DagBag from /home/airflow/.local/lib/python3.7/site-packages/airflow/example_dags/example_branch_labels.py
[2023-02-16T00:06:21.588+0000] {processor.py:753} INFO - DAG(s) dict_keys(['example_branch_labels']) retrieved from /home/airflow/.local/lib/python3.7/site-packages/airflow/example_dags/example_branch_labels.py
[2023-02-16T00:06:21.624+0000] {logging_mixin.py:137} INFO - [2023-02-16T00:06:21.624+0000] {dag.py:2690} INFO - Sync 1 DAGs
[2023-02-16T00:06:21.669+0000] {logging_mixin.py:137} INFO - [2023-02-16T00:06:21.669+0000] {dag.py:3441} INFO - Setting next_dagrun for example_branch_labels to 2023-02-15T00:00:00+00:00, run_after=2023-02-16T00:00:00+00:00
[2023-02-16T00:06:21.707+0000] {processor.py:175} INFO - Processing /home/airflow/.local/lib/python3.7/site-packages/airflow/example_dags/example_branch_labels.py took 0.149 seconds
[2023-02-16T00:07:57.095+0000] {processor.py:153} INFO - Started process (PID=57) to work on /home/airflow/.local/lib/python3.7/site-packages/airflow/example_dags/example_branch_labels.py
[2023-02-16T00:07:57.097+0000] {processor.py:743} INFO - Processing file /home/airflow/.local/lib/python3.7/site-packages/airflow/example_dags/example_branch_labels.py for tasks to queue
[2023-02-16T00:07:57.098+0000] {logging_mixin.py:137} INFO - [2023-02-16T00:07:57.097+0000] {dagbag.py:538} INFO - Filling up the DagBag from /home/airflow/.local/lib/python3.7/site-packages/airflow/example_dags/example_branch_labels.py
[2023-02-16T00:07:57.116+0000] {processor.py:753} INFO - DAG(s) dict_keys(['example_branch_labels']) retrieved from /home/airflow/.local/lib/python3.7/site-packages/airflow/example_dags/example_branch_labels.py
[2023-02-16T00:07:57.153+0000] {logging_mixin.py:137} INFO - [2023-02-16T00:07:57.153+0000] {dag.py:2690} INFO - Sync 1 DAGs
[2023-02-16T00:07:57.197+0000] {logging_mixin.py:137} INFO - [2023-02-16T00:07:57.197+0000] {dag.py:3441} INFO - Setting next_dagrun for example_branch_labels to 2023-02-15T00:00:00+00:00, run_after=2023-02-16T00:00:00+00:00
[2023-02-16T00:07:57.231+0000] {processor.py:175} INFO - Processing /home/airflow/.local/lib/python3.7/site-packages/airflow/example_dags/example_branch_labels.py took 0.140 seconds
[2023-02-16T00:08:27.785+0000] {processor.py:153} INFO - Started process (PID=130) to work on /home/airflow/.local/lib/python3.7/site-packages/airflow/example_dags/example_branch_labels.py
[2023-02-16T00:08:27.786+0000] {processor.py:743} INFO - Processing file /home/airflow/.local/lib/python3.7/site-packages/airflow/example_dags/example_branch_labels.py for tasks to queue
[2023-02-16T00:08:27.787+0000] {logging_mixin.py:137} INFO - [2023-02-16T00:08:27.787+0000] {dagbag.py:538} INFO - Filling up the DagBag from /home/airflow/.local/lib/python3.7/site-packages/airflow/example_dags/example_branch_labels.py
[2023-02-16T00:08:27.805+0000] {processor.py:753} INFO - DAG(s) dict_keys(['example_branch_labels']) retrieved from /home/airflow/.local/lib/python3.7/site-packages/airflow/example_dags/example_branch_labels.py
[2023-02-16T00:08:27.841+0000] {logging_mixin.py:137} INFO - [2023-02-16T00:08:27.841+0000] {dag.py:2690} INFO - Sync 1 DAGs
[2023-02-16T00:08:27.887+0000] {logging_mixin.py:137} INFO - [2023-02-16T00:08:27.887+0000] {dag.py:3441} INFO - Setting next_dagrun for example_branch_labels to 2023-02-15T00:00:00+00:00, run_after=2023-02-16T00:00:00+00:00
[2023-02-16T00:08:27.925+0000] {processor.py:175} INFO - Processing /home/airflow/.local/lib/python3.7/site-packages/airflow/example_dags/example_branch_labels.py took 0.144 seconds
[2023-02-16T00:08:59.001+0000] {processor.py:153} INFO - Started process (PID=209) to work on /home/airflow/.local/lib/python3.7/site-packages/airflow/example_dags/example_branch_labels.py
[2023-02-16T00:08:59.002+0000] {processor.py:743} INFO - Processing file /home/airflow/.local/lib/python3.7/site-packages/airflow/example_dags/example_branch_labels.py for tasks to queue
[2023-02-16T00:08:59.003+0000] {logging_mixin.py:137} INFO - [2023-02-16T00:08:59.003+0000] {dagbag.py:538} INFO - Filling up the DagBag from /home/airflow/.local/lib/python3.7/site-packages/airflow/example_dags/example_branch_labels.py
[2023-02-16T00:08:59.033+0000] {processor.py:753} INFO - DAG(s) dict_keys(['example_branch_labels']) retrieved from /home/airflow/.local/lib/python3.7/site-packages/airflow/example_dags/example_branch_labels.py
[2023-02-16T00:08:59.074+0000] {logging_mixin.py:137} INFO - [2023-02-16T00:08:59.074+0000] {dag.py:2690} INFO - Sync 1 DAGs
[2023-02-16T00:08:59.124+0000] {logging_mixin.py:137} INFO - [2023-02-16T00:08:59.123+0000] {dag.py:3441} INFO - Setting next_dagrun for example_branch_labels to 2023-02-15T00:00:00+00:00, run_after=2023-02-16T00:00:00+00:00
[2023-02-16T00:08:59.160+0000] {processor.py:175} INFO - Processing /home/airflow/.local/lib/python3.7/site-packages/airflow/example_dags/example_branch_labels.py took 0.164 seconds
[2023-02-16T00:09:29.413+0000] {processor.py:153} INFO - Started process (PID=290) to work on /home/airflow/.local/lib/python3.7/site-packages/airflow/example_dags/example_branch_labels.py
[2023-02-16T00:09:29.415+0000] {processor.py:743} INFO - Processing file /home/airflow/.local/lib/python3.7/site-packages/airflow/example_dags/example_branch_labels.py for tasks to queue
[2023-02-16T00:09:29.416+0000] {logging_mixin.py:137} INFO - [2023-02-16T00:09:29.415+0000] {dagbag.py:538} INFO - Filling up the DagBag from /home/airflow/.local/lib/python3.7/site-packages/airflow/example_dags/example_branch_labels.py
[2023-02-16T00:09:29.435+0000] {processor.py:753} INFO - DAG(s) dict_keys(['example_branch_labels']) retrieved from /home/airflow/.local/lib/python3.7/site-packages/airflow/example_dags/example_branch_labels.py
[2023-02-16T00:09:29.473+0000] {logging_mixin.py:137} INFO - [2023-02-16T00:09:29.472+0000] {dag.py:2690} INFO - Sync 1 DAGs
[2023-02-16T00:09:29.520+0000] {logging_mixin.py:137} INFO - [2023-02-16T00:09:29.520+0000] {dag.py:3441} INFO - Setting next_dagrun for example_branch_labels to 2023-02-15T00:00:00+00:00, run_after=2023-02-16T00:00:00+00:00
[2023-02-16T00:09:29.564+0000] {processor.py:175} INFO - Processing /home/airflow/.local/lib/python3.7/site-packages/airflow/example_dags/example_branch_labels.py took 0.156 seconds
[2023-02-16T00:10:00.328+0000] {processor.py:153} INFO - Started process (PID=363) to work on /home/airflow/.local/lib/python3.7/site-packages/airflow/example_dags/example_branch_labels.py
[2023-02-16T00:10:00.330+0000] {processor.py:743} INFO - Processing file /home/airflow/.local/lib/python3.7/site-packages/airflow/example_dags/example_branch_labels.py for tasks to queue
[2023-02-16T00:10:00.331+0000] {logging_mixin.py:137} INFO - [2023-02-16T00:10:00.331+0000] {dagbag.py:538} INFO - Filling up the DagBag from /home/airflow/.local/lib/python3.7/site-packages/airflow/example_dags/example_branch_labels.py
[2023-02-16T00:10:00.359+0000] {processor.py:753} INFO - DAG(s) dict_keys(['example_branch_labels']) retrieved from /home/airflow/.local/lib/python3.7/site-packages/airflow/example_dags/example_branch_labels.py
[2023-02-16T00:10:00.404+0000] {logging_mixin.py:137} INFO - [2023-02-16T00:10:00.404+0000] {dag.py:2690} INFO - Sync 1 DAGs
[2023-02-16T00:10:00.454+0000] {logging_mixin.py:137} INFO - [2023-02-16T00:10:00.454+0000] {dag.py:3441} INFO - Setting next_dagrun for example_branch_labels to 2023-02-15T00:00:00+00:00, run_after=2023-02-16T00:00:00+00:00
[2023-02-16T00:10:00.494+0000] {processor.py:175} INFO - Processing /home/airflow/.local/lib/python3.7/site-packages/airflow/example_dags/example_branch_labels.py took 0.171 seconds
[2023-02-16T00:10:31.206+0000] {processor.py:153} INFO - Started process (PID=435) to work on /home/airflow/.local/lib/python3.7/site-packages/airflow/example_dags/example_branch_labels.py
[2023-02-16T00:10:31.206+0000] {processor.py:743} INFO - Processing file /home/airflow/.local/lib/python3.7/site-packages/airflow/example_dags/example_branch_labels.py for tasks to queue
[2023-02-16T00:10:31.207+0000] {logging_mixin.py:137} INFO - [2023-02-16T00:10:31.207+0000] {dagbag.py:538} INFO - Filling up the DagBag from /home/airflow/.local/lib/python3.7/site-packages/airflow/example_dags/example_branch_labels.py
[2023-02-16T00:10:31.235+0000] {processor.py:753} INFO - DAG(s) dict_keys(['example_branch_labels']) retrieved from /home/airflow/.local/lib/python3.7/site-packages/airflow/example_dags/example_branch_labels.py
[2023-02-16T00:10:31.277+0000] {logging_mixin.py:137} INFO - [2023-02-16T00:10:31.277+0000] {dag.py:2690} INFO - Sync 1 DAGs
[2023-02-16T00:10:31.325+0000] {logging_mixin.py:137} INFO - [2023-02-16T00:10:31.324+0000] {dag.py:3441} INFO - Setting next_dagrun for example_branch_labels to 2023-02-15T00:00:00+00:00, run_after=2023-02-16T00:00:00+00:00
[2023-02-16T00:10:31.363+0000] {processor.py:175} INFO - Processing /home/airflow/.local/lib/python3.7/site-packages/airflow/example_dags/example_branch_labels.py took 0.161 seconds
[2023-02-16T00:11:01.966+0000] {processor.py:153} INFO - Started process (PID=524) to work on /home/airflow/.local/lib/python3.7/site-packages/airflow/example_dags/example_branch_labels.py
[2023-02-16T00:11:01.967+0000] {processor.py:743} INFO - Processing file /home/airflow/.local/lib/python3.7/site-packages/airflow/example_dags/example_branch_labels.py for tasks to queue
[2023-02-16T00:11:01.968+0000] {logging_mixin.py:137} INFO - [2023-02-16T00:11:01.968+0000] {dagbag.py:538} INFO - Filling up the DagBag from /home/airflow/.local/lib/python3.7/site-packages/airflow/example_dags/example_branch_labels.py
[2023-02-16T00:11:01.999+0000] {processor.py:753} INFO - DAG(s) dict_keys(['example_branch_labels']) retrieved from /home/airflow/.local/lib/python3.7/site-packages/airflow/example_dags/example_branch_labels.py
[2023-02-16T00:11:02.041+0000] {logging_mixin.py:137} INFO - [2023-02-16T00:11:02.041+0000] {dag.py:2690} INFO - Sync 1 DAGs
[2023-02-16T00:11:02.097+0000] {logging_mixin.py:137} INFO - [2023-02-16T00:11:02.097+0000] {dag.py:3441} INFO - Setting next_dagrun for example_branch_labels to 2023-02-15T00:00:00+00:00, run_after=2023-02-16T00:00:00+00:00
[2023-02-16T00:11:02.133+0000] {processor.py:175} INFO - Processing /home/airflow/.local/lib/python3.7/site-packages/airflow/example_dags/example_branch_labels.py took 0.171 seconds
