[2023-02-16T00:00:14.288+0000] {processor.py:153} INFO - Started process (PID=774) to work on /home/airflow/.local/lib/python3.7/site-packages/airflow/example_dags/example_short_circuit_decorator.py
[2023-02-16T00:00:14.289+0000] {processor.py:743} INFO - Processing file /home/airflow/.local/lib/python3.7/site-packages/airflow/example_dags/example_short_circuit_decorator.py for tasks to queue
[2023-02-16T00:00:14.290+0000] {logging_mixin.py:137} INFO - [2023-02-16T00:00:14.290+0000] {dagbag.py:538} INFO - Filling up the DagBag from /home/airflow/.local/lib/python3.7/site-packages/airflow/example_dags/example_short_circuit_decorator.py
[2023-02-16T00:00:14.312+0000] {processor.py:753} INFO - DAG(s) dict_keys(['example_short_circuit_decorator']) retrieved from /home/airflow/.local/lib/python3.7/site-packages/airflow/example_dags/example_short_circuit_decorator.py
[2023-02-16T00:00:14.341+0000] {logging_mixin.py:137} INFO - [2023-02-16T00:00:14.341+0000] {dag.py:2690} INFO - Sync 1 DAGs
[2023-02-16T00:00:14.381+0000] {logging_mixin.py:137} INFO - [2023-02-16T00:00:14.380+0000] {dag.py:3441} INFO - Setting next_dagrun for example_short_circuit_decorator to 2023-02-15T00:00:14.380588+00:00, run_after=2023-02-16T00:00:14.380588+00:00
[2023-02-16T00:00:14.412+0000] {processor.py:175} INFO - Processing /home/airflow/.local/lib/python3.7/site-packages/airflow/example_dags/example_short_circuit_decorator.py took 0.128 seconds
[2023-02-16T00:00:45.185+0000] {processor.py:153} INFO - Started process (PID=848) to work on /home/airflow/.local/lib/python3.7/site-packages/airflow/example_dags/example_short_circuit_decorator.py
[2023-02-16T00:00:45.186+0000] {processor.py:743} INFO - Processing file /home/airflow/.local/lib/python3.7/site-packages/airflow/example_dags/example_short_circuit_decorator.py for tasks to queue
[2023-02-16T00:00:45.187+0000] {logging_mixin.py:137} INFO - [2023-02-16T00:00:45.187+0000] {dagbag.py:538} INFO - Filling up the DagBag from /home/airflow/.local/lib/python3.7/site-packages/airflow/example_dags/example_short_circuit_decorator.py
[2023-02-16T00:00:45.213+0000] {processor.py:753} INFO - DAG(s) dict_keys(['example_short_circuit_decorator']) retrieved from /home/airflow/.local/lib/python3.7/site-packages/airflow/example_dags/example_short_circuit_decorator.py
[2023-02-16T00:00:45.247+0000] {logging_mixin.py:137} INFO - [2023-02-16T00:00:45.246+0000] {dag.py:2690} INFO - Sync 1 DAGs
[2023-02-16T00:00:45.283+0000] {logging_mixin.py:137} INFO - [2023-02-16T00:00:45.282+0000] {dag.py:3441} INFO - Setting next_dagrun for example_short_circuit_decorator to 2023-02-15T00:00:45.282654+00:00, run_after=2023-02-16T00:00:45.282654+00:00
[2023-02-16T00:00:45.312+0000] {processor.py:175} INFO - Processing /home/airflow/.local/lib/python3.7/site-packages/airflow/example_dags/example_short_circuit_decorator.py took 0.130 seconds
[2023-02-16T00:01:16.401+0000] {processor.py:153} INFO - Started process (PID=937) to work on /home/airflow/.local/lib/python3.7/site-packages/airflow/example_dags/example_short_circuit_decorator.py
[2023-02-16T00:01:16.402+0000] {processor.py:743} INFO - Processing file /home/airflow/.local/lib/python3.7/site-packages/airflow/example_dags/example_short_circuit_decorator.py for tasks to queue
[2023-02-16T00:01:16.402+0000] {logging_mixin.py:137} INFO - [2023-02-16T00:01:16.402+0000] {dagbag.py:538} INFO - Filling up the DagBag from /home/airflow/.local/lib/python3.7/site-packages/airflow/example_dags/example_short_circuit_decorator.py
[2023-02-16T00:01:16.429+0000] {processor.py:753} INFO - DAG(s) dict_keys(['example_short_circuit_decorator']) retrieved from /home/airflow/.local/lib/python3.7/site-packages/airflow/example_dags/example_short_circuit_decorator.py
[2023-02-16T00:01:16.461+0000] {logging_mixin.py:137} INFO - [2023-02-16T00:01:16.461+0000] {dag.py:2690} INFO - Sync 1 DAGs
[2023-02-16T00:01:16.499+0000] {logging_mixin.py:137} INFO - [2023-02-16T00:01:16.499+0000] {dag.py:3441} INFO - Setting next_dagrun for example_short_circuit_decorator to 2023-02-15T00:01:16.498990+00:00, run_after=2023-02-16T00:01:16.498990+00:00
[2023-02-16T00:01:16.531+0000] {processor.py:175} INFO - Processing /home/airflow/.local/lib/python3.7/site-packages/airflow/example_dags/example_short_circuit_decorator.py took 0.134 seconds
[2023-02-16T00:01:46.884+0000] {processor.py:153} INFO - Started process (PID=1009) to work on /home/airflow/.local/lib/python3.7/site-packages/airflow/example_dags/example_short_circuit_decorator.py
[2023-02-16T00:01:46.886+0000] {processor.py:743} INFO - Processing file /home/airflow/.local/lib/python3.7/site-packages/airflow/example_dags/example_short_circuit_decorator.py for tasks to queue
[2023-02-16T00:01:46.887+0000] {logging_mixin.py:137} INFO - [2023-02-16T00:01:46.887+0000] {dagbag.py:538} INFO - Filling up the DagBag from /home/airflow/.local/lib/python3.7/site-packages/airflow/example_dags/example_short_circuit_decorator.py
[2023-02-16T00:01:46.921+0000] {processor.py:753} INFO - DAG(s) dict_keys(['example_short_circuit_decorator']) retrieved from /home/airflow/.local/lib/python3.7/site-packages/airflow/example_dags/example_short_circuit_decorator.py
[2023-02-16T00:01:46.955+0000] {logging_mixin.py:137} INFO - [2023-02-16T00:01:46.954+0000] {dag.py:2690} INFO - Sync 1 DAGs
[2023-02-16T00:01:46.994+0000] {logging_mixin.py:137} INFO - [2023-02-16T00:01:46.993+0000] {dag.py:3441} INFO - Setting next_dagrun for example_short_circuit_decorator to 2023-02-15T00:01:46.993453+00:00, run_after=2023-02-16T00:01:46.993453+00:00
[2023-02-16T00:01:47.023+0000] {processor.py:175} INFO - Processing /home/airflow/.local/lib/python3.7/site-packages/airflow/example_dags/example_short_circuit_decorator.py took 0.145 seconds
[2023-02-16T00:02:17.847+0000] {processor.py:153} INFO - Started process (PID=1082) to work on /home/airflow/.local/lib/python3.7/site-packages/airflow/example_dags/example_short_circuit_decorator.py
[2023-02-16T00:02:17.849+0000] {processor.py:743} INFO - Processing file /home/airflow/.local/lib/python3.7/site-packages/airflow/example_dags/example_short_circuit_decorator.py for tasks to queue
[2023-02-16T00:02:17.850+0000] {logging_mixin.py:137} INFO - [2023-02-16T00:02:17.849+0000] {dagbag.py:538} INFO - Filling up the DagBag from /home/airflow/.local/lib/python3.7/site-packages/airflow/example_dags/example_short_circuit_decorator.py
[2023-02-16T00:02:17.891+0000] {processor.py:753} INFO - DAG(s) dict_keys(['example_short_circuit_decorator']) retrieved from /home/airflow/.local/lib/python3.7/site-packages/airflow/example_dags/example_short_circuit_decorator.py
[2023-02-16T00:02:17.928+0000] {logging_mixin.py:137} INFO - [2023-02-16T00:02:17.928+0000] {dag.py:2690} INFO - Sync 1 DAGs
[2023-02-16T00:02:17.966+0000] {logging_mixin.py:137} INFO - [2023-02-16T00:02:17.966+0000] {dag.py:3441} INFO - Setting next_dagrun for example_short_circuit_decorator to 2023-02-15T00:02:17.966391+00:00, run_after=2023-02-16T00:02:17.966391+00:00
[2023-02-16T00:02:18.000+0000] {processor.py:175} INFO - Processing /home/airflow/.local/lib/python3.7/site-packages/airflow/example_dags/example_short_circuit_decorator.py took 0.157 seconds
[2023-02-16T00:02:49.269+0000] {processor.py:153} INFO - Started process (PID=1170) to work on /home/airflow/.local/lib/python3.7/site-packages/airflow/example_dags/example_short_circuit_decorator.py
[2023-02-16T00:02:49.270+0000] {processor.py:743} INFO - Processing file /home/airflow/.local/lib/python3.7/site-packages/airflow/example_dags/example_short_circuit_decorator.py for tasks to queue
[2023-02-16T00:02:49.271+0000] {logging_mixin.py:137} INFO - [2023-02-16T00:02:49.271+0000] {dagbag.py:538} INFO - Filling up the DagBag from /home/airflow/.local/lib/python3.7/site-packages/airflow/example_dags/example_short_circuit_decorator.py
[2023-02-16T00:02:49.311+0000] {processor.py:753} INFO - DAG(s) dict_keys(['example_short_circuit_decorator']) retrieved from /home/airflow/.local/lib/python3.7/site-packages/airflow/example_dags/example_short_circuit_decorator.py
[2023-02-16T00:02:49.386+0000] {logging_mixin.py:137} INFO - [2023-02-16T00:02:49.385+0000] {dag.py:2690} INFO - Sync 1 DAGs
[2023-02-16T00:02:49.469+0000] {logging_mixin.py:137} INFO - [2023-02-16T00:02:49.468+0000] {dag.py:3441} INFO - Setting next_dagrun for example_short_circuit_decorator to 2023-02-15T00:02:49.468192+00:00, run_after=2023-02-16T00:02:49.468192+00:00
[2023-02-16T00:02:49.532+0000] {processor.py:175} INFO - Processing /home/airflow/.local/lib/python3.7/site-packages/airflow/example_dags/example_short_circuit_decorator.py took 0.268 seconds
[2023-02-16T00:03:20.314+0000] {processor.py:153} INFO - Started process (PID=1242) to work on /home/airflow/.local/lib/python3.7/site-packages/airflow/example_dags/example_short_circuit_decorator.py
[2023-02-16T00:03:20.315+0000] {processor.py:743} INFO - Processing file /home/airflow/.local/lib/python3.7/site-packages/airflow/example_dags/example_short_circuit_decorator.py for tasks to queue
[2023-02-16T00:03:20.315+0000] {logging_mixin.py:137} INFO - [2023-02-16T00:03:20.315+0000] {dagbag.py:538} INFO - Filling up the DagBag from /home/airflow/.local/lib/python3.7/site-packages/airflow/example_dags/example_short_circuit_decorator.py
[2023-02-16T00:03:20.343+0000] {processor.py:753} INFO - DAG(s) dict_keys(['example_short_circuit_decorator']) retrieved from /home/airflow/.local/lib/python3.7/site-packages/airflow/example_dags/example_short_circuit_decorator.py
[2023-02-16T00:03:20.378+0000] {logging_mixin.py:137} INFO - [2023-02-16T00:03:20.378+0000] {dag.py:2690} INFO - Sync 1 DAGs
[2023-02-16T00:03:20.419+0000] {logging_mixin.py:137} INFO - [2023-02-16T00:03:20.419+0000] {dag.py:3441} INFO - Setting next_dagrun for example_short_circuit_decorator to 2023-02-15T00:03:20.419310+00:00, run_after=2023-02-16T00:03:20.419310+00:00
[2023-02-16T00:03:20.455+0000] {processor.py:175} INFO - Processing /home/airflow/.local/lib/python3.7/site-packages/airflow/example_dags/example_short_circuit_decorator.py took 0.144 seconds
[2023-02-16T00:03:51.228+0000] {processor.py:153} INFO - Started process (PID=1314) to work on /home/airflow/.local/lib/python3.7/site-packages/airflow/example_dags/example_short_circuit_decorator.py
[2023-02-16T00:03:51.229+0000] {processor.py:743} INFO - Processing file /home/airflow/.local/lib/python3.7/site-packages/airflow/example_dags/example_short_circuit_decorator.py for tasks to queue
[2023-02-16T00:03:51.230+0000] {logging_mixin.py:137} INFO - [2023-02-16T00:03:51.230+0000] {dagbag.py:538} INFO - Filling up the DagBag from /home/airflow/.local/lib/python3.7/site-packages/airflow/example_dags/example_short_circuit_decorator.py
[2023-02-16T00:03:51.255+0000] {processor.py:753} INFO - DAG(s) dict_keys(['example_short_circuit_decorator']) retrieved from /home/airflow/.local/lib/python3.7/site-packages/airflow/example_dags/example_short_circuit_decorator.py
[2023-02-16T00:03:51.288+0000] {logging_mixin.py:137} INFO - [2023-02-16T00:03:51.288+0000] {dag.py:2690} INFO - Sync 1 DAGs
[2023-02-16T00:03:51.326+0000] {logging_mixin.py:137} INFO - [2023-02-16T00:03:51.326+0000] {dag.py:3441} INFO - Setting next_dagrun for example_short_circuit_decorator to 2023-02-15T00:03:51.326196+00:00, run_after=2023-02-16T00:03:51.326196+00:00
[2023-02-16T00:03:51.353+0000] {processor.py:175} INFO - Processing /home/airflow/.local/lib/python3.7/site-packages/airflow/example_dags/example_short_circuit_decorator.py took 0.131 seconds
[2023-02-16T00:04:21.991+0000] {processor.py:153} INFO - Started process (PID=1402) to work on /home/airflow/.local/lib/python3.7/site-packages/airflow/example_dags/example_short_circuit_decorator.py
[2023-02-16T00:04:21.992+0000] {processor.py:743} INFO - Processing file /home/airflow/.local/lib/python3.7/site-packages/airflow/example_dags/example_short_circuit_decorator.py for tasks to queue
[2023-02-16T00:04:21.993+0000] {logging_mixin.py:137} INFO - [2023-02-16T00:04:21.992+0000] {dagbag.py:538} INFO - Filling up the DagBag from /home/airflow/.local/lib/python3.7/site-packages/airflow/example_dags/example_short_circuit_decorator.py
[2023-02-16T00:04:22.027+0000] {processor.py:753} INFO - DAG(s) dict_keys(['example_short_circuit_decorator']) retrieved from /home/airflow/.local/lib/python3.7/site-packages/airflow/example_dags/example_short_circuit_decorator.py
[2023-02-16T00:04:22.065+0000] {logging_mixin.py:137} INFO - [2023-02-16T00:04:22.065+0000] {dag.py:2690} INFO - Sync 1 DAGs
[2023-02-16T00:04:22.113+0000] {logging_mixin.py:137} INFO - [2023-02-16T00:04:22.112+0000] {dag.py:3441} INFO - Setting next_dagrun for example_short_circuit_decorator to 2023-02-15T00:04:22.112301+00:00, run_after=2023-02-16T00:04:22.112301+00:00
[2023-02-16T00:04:22.154+0000] {processor.py:175} INFO - Processing /home/airflow/.local/lib/python3.7/site-packages/airflow/example_dags/example_short_circuit_decorator.py took 0.167 seconds
[2023-02-16T00:04:52.783+0000] {processor.py:153} INFO - Started process (PID=1476) to work on /home/airflow/.local/lib/python3.7/site-packages/airflow/example_dags/example_short_circuit_decorator.py
[2023-02-16T00:04:52.785+0000] {processor.py:743} INFO - Processing file /home/airflow/.local/lib/python3.7/site-packages/airflow/example_dags/example_short_circuit_decorator.py for tasks to queue
[2023-02-16T00:04:52.786+0000] {logging_mixin.py:137} INFO - [2023-02-16T00:04:52.786+0000] {dagbag.py:538} INFO - Filling up the DagBag from /home/airflow/.local/lib/python3.7/site-packages/airflow/example_dags/example_short_circuit_decorator.py
[2023-02-16T00:04:52.821+0000] {processor.py:753} INFO - DAG(s) dict_keys(['example_short_circuit_decorator']) retrieved from /home/airflow/.local/lib/python3.7/site-packages/airflow/example_dags/example_short_circuit_decorator.py
[2023-02-16T00:04:52.856+0000] {logging_mixin.py:137} INFO - [2023-02-16T00:04:52.855+0000] {dag.py:2690} INFO - Sync 1 DAGs
[2023-02-16T00:04:52.898+0000] {logging_mixin.py:137} INFO - [2023-02-16T00:04:52.897+0000] {dag.py:3441} INFO - Setting next_dagrun for example_short_circuit_decorator to 2023-02-15T00:04:52.897480+00:00, run_after=2023-02-16T00:04:52.897480+00:00
[2023-02-16T00:04:52.931+0000] {processor.py:175} INFO - Processing /home/airflow/.local/lib/python3.7/site-packages/airflow/example_dags/example_short_circuit_decorator.py took 0.155 seconds
[2023-02-16T00:05:22.988+0000] {processor.py:153} INFO - Started process (PID=1548) to work on /home/airflow/.local/lib/python3.7/site-packages/airflow/example_dags/example_short_circuit_decorator.py
[2023-02-16T00:05:22.989+0000] {processor.py:743} INFO - Processing file /home/airflow/.local/lib/python3.7/site-packages/airflow/example_dags/example_short_circuit_decorator.py for tasks to queue
[2023-02-16T00:05:22.990+0000] {logging_mixin.py:137} INFO - [2023-02-16T00:05:22.990+0000] {dagbag.py:538} INFO - Filling up the DagBag from /home/airflow/.local/lib/python3.7/site-packages/airflow/example_dags/example_short_circuit_decorator.py
[2023-02-16T00:05:23.026+0000] {processor.py:753} INFO - DAG(s) dict_keys(['example_short_circuit_decorator']) retrieved from /home/airflow/.local/lib/python3.7/site-packages/airflow/example_dags/example_short_circuit_decorator.py
[2023-02-16T00:05:23.064+0000] {logging_mixin.py:137} INFO - [2023-02-16T00:05:23.064+0000] {dag.py:2690} INFO - Sync 1 DAGs
[2023-02-16T00:05:23.112+0000] {logging_mixin.py:137} INFO - [2023-02-16T00:05:23.112+0000] {dag.py:3441} INFO - Setting next_dagrun for example_short_circuit_decorator to 2023-02-15T00:05:23.111606+00:00, run_after=2023-02-16T00:05:23.111606+00:00
[2023-02-16T00:05:23.163+0000] {processor.py:175} INFO - Processing /home/airflow/.local/lib/python3.7/site-packages/airflow/example_dags/example_short_circuit_decorator.py took 0.180 seconds
[2023-02-16T00:05:54.160+0000] {processor.py:153} INFO - Started process (PID=1629) to work on /home/airflow/.local/lib/python3.7/site-packages/airflow/example_dags/example_short_circuit_decorator.py
[2023-02-16T00:05:54.162+0000] {processor.py:743} INFO - Processing file /home/airflow/.local/lib/python3.7/site-packages/airflow/example_dags/example_short_circuit_decorator.py for tasks to queue
[2023-02-16T00:05:54.163+0000] {logging_mixin.py:137} INFO - [2023-02-16T00:05:54.163+0000] {dagbag.py:538} INFO - Filling up the DagBag from /home/airflow/.local/lib/python3.7/site-packages/airflow/example_dags/example_short_circuit_decorator.py
[2023-02-16T00:05:54.200+0000] {processor.py:753} INFO - DAG(s) dict_keys(['example_short_circuit_decorator']) retrieved from /home/airflow/.local/lib/python3.7/site-packages/airflow/example_dags/example_short_circuit_decorator.py
[2023-02-16T00:05:54.238+0000] {logging_mixin.py:137} INFO - [2023-02-16T00:05:54.238+0000] {dag.py:2690} INFO - Sync 1 DAGs
[2023-02-16T00:05:54.281+0000] {logging_mixin.py:137} INFO - [2023-02-16T00:05:54.281+0000] {dag.py:3441} INFO - Setting next_dagrun for example_short_circuit_decorator to 2023-02-15T00:05:54.281151+00:00, run_after=2023-02-16T00:05:54.281151+00:00
[2023-02-16T00:05:54.324+0000] {processor.py:175} INFO - Processing /home/airflow/.local/lib/python3.7/site-packages/airflow/example_dags/example_short_circuit_decorator.py took 0.169 seconds
[2023-02-16T00:06:24.720+0000] {processor.py:153} INFO - Started process (PID=1708) to work on /home/airflow/.local/lib/python3.7/site-packages/airflow/example_dags/example_short_circuit_decorator.py
[2023-02-16T00:06:24.722+0000] {processor.py:743} INFO - Processing file /home/airflow/.local/lib/python3.7/site-packages/airflow/example_dags/example_short_circuit_decorator.py for tasks to queue
[2023-02-16T00:06:24.723+0000] {logging_mixin.py:137} INFO - [2023-02-16T00:06:24.723+0000] {dagbag.py:538} INFO - Filling up the DagBag from /home/airflow/.local/lib/python3.7/site-packages/airflow/example_dags/example_short_circuit_decorator.py
[2023-02-16T00:06:24.755+0000] {processor.py:753} INFO - DAG(s) dict_keys(['example_short_circuit_decorator']) retrieved from /home/airflow/.local/lib/python3.7/site-packages/airflow/example_dags/example_short_circuit_decorator.py
[2023-02-16T00:06:24.794+0000] {logging_mixin.py:137} INFO - [2023-02-16T00:06:24.794+0000] {dag.py:2690} INFO - Sync 1 DAGs
[2023-02-16T00:06:24.837+0000] {logging_mixin.py:137} INFO - [2023-02-16T00:06:24.837+0000] {dag.py:3441} INFO - Setting next_dagrun for example_short_circuit_decorator to 2023-02-15T00:06:24.836983+00:00, run_after=2023-02-16T00:06:24.836983+00:00
[2023-02-16T00:06:24.878+0000] {processor.py:175} INFO - Processing /home/airflow/.local/lib/python3.7/site-packages/airflow/example_dags/example_short_circuit_decorator.py took 0.164 seconds
[2023-02-16T00:07:59.739+0000] {processor.py:153} INFO - Started process (PID=75) to work on /home/airflow/.local/lib/python3.7/site-packages/airflow/example_dags/example_short_circuit_decorator.py
[2023-02-16T00:07:59.741+0000] {processor.py:743} INFO - Processing file /home/airflow/.local/lib/python3.7/site-packages/airflow/example_dags/example_short_circuit_decorator.py for tasks to queue
[2023-02-16T00:07:59.741+0000] {logging_mixin.py:137} INFO - [2023-02-16T00:07:59.741+0000] {dagbag.py:538} INFO - Filling up the DagBag from /home/airflow/.local/lib/python3.7/site-packages/airflow/example_dags/example_short_circuit_decorator.py
[2023-02-16T00:07:59.778+0000] {processor.py:753} INFO - DAG(s) dict_keys(['example_short_circuit_decorator']) retrieved from /home/airflow/.local/lib/python3.7/site-packages/airflow/example_dags/example_short_circuit_decorator.py
[2023-02-16T00:07:59.821+0000] {logging_mixin.py:137} INFO - [2023-02-16T00:07:59.820+0000] {dag.py:2690} INFO - Sync 1 DAGs
[2023-02-16T00:07:59.874+0000] {logging_mixin.py:137} INFO - [2023-02-16T00:07:59.874+0000] {dag.py:3441} INFO - Setting next_dagrun for example_short_circuit_decorator to 2023-02-15T00:07:59.874314+00:00, run_after=2023-02-16T00:07:59.874314+00:00
[2023-02-16T00:07:59.911+0000] {processor.py:175} INFO - Processing /home/airflow/.local/lib/python3.7/site-packages/airflow/example_dags/example_short_circuit_decorator.py took 0.177 seconds
[2023-02-16T00:08:30.809+0000] {processor.py:153} INFO - Started process (PID=148) to work on /home/airflow/.local/lib/python3.7/site-packages/airflow/example_dags/example_short_circuit_decorator.py
[2023-02-16T00:08:30.810+0000] {processor.py:743} INFO - Processing file /home/airflow/.local/lib/python3.7/site-packages/airflow/example_dags/example_short_circuit_decorator.py for tasks to queue
[2023-02-16T00:08:30.811+0000] {logging_mixin.py:137} INFO - [2023-02-16T00:08:30.811+0000] {dagbag.py:538} INFO - Filling up the DagBag from /home/airflow/.local/lib/python3.7/site-packages/airflow/example_dags/example_short_circuit_decorator.py
[2023-02-16T00:08:30.844+0000] {processor.py:753} INFO - DAG(s) dict_keys(['example_short_circuit_decorator']) retrieved from /home/airflow/.local/lib/python3.7/site-packages/airflow/example_dags/example_short_circuit_decorator.py
[2023-02-16T00:08:30.883+0000] {logging_mixin.py:137} INFO - [2023-02-16T00:08:30.883+0000] {dag.py:2690} INFO - Sync 1 DAGs
[2023-02-16T00:08:30.926+0000] {logging_mixin.py:137} INFO - [2023-02-16T00:08:30.926+0000] {dag.py:3441} INFO - Setting next_dagrun for example_short_circuit_decorator to 2023-02-15T00:08:30.926359+00:00, run_after=2023-02-16T00:08:30.926359+00:00
[2023-02-16T00:08:30.963+0000] {processor.py:175} INFO - Processing /home/airflow/.local/lib/python3.7/site-packages/airflow/example_dags/example_short_circuit_decorator.py took 0.159 seconds
[2023-02-16T00:09:01.361+0000] {processor.py:153} INFO - Started process (PID=236) to work on /home/airflow/.local/lib/python3.7/site-packages/airflow/example_dags/example_short_circuit_decorator.py
[2023-02-16T00:09:01.362+0000] {processor.py:743} INFO - Processing file /home/airflow/.local/lib/python3.7/site-packages/airflow/example_dags/example_short_circuit_decorator.py for tasks to queue
[2023-02-16T00:09:01.364+0000] {logging_mixin.py:137} INFO - [2023-02-16T00:09:01.363+0000] {dagbag.py:538} INFO - Filling up the DagBag from /home/airflow/.local/lib/python3.7/site-packages/airflow/example_dags/example_short_circuit_decorator.py
[2023-02-16T00:09:01.408+0000] {processor.py:753} INFO - DAG(s) dict_keys(['example_short_circuit_decorator']) retrieved from /home/airflow/.local/lib/python3.7/site-packages/airflow/example_dags/example_short_circuit_decorator.py
[2023-02-16T00:09:01.444+0000] {logging_mixin.py:137} INFO - [2023-02-16T00:09:01.444+0000] {dag.py:2690} INFO - Sync 1 DAGs
[2023-02-16T00:09:01.488+0000] {logging_mixin.py:137} INFO - [2023-02-16T00:09:01.488+0000] {dag.py:3441} INFO - Setting next_dagrun for example_short_circuit_decorator to 2023-02-15T00:09:01.488131+00:00, run_after=2023-02-16T00:09:01.488131+00:00
[2023-02-16T00:09:01.526+0000] {processor.py:175} INFO - Processing /home/airflow/.local/lib/python3.7/site-packages/airflow/example_dags/example_short_circuit_decorator.py took 0.171 seconds
[2023-02-16T00:09:32.380+0000] {processor.py:153} INFO - Started process (PID=308) to work on /home/airflow/.local/lib/python3.7/site-packages/airflow/example_dags/example_short_circuit_decorator.py
[2023-02-16T00:09:32.381+0000] {processor.py:743} INFO - Processing file /home/airflow/.local/lib/python3.7/site-packages/airflow/example_dags/example_short_circuit_decorator.py for tasks to queue
[2023-02-16T00:09:32.383+0000] {logging_mixin.py:137} INFO - [2023-02-16T00:09:32.382+0000] {dagbag.py:538} INFO - Filling up the DagBag from /home/airflow/.local/lib/python3.7/site-packages/airflow/example_dags/example_short_circuit_decorator.py
[2023-02-16T00:09:32.420+0000] {processor.py:753} INFO - DAG(s) dict_keys(['example_short_circuit_decorator']) retrieved from /home/airflow/.local/lib/python3.7/site-packages/airflow/example_dags/example_short_circuit_decorator.py
[2023-02-16T00:09:32.460+0000] {logging_mixin.py:137} INFO - [2023-02-16T00:09:32.460+0000] {dag.py:2690} INFO - Sync 1 DAGs
[2023-02-16T00:09:32.504+0000] {logging_mixin.py:137} INFO - [2023-02-16T00:09:32.503+0000] {dag.py:3441} INFO - Setting next_dagrun for example_short_circuit_decorator to 2023-02-15T00:09:32.503390+00:00, run_after=2023-02-16T00:09:32.503390+00:00
[2023-02-16T00:09:32.538+0000] {processor.py:175} INFO - Processing /home/airflow/.local/lib/python3.7/site-packages/airflow/example_dags/example_short_circuit_decorator.py took 0.164 seconds
[2023-02-16T00:10:03.232+0000] {processor.py:153} INFO - Started process (PID=381) to work on /home/airflow/.local/lib/python3.7/site-packages/airflow/example_dags/example_short_circuit_decorator.py
[2023-02-16T00:10:03.233+0000] {processor.py:743} INFO - Processing file /home/airflow/.local/lib/python3.7/site-packages/airflow/example_dags/example_short_circuit_decorator.py for tasks to queue
[2023-02-16T00:10:03.234+0000] {logging_mixin.py:137} INFO - [2023-02-16T00:10:03.233+0000] {dagbag.py:538} INFO - Filling up the DagBag from /home/airflow/.local/lib/python3.7/site-packages/airflow/example_dags/example_short_circuit_decorator.py
[2023-02-16T00:10:03.265+0000] {processor.py:753} INFO - DAG(s) dict_keys(['example_short_circuit_decorator']) retrieved from /home/airflow/.local/lib/python3.7/site-packages/airflow/example_dags/example_short_circuit_decorator.py
[2023-02-16T00:10:03.300+0000] {logging_mixin.py:137} INFO - [2023-02-16T00:10:03.300+0000] {dag.py:2690} INFO - Sync 1 DAGs
[2023-02-16T00:10:03.338+0000] {logging_mixin.py:137} INFO - [2023-02-16T00:10:03.338+0000] {dag.py:3441} INFO - Setting next_dagrun for example_short_circuit_decorator to 2023-02-15T00:10:03.338091+00:00, run_after=2023-02-16T00:10:03.338091+00:00
[2023-02-16T00:10:03.374+0000] {processor.py:175} INFO - Processing /home/airflow/.local/lib/python3.7/site-packages/airflow/example_dags/example_short_circuit_decorator.py took 0.147 seconds
[2023-02-16T00:10:33.496+0000] {processor.py:153} INFO - Started process (PID=459) to work on /home/airflow/.local/lib/python3.7/site-packages/airflow/example_dags/example_short_circuit_decorator.py
[2023-02-16T00:10:33.498+0000] {processor.py:743} INFO - Processing file /home/airflow/.local/lib/python3.7/site-packages/airflow/example_dags/example_short_circuit_decorator.py for tasks to queue
[2023-02-16T00:10:33.499+0000] {logging_mixin.py:137} INFO - [2023-02-16T00:10:33.498+0000] {dagbag.py:538} INFO - Filling up the DagBag from /home/airflow/.local/lib/python3.7/site-packages/airflow/example_dags/example_short_circuit_decorator.py
[2023-02-16T00:10:33.539+0000] {processor.py:753} INFO - DAG(s) dict_keys(['example_short_circuit_decorator']) retrieved from /home/airflow/.local/lib/python3.7/site-packages/airflow/example_dags/example_short_circuit_decorator.py
[2023-02-16T00:10:33.571+0000] {logging_mixin.py:137} INFO - [2023-02-16T00:10:33.571+0000] {dag.py:2690} INFO - Sync 1 DAGs
[2023-02-16T00:10:33.607+0000] {logging_mixin.py:137} INFO - [2023-02-16T00:10:33.607+0000] {dag.py:3441} INFO - Setting next_dagrun for example_short_circuit_decorator to 2023-02-15T00:10:33.607312+00:00, run_after=2023-02-16T00:10:33.607312+00:00
[2023-02-16T00:10:33.643+0000] {processor.py:175} INFO - Processing /home/airflow/.local/lib/python3.7/site-packages/airflow/example_dags/example_short_circuit_decorator.py took 0.152 seconds
[2023-02-16T00:11:04.005+0000] {processor.py:153} INFO - Started process (PID=542) to work on /home/airflow/.local/lib/python3.7/site-packages/airflow/example_dags/example_short_circuit_decorator.py
[2023-02-16T00:11:04.007+0000] {processor.py:743} INFO - Processing file /home/airflow/.local/lib/python3.7/site-packages/airflow/example_dags/example_short_circuit_decorator.py for tasks to queue
[2023-02-16T00:11:04.008+0000] {logging_mixin.py:137} INFO - [2023-02-16T00:11:04.008+0000] {dagbag.py:538} INFO - Filling up the DagBag from /home/airflow/.local/lib/python3.7/site-packages/airflow/example_dags/example_short_circuit_decorator.py
[2023-02-16T00:11:04.042+0000] {processor.py:753} INFO - DAG(s) dict_keys(['example_short_circuit_decorator']) retrieved from /home/airflow/.local/lib/python3.7/site-packages/airflow/example_dags/example_short_circuit_decorator.py
[2023-02-16T00:11:04.084+0000] {logging_mixin.py:137} INFO - [2023-02-16T00:11:04.084+0000] {dag.py:2690} INFO - Sync 1 DAGs
[2023-02-16T00:11:04.122+0000] {logging_mixin.py:137} INFO - [2023-02-16T00:11:04.122+0000] {dag.py:3441} INFO - Setting next_dagrun for example_short_circuit_decorator to 2023-02-15T00:11:04.121838+00:00, run_after=2023-02-16T00:11:04.121838+00:00
[2023-02-16T00:11:04.153+0000] {processor.py:175} INFO - Processing /home/airflow/.local/lib/python3.7/site-packages/airflow/example_dags/example_short_circuit_decorator.py took 0.151 seconds
[2023-02-16T00:31:35.114+0000] {processor.py:153} INFO - Started process (PID=76) to work on /home/airflow/.local/lib/python3.7/site-packages/airflow/example_dags/example_short_circuit_decorator.py
[2023-02-16T00:31:35.115+0000] {processor.py:743} INFO - Processing file /home/airflow/.local/lib/python3.7/site-packages/airflow/example_dags/example_short_circuit_decorator.py for tasks to queue
[2023-02-16T00:31:35.116+0000] {logging_mixin.py:137} INFO - [2023-02-16T00:31:35.116+0000] {dagbag.py:538} INFO - Filling up the DagBag from /home/airflow/.local/lib/python3.7/site-packages/airflow/example_dags/example_short_circuit_decorator.py
[2023-02-16T00:31:35.162+0000] {processor.py:753} INFO - DAG(s) dict_keys(['example_short_circuit_decorator']) retrieved from /home/airflow/.local/lib/python3.7/site-packages/airflow/example_dags/example_short_circuit_decorator.py
[2023-02-16T00:31:35.195+0000] {logging_mixin.py:137} INFO - [2023-02-16T00:31:35.195+0000] {dag.py:2690} INFO - Sync 1 DAGs
[2023-02-16T00:31:35.233+0000] {logging_mixin.py:137} INFO - [2023-02-16T00:31:35.233+0000] {dag.py:3441} INFO - Setting next_dagrun for example_short_circuit_decorator to 2023-02-15T00:31:35.232625+00:00, run_after=2023-02-16T00:31:35.232625+00:00
[2023-02-16T00:31:35.280+0000] {processor.py:175} INFO - Processing /home/airflow/.local/lib/python3.7/site-packages/airflow/example_dags/example_short_circuit_decorator.py took 0.172 seconds
[2023-02-16T00:32:05.353+0000] {processor.py:153} INFO - Started process (PID=148) to work on /home/airflow/.local/lib/python3.7/site-packages/airflow/example_dags/example_short_circuit_decorator.py
[2023-02-16T00:32:05.354+0000] {processor.py:743} INFO - Processing file /home/airflow/.local/lib/python3.7/site-packages/airflow/example_dags/example_short_circuit_decorator.py for tasks to queue
[2023-02-16T00:32:05.355+0000] {logging_mixin.py:137} INFO - [2023-02-16T00:32:05.355+0000] {dagbag.py:538} INFO - Filling up the DagBag from /home/airflow/.local/lib/python3.7/site-packages/airflow/example_dags/example_short_circuit_decorator.py
[2023-02-16T00:32:05.400+0000] {processor.py:753} INFO - DAG(s) dict_keys(['example_short_circuit_decorator']) retrieved from /home/airflow/.local/lib/python3.7/site-packages/airflow/example_dags/example_short_circuit_decorator.py
[2023-02-16T00:32:05.442+0000] {logging_mixin.py:137} INFO - [2023-02-16T00:32:05.442+0000] {dag.py:2690} INFO - Sync 1 DAGs
[2023-02-16T00:32:05.486+0000] {logging_mixin.py:137} INFO - [2023-02-16T00:32:05.486+0000] {dag.py:3441} INFO - Setting next_dagrun for example_short_circuit_decorator to 2023-02-15T00:32:05.485766+00:00, run_after=2023-02-16T00:32:05.485766+00:00
[2023-02-16T00:32:05.530+0000] {processor.py:175} INFO - Processing /home/airflow/.local/lib/python3.7/site-packages/airflow/example_dags/example_short_circuit_decorator.py took 0.182 seconds
