[2023-02-16T00:00:11.391+0000] {processor.py:153} INFO - Started process (PID=757) to work on /home/airflow/.local/lib/python3.7/site-packages/airflow/example_dags/example_branch_operator.py
[2023-02-16T00:00:11.393+0000] {processor.py:743} INFO - Processing file /home/airflow/.local/lib/python3.7/site-packages/airflow/example_dags/example_branch_operator.py for tasks to queue
[2023-02-16T00:00:11.394+0000] {logging_mixin.py:137} INFO - [2023-02-16T00:00:11.394+0000] {dagbag.py:538} INFO - Filling up the DagBag from /home/airflow/.local/lib/python3.7/site-packages/airflow/example_dags/example_branch_operator.py
[2023-02-16T00:00:11.426+0000] {processor.py:753} INFO - DAG(s) dict_keys(['example_branch_operator']) retrieved from /home/airflow/.local/lib/python3.7/site-packages/airflow/example_dags/example_branch_operator.py
[2023-02-16T00:00:11.469+0000] {logging_mixin.py:137} INFO - [2023-02-16T00:00:11.469+0000] {dag.py:2690} INFO - Sync 1 DAGs
[2023-02-16T00:00:11.513+0000] {logging_mixin.py:137} INFO - [2023-02-16T00:00:11.513+0000] {dag.py:3441} INFO - Setting next_dagrun for example_branch_operator to 2023-02-15T00:00:00+00:00, run_after=2023-02-16T00:00:00+00:00
[2023-02-16T00:00:11.548+0000] {processor.py:175} INFO - Processing /home/airflow/.local/lib/python3.7/site-packages/airflow/example_dags/example_branch_operator.py took 0.161 seconds
[2023-02-16T00:00:42.295+0000] {processor.py:153} INFO - Started process (PID=831) to work on /home/airflow/.local/lib/python3.7/site-packages/airflow/example_dags/example_branch_operator.py
[2023-02-16T00:00:42.296+0000] {processor.py:743} INFO - Processing file /home/airflow/.local/lib/python3.7/site-packages/airflow/example_dags/example_branch_operator.py for tasks to queue
[2023-02-16T00:00:42.297+0000] {logging_mixin.py:137} INFO - [2023-02-16T00:00:42.297+0000] {dagbag.py:538} INFO - Filling up the DagBag from /home/airflow/.local/lib/python3.7/site-packages/airflow/example_dags/example_branch_operator.py
[2023-02-16T00:00:42.327+0000] {processor.py:753} INFO - DAG(s) dict_keys(['example_branch_operator']) retrieved from /home/airflow/.local/lib/python3.7/site-packages/airflow/example_dags/example_branch_operator.py
[2023-02-16T00:00:42.371+0000] {logging_mixin.py:137} INFO - [2023-02-16T00:00:42.371+0000] {dag.py:2690} INFO - Sync 1 DAGs
[2023-02-16T00:00:42.420+0000] {logging_mixin.py:137} INFO - [2023-02-16T00:00:42.419+0000] {dag.py:3441} INFO - Setting next_dagrun for example_branch_operator to 2023-02-15T00:00:00+00:00, run_after=2023-02-16T00:00:00+00:00
[2023-02-16T00:00:42.459+0000] {processor.py:175} INFO - Processing /home/airflow/.local/lib/python3.7/site-packages/airflow/example_dags/example_branch_operator.py took 0.168 seconds
[2023-02-16T00:01:13.483+0000] {processor.py:153} INFO - Started process (PID=913) to work on /home/airflow/.local/lib/python3.7/site-packages/airflow/example_dags/example_branch_operator.py
[2023-02-16T00:01:13.483+0000] {processor.py:743} INFO - Processing file /home/airflow/.local/lib/python3.7/site-packages/airflow/example_dags/example_branch_operator.py for tasks to queue
[2023-02-16T00:01:13.484+0000] {logging_mixin.py:137} INFO - [2023-02-16T00:01:13.484+0000] {dagbag.py:538} INFO - Filling up the DagBag from /home/airflow/.local/lib/python3.7/site-packages/airflow/example_dags/example_branch_operator.py
[2023-02-16T00:01:13.504+0000] {processor.py:753} INFO - DAG(s) dict_keys(['example_branch_operator']) retrieved from /home/airflow/.local/lib/python3.7/site-packages/airflow/example_dags/example_branch_operator.py
[2023-02-16T00:01:13.538+0000] {logging_mixin.py:137} INFO - [2023-02-16T00:01:13.537+0000] {dag.py:2690} INFO - Sync 1 DAGs
[2023-02-16T00:01:13.576+0000] {logging_mixin.py:137} INFO - [2023-02-16T00:01:13.576+0000] {dag.py:3441} INFO - Setting next_dagrun for example_branch_operator to 2023-02-15T00:00:00+00:00, run_after=2023-02-16T00:00:00+00:00
[2023-02-16T00:01:13.611+0000] {processor.py:175} INFO - Processing /home/airflow/.local/lib/python3.7/site-packages/airflow/example_dags/example_branch_operator.py took 0.132 seconds
[2023-02-16T00:01:44.334+0000] {processor.py:153} INFO - Started process (PID=992) to work on /home/airflow/.local/lib/python3.7/site-packages/airflow/example_dags/example_branch_operator.py
[2023-02-16T00:01:44.336+0000] {processor.py:743} INFO - Processing file /home/airflow/.local/lib/python3.7/site-packages/airflow/example_dags/example_branch_operator.py for tasks to queue
[2023-02-16T00:01:44.337+0000] {logging_mixin.py:137} INFO - [2023-02-16T00:01:44.337+0000] {dagbag.py:538} INFO - Filling up the DagBag from /home/airflow/.local/lib/python3.7/site-packages/airflow/example_dags/example_branch_operator.py
[2023-02-16T00:01:44.363+0000] {processor.py:753} INFO - DAG(s) dict_keys(['example_branch_operator']) retrieved from /home/airflow/.local/lib/python3.7/site-packages/airflow/example_dags/example_branch_operator.py
[2023-02-16T00:01:44.406+0000] {logging_mixin.py:137} INFO - [2023-02-16T00:01:44.406+0000] {dag.py:2690} INFO - Sync 1 DAGs
[2023-02-16T00:01:44.458+0000] {logging_mixin.py:137} INFO - [2023-02-16T00:01:44.458+0000] {dag.py:3441} INFO - Setting next_dagrun for example_branch_operator to 2023-02-15T00:00:00+00:00, run_after=2023-02-16T00:00:00+00:00
[2023-02-16T00:01:44.498+0000] {processor.py:175} INFO - Processing /home/airflow/.local/lib/python3.7/site-packages/airflow/example_dags/example_branch_operator.py took 0.169 seconds
[2023-02-16T00:02:15.110+0000] {processor.py:153} INFO - Started process (PID=1065) to work on /home/airflow/.local/lib/python3.7/site-packages/airflow/example_dags/example_branch_operator.py
[2023-02-16T00:02:15.111+0000] {processor.py:743} INFO - Processing file /home/airflow/.local/lib/python3.7/site-packages/airflow/example_dags/example_branch_operator.py for tasks to queue
[2023-02-16T00:02:15.113+0000] {logging_mixin.py:137} INFO - [2023-02-16T00:02:15.112+0000] {dagbag.py:538} INFO - Filling up the DagBag from /home/airflow/.local/lib/python3.7/site-packages/airflow/example_dags/example_branch_operator.py
[2023-02-16T00:02:15.136+0000] {processor.py:753} INFO - DAG(s) dict_keys(['example_branch_operator']) retrieved from /home/airflow/.local/lib/python3.7/site-packages/airflow/example_dags/example_branch_operator.py
[2023-02-16T00:02:15.168+0000] {logging_mixin.py:137} INFO - [2023-02-16T00:02:15.168+0000] {dag.py:2690} INFO - Sync 1 DAGs
[2023-02-16T00:02:15.206+0000] {logging_mixin.py:137} INFO - [2023-02-16T00:02:15.205+0000] {dag.py:3441} INFO - Setting next_dagrun for example_branch_operator to 2023-02-15T00:00:00+00:00, run_after=2023-02-16T00:00:00+00:00
[2023-02-16T00:02:15.238+0000] {processor.py:175} INFO - Processing /home/airflow/.local/lib/python3.7/site-packages/airflow/example_dags/example_branch_operator.py took 0.133 seconds
[2023-02-16T00:02:46.027+0000] {processor.py:153} INFO - Started process (PID=1142) to work on /home/airflow/.local/lib/python3.7/site-packages/airflow/example_dags/example_branch_operator.py
[2023-02-16T00:02:46.029+0000] {processor.py:743} INFO - Processing file /home/airflow/.local/lib/python3.7/site-packages/airflow/example_dags/example_branch_operator.py for tasks to queue
[2023-02-16T00:02:46.030+0000] {logging_mixin.py:137} INFO - [2023-02-16T00:02:46.030+0000] {dagbag.py:538} INFO - Filling up the DagBag from /home/airflow/.local/lib/python3.7/site-packages/airflow/example_dags/example_branch_operator.py
[2023-02-16T00:02:46.057+0000] {processor.py:753} INFO - DAG(s) dict_keys(['example_branch_operator']) retrieved from /home/airflow/.local/lib/python3.7/site-packages/airflow/example_dags/example_branch_operator.py
[2023-02-16T00:02:46.097+0000] {logging_mixin.py:137} INFO - [2023-02-16T00:02:46.097+0000] {dag.py:2690} INFO - Sync 1 DAGs
[2023-02-16T00:02:46.140+0000] {logging_mixin.py:137} INFO - [2023-02-16T00:02:46.140+0000] {dag.py:3441} INFO - Setting next_dagrun for example_branch_operator to 2023-02-15T00:00:00+00:00, run_after=2023-02-16T00:00:00+00:00
[2023-02-16T00:02:46.174+0000] {processor.py:175} INFO - Processing /home/airflow/.local/lib/python3.7/site-packages/airflow/example_dags/example_branch_operator.py took 0.153 seconds
[2023-02-16T00:03:16.654+0000] {processor.py:153} INFO - Started process (PID=1225) to work on /home/airflow/.local/lib/python3.7/site-packages/airflow/example_dags/example_branch_operator.py
[2023-02-16T00:03:16.655+0000] {processor.py:743} INFO - Processing file /home/airflow/.local/lib/python3.7/site-packages/airflow/example_dags/example_branch_operator.py for tasks to queue
[2023-02-16T00:03:16.656+0000] {logging_mixin.py:137} INFO - [2023-02-16T00:03:16.656+0000] {dagbag.py:538} INFO - Filling up the DagBag from /home/airflow/.local/lib/python3.7/site-packages/airflow/example_dags/example_branch_operator.py
[2023-02-16T00:03:16.678+0000] {processor.py:753} INFO - DAG(s) dict_keys(['example_branch_operator']) retrieved from /home/airflow/.local/lib/python3.7/site-packages/airflow/example_dags/example_branch_operator.py
[2023-02-16T00:03:16.708+0000] {logging_mixin.py:137} INFO - [2023-02-16T00:03:16.708+0000] {dag.py:2690} INFO - Sync 1 DAGs
[2023-02-16T00:03:16.751+0000] {logging_mixin.py:137} INFO - [2023-02-16T00:03:16.751+0000] {dag.py:3441} INFO - Setting next_dagrun for example_branch_operator to 2023-02-15T00:00:00+00:00, run_after=2023-02-16T00:00:00+00:00
[2023-02-16T00:03:16.783+0000] {processor.py:175} INFO - Processing /home/airflow/.local/lib/python3.7/site-packages/airflow/example_dags/example_branch_operator.py took 0.134 seconds
[2023-02-16T00:03:47.344+0000] {processor.py:153} INFO - Started process (PID=1297) to work on /home/airflow/.local/lib/python3.7/site-packages/airflow/example_dags/example_branch_operator.py
[2023-02-16T00:03:47.345+0000] {processor.py:743} INFO - Processing file /home/airflow/.local/lib/python3.7/site-packages/airflow/example_dags/example_branch_operator.py for tasks to queue
[2023-02-16T00:03:47.346+0000] {logging_mixin.py:137} INFO - [2023-02-16T00:03:47.345+0000] {dagbag.py:538} INFO - Filling up the DagBag from /home/airflow/.local/lib/python3.7/site-packages/airflow/example_dags/example_branch_operator.py
[2023-02-16T00:03:47.370+0000] {processor.py:753} INFO - DAG(s) dict_keys(['example_branch_operator']) retrieved from /home/airflow/.local/lib/python3.7/site-packages/airflow/example_dags/example_branch_operator.py
[2023-02-16T00:03:47.408+0000] {logging_mixin.py:137} INFO - [2023-02-16T00:03:47.407+0000] {dag.py:2690} INFO - Sync 1 DAGs
[2023-02-16T00:03:47.453+0000] {logging_mixin.py:137} INFO - [2023-02-16T00:03:47.452+0000] {dag.py:3441} INFO - Setting next_dagrun for example_branch_operator to 2023-02-15T00:00:00+00:00, run_after=2023-02-16T00:00:00+00:00
[2023-02-16T00:03:47.490+0000] {processor.py:175} INFO - Processing /home/airflow/.local/lib/python3.7/site-packages/airflow/example_dags/example_branch_operator.py took 0.151 seconds
[2023-02-16T00:04:18.577+0000] {processor.py:153} INFO - Started process (PID=1369) to work on /home/airflow/.local/lib/python3.7/site-packages/airflow/example_dags/example_branch_operator.py
[2023-02-16T00:04:18.578+0000] {processor.py:743} INFO - Processing file /home/airflow/.local/lib/python3.7/site-packages/airflow/example_dags/example_branch_operator.py for tasks to queue
[2023-02-16T00:04:18.580+0000] {logging_mixin.py:137} INFO - [2023-02-16T00:04:18.579+0000] {dagbag.py:538} INFO - Filling up the DagBag from /home/airflow/.local/lib/python3.7/site-packages/airflow/example_dags/example_branch_operator.py
[2023-02-16T00:04:18.606+0000] {processor.py:753} INFO - DAG(s) dict_keys(['example_branch_operator']) retrieved from /home/airflow/.local/lib/python3.7/site-packages/airflow/example_dags/example_branch_operator.py
[2023-02-16T00:04:18.642+0000] {logging_mixin.py:137} INFO - [2023-02-16T00:04:18.642+0000] {dag.py:2690} INFO - Sync 1 DAGs
[2023-02-16T00:04:18.691+0000] {logging_mixin.py:137} INFO - [2023-02-16T00:04:18.691+0000] {dag.py:3441} INFO - Setting next_dagrun for example_branch_operator to 2023-02-15T00:00:00+00:00, run_after=2023-02-16T00:00:00+00:00
[2023-02-16T00:04:18.728+0000] {processor.py:175} INFO - Processing /home/airflow/.local/lib/python3.7/site-packages/airflow/example_dags/example_branch_operator.py took 0.155 seconds
[2023-02-16T00:04:49.518+0000] {processor.py:153} INFO - Started process (PID=1459) to work on /home/airflow/.local/lib/python3.7/site-packages/airflow/example_dags/example_branch_operator.py
[2023-02-16T00:04:49.520+0000] {processor.py:743} INFO - Processing file /home/airflow/.local/lib/python3.7/site-packages/airflow/example_dags/example_branch_operator.py for tasks to queue
[2023-02-16T00:04:49.521+0000] {logging_mixin.py:137} INFO - [2023-02-16T00:04:49.521+0000] {dagbag.py:538} INFO - Filling up the DagBag from /home/airflow/.local/lib/python3.7/site-packages/airflow/example_dags/example_branch_operator.py
[2023-02-16T00:04:49.561+0000] {processor.py:753} INFO - DAG(s) dict_keys(['example_branch_operator']) retrieved from /home/airflow/.local/lib/python3.7/site-packages/airflow/example_dags/example_branch_operator.py
[2023-02-16T00:04:49.628+0000] {logging_mixin.py:137} INFO - [2023-02-16T00:04:49.627+0000] {dag.py:2690} INFO - Sync 1 DAGs
[2023-02-16T00:04:49.694+0000] {logging_mixin.py:137} INFO - [2023-02-16T00:04:49.694+0000] {dag.py:3441} INFO - Setting next_dagrun for example_branch_operator to 2023-02-15T00:00:00+00:00, run_after=2023-02-16T00:00:00+00:00
[2023-02-16T00:04:49.743+0000] {processor.py:175} INFO - Processing /home/airflow/.local/lib/python3.7/site-packages/airflow/example_dags/example_branch_operator.py took 0.230 seconds
[2023-02-16T00:05:20.164+0000] {processor.py:153} INFO - Started process (PID=1531) to work on /home/airflow/.local/lib/python3.7/site-packages/airflow/example_dags/example_branch_operator.py
[2023-02-16T00:05:20.165+0000] {processor.py:743} INFO - Processing file /home/airflow/.local/lib/python3.7/site-packages/airflow/example_dags/example_branch_operator.py for tasks to queue
[2023-02-16T00:05:20.166+0000] {logging_mixin.py:137} INFO - [2023-02-16T00:05:20.165+0000] {dagbag.py:538} INFO - Filling up the DagBag from /home/airflow/.local/lib/python3.7/site-packages/airflow/example_dags/example_branch_operator.py
[2023-02-16T00:05:20.186+0000] {processor.py:753} INFO - DAG(s) dict_keys(['example_branch_operator']) retrieved from /home/airflow/.local/lib/python3.7/site-packages/airflow/example_dags/example_branch_operator.py
[2023-02-16T00:05:20.223+0000] {logging_mixin.py:137} INFO - [2023-02-16T00:05:20.223+0000] {dag.py:2690} INFO - Sync 1 DAGs
[2023-02-16T00:05:20.268+0000] {logging_mixin.py:137} INFO - [2023-02-16T00:05:20.268+0000] {dag.py:3441} INFO - Setting next_dagrun for example_branch_operator to 2023-02-15T00:00:00+00:00, run_after=2023-02-16T00:00:00+00:00
[2023-02-16T00:05:20.304+0000] {processor.py:175} INFO - Processing /home/airflow/.local/lib/python3.7/site-packages/airflow/example_dags/example_branch_operator.py took 0.144 seconds
[2023-02-16T00:05:50.438+0000] {processor.py:153} INFO - Started process (PID=1603) to work on /home/airflow/.local/lib/python3.7/site-packages/airflow/example_dags/example_branch_operator.py
[2023-02-16T00:05:50.439+0000] {processor.py:743} INFO - Processing file /home/airflow/.local/lib/python3.7/site-packages/airflow/example_dags/example_branch_operator.py for tasks to queue
[2023-02-16T00:05:50.440+0000] {logging_mixin.py:137} INFO - [2023-02-16T00:05:50.440+0000] {dagbag.py:538} INFO - Filling up the DagBag from /home/airflow/.local/lib/python3.7/site-packages/airflow/example_dags/example_branch_operator.py
[2023-02-16T00:05:50.464+0000] {processor.py:753} INFO - DAG(s) dict_keys(['example_branch_operator']) retrieved from /home/airflow/.local/lib/python3.7/site-packages/airflow/example_dags/example_branch_operator.py
[2023-02-16T00:05:50.499+0000] {logging_mixin.py:137} INFO - [2023-02-16T00:05:50.498+0000] {dag.py:2690} INFO - Sync 1 DAGs
[2023-02-16T00:05:50.547+0000] {logging_mixin.py:137} INFO - [2023-02-16T00:05:50.547+0000] {dag.py:3441} INFO - Setting next_dagrun for example_branch_operator to 2023-02-15T00:00:00+00:00, run_after=2023-02-16T00:00:00+00:00
[2023-02-16T00:05:50.586+0000] {processor.py:175} INFO - Processing /home/airflow/.local/lib/python3.7/site-packages/airflow/example_dags/example_branch_operator.py took 0.154 seconds
[2023-02-16T00:06:21.569+0000] {processor.py:153} INFO - Started process (PID=1684) to work on /home/airflow/.local/lib/python3.7/site-packages/airflow/example_dags/example_branch_operator.py
[2023-02-16T00:06:21.570+0000] {processor.py:743} INFO - Processing file /home/airflow/.local/lib/python3.7/site-packages/airflow/example_dags/example_branch_operator.py for tasks to queue
[2023-02-16T00:06:21.571+0000] {logging_mixin.py:137} INFO - [2023-02-16T00:06:21.571+0000] {dagbag.py:538} INFO - Filling up the DagBag from /home/airflow/.local/lib/python3.7/site-packages/airflow/example_dags/example_branch_operator.py
[2023-02-16T00:06:21.596+0000] {processor.py:753} INFO - DAG(s) dict_keys(['example_branch_operator']) retrieved from /home/airflow/.local/lib/python3.7/site-packages/airflow/example_dags/example_branch_operator.py
[2023-02-16T00:06:21.638+0000] {logging_mixin.py:137} INFO - [2023-02-16T00:06:21.637+0000] {dag.py:2690} INFO - Sync 1 DAGs
[2023-02-16T00:06:21.683+0000] {logging_mixin.py:137} INFO - [2023-02-16T00:06:21.683+0000] {dag.py:3441} INFO - Setting next_dagrun for example_branch_operator to 2023-02-15T00:00:00+00:00, run_after=2023-02-16T00:00:00+00:00
[2023-02-16T00:06:21.719+0000] {processor.py:175} INFO - Processing /home/airflow/.local/lib/python3.7/site-packages/airflow/example_dags/example_branch_operator.py took 0.154 seconds
[2023-02-16T00:07:57.104+0000] {processor.py:153} INFO - Started process (PID=58) to work on /home/airflow/.local/lib/python3.7/site-packages/airflow/example_dags/example_branch_operator.py
[2023-02-16T00:07:57.106+0000] {processor.py:743} INFO - Processing file /home/airflow/.local/lib/python3.7/site-packages/airflow/example_dags/example_branch_operator.py for tasks to queue
[2023-02-16T00:07:57.106+0000] {logging_mixin.py:137} INFO - [2023-02-16T00:07:57.106+0000] {dagbag.py:538} INFO - Filling up the DagBag from /home/airflow/.local/lib/python3.7/site-packages/airflow/example_dags/example_branch_operator.py
[2023-02-16T00:07:57.138+0000] {processor.py:753} INFO - DAG(s) dict_keys(['example_branch_operator']) retrieved from /home/airflow/.local/lib/python3.7/site-packages/airflow/example_dags/example_branch_operator.py
[2023-02-16T00:07:57.178+0000] {logging_mixin.py:137} INFO - [2023-02-16T00:07:57.178+0000] {dag.py:2690} INFO - Sync 1 DAGs
[2023-02-16T00:07:57.217+0000] {logging_mixin.py:137} INFO - [2023-02-16T00:07:57.216+0000] {dag.py:3441} INFO - Setting next_dagrun for example_branch_operator to 2023-02-15T00:00:00+00:00, run_after=2023-02-16T00:00:00+00:00
[2023-02-16T00:07:57.252+0000] {processor.py:175} INFO - Processing /home/airflow/.local/lib/python3.7/site-packages/airflow/example_dags/example_branch_operator.py took 0.156 seconds
[2023-02-16T00:08:27.889+0000] {processor.py:153} INFO - Started process (PID=131) to work on /home/airflow/.local/lib/python3.7/site-packages/airflow/example_dags/example_branch_operator.py
[2023-02-16T00:08:27.890+0000] {processor.py:743} INFO - Processing file /home/airflow/.local/lib/python3.7/site-packages/airflow/example_dags/example_branch_operator.py for tasks to queue
[2023-02-16T00:08:27.891+0000] {logging_mixin.py:137} INFO - [2023-02-16T00:08:27.891+0000] {dagbag.py:538} INFO - Filling up the DagBag from /home/airflow/.local/lib/python3.7/site-packages/airflow/example_dags/example_branch_operator.py
[2023-02-16T00:08:27.914+0000] {processor.py:753} INFO - DAG(s) dict_keys(['example_branch_operator']) retrieved from /home/airflow/.local/lib/python3.7/site-packages/airflow/example_dags/example_branch_operator.py
[2023-02-16T00:08:27.951+0000] {logging_mixin.py:137} INFO - [2023-02-16T00:08:27.951+0000] {dag.py:2690} INFO - Sync 1 DAGs
[2023-02-16T00:08:27.995+0000] {logging_mixin.py:137} INFO - [2023-02-16T00:08:27.995+0000] {dag.py:3441} INFO - Setting next_dagrun for example_branch_operator to 2023-02-15T00:00:00+00:00, run_after=2023-02-16T00:00:00+00:00
[2023-02-16T00:08:28.030+0000] {processor.py:175} INFO - Processing /home/airflow/.local/lib/python3.7/site-packages/airflow/example_dags/example_branch_operator.py took 0.145 seconds
[2023-02-16T00:08:59.007+0000] {processor.py:153} INFO - Started process (PID=210) to work on /home/airflow/.local/lib/python3.7/site-packages/airflow/example_dags/example_branch_operator.py
[2023-02-16T00:08:59.008+0000] {processor.py:743} INFO - Processing file /home/airflow/.local/lib/python3.7/site-packages/airflow/example_dags/example_branch_operator.py for tasks to queue
[2023-02-16T00:08:59.009+0000] {logging_mixin.py:137} INFO - [2023-02-16T00:08:59.009+0000] {dagbag.py:538} INFO - Filling up the DagBag from /home/airflow/.local/lib/python3.7/site-packages/airflow/example_dags/example_branch_operator.py
[2023-02-16T00:08:59.041+0000] {processor.py:753} INFO - DAG(s) dict_keys(['example_branch_operator']) retrieved from /home/airflow/.local/lib/python3.7/site-packages/airflow/example_dags/example_branch_operator.py
[2023-02-16T00:08:59.085+0000] {logging_mixin.py:137} INFO - [2023-02-16T00:08:59.084+0000] {dag.py:2690} INFO - Sync 1 DAGs
[2023-02-16T00:08:59.145+0000] {logging_mixin.py:137} INFO - [2023-02-16T00:08:59.144+0000] {dag.py:3441} INFO - Setting next_dagrun for example_branch_operator to 2023-02-15T00:00:00+00:00, run_after=2023-02-16T00:00:00+00:00
[2023-02-16T00:08:59.186+0000] {processor.py:175} INFO - Processing /home/airflow/.local/lib/python3.7/site-packages/airflow/example_dags/example_branch_operator.py took 0.184 seconds
[2023-02-16T00:09:29.420+0000] {processor.py:153} INFO - Started process (PID=291) to work on /home/airflow/.local/lib/python3.7/site-packages/airflow/example_dags/example_branch_operator.py
[2023-02-16T00:09:29.421+0000] {processor.py:743} INFO - Processing file /home/airflow/.local/lib/python3.7/site-packages/airflow/example_dags/example_branch_operator.py for tasks to queue
[2023-02-16T00:09:29.423+0000] {logging_mixin.py:137} INFO - [2023-02-16T00:09:29.422+0000] {dagbag.py:538} INFO - Filling up the DagBag from /home/airflow/.local/lib/python3.7/site-packages/airflow/example_dags/example_branch_operator.py
[2023-02-16T00:09:29.450+0000] {processor.py:753} INFO - DAG(s) dict_keys(['example_branch_operator']) retrieved from /home/airflow/.local/lib/python3.7/site-packages/airflow/example_dags/example_branch_operator.py
[2023-02-16T00:09:29.491+0000] {logging_mixin.py:137} INFO - [2023-02-16T00:09:29.490+0000] {dag.py:2690} INFO - Sync 1 DAGs
[2023-02-16T00:09:29.535+0000] {logging_mixin.py:137} INFO - [2023-02-16T00:09:29.535+0000] {dag.py:3441} INFO - Setting next_dagrun for example_branch_operator to 2023-02-15T00:00:00+00:00, run_after=2023-02-16T00:00:00+00:00
[2023-02-16T00:09:29.572+0000] {processor.py:175} INFO - Processing /home/airflow/.local/lib/python3.7/site-packages/airflow/example_dags/example_branch_operator.py took 0.158 seconds
[2023-02-16T00:10:00.466+0000] {processor.py:153} INFO - Started process (PID=364) to work on /home/airflow/.local/lib/python3.7/site-packages/airflow/example_dags/example_branch_operator.py
[2023-02-16T00:10:00.468+0000] {processor.py:743} INFO - Processing file /home/airflow/.local/lib/python3.7/site-packages/airflow/example_dags/example_branch_operator.py for tasks to queue
[2023-02-16T00:10:00.469+0000] {logging_mixin.py:137} INFO - [2023-02-16T00:10:00.469+0000] {dagbag.py:538} INFO - Filling up the DagBag from /home/airflow/.local/lib/python3.7/site-packages/airflow/example_dags/example_branch_operator.py
[2023-02-16T00:10:00.494+0000] {processor.py:753} INFO - DAG(s) dict_keys(['example_branch_operator']) retrieved from /home/airflow/.local/lib/python3.7/site-packages/airflow/example_dags/example_branch_operator.py
[2023-02-16T00:10:00.531+0000] {logging_mixin.py:137} INFO - [2023-02-16T00:10:00.531+0000] {dag.py:2690} INFO - Sync 1 DAGs
[2023-02-16T00:10:00.578+0000] {logging_mixin.py:137} INFO - [2023-02-16T00:10:00.578+0000] {dag.py:3441} INFO - Setting next_dagrun for example_branch_operator to 2023-02-15T00:00:00+00:00, run_after=2023-02-16T00:00:00+00:00
[2023-02-16T00:10:00.616+0000] {processor.py:175} INFO - Processing /home/airflow/.local/lib/python3.7/site-packages/airflow/example_dags/example_branch_operator.py took 0.155 seconds
[2023-02-16T00:10:31.344+0000] {processor.py:153} INFO - Started process (PID=436) to work on /home/airflow/.local/lib/python3.7/site-packages/airflow/example_dags/example_branch_operator.py
[2023-02-16T00:10:31.346+0000] {processor.py:743} INFO - Processing file /home/airflow/.local/lib/python3.7/site-packages/airflow/example_dags/example_branch_operator.py for tasks to queue
[2023-02-16T00:10:31.347+0000] {logging_mixin.py:137} INFO - [2023-02-16T00:10:31.347+0000] {dagbag.py:538} INFO - Filling up the DagBag from /home/airflow/.local/lib/python3.7/site-packages/airflow/example_dags/example_branch_operator.py
[2023-02-16T00:10:31.375+0000] {processor.py:753} INFO - DAG(s) dict_keys(['example_branch_operator']) retrieved from /home/airflow/.local/lib/python3.7/site-packages/airflow/example_dags/example_branch_operator.py
[2023-02-16T00:10:31.414+0000] {logging_mixin.py:137} INFO - [2023-02-16T00:10:31.413+0000] {dag.py:2690} INFO - Sync 1 DAGs
[2023-02-16T00:10:31.462+0000] {logging_mixin.py:137} INFO - [2023-02-16T00:10:31.462+0000] {dag.py:3441} INFO - Setting next_dagrun for example_branch_operator to 2023-02-15T00:00:00+00:00, run_after=2023-02-16T00:00:00+00:00
[2023-02-16T00:10:31.504+0000] {processor.py:175} INFO - Processing /home/airflow/.local/lib/python3.7/site-packages/airflow/example_dags/example_branch_operator.py took 0.164 seconds
[2023-02-16T00:11:02.139+0000] {processor.py:153} INFO - Started process (PID=525) to work on /home/airflow/.local/lib/python3.7/site-packages/airflow/example_dags/example_branch_operator.py
[2023-02-16T00:11:02.141+0000] {processor.py:743} INFO - Processing file /home/airflow/.local/lib/python3.7/site-packages/airflow/example_dags/example_branch_operator.py for tasks to queue
[2023-02-16T00:11:02.142+0000] {logging_mixin.py:137} INFO - [2023-02-16T00:11:02.142+0000] {dagbag.py:538} INFO - Filling up the DagBag from /home/airflow/.local/lib/python3.7/site-packages/airflow/example_dags/example_branch_operator.py
[2023-02-16T00:11:02.166+0000] {processor.py:753} INFO - DAG(s) dict_keys(['example_branch_operator']) retrieved from /home/airflow/.local/lib/python3.7/site-packages/airflow/example_dags/example_branch_operator.py
[2023-02-16T00:11:02.206+0000] {logging_mixin.py:137} INFO - [2023-02-16T00:11:02.206+0000] {dag.py:2690} INFO - Sync 1 DAGs
[2023-02-16T00:11:02.254+0000] {logging_mixin.py:137} INFO - [2023-02-16T00:11:02.254+0000] {dag.py:3441} INFO - Setting next_dagrun for example_branch_operator to 2023-02-15T00:00:00+00:00, run_after=2023-02-16T00:00:00+00:00
[2023-02-16T00:11:02.287+0000] {processor.py:175} INFO - Processing /home/airflow/.local/lib/python3.7/site-packages/airflow/example_dags/example_branch_operator.py took 0.153 seconds
[2023-02-16T00:31:33.139+0000] {processor.py:153} INFO - Started process (PID=59) to work on /home/airflow/.local/lib/python3.7/site-packages/airflow/example_dags/example_branch_operator.py
[2023-02-16T00:31:33.140+0000] {processor.py:743} INFO - Processing file /home/airflow/.local/lib/python3.7/site-packages/airflow/example_dags/example_branch_operator.py for tasks to queue
[2023-02-16T00:31:33.141+0000] {logging_mixin.py:137} INFO - [2023-02-16T00:31:33.141+0000] {dagbag.py:538} INFO - Filling up the DagBag from /home/airflow/.local/lib/python3.7/site-packages/airflow/example_dags/example_branch_operator.py
[2023-02-16T00:31:33.167+0000] {processor.py:753} INFO - DAG(s) dict_keys(['example_branch_operator']) retrieved from /home/airflow/.local/lib/python3.7/site-packages/airflow/example_dags/example_branch_operator.py
[2023-02-16T00:31:33.204+0000] {logging_mixin.py:137} INFO - [2023-02-16T00:31:33.204+0000] {dag.py:2690} INFO - Sync 1 DAGs
[2023-02-16T00:31:33.245+0000] {logging_mixin.py:137} INFO - [2023-02-16T00:31:33.245+0000] {dag.py:3441} INFO - Setting next_dagrun for example_branch_operator to 2023-02-15T00:00:00+00:00, run_after=2023-02-16T00:00:00+00:00
[2023-02-16T00:31:33.280+0000] {processor.py:175} INFO - Processing /home/airflow/.local/lib/python3.7/site-packages/airflow/example_dags/example_branch_operator.py took 0.147 seconds
[2023-02-16T00:32:03.653+0000] {processor.py:153} INFO - Started process (PID=131) to work on /home/airflow/.local/lib/python3.7/site-packages/airflow/example_dags/example_branch_operator.py
[2023-02-16T00:32:03.654+0000] {processor.py:743} INFO - Processing file /home/airflow/.local/lib/python3.7/site-packages/airflow/example_dags/example_branch_operator.py for tasks to queue
[2023-02-16T00:32:03.655+0000] {logging_mixin.py:137} INFO - [2023-02-16T00:32:03.655+0000] {dagbag.py:538} INFO - Filling up the DagBag from /home/airflow/.local/lib/python3.7/site-packages/airflow/example_dags/example_branch_operator.py
[2023-02-16T00:32:03.678+0000] {processor.py:753} INFO - DAG(s) dict_keys(['example_branch_operator']) retrieved from /home/airflow/.local/lib/python3.7/site-packages/airflow/example_dags/example_branch_operator.py
[2023-02-16T00:32:03.719+0000] {logging_mixin.py:137} INFO - [2023-02-16T00:32:03.719+0000] {dag.py:2690} INFO - Sync 1 DAGs
[2023-02-16T00:32:03.773+0000] {logging_mixin.py:137} INFO - [2023-02-16T00:32:03.773+0000] {dag.py:3441} INFO - Setting next_dagrun for example_branch_operator to 2023-02-15T00:00:00+00:00, run_after=2023-02-16T00:00:00+00:00
[2023-02-16T00:32:03.822+0000] {processor.py:175} INFO - Processing /home/airflow/.local/lib/python3.7/site-packages/airflow/example_dags/example_branch_operator.py took 0.174 seconds
