[2023-02-16T00:00:14.143+0000] {processor.py:153} INFO - Started process (PID=773) to work on /home/airflow/.local/lib/python3.7/site-packages/airflow/example_dags/example_sensors.py
[2023-02-16T00:00:14.143+0000] {processor.py:743} INFO - Processing file /home/airflow/.local/lib/python3.7/site-packages/airflow/example_dags/example_sensors.py for tasks to queue
[2023-02-16T00:00:14.144+0000] {logging_mixin.py:137} INFO - [2023-02-16T00:00:14.144+0000] {dagbag.py:538} INFO - Filling up the DagBag from /home/airflow/.local/lib/python3.7/site-packages/airflow/example_dags/example_sensors.py
[2023-02-16T00:00:14.164+0000] {processor.py:753} INFO - DAG(s) dict_keys(['example_sensors']) retrieved from /home/airflow/.local/lib/python3.7/site-packages/airflow/example_dags/example_sensors.py
[2023-02-16T00:00:14.200+0000] {logging_mixin.py:137} INFO - [2023-02-16T00:00:14.200+0000] {dag.py:2690} INFO - Sync 1 DAGs
[2023-02-16T00:00:14.237+0000] {logging_mixin.py:137} INFO - [2023-02-16T00:00:14.237+0000] {dag.py:3441} INFO - Setting next_dagrun for example_sensors to None, run_after=None
[2023-02-16T00:00:14.266+0000] {processor.py:175} INFO - Processing /home/airflow/.local/lib/python3.7/site-packages/airflow/example_dags/example_sensors.py took 0.126 seconds
[2023-02-16T00:00:45.044+0000] {processor.py:153} INFO - Started process (PID=847) to work on /home/airflow/.local/lib/python3.7/site-packages/airflow/example_dags/example_sensors.py
[2023-02-16T00:00:45.045+0000] {processor.py:743} INFO - Processing file /home/airflow/.local/lib/python3.7/site-packages/airflow/example_dags/example_sensors.py for tasks to queue
[2023-02-16T00:00:45.045+0000] {logging_mixin.py:137} INFO - [2023-02-16T00:00:45.045+0000] {dagbag.py:538} INFO - Filling up the DagBag from /home/airflow/.local/lib/python3.7/site-packages/airflow/example_dags/example_sensors.py
[2023-02-16T00:00:45.068+0000] {processor.py:753} INFO - DAG(s) dict_keys(['example_sensors']) retrieved from /home/airflow/.local/lib/python3.7/site-packages/airflow/example_dags/example_sensors.py
[2023-02-16T00:00:45.107+0000] {logging_mixin.py:137} INFO - [2023-02-16T00:00:45.107+0000] {dag.py:2690} INFO - Sync 1 DAGs
[2023-02-16T00:00:45.145+0000] {logging_mixin.py:137} INFO - [2023-02-16T00:00:45.144+0000] {dag.py:3441} INFO - Setting next_dagrun for example_sensors to None, run_after=None
[2023-02-16T00:00:45.179+0000] {processor.py:175} INFO - Processing /home/airflow/.local/lib/python3.7/site-packages/airflow/example_dags/example_sensors.py took 0.139 seconds
[2023-02-16T00:01:16.254+0000] {processor.py:153} INFO - Started process (PID=936) to work on /home/airflow/.local/lib/python3.7/site-packages/airflow/example_dags/example_sensors.py
[2023-02-16T00:01:16.255+0000] {processor.py:743} INFO - Processing file /home/airflow/.local/lib/python3.7/site-packages/airflow/example_dags/example_sensors.py for tasks to queue
[2023-02-16T00:01:16.256+0000] {logging_mixin.py:137} INFO - [2023-02-16T00:01:16.256+0000] {dagbag.py:538} INFO - Filling up the DagBag from /home/airflow/.local/lib/python3.7/site-packages/airflow/example_dags/example_sensors.py
[2023-02-16T00:01:16.279+0000] {processor.py:753} INFO - DAG(s) dict_keys(['example_sensors']) retrieved from /home/airflow/.local/lib/python3.7/site-packages/airflow/example_dags/example_sensors.py
[2023-02-16T00:01:16.313+0000] {logging_mixin.py:137} INFO - [2023-02-16T00:01:16.313+0000] {dag.py:2690} INFO - Sync 1 DAGs
[2023-02-16T00:01:16.344+0000] {logging_mixin.py:137} INFO - [2023-02-16T00:01:16.344+0000] {dag.py:3441} INFO - Setting next_dagrun for example_sensors to None, run_after=None
[2023-02-16T00:01:16.374+0000] {processor.py:175} INFO - Processing /home/airflow/.local/lib/python3.7/site-packages/airflow/example_dags/example_sensors.py took 0.124 seconds
[2023-02-16T00:01:46.767+0000] {processor.py:153} INFO - Started process (PID=1008) to work on /home/airflow/.local/lib/python3.7/site-packages/airflow/example_dags/example_sensors.py
[2023-02-16T00:01:46.768+0000] {processor.py:743} INFO - Processing file /home/airflow/.local/lib/python3.7/site-packages/airflow/example_dags/example_sensors.py for tasks to queue
[2023-02-16T00:01:46.769+0000] {logging_mixin.py:137} INFO - [2023-02-16T00:01:46.769+0000] {dagbag.py:538} INFO - Filling up the DagBag from /home/airflow/.local/lib/python3.7/site-packages/airflow/example_dags/example_sensors.py
[2023-02-16T00:01:46.795+0000] {processor.py:753} INFO - DAG(s) dict_keys(['example_sensors']) retrieved from /home/airflow/.local/lib/python3.7/site-packages/airflow/example_dags/example_sensors.py
[2023-02-16T00:01:46.831+0000] {logging_mixin.py:137} INFO - [2023-02-16T00:01:46.831+0000] {dag.py:2690} INFO - Sync 1 DAGs
[2023-02-16T00:01:46.872+0000] {logging_mixin.py:137} INFO - [2023-02-16T00:01:46.872+0000] {dag.py:3441} INFO - Setting next_dagrun for example_sensors to None, run_after=None
[2023-02-16T00:01:46.907+0000] {processor.py:175} INFO - Processing /home/airflow/.local/lib/python3.7/site-packages/airflow/example_dags/example_sensors.py took 0.144 seconds
[2023-02-16T00:02:17.703+0000] {processor.py:153} INFO - Started process (PID=1081) to work on /home/airflow/.local/lib/python3.7/site-packages/airflow/example_dags/example_sensors.py
[2023-02-16T00:02:17.704+0000] {processor.py:743} INFO - Processing file /home/airflow/.local/lib/python3.7/site-packages/airflow/example_dags/example_sensors.py for tasks to queue
[2023-02-16T00:02:17.705+0000] {logging_mixin.py:137} INFO - [2023-02-16T00:02:17.704+0000] {dagbag.py:538} INFO - Filling up the DagBag from /home/airflow/.local/lib/python3.7/site-packages/airflow/example_dags/example_sensors.py
[2023-02-16T00:02:17.727+0000] {processor.py:753} INFO - DAG(s) dict_keys(['example_sensors']) retrieved from /home/airflow/.local/lib/python3.7/site-packages/airflow/example_dags/example_sensors.py
[2023-02-16T00:02:17.763+0000] {logging_mixin.py:137} INFO - [2023-02-16T00:02:17.763+0000] {dag.py:2690} INFO - Sync 1 DAGs
[2023-02-16T00:02:17.798+0000] {logging_mixin.py:137} INFO - [2023-02-16T00:02:17.798+0000] {dag.py:3441} INFO - Setting next_dagrun for example_sensors to None, run_after=None
[2023-02-16T00:02:17.832+0000] {processor.py:175} INFO - Processing /home/airflow/.local/lib/python3.7/site-packages/airflow/example_dags/example_sensors.py took 0.134 seconds
[2023-02-16T00:02:49.102+0000] {processor.py:153} INFO - Started process (PID=1169) to work on /home/airflow/.local/lib/python3.7/site-packages/airflow/example_dags/example_sensors.py
[2023-02-16T00:02:49.105+0000] {processor.py:743} INFO - Processing file /home/airflow/.local/lib/python3.7/site-packages/airflow/example_dags/example_sensors.py for tasks to queue
[2023-02-16T00:02:49.106+0000] {logging_mixin.py:137} INFO - [2023-02-16T00:02:49.105+0000] {dagbag.py:538} INFO - Filling up the DagBag from /home/airflow/.local/lib/python3.7/site-packages/airflow/example_dags/example_sensors.py
[2023-02-16T00:02:49.137+0000] {processor.py:753} INFO - DAG(s) dict_keys(['example_sensors']) retrieved from /home/airflow/.local/lib/python3.7/site-packages/airflow/example_dags/example_sensors.py
[2023-02-16T00:02:49.183+0000] {logging_mixin.py:137} INFO - [2023-02-16T00:02:49.183+0000] {dag.py:2690} INFO - Sync 1 DAGs
[2023-02-16T00:02:49.226+0000] {logging_mixin.py:137} INFO - [2023-02-16T00:02:49.226+0000] {dag.py:3441} INFO - Setting next_dagrun for example_sensors to None, run_after=None
[2023-02-16T00:02:49.265+0000] {processor.py:175} INFO - Processing /home/airflow/.local/lib/python3.7/site-packages/airflow/example_dags/example_sensors.py took 0.167 seconds
[2023-02-16T00:03:20.309+0000] {processor.py:153} INFO - Started process (PID=1241) to work on /home/airflow/.local/lib/python3.7/site-packages/airflow/example_dags/example_sensors.py
[2023-02-16T00:03:20.310+0000] {processor.py:743} INFO - Processing file /home/airflow/.local/lib/python3.7/site-packages/airflow/example_dags/example_sensors.py for tasks to queue
[2023-02-16T00:03:20.311+0000] {logging_mixin.py:137} INFO - [2023-02-16T00:03:20.311+0000] {dagbag.py:538} INFO - Filling up the DagBag from /home/airflow/.local/lib/python3.7/site-packages/airflow/example_dags/example_sensors.py
[2023-02-16T00:03:20.332+0000] {processor.py:753} INFO - DAG(s) dict_keys(['example_sensors']) retrieved from /home/airflow/.local/lib/python3.7/site-packages/airflow/example_dags/example_sensors.py
[2023-02-16T00:03:20.370+0000] {logging_mixin.py:137} INFO - [2023-02-16T00:03:20.370+0000] {dag.py:2690} INFO - Sync 1 DAGs
[2023-02-16T00:03:20.410+0000] {logging_mixin.py:137} INFO - [2023-02-16T00:03:20.410+0000] {dag.py:3441} INFO - Setting next_dagrun for example_sensors to None, run_after=None
[2023-02-16T00:03:20.444+0000] {processor.py:175} INFO - Processing /home/airflow/.local/lib/python3.7/site-packages/airflow/example_dags/example_sensors.py took 0.139 seconds
[2023-02-16T00:03:51.069+0000] {processor.py:153} INFO - Started process (PID=1313) to work on /home/airflow/.local/lib/python3.7/site-packages/airflow/example_dags/example_sensors.py
[2023-02-16T00:03:51.071+0000] {processor.py:743} INFO - Processing file /home/airflow/.local/lib/python3.7/site-packages/airflow/example_dags/example_sensors.py for tasks to queue
[2023-02-16T00:03:51.072+0000] {logging_mixin.py:137} INFO - [2023-02-16T00:03:51.071+0000] {dagbag.py:538} INFO - Filling up the DagBag from /home/airflow/.local/lib/python3.7/site-packages/airflow/example_dags/example_sensors.py
[2023-02-16T00:03:51.094+0000] {processor.py:753} INFO - DAG(s) dict_keys(['example_sensors']) retrieved from /home/airflow/.local/lib/python3.7/site-packages/airflow/example_dags/example_sensors.py
[2023-02-16T00:03:51.129+0000] {logging_mixin.py:137} INFO - [2023-02-16T00:03:51.129+0000] {dag.py:2690} INFO - Sync 1 DAGs
[2023-02-16T00:03:51.165+0000] {logging_mixin.py:137} INFO - [2023-02-16T00:03:51.165+0000] {dag.py:3441} INFO - Setting next_dagrun for example_sensors to None, run_after=None
[2023-02-16T00:03:51.198+0000] {processor.py:175} INFO - Processing /home/airflow/.local/lib/python3.7/site-packages/airflow/example_dags/example_sensors.py took 0.133 seconds
[2023-02-16T00:04:21.807+0000] {processor.py:153} INFO - Started process (PID=1401) to work on /home/airflow/.local/lib/python3.7/site-packages/airflow/example_dags/example_sensors.py
[2023-02-16T00:04:21.808+0000] {processor.py:743} INFO - Processing file /home/airflow/.local/lib/python3.7/site-packages/airflow/example_dags/example_sensors.py for tasks to queue
[2023-02-16T00:04:21.810+0000] {logging_mixin.py:137} INFO - [2023-02-16T00:04:21.809+0000] {dagbag.py:538} INFO - Filling up the DagBag from /home/airflow/.local/lib/python3.7/site-packages/airflow/example_dags/example_sensors.py
[2023-02-16T00:04:21.839+0000] {processor.py:753} INFO - DAG(s) dict_keys(['example_sensors']) retrieved from /home/airflow/.local/lib/python3.7/site-packages/airflow/example_dags/example_sensors.py
[2023-02-16T00:04:21.879+0000] {logging_mixin.py:137} INFO - [2023-02-16T00:04:21.878+0000] {dag.py:2690} INFO - Sync 1 DAGs
[2023-02-16T00:04:21.927+0000] {logging_mixin.py:137} INFO - [2023-02-16T00:04:21.927+0000] {dag.py:3441} INFO - Setting next_dagrun for example_sensors to None, run_after=None
[2023-02-16T00:04:21.961+0000] {processor.py:175} INFO - Processing /home/airflow/.local/lib/python3.7/site-packages/airflow/example_dags/example_sensors.py took 0.159 seconds
[2023-02-16T00:04:52.581+0000] {processor.py:153} INFO - Started process (PID=1475) to work on /home/airflow/.local/lib/python3.7/site-packages/airflow/example_dags/example_sensors.py
[2023-02-16T00:04:52.583+0000] {processor.py:743} INFO - Processing file /home/airflow/.local/lib/python3.7/site-packages/airflow/example_dags/example_sensors.py for tasks to queue
[2023-02-16T00:04:52.584+0000] {logging_mixin.py:137} INFO - [2023-02-16T00:04:52.584+0000] {dagbag.py:538} INFO - Filling up the DagBag from /home/airflow/.local/lib/python3.7/site-packages/airflow/example_dags/example_sensors.py
[2023-02-16T00:04:52.618+0000] {processor.py:753} INFO - DAG(s) dict_keys(['example_sensors']) retrieved from /home/airflow/.local/lib/python3.7/site-packages/airflow/example_dags/example_sensors.py
[2023-02-16T00:04:52.667+0000] {logging_mixin.py:137} INFO - [2023-02-16T00:04:52.666+0000] {dag.py:2690} INFO - Sync 1 DAGs
[2023-02-16T00:04:52.711+0000] {logging_mixin.py:137} INFO - [2023-02-16T00:04:52.711+0000] {dag.py:3441} INFO - Setting next_dagrun for example_sensors to None, run_after=None
[2023-02-16T00:04:52.749+0000] {processor.py:175} INFO - Processing /home/airflow/.local/lib/python3.7/site-packages/airflow/example_dags/example_sensors.py took 0.174 seconds
[2023-02-16T00:05:22.800+0000] {processor.py:153} INFO - Started process (PID=1547) to work on /home/airflow/.local/lib/python3.7/site-packages/airflow/example_dags/example_sensors.py
[2023-02-16T00:05:22.801+0000] {processor.py:743} INFO - Processing file /home/airflow/.local/lib/python3.7/site-packages/airflow/example_dags/example_sensors.py for tasks to queue
[2023-02-16T00:05:22.801+0000] {logging_mixin.py:137} INFO - [2023-02-16T00:05:22.801+0000] {dagbag.py:538} INFO - Filling up the DagBag from /home/airflow/.local/lib/python3.7/site-packages/airflow/example_dags/example_sensors.py
[2023-02-16T00:05:22.829+0000] {processor.py:753} INFO - DAG(s) dict_keys(['example_sensors']) retrieved from /home/airflow/.local/lib/python3.7/site-packages/airflow/example_dags/example_sensors.py
[2023-02-16T00:05:22.870+0000] {logging_mixin.py:137} INFO - [2023-02-16T00:05:22.870+0000] {dag.py:2690} INFO - Sync 1 DAGs
[2023-02-16T00:05:22.916+0000] {logging_mixin.py:137} INFO - [2023-02-16T00:05:22.915+0000] {dag.py:3441} INFO - Setting next_dagrun for example_sensors to None, run_after=None
[2023-02-16T00:05:22.955+0000] {processor.py:175} INFO - Processing /home/airflow/.local/lib/python3.7/site-packages/airflow/example_dags/example_sensors.py took 0.159 seconds
[2023-02-16T00:05:52.999+0000] {processor.py:153} INFO - Started process (PID=1626) to work on /home/airflow/.local/lib/python3.7/site-packages/airflow/example_dags/example_sensors.py
[2023-02-16T00:05:53.000+0000] {processor.py:743} INFO - Processing file /home/airflow/.local/lib/python3.7/site-packages/airflow/example_dags/example_sensors.py for tasks to queue
[2023-02-16T00:05:53.001+0000] {logging_mixin.py:137} INFO - [2023-02-16T00:05:53.001+0000] {dagbag.py:538} INFO - Filling up the DagBag from /home/airflow/.local/lib/python3.7/site-packages/airflow/example_dags/example_sensors.py
[2023-02-16T00:05:53.028+0000] {processor.py:753} INFO - DAG(s) dict_keys(['example_sensors']) retrieved from /home/airflow/.local/lib/python3.7/site-packages/airflow/example_dags/example_sensors.py
[2023-02-16T00:05:53.070+0000] {logging_mixin.py:137} INFO - [2023-02-16T00:05:53.069+0000] {dag.py:2690} INFO - Sync 1 DAGs
[2023-02-16T00:05:53.112+0000] {logging_mixin.py:137} INFO - [2023-02-16T00:05:53.112+0000] {dag.py:3441} INFO - Setting next_dagrun for example_sensors to None, run_after=None
[2023-02-16T00:05:53.147+0000] {processor.py:175} INFO - Processing /home/airflow/.local/lib/python3.7/site-packages/airflow/example_dags/example_sensors.py took 0.153 seconds
[2023-02-16T00:06:23.652+0000] {processor.py:153} INFO - Started process (PID=1707) to work on /home/airflow/.local/lib/python3.7/site-packages/airflow/example_dags/example_sensors.py
[2023-02-16T00:06:23.654+0000] {processor.py:743} INFO - Processing file /home/airflow/.local/lib/python3.7/site-packages/airflow/example_dags/example_sensors.py for tasks to queue
[2023-02-16T00:06:23.655+0000] {logging_mixin.py:137} INFO - [2023-02-16T00:06:23.655+0000] {dagbag.py:538} INFO - Filling up the DagBag from /home/airflow/.local/lib/python3.7/site-packages/airflow/example_dags/example_sensors.py
[2023-02-16T00:06:23.684+0000] {processor.py:753} INFO - DAG(s) dict_keys(['example_sensors']) retrieved from /home/airflow/.local/lib/python3.7/site-packages/airflow/example_dags/example_sensors.py
[2023-02-16T00:06:23.721+0000] {logging_mixin.py:137} INFO - [2023-02-16T00:06:23.721+0000] {dag.py:2690} INFO - Sync 1 DAGs
[2023-02-16T00:06:23.764+0000] {logging_mixin.py:137} INFO - [2023-02-16T00:06:23.764+0000] {dag.py:3441} INFO - Setting next_dagrun for example_sensors to None, run_after=None
[2023-02-16T00:06:23.801+0000] {processor.py:175} INFO - Processing /home/airflow/.local/lib/python3.7/site-packages/airflow/example_dags/example_sensors.py took 0.153 seconds
[2023-02-16T00:07:59.551+0000] {processor.py:153} INFO - Started process (PID=74) to work on /home/airflow/.local/lib/python3.7/site-packages/airflow/example_dags/example_sensors.py
[2023-02-16T00:07:59.552+0000] {processor.py:743} INFO - Processing file /home/airflow/.local/lib/python3.7/site-packages/airflow/example_dags/example_sensors.py for tasks to queue
[2023-02-16T00:07:59.553+0000] {logging_mixin.py:137} INFO - [2023-02-16T00:07:59.553+0000] {dagbag.py:538} INFO - Filling up the DagBag from /home/airflow/.local/lib/python3.7/site-packages/airflow/example_dags/example_sensors.py
[2023-02-16T00:07:59.589+0000] {processor.py:753} INFO - DAG(s) dict_keys(['example_sensors']) retrieved from /home/airflow/.local/lib/python3.7/site-packages/airflow/example_dags/example_sensors.py
[2023-02-16T00:07:59.626+0000] {logging_mixin.py:137} INFO - [2023-02-16T00:07:59.626+0000] {dag.py:2690} INFO - Sync 1 DAGs
[2023-02-16T00:07:59.671+0000] {logging_mixin.py:137} INFO - [2023-02-16T00:07:59.670+0000] {dag.py:3441} INFO - Setting next_dagrun for example_sensors to None, run_after=None
[2023-02-16T00:07:59.712+0000] {processor.py:175} INFO - Processing /home/airflow/.local/lib/python3.7/site-packages/airflow/example_dags/example_sensors.py took 0.166 seconds
[2023-02-16T00:08:30.631+0000] {processor.py:153} INFO - Started process (PID=147) to work on /home/airflow/.local/lib/python3.7/site-packages/airflow/example_dags/example_sensors.py
[2023-02-16T00:08:30.633+0000] {processor.py:743} INFO - Processing file /home/airflow/.local/lib/python3.7/site-packages/airflow/example_dags/example_sensors.py for tasks to queue
[2023-02-16T00:08:30.634+0000] {logging_mixin.py:137} INFO - [2023-02-16T00:08:30.633+0000] {dagbag.py:538} INFO - Filling up the DagBag from /home/airflow/.local/lib/python3.7/site-packages/airflow/example_dags/example_sensors.py
[2023-02-16T00:08:30.660+0000] {processor.py:753} INFO - DAG(s) dict_keys(['example_sensors']) retrieved from /home/airflow/.local/lib/python3.7/site-packages/airflow/example_dags/example_sensors.py
[2023-02-16T00:08:30.704+0000] {logging_mixin.py:137} INFO - [2023-02-16T00:08:30.704+0000] {dag.py:2690} INFO - Sync 1 DAGs
[2023-02-16T00:08:30.746+0000] {logging_mixin.py:137} INFO - [2023-02-16T00:08:30.745+0000] {dag.py:3441} INFO - Setting next_dagrun for example_sensors to None, run_after=None
[2023-02-16T00:08:30.780+0000] {processor.py:175} INFO - Processing /home/airflow/.local/lib/python3.7/site-packages/airflow/example_dags/example_sensors.py took 0.153 seconds
[2023-02-16T00:09:01.174+0000] {processor.py:153} INFO - Started process (PID=235) to work on /home/airflow/.local/lib/python3.7/site-packages/airflow/example_dags/example_sensors.py
[2023-02-16T00:09:01.176+0000] {processor.py:743} INFO - Processing file /home/airflow/.local/lib/python3.7/site-packages/airflow/example_dags/example_sensors.py for tasks to queue
[2023-02-16T00:09:01.177+0000] {logging_mixin.py:137} INFO - [2023-02-16T00:09:01.177+0000] {dagbag.py:538} INFO - Filling up the DagBag from /home/airflow/.local/lib/python3.7/site-packages/airflow/example_dags/example_sensors.py
[2023-02-16T00:09:01.204+0000] {processor.py:753} INFO - DAG(s) dict_keys(['example_sensors']) retrieved from /home/airflow/.local/lib/python3.7/site-packages/airflow/example_dags/example_sensors.py
[2023-02-16T00:09:01.246+0000] {logging_mixin.py:137} INFO - [2023-02-16T00:09:01.246+0000] {dag.py:2690} INFO - Sync 1 DAGs
[2023-02-16T00:09:01.288+0000] {logging_mixin.py:137} INFO - [2023-02-16T00:09:01.288+0000] {dag.py:3441} INFO - Setting next_dagrun for example_sensors to None, run_after=None
[2023-02-16T00:09:01.325+0000] {processor.py:175} INFO - Processing /home/airflow/.local/lib/python3.7/site-packages/airflow/example_dags/example_sensors.py took 0.156 seconds
[2023-02-16T00:09:31.366+0000] {processor.py:153} INFO - Started process (PID=307) to work on /home/airflow/.local/lib/python3.7/site-packages/airflow/example_dags/example_sensors.py
[2023-02-16T00:09:31.367+0000] {processor.py:743} INFO - Processing file /home/airflow/.local/lib/python3.7/site-packages/airflow/example_dags/example_sensors.py for tasks to queue
[2023-02-16T00:09:31.368+0000] {logging_mixin.py:137} INFO - [2023-02-16T00:09:31.368+0000] {dagbag.py:538} INFO - Filling up the DagBag from /home/airflow/.local/lib/python3.7/site-packages/airflow/example_dags/example_sensors.py
[2023-02-16T00:09:31.387+0000] {processor.py:753} INFO - DAG(s) dict_keys(['example_sensors']) retrieved from /home/airflow/.local/lib/python3.7/site-packages/airflow/example_dags/example_sensors.py
[2023-02-16T00:09:31.421+0000] {logging_mixin.py:137} INFO - [2023-02-16T00:09:31.420+0000] {dag.py:2690} INFO - Sync 1 DAGs
[2023-02-16T00:09:31.452+0000] {logging_mixin.py:137} INFO - [2023-02-16T00:09:31.452+0000] {dag.py:3441} INFO - Setting next_dagrun for example_sensors to None, run_after=None
[2023-02-16T00:09:31.482+0000] {processor.py:175} INFO - Processing /home/airflow/.local/lib/python3.7/site-packages/airflow/example_dags/example_sensors.py took 0.120 seconds
[2023-02-16T00:10:02.182+0000] {processor.py:153} INFO - Started process (PID=380) to work on /home/airflow/.local/lib/python3.7/site-packages/airflow/example_dags/example_sensors.py
[2023-02-16T00:10:02.183+0000] {processor.py:743} INFO - Processing file /home/airflow/.local/lib/python3.7/site-packages/airflow/example_dags/example_sensors.py for tasks to queue
[2023-02-16T00:10:02.185+0000] {logging_mixin.py:137} INFO - [2023-02-16T00:10:02.185+0000] {dagbag.py:538} INFO - Filling up the DagBag from /home/airflow/.local/lib/python3.7/site-packages/airflow/example_dags/example_sensors.py
[2023-02-16T00:10:02.217+0000] {processor.py:753} INFO - DAG(s) dict_keys(['example_sensors']) retrieved from /home/airflow/.local/lib/python3.7/site-packages/airflow/example_dags/example_sensors.py
[2023-02-16T00:10:02.254+0000] {logging_mixin.py:137} INFO - [2023-02-16T00:10:02.254+0000] {dag.py:2690} INFO - Sync 1 DAGs
[2023-02-16T00:10:02.293+0000] {logging_mixin.py:137} INFO - [2023-02-16T00:10:02.293+0000] {dag.py:3441} INFO - Setting next_dagrun for example_sensors to None, run_after=None
[2023-02-16T00:10:02.327+0000] {processor.py:175} INFO - Processing /home/airflow/.local/lib/python3.7/site-packages/airflow/example_dags/example_sensors.py took 0.150 seconds
[2023-02-16T00:10:33.256+0000] {processor.py:153} INFO - Started process (PID=455) to work on /home/airflow/.local/lib/python3.7/site-packages/airflow/example_dags/example_sensors.py
[2023-02-16T00:10:33.257+0000] {processor.py:743} INFO - Processing file /home/airflow/.local/lib/python3.7/site-packages/airflow/example_dags/example_sensors.py for tasks to queue
[2023-02-16T00:10:33.258+0000] {logging_mixin.py:137} INFO - [2023-02-16T00:10:33.258+0000] {dagbag.py:538} INFO - Filling up the DagBag from /home/airflow/.local/lib/python3.7/site-packages/airflow/example_dags/example_sensors.py
[2023-02-16T00:10:33.287+0000] {processor.py:753} INFO - DAG(s) dict_keys(['example_sensors']) retrieved from /home/airflow/.local/lib/python3.7/site-packages/airflow/example_dags/example_sensors.py
[2023-02-16T00:10:33.330+0000] {logging_mixin.py:137} INFO - [2023-02-16T00:10:33.329+0000] {dag.py:2690} INFO - Sync 1 DAGs
[2023-02-16T00:10:33.405+0000] {logging_mixin.py:137} INFO - [2023-02-16T00:10:33.405+0000] {dag.py:3441} INFO - Setting next_dagrun for example_sensors to None, run_after=None
[2023-02-16T00:10:33.464+0000] {processor.py:175} INFO - Processing /home/airflow/.local/lib/python3.7/site-packages/airflow/example_dags/example_sensors.py took 0.212 seconds
[2023-02-16T00:11:03.901+0000] {processor.py:153} INFO - Started process (PID=541) to work on /home/airflow/.local/lib/python3.7/site-packages/airflow/example_dags/example_sensors.py
[2023-02-16T00:11:03.902+0000] {processor.py:743} INFO - Processing file /home/airflow/.local/lib/python3.7/site-packages/airflow/example_dags/example_sensors.py for tasks to queue
[2023-02-16T00:11:03.903+0000] {logging_mixin.py:137} INFO - [2023-02-16T00:11:03.903+0000] {dagbag.py:538} INFO - Filling up the DagBag from /home/airflow/.local/lib/python3.7/site-packages/airflow/example_dags/example_sensors.py
[2023-02-16T00:11:03.927+0000] {processor.py:753} INFO - DAG(s) dict_keys(['example_sensors']) retrieved from /home/airflow/.local/lib/python3.7/site-packages/airflow/example_dags/example_sensors.py
[2023-02-16T00:11:03.970+0000] {logging_mixin.py:137} INFO - [2023-02-16T00:11:03.970+0000] {dag.py:2690} INFO - Sync 1 DAGs
[2023-02-16T00:11:04.014+0000] {logging_mixin.py:137} INFO - [2023-02-16T00:11:04.014+0000] {dag.py:3441} INFO - Setting next_dagrun for example_sensors to None, run_after=None
[2023-02-16T00:11:04.051+0000] {processor.py:175} INFO - Processing /home/airflow/.local/lib/python3.7/site-packages/airflow/example_dags/example_sensors.py took 0.154 seconds
[2023-02-16T00:31:35.092+0000] {processor.py:153} INFO - Started process (PID=75) to work on /home/airflow/.local/lib/python3.7/site-packages/airflow/example_dags/example_sensors.py
[2023-02-16T00:31:35.093+0000] {processor.py:743} INFO - Processing file /home/airflow/.local/lib/python3.7/site-packages/airflow/example_dags/example_sensors.py for tasks to queue
[2023-02-16T00:31:35.094+0000] {logging_mixin.py:137} INFO - [2023-02-16T00:31:35.094+0000] {dagbag.py:538} INFO - Filling up the DagBag from /home/airflow/.local/lib/python3.7/site-packages/airflow/example_dags/example_sensors.py
[2023-02-16T00:31:35.144+0000] {processor.py:753} INFO - DAG(s) dict_keys(['example_sensors']) retrieved from /home/airflow/.local/lib/python3.7/site-packages/airflow/example_dags/example_sensors.py
[2023-02-16T00:31:35.191+0000] {logging_mixin.py:137} INFO - [2023-02-16T00:31:35.190+0000] {dag.py:2690} INFO - Sync 1 DAGs
[2023-02-16T00:31:35.228+0000] {logging_mixin.py:137} INFO - [2023-02-16T00:31:35.227+0000] {dag.py:3441} INFO - Setting next_dagrun for example_sensors to None, run_after=None
[2023-02-16T00:31:35.285+0000] {processor.py:175} INFO - Processing /home/airflow/.local/lib/python3.7/site-packages/airflow/example_dags/example_sensors.py took 0.197 seconds
[2023-02-16T00:32:05.346+0000] {processor.py:153} INFO - Started process (PID=147) to work on /home/airflow/.local/lib/python3.7/site-packages/airflow/example_dags/example_sensors.py
[2023-02-16T00:32:05.348+0000] {processor.py:743} INFO - Processing file /home/airflow/.local/lib/python3.7/site-packages/airflow/example_dags/example_sensors.py for tasks to queue
[2023-02-16T00:32:05.349+0000] {logging_mixin.py:137} INFO - [2023-02-16T00:32:05.348+0000] {dagbag.py:538} INFO - Filling up the DagBag from /home/airflow/.local/lib/python3.7/site-packages/airflow/example_dags/example_sensors.py
[2023-02-16T00:32:05.384+0000] {processor.py:753} INFO - DAG(s) dict_keys(['example_sensors']) retrieved from /home/airflow/.local/lib/python3.7/site-packages/airflow/example_dags/example_sensors.py
[2023-02-16T00:32:05.431+0000] {logging_mixin.py:137} INFO - [2023-02-16T00:32:05.431+0000] {dag.py:2690} INFO - Sync 1 DAGs
[2023-02-16T00:32:05.484+0000] {logging_mixin.py:137} INFO - [2023-02-16T00:32:05.483+0000] {dag.py:3441} INFO - Setting next_dagrun for example_sensors to None, run_after=None
[2023-02-16T00:32:05.527+0000] {processor.py:175} INFO - Processing /home/airflow/.local/lib/python3.7/site-packages/airflow/example_dags/example_sensors.py took 0.187 seconds
