[2023-02-16T00:00:12.866+0000] {processor.py:153} INFO - Started process (PID=762) to work on /home/airflow/.local/lib/python3.7/site-packages/airflow/example_dags/example_datasets.py
[2023-02-16T00:00:12.867+0000] {processor.py:743} INFO - Processing file /home/airflow/.local/lib/python3.7/site-packages/airflow/example_dags/example_datasets.py for tasks to queue
[2023-02-16T00:00:12.868+0000] {logging_mixin.py:137} INFO - [2023-02-16T00:00:12.868+0000] {dagbag.py:538} INFO - Filling up the DagBag from /home/airflow/.local/lib/python3.7/site-packages/airflow/example_dags/example_datasets.py
[2023-02-16T00:00:12.887+0000] {processor.py:753} INFO - DAG(s) dict_keys(['dataset_consumes_unknown_never_scheduled', 'dataset_produces_1', 'dataset_consumes_1', 'dataset_consumes_1_and_2', 'dataset_produces_2', 'dataset_consumes_1_never_scheduled']) retrieved from /home/airflow/.local/lib/python3.7/site-packages/airflow/example_dags/example_datasets.py
[2023-02-16T00:00:12.956+0000] {logging_mixin.py:137} INFO - [2023-02-16T00:00:12.956+0000] {dag.py:2690} INFO - Sync 6 DAGs
[2023-02-16T00:00:13.003+0000] {logging_mixin.py:137} INFO - [2023-02-16T00:00:13.003+0000] {dag.py:3441} INFO - Setting next_dagrun for dataset_consumes_1 to None, run_after=None
[2023-02-16T00:00:13.009+0000] {logging_mixin.py:137} INFO - [2023-02-16T00:00:13.009+0000] {dag.py:3441} INFO - Setting next_dagrun for dataset_consumes_1_and_2 to None, run_after=None
[2023-02-16T00:00:13.011+0000] {logging_mixin.py:137} INFO - [2023-02-16T00:00:13.011+0000] {dag.py:3441} INFO - Setting next_dagrun for dataset_consumes_1_never_scheduled to None, run_after=None
[2023-02-16T00:00:13.013+0000] {logging_mixin.py:137} INFO - [2023-02-16T00:00:13.012+0000] {dag.py:3441} INFO - Setting next_dagrun for dataset_consumes_unknown_never_scheduled to None, run_after=None
[2023-02-16T00:00:13.017+0000] {logging_mixin.py:137} INFO - [2023-02-16T00:00:13.017+0000] {dag.py:3441} INFO - Setting next_dagrun for dataset_produces_1 to 2023-02-15T00:00:00+00:00, run_after=2023-02-16T00:00:00+00:00
[2023-02-16T00:00:13.019+0000] {logging_mixin.py:137} INFO - [2023-02-16T00:00:13.019+0000] {dag.py:3441} INFO - Setting next_dagrun for dataset_produces_2 to None, run_after=None
[2023-02-16T00:00:13.080+0000] {processor.py:175} INFO - Processing /home/airflow/.local/lib/python3.7/site-packages/airflow/example_dags/example_datasets.py took 0.219 seconds
[2023-02-16T00:00:43.864+0000] {processor.py:153} INFO - Started process (PID=836) to work on /home/airflow/.local/lib/python3.7/site-packages/airflow/example_dags/example_datasets.py
[2023-02-16T00:00:43.864+0000] {processor.py:743} INFO - Processing file /home/airflow/.local/lib/python3.7/site-packages/airflow/example_dags/example_datasets.py for tasks to queue
[2023-02-16T00:00:43.865+0000] {logging_mixin.py:137} INFO - [2023-02-16T00:00:43.865+0000] {dagbag.py:538} INFO - Filling up the DagBag from /home/airflow/.local/lib/python3.7/site-packages/airflow/example_dags/example_datasets.py
[2023-02-16T00:00:43.884+0000] {processor.py:753} INFO - DAG(s) dict_keys(['dataset_consumes_1_and_2', 'dataset_produces_1', 'dataset_consumes_1', 'dataset_consumes_1_never_scheduled', 'dataset_consumes_unknown_never_scheduled', 'dataset_produces_2']) retrieved from /home/airflow/.local/lib/python3.7/site-packages/airflow/example_dags/example_datasets.py
[2023-02-16T00:00:43.950+0000] {logging_mixin.py:137} INFO - [2023-02-16T00:00:43.950+0000] {dag.py:2690} INFO - Sync 6 DAGs
[2023-02-16T00:00:43.991+0000] {logging_mixin.py:137} INFO - [2023-02-16T00:00:43.991+0000] {dag.py:3441} INFO - Setting next_dagrun for dataset_consumes_1 to None, run_after=None
[2023-02-16T00:00:43.998+0000] {logging_mixin.py:137} INFO - [2023-02-16T00:00:43.998+0000] {dag.py:3441} INFO - Setting next_dagrun for dataset_consumes_1_and_2 to None, run_after=None
[2023-02-16T00:00:44.000+0000] {logging_mixin.py:137} INFO - [2023-02-16T00:00:44.000+0000] {dag.py:3441} INFO - Setting next_dagrun for dataset_consumes_1_never_scheduled to None, run_after=None
[2023-02-16T00:00:44.002+0000] {logging_mixin.py:137} INFO - [2023-02-16T00:00:44.002+0000] {dag.py:3441} INFO - Setting next_dagrun for dataset_consumes_unknown_never_scheduled to None, run_after=None
[2023-02-16T00:00:44.006+0000] {logging_mixin.py:137} INFO - [2023-02-16T00:00:44.006+0000] {dag.py:3441} INFO - Setting next_dagrun for dataset_produces_1 to 2023-02-15T00:00:00+00:00, run_after=2023-02-16T00:00:00+00:00
[2023-02-16T00:00:44.008+0000] {logging_mixin.py:137} INFO - [2023-02-16T00:00:44.007+0000] {dag.py:3441} INFO - Setting next_dagrun for dataset_produces_2 to None, run_after=None
[2023-02-16T00:00:44.064+0000] {processor.py:175} INFO - Processing /home/airflow/.local/lib/python3.7/site-packages/airflow/example_dags/example_datasets.py took 0.205 seconds
[2023-02-16T00:01:14.977+0000] {processor.py:153} INFO - Started process (PID=925) to work on /home/airflow/.local/lib/python3.7/site-packages/airflow/example_dags/example_datasets.py
[2023-02-16T00:01:14.979+0000] {processor.py:743} INFO - Processing file /home/airflow/.local/lib/python3.7/site-packages/airflow/example_dags/example_datasets.py for tasks to queue
[2023-02-16T00:01:14.980+0000] {logging_mixin.py:137} INFO - [2023-02-16T00:01:14.979+0000] {dagbag.py:538} INFO - Filling up the DagBag from /home/airflow/.local/lib/python3.7/site-packages/airflow/example_dags/example_datasets.py
[2023-02-16T00:01:15.001+0000] {processor.py:753} INFO - DAG(s) dict_keys(['dataset_produces_2', 'dataset_consumes_1_and_2', 'dataset_consumes_1', 'dataset_produces_1', 'dataset_consumes_1_never_scheduled', 'dataset_consumes_unknown_never_scheduled']) retrieved from /home/airflow/.local/lib/python3.7/site-packages/airflow/example_dags/example_datasets.py
[2023-02-16T00:01:15.061+0000] {logging_mixin.py:137} INFO - [2023-02-16T00:01:15.061+0000] {dag.py:2690} INFO - Sync 6 DAGs
[2023-02-16T00:01:15.097+0000] {logging_mixin.py:137} INFO - [2023-02-16T00:01:15.097+0000] {dag.py:3441} INFO - Setting next_dagrun for dataset_consumes_1 to None, run_after=None
[2023-02-16T00:01:15.101+0000] {logging_mixin.py:137} INFO - [2023-02-16T00:01:15.101+0000] {dag.py:3441} INFO - Setting next_dagrun for dataset_consumes_1_and_2 to None, run_after=None
[2023-02-16T00:01:15.103+0000] {logging_mixin.py:137} INFO - [2023-02-16T00:01:15.103+0000] {dag.py:3441} INFO - Setting next_dagrun for dataset_consumes_1_never_scheduled to None, run_after=None
[2023-02-16T00:01:15.105+0000] {logging_mixin.py:137} INFO - [2023-02-16T00:01:15.105+0000] {dag.py:3441} INFO - Setting next_dagrun for dataset_consumes_unknown_never_scheduled to None, run_after=None
[2023-02-16T00:01:15.109+0000] {logging_mixin.py:137} INFO - [2023-02-16T00:01:15.109+0000] {dag.py:3441} INFO - Setting next_dagrun for dataset_produces_1 to 2023-02-15T00:00:00+00:00, run_after=2023-02-16T00:00:00+00:00
[2023-02-16T00:01:15.111+0000] {logging_mixin.py:137} INFO - [2023-02-16T00:01:15.110+0000] {dag.py:3441} INFO - Setting next_dagrun for dataset_produces_2 to None, run_after=None
[2023-02-16T00:01:15.189+0000] {processor.py:175} INFO - Processing /home/airflow/.local/lib/python3.7/site-packages/airflow/example_dags/example_datasets.py took 0.214 seconds
[2023-02-16T00:01:45.869+0000] {processor.py:153} INFO - Started process (PID=997) to work on /home/airflow/.local/lib/python3.7/site-packages/airflow/example_dags/example_datasets.py
[2023-02-16T00:01:45.871+0000] {processor.py:743} INFO - Processing file /home/airflow/.local/lib/python3.7/site-packages/airflow/example_dags/example_datasets.py for tasks to queue
[2023-02-16T00:01:45.871+0000] {logging_mixin.py:137} INFO - [2023-02-16T00:01:45.871+0000] {dagbag.py:538} INFO - Filling up the DagBag from /home/airflow/.local/lib/python3.7/site-packages/airflow/example_dags/example_datasets.py
[2023-02-16T00:01:45.887+0000] {processor.py:753} INFO - DAG(s) dict_keys(['dataset_consumes_1', 'dataset_consumes_unknown_never_scheduled', 'dataset_produces_1', 'dataset_consumes_1_and_2', 'dataset_consumes_1_never_scheduled', 'dataset_produces_2']) retrieved from /home/airflow/.local/lib/python3.7/site-packages/airflow/example_dags/example_datasets.py
[2023-02-16T00:01:45.941+0000] {logging_mixin.py:137} INFO - [2023-02-16T00:01:45.941+0000] {dag.py:2690} INFO - Sync 6 DAGs
[2023-02-16T00:01:45.979+0000] {logging_mixin.py:137} INFO - [2023-02-16T00:01:45.978+0000] {dag.py:3441} INFO - Setting next_dagrun for dataset_consumes_1 to None, run_after=None
[2023-02-16T00:01:45.984+0000] {logging_mixin.py:137} INFO - [2023-02-16T00:01:45.984+0000] {dag.py:3441} INFO - Setting next_dagrun for dataset_consumes_1_and_2 to None, run_after=None
[2023-02-16T00:01:45.985+0000] {logging_mixin.py:137} INFO - [2023-02-16T00:01:45.985+0000] {dag.py:3441} INFO - Setting next_dagrun for dataset_consumes_1_never_scheduled to None, run_after=None
[2023-02-16T00:01:45.987+0000] {logging_mixin.py:137} INFO - [2023-02-16T00:01:45.987+0000] {dag.py:3441} INFO - Setting next_dagrun for dataset_consumes_unknown_never_scheduled to None, run_after=None
[2023-02-16T00:01:45.991+0000] {logging_mixin.py:137} INFO - [2023-02-16T00:01:45.991+0000] {dag.py:3441} INFO - Setting next_dagrun for dataset_produces_1 to 2023-02-15T00:00:00+00:00, run_after=2023-02-16T00:00:00+00:00
[2023-02-16T00:01:45.993+0000] {logging_mixin.py:137} INFO - [2023-02-16T00:01:45.993+0000] {dag.py:3441} INFO - Setting next_dagrun for dataset_produces_2 to None, run_after=None
[2023-02-16T00:01:46.051+0000] {processor.py:175} INFO - Processing /home/airflow/.local/lib/python3.7/site-packages/airflow/example_dags/example_datasets.py took 0.186 seconds
[2023-02-16T00:02:16.548+0000] {processor.py:153} INFO - Started process (PID=1070) to work on /home/airflow/.local/lib/python3.7/site-packages/airflow/example_dags/example_datasets.py
[2023-02-16T00:02:16.550+0000] {processor.py:743} INFO - Processing file /home/airflow/.local/lib/python3.7/site-packages/airflow/example_dags/example_datasets.py for tasks to queue
[2023-02-16T00:02:16.551+0000] {logging_mixin.py:137} INFO - [2023-02-16T00:02:16.551+0000] {dagbag.py:538} INFO - Filling up the DagBag from /home/airflow/.local/lib/python3.7/site-packages/airflow/example_dags/example_datasets.py
[2023-02-16T00:02:16.574+0000] {processor.py:753} INFO - DAG(s) dict_keys(['dataset_consumes_unknown_never_scheduled', 'dataset_produces_2', 'dataset_produces_1', 'dataset_consumes_1', 'dataset_consumes_1_and_2', 'dataset_consumes_1_never_scheduled']) retrieved from /home/airflow/.local/lib/python3.7/site-packages/airflow/example_dags/example_datasets.py
[2023-02-16T00:02:16.659+0000] {logging_mixin.py:137} INFO - [2023-02-16T00:02:16.659+0000] {dag.py:2690} INFO - Sync 6 DAGs
[2023-02-16T00:02:16.710+0000] {logging_mixin.py:137} INFO - [2023-02-16T00:02:16.709+0000] {dag.py:3441} INFO - Setting next_dagrun for dataset_consumes_1 to None, run_after=None
[2023-02-16T00:02:16.716+0000] {logging_mixin.py:137} INFO - [2023-02-16T00:02:16.716+0000] {dag.py:3441} INFO - Setting next_dagrun for dataset_consumes_1_and_2 to None, run_after=None
[2023-02-16T00:02:16.718+0000] {logging_mixin.py:137} INFO - [2023-02-16T00:02:16.718+0000] {dag.py:3441} INFO - Setting next_dagrun for dataset_consumes_1_never_scheduled to None, run_after=None
[2023-02-16T00:02:16.721+0000] {logging_mixin.py:137} INFO - [2023-02-16T00:02:16.720+0000] {dag.py:3441} INFO - Setting next_dagrun for dataset_consumes_unknown_never_scheduled to None, run_after=None
[2023-02-16T00:02:16.725+0000] {logging_mixin.py:137} INFO - [2023-02-16T00:02:16.725+0000] {dag.py:3441} INFO - Setting next_dagrun for dataset_produces_1 to 2023-02-15T00:00:00+00:00, run_after=2023-02-16T00:00:00+00:00
[2023-02-16T00:02:16.727+0000] {logging_mixin.py:137} INFO - [2023-02-16T00:02:16.726+0000] {dag.py:3441} INFO - Setting next_dagrun for dataset_produces_2 to None, run_after=None
[2023-02-16T00:02:16.789+0000] {processor.py:175} INFO - Processing /home/airflow/.local/lib/python3.7/site-packages/airflow/example_dags/example_datasets.py took 0.245 seconds
[2023-02-16T00:02:47.595+0000] {processor.py:153} INFO - Started process (PID=1158) to work on /home/airflow/.local/lib/python3.7/site-packages/airflow/example_dags/example_datasets.py
[2023-02-16T00:02:47.596+0000] {processor.py:743} INFO - Processing file /home/airflow/.local/lib/python3.7/site-packages/airflow/example_dags/example_datasets.py for tasks to queue
[2023-02-16T00:02:47.598+0000] {logging_mixin.py:137} INFO - [2023-02-16T00:02:47.598+0000] {dagbag.py:538} INFO - Filling up the DagBag from /home/airflow/.local/lib/python3.7/site-packages/airflow/example_dags/example_datasets.py
[2023-02-16T00:02:47.624+0000] {processor.py:753} INFO - DAG(s) dict_keys(['dataset_consumes_1_and_2', 'dataset_consumes_1', 'dataset_consumes_unknown_never_scheduled', 'dataset_consumes_1_never_scheduled', 'dataset_produces_2', 'dataset_produces_1']) retrieved from /home/airflow/.local/lib/python3.7/site-packages/airflow/example_dags/example_datasets.py
[2023-02-16T00:02:47.697+0000] {logging_mixin.py:137} INFO - [2023-02-16T00:02:47.697+0000] {dag.py:2690} INFO - Sync 6 DAGs
[2023-02-16T00:02:47.746+0000] {logging_mixin.py:137} INFO - [2023-02-16T00:02:47.746+0000] {dag.py:3441} INFO - Setting next_dagrun for dataset_consumes_1 to None, run_after=None
[2023-02-16T00:02:47.752+0000] {logging_mixin.py:137} INFO - [2023-02-16T00:02:47.752+0000] {dag.py:3441} INFO - Setting next_dagrun for dataset_consumes_1_and_2 to None, run_after=None
[2023-02-16T00:02:47.754+0000] {logging_mixin.py:137} INFO - [2023-02-16T00:02:47.754+0000] {dag.py:3441} INFO - Setting next_dagrun for dataset_consumes_1_never_scheduled to None, run_after=None
[2023-02-16T00:02:47.756+0000] {logging_mixin.py:137} INFO - [2023-02-16T00:02:47.756+0000] {dag.py:3441} INFO - Setting next_dagrun for dataset_consumes_unknown_never_scheduled to None, run_after=None
[2023-02-16T00:02:47.762+0000] {logging_mixin.py:137} INFO - [2023-02-16T00:02:47.761+0000] {dag.py:3441} INFO - Setting next_dagrun for dataset_produces_1 to 2023-02-15T00:00:00+00:00, run_after=2023-02-16T00:00:00+00:00
[2023-02-16T00:02:47.764+0000] {logging_mixin.py:137} INFO - [2023-02-16T00:02:47.764+0000] {dag.py:3441} INFO - Setting next_dagrun for dataset_produces_2 to None, run_after=None
[2023-02-16T00:02:47.836+0000] {processor.py:175} INFO - Processing /home/airflow/.local/lib/python3.7/site-packages/airflow/example_dags/example_datasets.py took 0.246 seconds
[2023-02-16T00:03:18.017+0000] {processor.py:153} INFO - Started process (PID=1230) to work on /home/airflow/.local/lib/python3.7/site-packages/airflow/example_dags/example_datasets.py
[2023-02-16T00:03:18.019+0000] {processor.py:743} INFO - Processing file /home/airflow/.local/lib/python3.7/site-packages/airflow/example_dags/example_datasets.py for tasks to queue
[2023-02-16T00:03:18.020+0000] {logging_mixin.py:137} INFO - [2023-02-16T00:03:18.020+0000] {dagbag.py:538} INFO - Filling up the DagBag from /home/airflow/.local/lib/python3.7/site-packages/airflow/example_dags/example_datasets.py
[2023-02-16T00:03:18.039+0000] {processor.py:753} INFO - DAG(s) dict_keys(['dataset_consumes_1_and_2', 'dataset_produces_1', 'dataset_consumes_unknown_never_scheduled', 'dataset_consumes_1_never_scheduled', 'dataset_consumes_1', 'dataset_produces_2']) retrieved from /home/airflow/.local/lib/python3.7/site-packages/airflow/example_dags/example_datasets.py
[2023-02-16T00:03:18.099+0000] {logging_mixin.py:137} INFO - [2023-02-16T00:03:18.098+0000] {dag.py:2690} INFO - Sync 6 DAGs
[2023-02-16T00:03:18.141+0000] {logging_mixin.py:137} INFO - [2023-02-16T00:03:18.141+0000] {dag.py:3441} INFO - Setting next_dagrun for dataset_consumes_1 to None, run_after=None
[2023-02-16T00:03:18.146+0000] {logging_mixin.py:137} INFO - [2023-02-16T00:03:18.146+0000] {dag.py:3441} INFO - Setting next_dagrun for dataset_consumes_1_and_2 to None, run_after=None
[2023-02-16T00:03:18.148+0000] {logging_mixin.py:137} INFO - [2023-02-16T00:03:18.148+0000] {dag.py:3441} INFO - Setting next_dagrun for dataset_consumes_1_never_scheduled to None, run_after=None
[2023-02-16T00:03:18.150+0000] {logging_mixin.py:137} INFO - [2023-02-16T00:03:18.150+0000] {dag.py:3441} INFO - Setting next_dagrun for dataset_consumes_unknown_never_scheduled to None, run_after=None
[2023-02-16T00:03:18.154+0000] {logging_mixin.py:137} INFO - [2023-02-16T00:03:18.154+0000] {dag.py:3441} INFO - Setting next_dagrun for dataset_produces_1 to 2023-02-15T00:00:00+00:00, run_after=2023-02-16T00:00:00+00:00
[2023-02-16T00:03:18.156+0000] {logging_mixin.py:137} INFO - [2023-02-16T00:03:18.156+0000] {dag.py:3441} INFO - Setting next_dagrun for dataset_produces_2 to None, run_after=None
[2023-02-16T00:03:18.215+0000] {processor.py:175} INFO - Processing /home/airflow/.local/lib/python3.7/site-packages/airflow/example_dags/example_datasets.py took 0.202 seconds
[2023-02-16T00:03:48.870+0000] {processor.py:153} INFO - Started process (PID=1302) to work on /home/airflow/.local/lib/python3.7/site-packages/airflow/example_dags/example_datasets.py
[2023-02-16T00:03:48.871+0000] {processor.py:743} INFO - Processing file /home/airflow/.local/lib/python3.7/site-packages/airflow/example_dags/example_datasets.py for tasks to queue
[2023-02-16T00:03:48.872+0000] {logging_mixin.py:137} INFO - [2023-02-16T00:03:48.872+0000] {dagbag.py:538} INFO - Filling up the DagBag from /home/airflow/.local/lib/python3.7/site-packages/airflow/example_dags/example_datasets.py
[2023-02-16T00:03:48.894+0000] {processor.py:753} INFO - DAG(s) dict_keys(['dataset_consumes_1_and_2', 'dataset_consumes_unknown_never_scheduled', 'dataset_consumes_1', 'dataset_produces_1', 'dataset_produces_2', 'dataset_consumes_1_never_scheduled']) retrieved from /home/airflow/.local/lib/python3.7/site-packages/airflow/example_dags/example_datasets.py
[2023-02-16T00:03:48.963+0000] {logging_mixin.py:137} INFO - [2023-02-16T00:03:48.963+0000] {dag.py:2690} INFO - Sync 6 DAGs
[2023-02-16T00:03:49.007+0000] {logging_mixin.py:137} INFO - [2023-02-16T00:03:49.007+0000] {dag.py:3441} INFO - Setting next_dagrun for dataset_consumes_1 to None, run_after=None
[2023-02-16T00:03:49.012+0000] {logging_mixin.py:137} INFO - [2023-02-16T00:03:49.012+0000] {dag.py:3441} INFO - Setting next_dagrun for dataset_consumes_1_and_2 to None, run_after=None
[2023-02-16T00:03:49.014+0000] {logging_mixin.py:137} INFO - [2023-02-16T00:03:49.014+0000] {dag.py:3441} INFO - Setting next_dagrun for dataset_consumes_1_never_scheduled to None, run_after=None
[2023-02-16T00:03:49.016+0000] {logging_mixin.py:137} INFO - [2023-02-16T00:03:49.015+0000] {dag.py:3441} INFO - Setting next_dagrun for dataset_consumes_unknown_never_scheduled to None, run_after=None
[2023-02-16T00:03:49.020+0000] {logging_mixin.py:137} INFO - [2023-02-16T00:03:49.020+0000] {dag.py:3441} INFO - Setting next_dagrun for dataset_produces_1 to 2023-02-15T00:00:00+00:00, run_after=2023-02-16T00:00:00+00:00
[2023-02-16T00:03:49.023+0000] {logging_mixin.py:137} INFO - [2023-02-16T00:03:49.022+0000] {dag.py:3441} INFO - Setting next_dagrun for dataset_produces_2 to None, run_after=None
[2023-02-16T00:03:49.097+0000] {processor.py:175} INFO - Processing /home/airflow/.local/lib/python3.7/site-packages/airflow/example_dags/example_datasets.py took 0.232 seconds
[2023-02-16T00:04:19.187+0000] {processor.py:153} INFO - Started process (PID=1374) to work on /home/airflow/.local/lib/python3.7/site-packages/airflow/example_dags/example_datasets.py
[2023-02-16T00:04:19.189+0000] {processor.py:743} INFO - Processing file /home/airflow/.local/lib/python3.7/site-packages/airflow/example_dags/example_datasets.py for tasks to queue
[2023-02-16T00:04:19.190+0000] {logging_mixin.py:137} INFO - [2023-02-16T00:04:19.190+0000] {dagbag.py:538} INFO - Filling up the DagBag from /home/airflow/.local/lib/python3.7/site-packages/airflow/example_dags/example_datasets.py
[2023-02-16T00:04:19.219+0000] {processor.py:753} INFO - DAG(s) dict_keys(['dataset_produces_1', 'dataset_consumes_1_never_scheduled', 'dataset_produces_2', 'dataset_consumes_1', 'dataset_consumes_1_and_2', 'dataset_consumes_unknown_never_scheduled']) retrieved from /home/airflow/.local/lib/python3.7/site-packages/airflow/example_dags/example_datasets.py
[2023-02-16T00:04:19.293+0000] {logging_mixin.py:137} INFO - [2023-02-16T00:04:19.293+0000] {dag.py:2690} INFO - Sync 6 DAGs
[2023-02-16T00:04:19.342+0000] {logging_mixin.py:137} INFO - [2023-02-16T00:04:19.342+0000] {dag.py:3441} INFO - Setting next_dagrun for dataset_consumes_1 to None, run_after=None
[2023-02-16T00:04:19.350+0000] {logging_mixin.py:137} INFO - [2023-02-16T00:04:19.350+0000] {dag.py:3441} INFO - Setting next_dagrun for dataset_consumes_1_and_2 to None, run_after=None
[2023-02-16T00:04:19.353+0000] {logging_mixin.py:137} INFO - [2023-02-16T00:04:19.352+0000] {dag.py:3441} INFO - Setting next_dagrun for dataset_consumes_1_never_scheduled to None, run_after=None
[2023-02-16T00:04:19.355+0000] {logging_mixin.py:137} INFO - [2023-02-16T00:04:19.355+0000] {dag.py:3441} INFO - Setting next_dagrun for dataset_consumes_unknown_never_scheduled to None, run_after=None
[2023-02-16T00:04:19.361+0000] {logging_mixin.py:137} INFO - [2023-02-16T00:04:19.361+0000] {dag.py:3441} INFO - Setting next_dagrun for dataset_produces_1 to 2023-02-15T00:00:00+00:00, run_after=2023-02-16T00:00:00+00:00
[2023-02-16T00:04:19.366+0000] {logging_mixin.py:137} INFO - [2023-02-16T00:04:19.366+0000] {dag.py:3441} INFO - Setting next_dagrun for dataset_produces_2 to None, run_after=None
[2023-02-16T00:04:19.438+0000] {processor.py:175} INFO - Processing /home/airflow/.local/lib/python3.7/site-packages/airflow/example_dags/example_datasets.py took 0.260 seconds
[2023-02-16T00:04:50.045+0000] {processor.py:153} INFO - Started process (PID=1464) to work on /home/airflow/.local/lib/python3.7/site-packages/airflow/example_dags/example_datasets.py
[2023-02-16T00:04:50.047+0000] {processor.py:743} INFO - Processing file /home/airflow/.local/lib/python3.7/site-packages/airflow/example_dags/example_datasets.py for tasks to queue
[2023-02-16T00:04:50.048+0000] {logging_mixin.py:137} INFO - [2023-02-16T00:04:50.048+0000] {dagbag.py:538} INFO - Filling up the DagBag from /home/airflow/.local/lib/python3.7/site-packages/airflow/example_dags/example_datasets.py
[2023-02-16T00:04:50.076+0000] {processor.py:753} INFO - DAG(s) dict_keys(['dataset_produces_2', 'dataset_produces_1', 'dataset_consumes_unknown_never_scheduled', 'dataset_consumes_1', 'dataset_consumes_1_and_2', 'dataset_consumes_1_never_scheduled']) retrieved from /home/airflow/.local/lib/python3.7/site-packages/airflow/example_dags/example_datasets.py
[2023-02-16T00:04:50.143+0000] {logging_mixin.py:137} INFO - [2023-02-16T00:04:50.143+0000] {dag.py:2690} INFO - Sync 6 DAGs
[2023-02-16T00:04:50.192+0000] {logging_mixin.py:137} INFO - [2023-02-16T00:04:50.192+0000] {dag.py:3441} INFO - Setting next_dagrun for dataset_consumes_1 to None, run_after=None
[2023-02-16T00:04:50.199+0000] {logging_mixin.py:137} INFO - [2023-02-16T00:04:50.199+0000] {dag.py:3441} INFO - Setting next_dagrun for dataset_consumes_1_and_2 to None, run_after=None
[2023-02-16T00:04:50.203+0000] {logging_mixin.py:137} INFO - [2023-02-16T00:04:50.203+0000] {dag.py:3441} INFO - Setting next_dagrun for dataset_consumes_1_never_scheduled to None, run_after=None
[2023-02-16T00:04:50.206+0000] {logging_mixin.py:137} INFO - [2023-02-16T00:04:50.206+0000] {dag.py:3441} INFO - Setting next_dagrun for dataset_consumes_unknown_never_scheduled to None, run_after=None
[2023-02-16T00:04:50.213+0000] {logging_mixin.py:137} INFO - [2023-02-16T00:04:50.213+0000] {dag.py:3441} INFO - Setting next_dagrun for dataset_produces_1 to 2023-02-15T00:00:00+00:00, run_after=2023-02-16T00:00:00+00:00
[2023-02-16T00:04:50.215+0000] {logging_mixin.py:137} INFO - [2023-02-16T00:04:50.215+0000] {dag.py:3441} INFO - Setting next_dagrun for dataset_produces_2 to None, run_after=None
[2023-02-16T00:04:50.288+0000] {processor.py:175} INFO - Processing /home/airflow/.local/lib/python3.7/site-packages/airflow/example_dags/example_datasets.py took 0.247 seconds
[2023-02-16T00:05:20.528+0000] {processor.py:153} INFO - Started process (PID=1536) to work on /home/airflow/.local/lib/python3.7/site-packages/airflow/example_dags/example_datasets.py
[2023-02-16T00:05:20.529+0000] {processor.py:743} INFO - Processing file /home/airflow/.local/lib/python3.7/site-packages/airflow/example_dags/example_datasets.py for tasks to queue
[2023-02-16T00:05:20.530+0000] {logging_mixin.py:137} INFO - [2023-02-16T00:05:20.530+0000] {dagbag.py:538} INFO - Filling up the DagBag from /home/airflow/.local/lib/python3.7/site-packages/airflow/example_dags/example_datasets.py
[2023-02-16T00:05:20.553+0000] {processor.py:753} INFO - DAG(s) dict_keys(['dataset_produces_2', 'dataset_consumes_1_and_2', 'dataset_consumes_1_never_scheduled', 'dataset_consumes_1', 'dataset_produces_1', 'dataset_consumes_unknown_never_scheduled']) retrieved from /home/airflow/.local/lib/python3.7/site-packages/airflow/example_dags/example_datasets.py
[2023-02-16T00:05:20.617+0000] {logging_mixin.py:137} INFO - [2023-02-16T00:05:20.616+0000] {dag.py:2690} INFO - Sync 6 DAGs
[2023-02-16T00:05:20.655+0000] {logging_mixin.py:137} INFO - [2023-02-16T00:05:20.654+0000] {dag.py:3441} INFO - Setting next_dagrun for dataset_consumes_1 to None, run_after=None
[2023-02-16T00:05:20.660+0000] {logging_mixin.py:137} INFO - [2023-02-16T00:05:20.659+0000] {dag.py:3441} INFO - Setting next_dagrun for dataset_consumes_1_and_2 to None, run_after=None
[2023-02-16T00:05:20.661+0000] {logging_mixin.py:137} INFO - [2023-02-16T00:05:20.661+0000] {dag.py:3441} INFO - Setting next_dagrun for dataset_consumes_1_never_scheduled to None, run_after=None
[2023-02-16T00:05:20.663+0000] {logging_mixin.py:137} INFO - [2023-02-16T00:05:20.663+0000] {dag.py:3441} INFO - Setting next_dagrun for dataset_consumes_unknown_never_scheduled to None, run_after=None
[2023-02-16T00:05:20.666+0000] {logging_mixin.py:137} INFO - [2023-02-16T00:05:20.666+0000] {dag.py:3441} INFO - Setting next_dagrun for dataset_produces_1 to 2023-02-15T00:00:00+00:00, run_after=2023-02-16T00:00:00+00:00
[2023-02-16T00:05:20.668+0000] {logging_mixin.py:137} INFO - [2023-02-16T00:05:20.668+0000] {dag.py:3441} INFO - Setting next_dagrun for dataset_produces_2 to None, run_after=None
[2023-02-16T00:05:20.720+0000] {processor.py:175} INFO - Processing /home/airflow/.local/lib/python3.7/site-packages/airflow/example_dags/example_datasets.py took 0.195 seconds
[2023-02-16T00:05:51.014+0000] {processor.py:153} INFO - Started process (PID=1608) to work on /home/airflow/.local/lib/python3.7/site-packages/airflow/example_dags/example_datasets.py
[2023-02-16T00:05:51.015+0000] {processor.py:743} INFO - Processing file /home/airflow/.local/lib/python3.7/site-packages/airflow/example_dags/example_datasets.py for tasks to queue
[2023-02-16T00:05:51.016+0000] {logging_mixin.py:137} INFO - [2023-02-16T00:05:51.016+0000] {dagbag.py:538} INFO - Filling up the DagBag from /home/airflow/.local/lib/python3.7/site-packages/airflow/example_dags/example_datasets.py
[2023-02-16T00:05:51.037+0000] {processor.py:753} INFO - DAG(s) dict_keys(['dataset_produces_1', 'dataset_consumes_unknown_never_scheduled', 'dataset_consumes_1', 'dataset_consumes_1_never_scheduled', 'dataset_consumes_1_and_2', 'dataset_produces_2']) retrieved from /home/airflow/.local/lib/python3.7/site-packages/airflow/example_dags/example_datasets.py
[2023-02-16T00:05:51.101+0000] {logging_mixin.py:137} INFO - [2023-02-16T00:05:51.101+0000] {dag.py:2690} INFO - Sync 6 DAGs
[2023-02-16T00:05:51.147+0000] {logging_mixin.py:137} INFO - [2023-02-16T00:05:51.147+0000] {dag.py:3441} INFO - Setting next_dagrun for dataset_consumes_1 to None, run_after=None
[2023-02-16T00:05:51.154+0000] {logging_mixin.py:137} INFO - [2023-02-16T00:05:51.153+0000] {dag.py:3441} INFO - Setting next_dagrun for dataset_consumes_1_and_2 to None, run_after=None
[2023-02-16T00:05:51.156+0000] {logging_mixin.py:137} INFO - [2023-02-16T00:05:51.156+0000] {dag.py:3441} INFO - Setting next_dagrun for dataset_consumes_1_never_scheduled to None, run_after=None
[2023-02-16T00:05:51.158+0000] {logging_mixin.py:137} INFO - [2023-02-16T00:05:51.158+0000] {dag.py:3441} INFO - Setting next_dagrun for dataset_consumes_unknown_never_scheduled to None, run_after=None
[2023-02-16T00:05:51.165+0000] {logging_mixin.py:137} INFO - [2023-02-16T00:05:51.164+0000] {dag.py:3441} INFO - Setting next_dagrun for dataset_produces_1 to 2023-02-15T00:00:00+00:00, run_after=2023-02-16T00:00:00+00:00
[2023-02-16T00:05:51.167+0000] {logging_mixin.py:137} INFO - [2023-02-16T00:05:51.167+0000] {dag.py:3441} INFO - Setting next_dagrun for dataset_produces_2 to None, run_after=None
[2023-02-16T00:05:51.231+0000] {processor.py:175} INFO - Processing /home/airflow/.local/lib/python3.7/site-packages/airflow/example_dags/example_datasets.py took 0.220 seconds
[2023-02-16T00:06:22.515+0000] {processor.py:153} INFO - Started process (PID=1696) to work on /home/airflow/.local/lib/python3.7/site-packages/airflow/example_dags/example_datasets.py
[2023-02-16T00:06:22.522+0000] {processor.py:743} INFO - Processing file /home/airflow/.local/lib/python3.7/site-packages/airflow/example_dags/example_datasets.py for tasks to queue
[2023-02-16T00:06:22.526+0000] {logging_mixin.py:137} INFO - [2023-02-16T00:06:22.526+0000] {dagbag.py:538} INFO - Filling up the DagBag from /home/airflow/.local/lib/python3.7/site-packages/airflow/example_dags/example_datasets.py
[2023-02-16T00:06:22.560+0000] {processor.py:753} INFO - DAG(s) dict_keys(['dataset_produces_2', 'dataset_consumes_1_and_2', 'dataset_produces_1', 'dataset_consumes_unknown_never_scheduled', 'dataset_consumes_1_never_scheduled', 'dataset_consumes_1']) retrieved from /home/airflow/.local/lib/python3.7/site-packages/airflow/example_dags/example_datasets.py
[2023-02-16T00:06:22.630+0000] {logging_mixin.py:137} INFO - [2023-02-16T00:06:22.630+0000] {dag.py:2690} INFO - Sync 6 DAGs
[2023-02-16T00:06:22.674+0000] {logging_mixin.py:137} INFO - [2023-02-16T00:06:22.674+0000] {dag.py:3441} INFO - Setting next_dagrun for dataset_consumes_1 to None, run_after=None
[2023-02-16T00:06:22.681+0000] {logging_mixin.py:137} INFO - [2023-02-16T00:06:22.680+0000] {dag.py:3441} INFO - Setting next_dagrun for dataset_consumes_1_and_2 to None, run_after=None
[2023-02-16T00:06:22.683+0000] {logging_mixin.py:137} INFO - [2023-02-16T00:06:22.682+0000] {dag.py:3441} INFO - Setting next_dagrun for dataset_consumes_1_never_scheduled to None, run_after=None
[2023-02-16T00:06:22.685+0000] {logging_mixin.py:137} INFO - [2023-02-16T00:06:22.685+0000] {dag.py:3441} INFO - Setting next_dagrun for dataset_consumes_unknown_never_scheduled to None, run_after=None
[2023-02-16T00:06:22.689+0000] {logging_mixin.py:137} INFO - [2023-02-16T00:06:22.689+0000] {dag.py:3441} INFO - Setting next_dagrun for dataset_produces_1 to 2023-02-15T00:00:00+00:00, run_after=2023-02-16T00:00:00+00:00
[2023-02-16T00:06:22.691+0000] {logging_mixin.py:137} INFO - [2023-02-16T00:06:22.691+0000] {dag.py:3441} INFO - Setting next_dagrun for dataset_produces_2 to None, run_after=None
[2023-02-16T00:06:22.768+0000] {processor.py:175} INFO - Processing /home/airflow/.local/lib/python3.7/site-packages/airflow/example_dags/example_datasets.py took 0.261 seconds
[2023-02-16T00:07:57.660+0000] {processor.py:153} INFO - Started process (PID=63) to work on /home/airflow/.local/lib/python3.7/site-packages/airflow/example_dags/example_datasets.py
[2023-02-16T00:07:57.662+0000] {processor.py:743} INFO - Processing file /home/airflow/.local/lib/python3.7/site-packages/airflow/example_dags/example_datasets.py for tasks to queue
[2023-02-16T00:07:57.663+0000] {logging_mixin.py:137} INFO - [2023-02-16T00:07:57.662+0000] {dagbag.py:538} INFO - Filling up the DagBag from /home/airflow/.local/lib/python3.7/site-packages/airflow/example_dags/example_datasets.py
[2023-02-16T00:07:57.695+0000] {processor.py:753} INFO - DAG(s) dict_keys(['dataset_consumes_unknown_never_scheduled', 'dataset_consumes_1_never_scheduled', 'dataset_consumes_1', 'dataset_produces_2', 'dataset_produces_1', 'dataset_consumes_1_and_2']) retrieved from /home/airflow/.local/lib/python3.7/site-packages/airflow/example_dags/example_datasets.py
[2023-02-16T00:07:57.936+0000] {logging_mixin.py:137} INFO - [2023-02-16T00:07:57.936+0000] {dag.py:2690} INFO - Sync 6 DAGs
[2023-02-16T00:07:58.001+0000] {logging_mixin.py:137} INFO - [2023-02-16T00:07:58.000+0000] {dag.py:3441} INFO - Setting next_dagrun for dataset_consumes_1 to None, run_after=None
[2023-02-16T00:07:58.008+0000] {logging_mixin.py:137} INFO - [2023-02-16T00:07:58.008+0000] {dag.py:3441} INFO - Setting next_dagrun for dataset_consumes_1_and_2 to None, run_after=None
[2023-02-16T00:07:58.011+0000] {logging_mixin.py:137} INFO - [2023-02-16T00:07:58.011+0000] {dag.py:3441} INFO - Setting next_dagrun for dataset_consumes_1_never_scheduled to None, run_after=None
[2023-02-16T00:07:58.014+0000] {logging_mixin.py:137} INFO - [2023-02-16T00:07:58.014+0000] {dag.py:3441} INFO - Setting next_dagrun for dataset_consumes_unknown_never_scheduled to None, run_after=None
[2023-02-16T00:07:58.023+0000] {logging_mixin.py:137} INFO - [2023-02-16T00:07:58.022+0000] {dag.py:3441} INFO - Setting next_dagrun for dataset_produces_1 to 2023-02-15T00:00:00+00:00, run_after=2023-02-16T00:00:00+00:00
[2023-02-16T00:07:58.025+0000] {logging_mixin.py:137} INFO - [2023-02-16T00:07:58.025+0000] {dag.py:3441} INFO - Setting next_dagrun for dataset_produces_2 to None, run_after=None
[2023-02-16T00:07:58.349+0000] {processor.py:175} INFO - Processing /home/airflow/.local/lib/python3.7/site-packages/airflow/example_dags/example_datasets.py took 0.694 seconds
[2023-02-16T00:08:28.515+0000] {processor.py:153} INFO - Started process (PID=137) to work on /home/airflow/.local/lib/python3.7/site-packages/airflow/example_dags/example_datasets.py
[2023-02-16T00:08:28.517+0000] {processor.py:743} INFO - Processing file /home/airflow/.local/lib/python3.7/site-packages/airflow/example_dags/example_datasets.py for tasks to queue
[2023-02-16T00:08:28.518+0000] {logging_mixin.py:137} INFO - [2023-02-16T00:08:28.517+0000] {dagbag.py:538} INFO - Filling up the DagBag from /home/airflow/.local/lib/python3.7/site-packages/airflow/example_dags/example_datasets.py
[2023-02-16T00:08:28.536+0000] {processor.py:753} INFO - DAG(s) dict_keys(['dataset_produces_2', 'dataset_consumes_1_and_2', 'dataset_consumes_1', 'dataset_consumes_unknown_never_scheduled', 'dataset_produces_1', 'dataset_consumes_1_never_scheduled']) retrieved from /home/airflow/.local/lib/python3.7/site-packages/airflow/example_dags/example_datasets.py
[2023-02-16T00:08:28.600+0000] {logging_mixin.py:137} INFO - [2023-02-16T00:08:28.600+0000] {dag.py:2690} INFO - Sync 6 DAGs
[2023-02-16T00:08:28.644+0000] {logging_mixin.py:137} INFO - [2023-02-16T00:08:28.644+0000] {dag.py:3441} INFO - Setting next_dagrun for dataset_consumes_1 to None, run_after=None
[2023-02-16T00:08:28.649+0000] {logging_mixin.py:137} INFO - [2023-02-16T00:08:28.649+0000] {dag.py:3441} INFO - Setting next_dagrun for dataset_consumes_1_and_2 to None, run_after=None
[2023-02-16T00:08:28.651+0000] {logging_mixin.py:137} INFO - [2023-02-16T00:08:28.651+0000] {dag.py:3441} INFO - Setting next_dagrun for dataset_consumes_1_never_scheduled to None, run_after=None
[2023-02-16T00:08:28.653+0000] {logging_mixin.py:137} INFO - [2023-02-16T00:08:28.653+0000] {dag.py:3441} INFO - Setting next_dagrun for dataset_consumes_unknown_never_scheduled to None, run_after=None
[2023-02-16T00:08:28.657+0000] {logging_mixin.py:137} INFO - [2023-02-16T00:08:28.657+0000] {dag.py:3441} INFO - Setting next_dagrun for dataset_produces_1 to 2023-02-15T00:00:00+00:00, run_after=2023-02-16T00:00:00+00:00
[2023-02-16T00:08:28.659+0000] {logging_mixin.py:137} INFO - [2023-02-16T00:08:28.659+0000] {dag.py:3441} INFO - Setting next_dagrun for dataset_produces_2 to None, run_after=None
[2023-02-16T00:08:28.716+0000] {processor.py:175} INFO - Processing /home/airflow/.local/lib/python3.7/site-packages/airflow/example_dags/example_datasets.py took 0.205 seconds
[2023-02-16T00:08:59.887+0000] {processor.py:153} INFO - Started process (PID=218) to work on /home/airflow/.local/lib/python3.7/site-packages/airflow/example_dags/example_datasets.py
[2023-02-16T00:08:59.888+0000] {processor.py:743} INFO - Processing file /home/airflow/.local/lib/python3.7/site-packages/airflow/example_dags/example_datasets.py for tasks to queue
[2023-02-16T00:08:59.889+0000] {logging_mixin.py:137} INFO - [2023-02-16T00:08:59.889+0000] {dagbag.py:538} INFO - Filling up the DagBag from /home/airflow/.local/lib/python3.7/site-packages/airflow/example_dags/example_datasets.py
[2023-02-16T00:08:59.915+0000] {processor.py:753} INFO - DAG(s) dict_keys(['dataset_consumes_unknown_never_scheduled', 'dataset_consumes_1_never_scheduled', 'dataset_consumes_1', 'dataset_produces_2', 'dataset_produces_1', 'dataset_consumes_1_and_2']) retrieved from /home/airflow/.local/lib/python3.7/site-packages/airflow/example_dags/example_datasets.py
[2023-02-16T00:08:59.987+0000] {logging_mixin.py:137} INFO - [2023-02-16T00:08:59.987+0000] {dag.py:2690} INFO - Sync 6 DAGs
[2023-02-16T00:09:00.041+0000] {logging_mixin.py:137} INFO - [2023-02-16T00:09:00.041+0000] {dag.py:3441} INFO - Setting next_dagrun for dataset_consumes_1 to None, run_after=None
[2023-02-16T00:09:00.048+0000] {logging_mixin.py:137} INFO - [2023-02-16T00:09:00.048+0000] {dag.py:3441} INFO - Setting next_dagrun for dataset_consumes_1_and_2 to None, run_after=None
[2023-02-16T00:09:00.051+0000] {logging_mixin.py:137} INFO - [2023-02-16T00:09:00.050+0000] {dag.py:3441} INFO - Setting next_dagrun for dataset_consumes_1_never_scheduled to None, run_after=None
[2023-02-16T00:09:00.053+0000] {logging_mixin.py:137} INFO - [2023-02-16T00:09:00.053+0000] {dag.py:3441} INFO - Setting next_dagrun for dataset_consumes_unknown_never_scheduled to None, run_after=None
[2023-02-16T00:09:00.058+0000] {logging_mixin.py:137} INFO - [2023-02-16T00:09:00.057+0000] {dag.py:3441} INFO - Setting next_dagrun for dataset_produces_1 to 2023-02-15T00:00:00+00:00, run_after=2023-02-16T00:00:00+00:00
[2023-02-16T00:09:00.061+0000] {logging_mixin.py:137} INFO - [2023-02-16T00:09:00.061+0000] {dag.py:3441} INFO - Setting next_dagrun for dataset_produces_2 to None, run_after=None
[2023-02-16T00:09:00.126+0000] {processor.py:175} INFO - Processing /home/airflow/.local/lib/python3.7/site-packages/airflow/example_dags/example_datasets.py took 0.243 seconds
[2023-02-16T00:09:30.287+0000] {processor.py:153} INFO - Started process (PID=297) to work on /home/airflow/.local/lib/python3.7/site-packages/airflow/example_dags/example_datasets.py
[2023-02-16T00:09:30.288+0000] {processor.py:743} INFO - Processing file /home/airflow/.local/lib/python3.7/site-packages/airflow/example_dags/example_datasets.py for tasks to queue
[2023-02-16T00:09:30.289+0000] {logging_mixin.py:137} INFO - [2023-02-16T00:09:30.289+0000] {dagbag.py:538} INFO - Filling up the DagBag from /home/airflow/.local/lib/python3.7/site-packages/airflow/example_dags/example_datasets.py
[2023-02-16T00:09:30.307+0000] {processor.py:753} INFO - DAG(s) dict_keys(['dataset_produces_1', 'dataset_consumes_1_never_scheduled', 'dataset_consumes_unknown_never_scheduled', 'dataset_consumes_1', 'dataset_produces_2', 'dataset_consumes_1_and_2']) retrieved from /home/airflow/.local/lib/python3.7/site-packages/airflow/example_dags/example_datasets.py
[2023-02-16T00:09:30.370+0000] {logging_mixin.py:137} INFO - [2023-02-16T00:09:30.369+0000] {dag.py:2690} INFO - Sync 6 DAGs
[2023-02-16T00:09:30.416+0000] {logging_mixin.py:137} INFO - [2023-02-16T00:09:30.415+0000] {dag.py:3441} INFO - Setting next_dagrun for dataset_consumes_1 to None, run_after=None
[2023-02-16T00:09:30.425+0000] {logging_mixin.py:137} INFO - [2023-02-16T00:09:30.425+0000] {dag.py:3441} INFO - Setting next_dagrun for dataset_consumes_1_and_2 to None, run_after=None
[2023-02-16T00:09:30.428+0000] {logging_mixin.py:137} INFO - [2023-02-16T00:09:30.428+0000] {dag.py:3441} INFO - Setting next_dagrun for dataset_consumes_1_never_scheduled to None, run_after=None
[2023-02-16T00:09:30.462+0000] {logging_mixin.py:137} INFO - [2023-02-16T00:09:30.461+0000] {dag.py:3441} INFO - Setting next_dagrun for dataset_consumes_unknown_never_scheduled to None, run_after=None
[2023-02-16T00:09:30.468+0000] {logging_mixin.py:137} INFO - [2023-02-16T00:09:30.468+0000] {dag.py:3441} INFO - Setting next_dagrun for dataset_produces_1 to 2023-02-15T00:00:00+00:00, run_after=2023-02-16T00:00:00+00:00
[2023-02-16T00:09:30.472+0000] {logging_mixin.py:137} INFO - [2023-02-16T00:09:30.471+0000] {dag.py:3441} INFO - Setting next_dagrun for dataset_produces_2 to None, run_after=None
[2023-02-16T00:09:30.534+0000] {processor.py:175} INFO - Processing /home/airflow/.local/lib/python3.7/site-packages/airflow/example_dags/example_datasets.py took 0.252 seconds
[2023-02-16T00:10:00.912+0000] {processor.py:153} INFO - Started process (PID=369) to work on /home/airflow/.local/lib/python3.7/site-packages/airflow/example_dags/example_datasets.py
[2023-02-16T00:10:00.914+0000] {processor.py:743} INFO - Processing file /home/airflow/.local/lib/python3.7/site-packages/airflow/example_dags/example_datasets.py for tasks to queue
[2023-02-16T00:10:00.916+0000] {logging_mixin.py:137} INFO - [2023-02-16T00:10:00.915+0000] {dagbag.py:538} INFO - Filling up the DagBag from /home/airflow/.local/lib/python3.7/site-packages/airflow/example_dags/example_datasets.py
[2023-02-16T00:10:00.939+0000] {processor.py:753} INFO - DAG(s) dict_keys(['dataset_produces_1', 'dataset_consumes_1', 'dataset_consumes_unknown_never_scheduled', 'dataset_consumes_1_and_2', 'dataset_consumes_1_never_scheduled', 'dataset_produces_2']) retrieved from /home/airflow/.local/lib/python3.7/site-packages/airflow/example_dags/example_datasets.py
[2023-02-16T00:10:00.998+0000] {logging_mixin.py:137} INFO - [2023-02-16T00:10:00.998+0000] {dag.py:2690} INFO - Sync 6 DAGs
[2023-02-16T00:10:01.041+0000] {logging_mixin.py:137} INFO - [2023-02-16T00:10:01.041+0000] {dag.py:3441} INFO - Setting next_dagrun for dataset_consumes_1 to None, run_after=None
[2023-02-16T00:10:01.046+0000] {logging_mixin.py:137} INFO - [2023-02-16T00:10:01.045+0000] {dag.py:3441} INFO - Setting next_dagrun for dataset_consumes_1_and_2 to None, run_after=None
[2023-02-16T00:10:01.047+0000] {logging_mixin.py:137} INFO - [2023-02-16T00:10:01.047+0000] {dag.py:3441} INFO - Setting next_dagrun for dataset_consumes_1_never_scheduled to None, run_after=None
[2023-02-16T00:10:01.049+0000] {logging_mixin.py:137} INFO - [2023-02-16T00:10:01.048+0000] {dag.py:3441} INFO - Setting next_dagrun for dataset_consumes_unknown_never_scheduled to None, run_after=None
[2023-02-16T00:10:01.052+0000] {logging_mixin.py:137} INFO - [2023-02-16T00:10:01.052+0000] {dag.py:3441} INFO - Setting next_dagrun for dataset_produces_1 to 2023-02-15T00:00:00+00:00, run_after=2023-02-16T00:00:00+00:00
[2023-02-16T00:10:01.055+0000] {logging_mixin.py:137} INFO - [2023-02-16T00:10:01.055+0000] {dag.py:3441} INFO - Setting next_dagrun for dataset_produces_2 to None, run_after=None
[2023-02-16T00:10:01.113+0000] {processor.py:175} INFO - Processing /home/airflow/.local/lib/python3.7/site-packages/airflow/example_dags/example_datasets.py took 0.205 seconds
[2023-02-16T00:10:31.780+0000] {processor.py:153} INFO - Started process (PID=441) to work on /home/airflow/.local/lib/python3.7/site-packages/airflow/example_dags/example_datasets.py
[2023-02-16T00:10:31.781+0000] {processor.py:743} INFO - Processing file /home/airflow/.local/lib/python3.7/site-packages/airflow/example_dags/example_datasets.py for tasks to queue
[2023-02-16T00:10:31.782+0000] {logging_mixin.py:137} INFO - [2023-02-16T00:10:31.782+0000] {dagbag.py:538} INFO - Filling up the DagBag from /home/airflow/.local/lib/python3.7/site-packages/airflow/example_dags/example_datasets.py
[2023-02-16T00:10:31.807+0000] {processor.py:753} INFO - DAG(s) dict_keys(['dataset_produces_1', 'dataset_consumes_unknown_never_scheduled', 'dataset_consumes_1', 'dataset_consumes_1_and_2', 'dataset_produces_2', 'dataset_consumes_1_never_scheduled']) retrieved from /home/airflow/.local/lib/python3.7/site-packages/airflow/example_dags/example_datasets.py
[2023-02-16T00:10:31.874+0000] {logging_mixin.py:137} INFO - [2023-02-16T00:10:31.874+0000] {dag.py:2690} INFO - Sync 6 DAGs
[2023-02-16T00:10:31.924+0000] {logging_mixin.py:137} INFO - [2023-02-16T00:10:31.924+0000] {dag.py:3441} INFO - Setting next_dagrun for dataset_consumes_1 to None, run_after=None
[2023-02-16T00:10:31.931+0000] {logging_mixin.py:137} INFO - [2023-02-16T00:10:31.931+0000] {dag.py:3441} INFO - Setting next_dagrun for dataset_consumes_1_and_2 to None, run_after=None
[2023-02-16T00:10:31.935+0000] {logging_mixin.py:137} INFO - [2023-02-16T00:10:31.935+0000] {dag.py:3441} INFO - Setting next_dagrun for dataset_consumes_1_never_scheduled to None, run_after=None
[2023-02-16T00:10:31.937+0000] {logging_mixin.py:137} INFO - [2023-02-16T00:10:31.937+0000] {dag.py:3441} INFO - Setting next_dagrun for dataset_consumes_unknown_never_scheduled to None, run_after=None
[2023-02-16T00:10:31.942+0000] {logging_mixin.py:137} INFO - [2023-02-16T00:10:31.941+0000] {dag.py:3441} INFO - Setting next_dagrun for dataset_produces_1 to 2023-02-15T00:00:00+00:00, run_after=2023-02-16T00:00:00+00:00
[2023-02-16T00:10:31.944+0000] {logging_mixin.py:137} INFO - [2023-02-16T00:10:31.943+0000] {dag.py:3441} INFO - Setting next_dagrun for dataset_produces_2 to None, run_after=None
[2023-02-16T00:10:32.018+0000] {processor.py:175} INFO - Processing /home/airflow/.local/lib/python3.7/site-packages/airflow/example_dags/example_datasets.py took 0.243 seconds
[2023-02-16T00:11:02.561+0000] {processor.py:153} INFO - Started process (PID=530) to work on /home/airflow/.local/lib/python3.7/site-packages/airflow/example_dags/example_datasets.py
[2023-02-16T00:11:02.576+0000] {processor.py:743} INFO - Processing file /home/airflow/.local/lib/python3.7/site-packages/airflow/example_dags/example_datasets.py for tasks to queue
[2023-02-16T00:11:02.578+0000] {logging_mixin.py:137} INFO - [2023-02-16T00:11:02.577+0000] {dagbag.py:538} INFO - Filling up the DagBag from /home/airflow/.local/lib/python3.7/site-packages/airflow/example_dags/example_datasets.py
[2023-02-16T00:11:02.601+0000] {processor.py:753} INFO - DAG(s) dict_keys(['dataset_consumes_1_and_2', 'dataset_consumes_1', 'dataset_produces_1', 'dataset_consumes_1_never_scheduled', 'dataset_consumes_unknown_never_scheduled', 'dataset_produces_2']) retrieved from /home/airflow/.local/lib/python3.7/site-packages/airflow/example_dags/example_datasets.py
[2023-02-16T00:11:02.658+0000] {logging_mixin.py:137} INFO - [2023-02-16T00:11:02.658+0000] {dag.py:2690} INFO - Sync 6 DAGs
[2023-02-16T00:11:02.705+0000] {logging_mixin.py:137} INFO - [2023-02-16T00:11:02.705+0000] {dag.py:3441} INFO - Setting next_dagrun for dataset_consumes_1 to None, run_after=None
[2023-02-16T00:11:02.712+0000] {logging_mixin.py:137} INFO - [2023-02-16T00:11:02.712+0000] {dag.py:3441} INFO - Setting next_dagrun for dataset_consumes_1_and_2 to None, run_after=None
[2023-02-16T00:11:02.714+0000] {logging_mixin.py:137} INFO - [2023-02-16T00:11:02.714+0000] {dag.py:3441} INFO - Setting next_dagrun for dataset_consumes_1_never_scheduled to None, run_after=None
[2023-02-16T00:11:02.716+0000] {logging_mixin.py:137} INFO - [2023-02-16T00:11:02.716+0000] {dag.py:3441} INFO - Setting next_dagrun for dataset_consumes_unknown_never_scheduled to None, run_after=None
[2023-02-16T00:11:02.720+0000] {logging_mixin.py:137} INFO - [2023-02-16T00:11:02.720+0000] {dag.py:3441} INFO - Setting next_dagrun for dataset_produces_1 to 2023-02-15T00:00:00+00:00, run_after=2023-02-16T00:00:00+00:00
[2023-02-16T00:11:02.723+0000] {logging_mixin.py:137} INFO - [2023-02-16T00:11:02.723+0000] {dag.py:3441} INFO - Setting next_dagrun for dataset_produces_2 to None, run_after=None
[2023-02-16T00:11:02.790+0000] {processor.py:175} INFO - Processing /home/airflow/.local/lib/python3.7/site-packages/airflow/example_dags/example_datasets.py took 0.236 seconds
