[2023-02-16T00:00:14.878+0000] {processor.py:153} INFO - Started process (PID=781) to work on /home/airflow/.local/lib/python3.7/site-packages/airflow/example_dags/example_time_delta_sensor_async.py
[2023-02-16T00:00:14.879+0000] {processor.py:743} INFO - Processing file /home/airflow/.local/lib/python3.7/site-packages/airflow/example_dags/example_time_delta_sensor_async.py for tasks to queue
[2023-02-16T00:00:14.880+0000] {logging_mixin.py:137} INFO - [2023-02-16T00:00:14.880+0000] {dagbag.py:538} INFO - Filling up the DagBag from /home/airflow/.local/lib/python3.7/site-packages/airflow/example_dags/example_time_delta_sensor_async.py
[2023-02-16T00:00:14.896+0000] {processor.py:753} INFO - DAG(s) dict_keys(['example_time_delta_sensor_async']) retrieved from /home/airflow/.local/lib/python3.7/site-packages/airflow/example_dags/example_time_delta_sensor_async.py
[2023-02-16T00:00:14.933+0000] {logging_mixin.py:137} INFO - [2023-02-16T00:00:14.933+0000] {dag.py:2690} INFO - Sync 1 DAGs
[2023-02-16T00:00:14.985+0000] {logging_mixin.py:137} INFO - [2023-02-16T00:00:14.985+0000] {dag.py:3441} INFO - Setting next_dagrun for example_time_delta_sensor_async to None, run_after=None
[2023-02-16T00:00:15.011+0000] {processor.py:175} INFO - Processing /home/airflow/.local/lib/python3.7/site-packages/airflow/example_dags/example_time_delta_sensor_async.py took 0.137 seconds
[2023-02-16T00:00:45.908+0000] {processor.py:153} INFO - Started process (PID=862) to work on /home/airflow/.local/lib/python3.7/site-packages/airflow/example_dags/example_time_delta_sensor_async.py
[2023-02-16T00:00:45.908+0000] {processor.py:743} INFO - Processing file /home/airflow/.local/lib/python3.7/site-packages/airflow/example_dags/example_time_delta_sensor_async.py for tasks to queue
[2023-02-16T00:00:45.910+0000] {logging_mixin.py:137} INFO - [2023-02-16T00:00:45.909+0000] {dagbag.py:538} INFO - Filling up the DagBag from /home/airflow/.local/lib/python3.7/site-packages/airflow/example_dags/example_time_delta_sensor_async.py
[2023-02-16T00:00:45.929+0000] {processor.py:753} INFO - DAG(s) dict_keys(['example_time_delta_sensor_async']) retrieved from /home/airflow/.local/lib/python3.7/site-packages/airflow/example_dags/example_time_delta_sensor_async.py
[2023-02-16T00:00:45.971+0000] {logging_mixin.py:137} INFO - [2023-02-16T00:00:45.970+0000] {dag.py:2690} INFO - Sync 1 DAGs
[2023-02-16T00:00:46.017+0000] {logging_mixin.py:137} INFO - [2023-02-16T00:00:46.017+0000] {dag.py:3441} INFO - Setting next_dagrun for example_time_delta_sensor_async to None, run_after=None
[2023-02-16T00:00:46.054+0000] {processor.py:175} INFO - Processing /home/airflow/.local/lib/python3.7/site-packages/airflow/example_dags/example_time_delta_sensor_async.py took 0.151 seconds
[2023-02-16T00:01:16.971+0000] {processor.py:153} INFO - Started process (PID=944) to work on /home/airflow/.local/lib/python3.7/site-packages/airflow/example_dags/example_time_delta_sensor_async.py
[2023-02-16T00:01:16.972+0000] {processor.py:743} INFO - Processing file /home/airflow/.local/lib/python3.7/site-packages/airflow/example_dags/example_time_delta_sensor_async.py for tasks to queue
[2023-02-16T00:01:16.973+0000] {logging_mixin.py:137} INFO - [2023-02-16T00:01:16.973+0000] {dagbag.py:538} INFO - Filling up the DagBag from /home/airflow/.local/lib/python3.7/site-packages/airflow/example_dags/example_time_delta_sensor_async.py
[2023-02-16T00:01:16.984+0000] {processor.py:753} INFO - DAG(s) dict_keys(['example_time_delta_sensor_async']) retrieved from /home/airflow/.local/lib/python3.7/site-packages/airflow/example_dags/example_time_delta_sensor_async.py
[2023-02-16T00:01:17.016+0000] {logging_mixin.py:137} INFO - [2023-02-16T00:01:17.016+0000] {dag.py:2690} INFO - Sync 1 DAGs
[2023-02-16T00:01:17.052+0000] {logging_mixin.py:137} INFO - [2023-02-16T00:01:17.052+0000] {dag.py:3441} INFO - Setting next_dagrun for example_time_delta_sensor_async to None, run_after=None
[2023-02-16T00:01:17.083+0000] {processor.py:175} INFO - Processing /home/airflow/.local/lib/python3.7/site-packages/airflow/example_dags/example_time_delta_sensor_async.py took 0.115 seconds
[2023-02-16T00:01:47.603+0000] {processor.py:153} INFO - Started process (PID=1016) to work on /home/airflow/.local/lib/python3.7/site-packages/airflow/example_dags/example_time_delta_sensor_async.py
[2023-02-16T00:01:47.605+0000] {processor.py:743} INFO - Processing file /home/airflow/.local/lib/python3.7/site-packages/airflow/example_dags/example_time_delta_sensor_async.py for tasks to queue
[2023-02-16T00:01:47.606+0000] {logging_mixin.py:137} INFO - [2023-02-16T00:01:47.606+0000] {dagbag.py:538} INFO - Filling up the DagBag from /home/airflow/.local/lib/python3.7/site-packages/airflow/example_dags/example_time_delta_sensor_async.py
[2023-02-16T00:01:47.622+0000] {processor.py:753} INFO - DAG(s) dict_keys(['example_time_delta_sensor_async']) retrieved from /home/airflow/.local/lib/python3.7/site-packages/airflow/example_dags/example_time_delta_sensor_async.py
[2023-02-16T00:01:47.656+0000] {logging_mixin.py:137} INFO - [2023-02-16T00:01:47.656+0000] {dag.py:2690} INFO - Sync 1 DAGs
[2023-02-16T00:01:47.706+0000] {logging_mixin.py:137} INFO - [2023-02-16T00:01:47.706+0000] {dag.py:3441} INFO - Setting next_dagrun for example_time_delta_sensor_async to None, run_after=None
[2023-02-16T00:01:47.747+0000] {processor.py:175} INFO - Processing /home/airflow/.local/lib/python3.7/site-packages/airflow/example_dags/example_time_delta_sensor_async.py took 0.149 seconds
[2023-02-16T00:02:18.548+0000] {processor.py:153} INFO - Started process (PID=1089) to work on /home/airflow/.local/lib/python3.7/site-packages/airflow/example_dags/example_time_delta_sensor_async.py
[2023-02-16T00:02:18.552+0000] {processor.py:743} INFO - Processing file /home/airflow/.local/lib/python3.7/site-packages/airflow/example_dags/example_time_delta_sensor_async.py for tasks to queue
[2023-02-16T00:02:18.552+0000] {logging_mixin.py:137} INFO - [2023-02-16T00:02:18.552+0000] {dagbag.py:538} INFO - Filling up the DagBag from /home/airflow/.local/lib/python3.7/site-packages/airflow/example_dags/example_time_delta_sensor_async.py
[2023-02-16T00:02:18.565+0000] {processor.py:753} INFO - DAG(s) dict_keys(['example_time_delta_sensor_async']) retrieved from /home/airflow/.local/lib/python3.7/site-packages/airflow/example_dags/example_time_delta_sensor_async.py
[2023-02-16T00:02:18.595+0000] {logging_mixin.py:137} INFO - [2023-02-16T00:02:18.595+0000] {dag.py:2690} INFO - Sync 1 DAGs
[2023-02-16T00:02:18.636+0000] {logging_mixin.py:137} INFO - [2023-02-16T00:02:18.635+0000] {dag.py:3441} INFO - Setting next_dagrun for example_time_delta_sensor_async to None, run_after=None
[2023-02-16T00:02:18.670+0000] {processor.py:175} INFO - Processing /home/airflow/.local/lib/python3.7/site-packages/airflow/example_dags/example_time_delta_sensor_async.py took 0.127 seconds
[2023-02-16T00:02:50.038+0000] {processor.py:153} INFO - Started process (PID=1177) to work on /home/airflow/.local/lib/python3.7/site-packages/airflow/example_dags/example_time_delta_sensor_async.py
[2023-02-16T00:02:50.041+0000] {processor.py:743} INFO - Processing file /home/airflow/.local/lib/python3.7/site-packages/airflow/example_dags/example_time_delta_sensor_async.py for tasks to queue
[2023-02-16T00:02:50.042+0000] {logging_mixin.py:137} INFO - [2023-02-16T00:02:50.042+0000] {dagbag.py:538} INFO - Filling up the DagBag from /home/airflow/.local/lib/python3.7/site-packages/airflow/example_dags/example_time_delta_sensor_async.py
[2023-02-16T00:02:50.061+0000] {processor.py:753} INFO - DAG(s) dict_keys(['example_time_delta_sensor_async']) retrieved from /home/airflow/.local/lib/python3.7/site-packages/airflow/example_dags/example_time_delta_sensor_async.py
[2023-02-16T00:02:50.095+0000] {logging_mixin.py:137} INFO - [2023-02-16T00:02:50.095+0000] {dag.py:2690} INFO - Sync 1 DAGs
[2023-02-16T00:02:50.136+0000] {logging_mixin.py:137} INFO - [2023-02-16T00:02:50.135+0000] {dag.py:3441} INFO - Setting next_dagrun for example_time_delta_sensor_async to None, run_after=None
[2023-02-16T00:02:50.172+0000] {processor.py:175} INFO - Processing /home/airflow/.local/lib/python3.7/site-packages/airflow/example_dags/example_time_delta_sensor_async.py took 0.139 seconds
[2023-02-16T00:03:20.935+0000] {processor.py:153} INFO - Started process (PID=1249) to work on /home/airflow/.local/lib/python3.7/site-packages/airflow/example_dags/example_time_delta_sensor_async.py
[2023-02-16T00:03:20.936+0000] {processor.py:743} INFO - Processing file /home/airflow/.local/lib/python3.7/site-packages/airflow/example_dags/example_time_delta_sensor_async.py for tasks to queue
[2023-02-16T00:03:20.937+0000] {logging_mixin.py:137} INFO - [2023-02-16T00:03:20.937+0000] {dagbag.py:538} INFO - Filling up the DagBag from /home/airflow/.local/lib/python3.7/site-packages/airflow/example_dags/example_time_delta_sensor_async.py
[2023-02-16T00:03:20.948+0000] {processor.py:753} INFO - DAG(s) dict_keys(['example_time_delta_sensor_async']) retrieved from /home/airflow/.local/lib/python3.7/site-packages/airflow/example_dags/example_time_delta_sensor_async.py
[2023-02-16T00:03:20.976+0000] {logging_mixin.py:137} INFO - [2023-02-16T00:03:20.976+0000] {dag.py:2690} INFO - Sync 1 DAGs
[2023-02-16T00:03:21.006+0000] {logging_mixin.py:137} INFO - [2023-02-16T00:03:21.005+0000] {dag.py:3441} INFO - Setting next_dagrun for example_time_delta_sensor_async to None, run_after=None
[2023-02-16T00:03:21.036+0000] {processor.py:175} INFO - Processing /home/airflow/.local/lib/python3.7/site-packages/airflow/example_dags/example_time_delta_sensor_async.py took 0.105 seconds
[2023-02-16T00:03:51.878+0000] {processor.py:153} INFO - Started process (PID=1321) to work on /home/airflow/.local/lib/python3.7/site-packages/airflow/example_dags/example_time_delta_sensor_async.py
[2023-02-16T00:03:51.879+0000] {processor.py:743} INFO - Processing file /home/airflow/.local/lib/python3.7/site-packages/airflow/example_dags/example_time_delta_sensor_async.py for tasks to queue
[2023-02-16T00:03:51.880+0000] {logging_mixin.py:137} INFO - [2023-02-16T00:03:51.880+0000] {dagbag.py:538} INFO - Filling up the DagBag from /home/airflow/.local/lib/python3.7/site-packages/airflow/example_dags/example_time_delta_sensor_async.py
[2023-02-16T00:03:51.894+0000] {processor.py:753} INFO - DAG(s) dict_keys(['example_time_delta_sensor_async']) retrieved from /home/airflow/.local/lib/python3.7/site-packages/airflow/example_dags/example_time_delta_sensor_async.py
[2023-02-16T00:03:51.927+0000] {logging_mixin.py:137} INFO - [2023-02-16T00:03:51.927+0000] {dag.py:2690} INFO - Sync 1 DAGs
[2023-02-16T00:03:51.961+0000] {logging_mixin.py:137} INFO - [2023-02-16T00:03:51.960+0000] {dag.py:3441} INFO - Setting next_dagrun for example_time_delta_sensor_async to None, run_after=None
[2023-02-16T00:03:51.997+0000] {processor.py:175} INFO - Processing /home/airflow/.local/lib/python3.7/site-packages/airflow/example_dags/example_time_delta_sensor_async.py took 0.122 seconds
[2023-02-16T00:04:22.868+0000] {processor.py:153} INFO - Started process (PID=1409) to work on /home/airflow/.local/lib/python3.7/site-packages/airflow/example_dags/example_time_delta_sensor_async.py
[2023-02-16T00:04:22.870+0000] {processor.py:743} INFO - Processing file /home/airflow/.local/lib/python3.7/site-packages/airflow/example_dags/example_time_delta_sensor_async.py for tasks to queue
[2023-02-16T00:04:22.871+0000] {logging_mixin.py:137} INFO - [2023-02-16T00:04:22.870+0000] {dagbag.py:538} INFO - Filling up the DagBag from /home/airflow/.local/lib/python3.7/site-packages/airflow/example_dags/example_time_delta_sensor_async.py
[2023-02-16T00:04:22.892+0000] {processor.py:753} INFO - DAG(s) dict_keys(['example_time_delta_sensor_async']) retrieved from /home/airflow/.local/lib/python3.7/site-packages/airflow/example_dags/example_time_delta_sensor_async.py
[2023-02-16T00:04:22.933+0000] {logging_mixin.py:137} INFO - [2023-02-16T00:04:22.933+0000] {dag.py:2690} INFO - Sync 1 DAGs
[2023-02-16T00:04:22.977+0000] {logging_mixin.py:137} INFO - [2023-02-16T00:04:22.977+0000] {dag.py:3441} INFO - Setting next_dagrun for example_time_delta_sensor_async to None, run_after=None
[2023-02-16T00:04:23.016+0000] {processor.py:175} INFO - Processing /home/airflow/.local/lib/python3.7/site-packages/airflow/example_dags/example_time_delta_sensor_async.py took 0.152 seconds
[2023-02-16T00:04:53.509+0000] {processor.py:153} INFO - Started process (PID=1483) to work on /home/airflow/.local/lib/python3.7/site-packages/airflow/example_dags/example_time_delta_sensor_async.py
[2023-02-16T00:04:53.511+0000] {processor.py:743} INFO - Processing file /home/airflow/.local/lib/python3.7/site-packages/airflow/example_dags/example_time_delta_sensor_async.py for tasks to queue
[2023-02-16T00:04:53.512+0000] {logging_mixin.py:137} INFO - [2023-02-16T00:04:53.511+0000] {dagbag.py:538} INFO - Filling up the DagBag from /home/airflow/.local/lib/python3.7/site-packages/airflow/example_dags/example_time_delta_sensor_async.py
[2023-02-16T00:04:53.525+0000] {processor.py:753} INFO - DAG(s) dict_keys(['example_time_delta_sensor_async']) retrieved from /home/airflow/.local/lib/python3.7/site-packages/airflow/example_dags/example_time_delta_sensor_async.py
[2023-02-16T00:04:53.562+0000] {logging_mixin.py:137} INFO - [2023-02-16T00:04:53.561+0000] {dag.py:2690} INFO - Sync 1 DAGs
[2023-02-16T00:04:53.605+0000] {logging_mixin.py:137} INFO - [2023-02-16T00:04:53.605+0000] {dag.py:3441} INFO - Setting next_dagrun for example_time_delta_sensor_async to None, run_after=None
[2023-02-16T00:04:53.642+0000] {processor.py:175} INFO - Processing /home/airflow/.local/lib/python3.7/site-packages/airflow/example_dags/example_time_delta_sensor_async.py took 0.137 seconds
[2023-02-16T00:05:23.936+0000] {processor.py:153} INFO - Started process (PID=1555) to work on /home/airflow/.local/lib/python3.7/site-packages/airflow/example_dags/example_time_delta_sensor_async.py
[2023-02-16T00:05:23.937+0000] {processor.py:743} INFO - Processing file /home/airflow/.local/lib/python3.7/site-packages/airflow/example_dags/example_time_delta_sensor_async.py for tasks to queue
[2023-02-16T00:05:23.939+0000] {logging_mixin.py:137} INFO - [2023-02-16T00:05:23.938+0000] {dagbag.py:538} INFO - Filling up the DagBag from /home/airflow/.local/lib/python3.7/site-packages/airflow/example_dags/example_time_delta_sensor_async.py
[2023-02-16T00:05:23.954+0000] {processor.py:753} INFO - DAG(s) dict_keys(['example_time_delta_sensor_async']) retrieved from /home/airflow/.local/lib/python3.7/site-packages/airflow/example_dags/example_time_delta_sensor_async.py
[2023-02-16T00:05:23.987+0000] {logging_mixin.py:137} INFO - [2023-02-16T00:05:23.987+0000] {dag.py:2690} INFO - Sync 1 DAGs
[2023-02-16T00:05:24.030+0000] {logging_mixin.py:137} INFO - [2023-02-16T00:05:24.029+0000] {dag.py:3441} INFO - Setting next_dagrun for example_time_delta_sensor_async to None, run_after=None
[2023-02-16T00:05:24.065+0000] {processor.py:175} INFO - Processing /home/airflow/.local/lib/python3.7/site-packages/airflow/example_dags/example_time_delta_sensor_async.py took 0.132 seconds
[2023-02-16T00:05:54.828+0000] {processor.py:153} INFO - Started process (PID=1643) to work on /home/airflow/.local/lib/python3.7/site-packages/airflow/example_dags/example_time_delta_sensor_async.py
[2023-02-16T00:05:54.829+0000] {processor.py:743} INFO - Processing file /home/airflow/.local/lib/python3.7/site-packages/airflow/example_dags/example_time_delta_sensor_async.py for tasks to queue
[2023-02-16T00:05:54.831+0000] {logging_mixin.py:137} INFO - [2023-02-16T00:05:54.830+0000] {dagbag.py:538} INFO - Filling up the DagBag from /home/airflow/.local/lib/python3.7/site-packages/airflow/example_dags/example_time_delta_sensor_async.py
[2023-02-16T00:05:54.849+0000] {processor.py:753} INFO - DAG(s) dict_keys(['example_time_delta_sensor_async']) retrieved from /home/airflow/.local/lib/python3.7/site-packages/airflow/example_dags/example_time_delta_sensor_async.py
[2023-02-16T00:05:54.892+0000] {logging_mixin.py:137} INFO - [2023-02-16T00:05:54.892+0000] {dag.py:2690} INFO - Sync 1 DAGs
[2023-02-16T00:05:54.940+0000] {logging_mixin.py:137} INFO - [2023-02-16T00:05:54.940+0000] {dag.py:3441} INFO - Setting next_dagrun for example_time_delta_sensor_async to None, run_after=None
[2023-02-16T00:05:54.982+0000] {processor.py:175} INFO - Processing /home/airflow/.local/lib/python3.7/site-packages/airflow/example_dags/example_time_delta_sensor_async.py took 0.157 seconds
[2023-02-16T00:06:25.531+0000] {processor.py:153} INFO - Started process (PID=1715) to work on /home/airflow/.local/lib/python3.7/site-packages/airflow/example_dags/example_time_delta_sensor_async.py
[2023-02-16T00:06:25.532+0000] {processor.py:743} INFO - Processing file /home/airflow/.local/lib/python3.7/site-packages/airflow/example_dags/example_time_delta_sensor_async.py for tasks to queue
[2023-02-16T00:06:25.534+0000] {logging_mixin.py:137} INFO - [2023-02-16T00:06:25.533+0000] {dagbag.py:538} INFO - Filling up the DagBag from /home/airflow/.local/lib/python3.7/site-packages/airflow/example_dags/example_time_delta_sensor_async.py
[2023-02-16T00:06:25.550+0000] {processor.py:753} INFO - DAG(s) dict_keys(['example_time_delta_sensor_async']) retrieved from /home/airflow/.local/lib/python3.7/site-packages/airflow/example_dags/example_time_delta_sensor_async.py
[2023-02-16T00:06:25.586+0000] {logging_mixin.py:137} INFO - [2023-02-16T00:06:25.586+0000] {dag.py:2690} INFO - Sync 1 DAGs
[2023-02-16T00:06:25.629+0000] {logging_mixin.py:137} INFO - [2023-02-16T00:06:25.628+0000] {dag.py:3441} INFO - Setting next_dagrun for example_time_delta_sensor_async to None, run_after=None
[2023-02-16T00:06:25.665+0000] {processor.py:175} INFO - Processing /home/airflow/.local/lib/python3.7/site-packages/airflow/example_dags/example_time_delta_sensor_async.py took 0.139 seconds
[2023-02-16T00:08:00.507+0000] {processor.py:153} INFO - Started process (PID=82) to work on /home/airflow/.local/lib/python3.7/site-packages/airflow/example_dags/example_time_delta_sensor_async.py
[2023-02-16T00:08:00.509+0000] {processor.py:743} INFO - Processing file /home/airflow/.local/lib/python3.7/site-packages/airflow/example_dags/example_time_delta_sensor_async.py for tasks to queue
[2023-02-16T00:08:00.509+0000] {logging_mixin.py:137} INFO - [2023-02-16T00:08:00.509+0000] {dagbag.py:538} INFO - Filling up the DagBag from /home/airflow/.local/lib/python3.7/site-packages/airflow/example_dags/example_time_delta_sensor_async.py
[2023-02-16T00:08:00.527+0000] {processor.py:753} INFO - DAG(s) dict_keys(['example_time_delta_sensor_async']) retrieved from /home/airflow/.local/lib/python3.7/site-packages/airflow/example_dags/example_time_delta_sensor_async.py
[2023-02-16T00:08:00.568+0000] {logging_mixin.py:137} INFO - [2023-02-16T00:08:00.567+0000] {dag.py:2690} INFO - Sync 1 DAGs
[2023-02-16T00:08:00.615+0000] {logging_mixin.py:137} INFO - [2023-02-16T00:08:00.614+0000] {dag.py:3441} INFO - Setting next_dagrun for example_time_delta_sensor_async to None, run_after=None
[2023-02-16T00:08:00.647+0000] {processor.py:175} INFO - Processing /home/airflow/.local/lib/python3.7/site-packages/airflow/example_dags/example_time_delta_sensor_async.py took 0.143 seconds
[2023-02-16T00:08:31.490+0000] {processor.py:153} INFO - Started process (PID=155) to work on /home/airflow/.local/lib/python3.7/site-packages/airflow/example_dags/example_time_delta_sensor_async.py
[2023-02-16T00:08:31.491+0000] {processor.py:743} INFO - Processing file /home/airflow/.local/lib/python3.7/site-packages/airflow/example_dags/example_time_delta_sensor_async.py for tasks to queue
[2023-02-16T00:08:31.492+0000] {logging_mixin.py:137} INFO - [2023-02-16T00:08:31.492+0000] {dagbag.py:538} INFO - Filling up the DagBag from /home/airflow/.local/lib/python3.7/site-packages/airflow/example_dags/example_time_delta_sensor_async.py
[2023-02-16T00:08:31.509+0000] {processor.py:753} INFO - DAG(s) dict_keys(['example_time_delta_sensor_async']) retrieved from /home/airflow/.local/lib/python3.7/site-packages/airflow/example_dags/example_time_delta_sensor_async.py
[2023-02-16T00:08:31.542+0000] {logging_mixin.py:137} INFO - [2023-02-16T00:08:31.542+0000] {dag.py:2690} INFO - Sync 1 DAGs
[2023-02-16T00:08:31.586+0000] {logging_mixin.py:137} INFO - [2023-02-16T00:08:31.585+0000] {dag.py:3441} INFO - Setting next_dagrun for example_time_delta_sensor_async to None, run_after=None
[2023-02-16T00:08:31.618+0000] {processor.py:175} INFO - Processing /home/airflow/.local/lib/python3.7/site-packages/airflow/example_dags/example_time_delta_sensor_async.py took 0.133 seconds
[2023-02-16T00:09:02.080+0000] {processor.py:153} INFO - Started process (PID=243) to work on /home/airflow/.local/lib/python3.7/site-packages/airflow/example_dags/example_time_delta_sensor_async.py
[2023-02-16T00:09:02.081+0000] {processor.py:743} INFO - Processing file /home/airflow/.local/lib/python3.7/site-packages/airflow/example_dags/example_time_delta_sensor_async.py for tasks to queue
[2023-02-16T00:09:02.082+0000] {logging_mixin.py:137} INFO - [2023-02-16T00:09:02.082+0000] {dagbag.py:538} INFO - Filling up the DagBag from /home/airflow/.local/lib/python3.7/site-packages/airflow/example_dags/example_time_delta_sensor_async.py
[2023-02-16T00:09:02.097+0000] {processor.py:753} INFO - DAG(s) dict_keys(['example_time_delta_sensor_async']) retrieved from /home/airflow/.local/lib/python3.7/site-packages/airflow/example_dags/example_time_delta_sensor_async.py
[2023-02-16T00:09:02.131+0000] {logging_mixin.py:137} INFO - [2023-02-16T00:09:02.130+0000] {dag.py:2690} INFO - Sync 1 DAGs
[2023-02-16T00:09:02.165+0000] {logging_mixin.py:137} INFO - [2023-02-16T00:09:02.165+0000] {dag.py:3441} INFO - Setting next_dagrun for example_time_delta_sensor_async to None, run_after=None
[2023-02-16T00:09:02.198+0000] {processor.py:175} INFO - Processing /home/airflow/.local/lib/python3.7/site-packages/airflow/example_dags/example_time_delta_sensor_async.py took 0.121 seconds
[2023-02-16T00:09:33.080+0000] {processor.py:153} INFO - Started process (PID=315) to work on /home/airflow/.local/lib/python3.7/site-packages/airflow/example_dags/example_time_delta_sensor_async.py
[2023-02-16T00:09:33.081+0000] {processor.py:743} INFO - Processing file /home/airflow/.local/lib/python3.7/site-packages/airflow/example_dags/example_time_delta_sensor_async.py for tasks to queue
[2023-02-16T00:09:33.082+0000] {logging_mixin.py:137} INFO - [2023-02-16T00:09:33.082+0000] {dagbag.py:538} INFO - Filling up the DagBag from /home/airflow/.local/lib/python3.7/site-packages/airflow/example_dags/example_time_delta_sensor_async.py
[2023-02-16T00:09:33.095+0000] {processor.py:753} INFO - DAG(s) dict_keys(['example_time_delta_sensor_async']) retrieved from /home/airflow/.local/lib/python3.7/site-packages/airflow/example_dags/example_time_delta_sensor_async.py
[2023-02-16T00:09:33.126+0000] {logging_mixin.py:137} INFO - [2023-02-16T00:09:33.126+0000] {dag.py:2690} INFO - Sync 1 DAGs
[2023-02-16T00:09:33.167+0000] {logging_mixin.py:137} INFO - [2023-02-16T00:09:33.167+0000] {dag.py:3441} INFO - Setting next_dagrun for example_time_delta_sensor_async to None, run_after=None
[2023-02-16T00:09:33.199+0000] {processor.py:175} INFO - Processing /home/airflow/.local/lib/python3.7/site-packages/airflow/example_dags/example_time_delta_sensor_async.py took 0.123 seconds
[2023-02-16T00:10:03.782+0000] {processor.py:153} INFO - Started process (PID=388) to work on /home/airflow/.local/lib/python3.7/site-packages/airflow/example_dags/example_time_delta_sensor_async.py
[2023-02-16T00:10:03.783+0000] {processor.py:743} INFO - Processing file /home/airflow/.local/lib/python3.7/site-packages/airflow/example_dags/example_time_delta_sensor_async.py for tasks to queue
[2023-02-16T00:10:03.785+0000] {logging_mixin.py:137} INFO - [2023-02-16T00:10:03.784+0000] {dagbag.py:538} INFO - Filling up the DagBag from /home/airflow/.local/lib/python3.7/site-packages/airflow/example_dags/example_time_delta_sensor_async.py
[2023-02-16T00:10:03.804+0000] {processor.py:753} INFO - DAG(s) dict_keys(['example_time_delta_sensor_async']) retrieved from /home/airflow/.local/lib/python3.7/site-packages/airflow/example_dags/example_time_delta_sensor_async.py
[2023-02-16T00:10:03.841+0000] {logging_mixin.py:137} INFO - [2023-02-16T00:10:03.840+0000] {dag.py:2690} INFO - Sync 1 DAGs
[2023-02-16T00:10:03.883+0000] {logging_mixin.py:137} INFO - [2023-02-16T00:10:03.883+0000] {dag.py:3441} INFO - Setting next_dagrun for example_time_delta_sensor_async to None, run_after=None
[2023-02-16T00:10:03.917+0000] {processor.py:175} INFO - Processing /home/airflow/.local/lib/python3.7/site-packages/airflow/example_dags/example_time_delta_sensor_async.py took 0.139 seconds
[2023-02-16T00:10:34.243+0000] {processor.py:153} INFO - Started process (PID=468) to work on /home/airflow/.local/lib/python3.7/site-packages/airflow/example_dags/example_time_delta_sensor_async.py
[2023-02-16T00:10:34.246+0000] {processor.py:743} INFO - Processing file /home/airflow/.local/lib/python3.7/site-packages/airflow/example_dags/example_time_delta_sensor_async.py for tasks to queue
[2023-02-16T00:10:34.247+0000] {logging_mixin.py:137} INFO - [2023-02-16T00:10:34.247+0000] {dagbag.py:538} INFO - Filling up the DagBag from /home/airflow/.local/lib/python3.7/site-packages/airflow/example_dags/example_time_delta_sensor_async.py
[2023-02-16T00:10:34.267+0000] {processor.py:753} INFO - DAG(s) dict_keys(['example_time_delta_sensor_async']) retrieved from /home/airflow/.local/lib/python3.7/site-packages/airflow/example_dags/example_time_delta_sensor_async.py
[2023-02-16T00:10:34.308+0000] {logging_mixin.py:137} INFO - [2023-02-16T00:10:34.307+0000] {dag.py:2690} INFO - Sync 1 DAGs
[2023-02-16T00:10:34.355+0000] {logging_mixin.py:137} INFO - [2023-02-16T00:10:34.354+0000] {dag.py:3441} INFO - Setting next_dagrun for example_time_delta_sensor_async to None, run_after=None
[2023-02-16T00:10:34.406+0000] {processor.py:175} INFO - Processing /home/airflow/.local/lib/python3.7/site-packages/airflow/example_dags/example_time_delta_sensor_async.py took 0.167 seconds
[2023-02-16T00:11:04.587+0000] {processor.py:153} INFO - Started process (PID=549) to work on /home/airflow/.local/lib/python3.7/site-packages/airflow/example_dags/example_time_delta_sensor_async.py
[2023-02-16T00:11:04.588+0000] {processor.py:743} INFO - Processing file /home/airflow/.local/lib/python3.7/site-packages/airflow/example_dags/example_time_delta_sensor_async.py for tasks to queue
[2023-02-16T00:11:04.590+0000] {logging_mixin.py:137} INFO - [2023-02-16T00:11:04.589+0000] {dagbag.py:538} INFO - Filling up the DagBag from /home/airflow/.local/lib/python3.7/site-packages/airflow/example_dags/example_time_delta_sensor_async.py
[2023-02-16T00:11:04.607+0000] {processor.py:753} INFO - DAG(s) dict_keys(['example_time_delta_sensor_async']) retrieved from /home/airflow/.local/lib/python3.7/site-packages/airflow/example_dags/example_time_delta_sensor_async.py
[2023-02-16T00:11:04.642+0000] {logging_mixin.py:137} INFO - [2023-02-16T00:11:04.641+0000] {dag.py:2690} INFO - Sync 1 DAGs
[2023-02-16T00:11:04.688+0000] {logging_mixin.py:137} INFO - [2023-02-16T00:11:04.688+0000] {dag.py:3441} INFO - Setting next_dagrun for example_time_delta_sensor_async to None, run_after=None
[2023-02-16T00:11:04.725+0000] {processor.py:175} INFO - Processing /home/airflow/.local/lib/python3.7/site-packages/airflow/example_dags/example_time_delta_sensor_async.py took 0.142 seconds
