[2023-02-16T00:00:12.857+0000] {processor.py:153} INFO - Started process (PID=761) to work on /home/airflow/.local/lib/python3.7/site-packages/airflow/example_dags/example_dag_decorator.py
[2023-02-16T00:00:12.858+0000] {processor.py:743} INFO - Processing file /home/airflow/.local/lib/python3.7/site-packages/airflow/example_dags/example_dag_decorator.py for tasks to queue
[2023-02-16T00:00:12.859+0000] {logging_mixin.py:137} INFO - [2023-02-16T00:00:12.859+0000] {dagbag.py:538} INFO - Filling up the DagBag from /home/airflow/.local/lib/python3.7/site-packages/airflow/example_dags/example_dag_decorator.py
[2023-02-16T00:00:12.880+0000] {logging_mixin.py:137} INFO - [2023-02-16T00:00:12.880+0000] {taskmixin.py:205} WARNING - Dependency <Task(_PythonDecoratedOperator): prepare_email>, send_email already registered for DAG: example_dag_decorator
[2023-02-16T00:00:12.880+0000] {logging_mixin.py:137} INFO - [2023-02-16T00:00:12.880+0000] {taskmixin.py:205} WARNING - Dependency <Task(EmailOperator): send_email>, prepare_email already registered for DAG: example_dag_decorator
[2023-02-16T00:00:12.895+0000] {processor.py:753} INFO - DAG(s) dict_keys(['example_dag_decorator']) retrieved from /home/airflow/.local/lib/python3.7/site-packages/airflow/example_dags/example_dag_decorator.py
[2023-02-16T00:00:13.004+0000] {logging_mixin.py:137} INFO - [2023-02-16T00:00:13.003+0000] {dag.py:2690} INFO - Sync 1 DAGs
[2023-02-16T00:00:13.041+0000] {logging_mixin.py:137} INFO - [2023-02-16T00:00:13.041+0000] {dag.py:3441} INFO - Setting next_dagrun for example_dag_decorator to None, run_after=None
[2023-02-16T00:00:13.071+0000] {processor.py:175} INFO - Processing /home/airflow/.local/lib/python3.7/site-packages/airflow/example_dags/example_dag_decorator.py took 0.219 seconds
[2023-02-16T00:00:43.855+0000] {processor.py:153} INFO - Started process (PID=835) to work on /home/airflow/.local/lib/python3.7/site-packages/airflow/example_dags/example_dag_decorator.py
[2023-02-16T00:00:43.856+0000] {processor.py:743} INFO - Processing file /home/airflow/.local/lib/python3.7/site-packages/airflow/example_dags/example_dag_decorator.py for tasks to queue
[2023-02-16T00:00:43.856+0000] {logging_mixin.py:137} INFO - [2023-02-16T00:00:43.856+0000] {dagbag.py:538} INFO - Filling up the DagBag from /home/airflow/.local/lib/python3.7/site-packages/airflow/example_dags/example_dag_decorator.py
[2023-02-16T00:00:43.877+0000] {logging_mixin.py:137} INFO - [2023-02-16T00:00:43.877+0000] {taskmixin.py:205} WARNING - Dependency <Task(_PythonDecoratedOperator): prepare_email>, send_email already registered for DAG: example_dag_decorator
[2023-02-16T00:00:43.877+0000] {logging_mixin.py:137} INFO - [2023-02-16T00:00:43.877+0000] {taskmixin.py:205} WARNING - Dependency <Task(EmailOperator): send_email>, prepare_email already registered for DAG: example_dag_decorator
[2023-02-16T00:00:43.892+0000] {processor.py:753} INFO - DAG(s) dict_keys(['example_dag_decorator']) retrieved from /home/airflow/.local/lib/python3.7/site-packages/airflow/example_dags/example_dag_decorator.py
[2023-02-16T00:00:44.011+0000] {logging_mixin.py:137} INFO - [2023-02-16T00:00:44.011+0000] {dag.py:2690} INFO - Sync 1 DAGs
[2023-02-16T00:00:44.054+0000] {logging_mixin.py:137} INFO - [2023-02-16T00:00:44.054+0000] {dag.py:3441} INFO - Setting next_dagrun for example_dag_decorator to None, run_after=None
[2023-02-16T00:00:44.096+0000] {processor.py:175} INFO - Processing /home/airflow/.local/lib/python3.7/site-packages/airflow/example_dags/example_dag_decorator.py took 0.246 seconds
[2023-02-16T00:01:14.975+0000] {processor.py:153} INFO - Started process (PID=924) to work on /home/airflow/.local/lib/python3.7/site-packages/airflow/example_dags/example_dag_decorator.py
[2023-02-16T00:01:14.976+0000] {processor.py:743} INFO - Processing file /home/airflow/.local/lib/python3.7/site-packages/airflow/example_dags/example_dag_decorator.py for tasks to queue
[2023-02-16T00:01:14.976+0000] {logging_mixin.py:137} INFO - [2023-02-16T00:01:14.976+0000] {dagbag.py:538} INFO - Filling up the DagBag from /home/airflow/.local/lib/python3.7/site-packages/airflow/example_dags/example_dag_decorator.py
[2023-02-16T00:01:14.996+0000] {logging_mixin.py:137} INFO - [2023-02-16T00:01:14.996+0000] {taskmixin.py:205} WARNING - Dependency <Task(_PythonDecoratedOperator): prepare_email>, send_email already registered for DAG: example_dag_decorator
[2023-02-16T00:01:14.996+0000] {logging_mixin.py:137} INFO - [2023-02-16T00:01:14.996+0000] {taskmixin.py:205} WARNING - Dependency <Task(EmailOperator): send_email>, prepare_email already registered for DAG: example_dag_decorator
[2023-02-16T00:01:15.009+0000] {processor.py:753} INFO - DAG(s) dict_keys(['example_dag_decorator']) retrieved from /home/airflow/.local/lib/python3.7/site-packages/airflow/example_dags/example_dag_decorator.py
[2023-02-16T00:01:15.108+0000] {logging_mixin.py:137} INFO - [2023-02-16T00:01:15.108+0000] {dag.py:2690} INFO - Sync 1 DAGs
[2023-02-16T00:01:15.145+0000] {logging_mixin.py:137} INFO - [2023-02-16T00:01:15.144+0000] {dag.py:3441} INFO - Setting next_dagrun for example_dag_decorator to None, run_after=None
[2023-02-16T00:01:15.180+0000] {processor.py:175} INFO - Processing /home/airflow/.local/lib/python3.7/site-packages/airflow/example_dags/example_dag_decorator.py took 0.210 seconds
[2023-02-16T00:01:45.727+0000] {processor.py:153} INFO - Started process (PID=996) to work on /home/airflow/.local/lib/python3.7/site-packages/airflow/example_dags/example_dag_decorator.py
[2023-02-16T00:01:45.728+0000] {processor.py:743} INFO - Processing file /home/airflow/.local/lib/python3.7/site-packages/airflow/example_dags/example_dag_decorator.py for tasks to queue
[2023-02-16T00:01:45.730+0000] {logging_mixin.py:137} INFO - [2023-02-16T00:01:45.729+0000] {dagbag.py:538} INFO - Filling up the DagBag from /home/airflow/.local/lib/python3.7/site-packages/airflow/example_dags/example_dag_decorator.py
[2023-02-16T00:01:45.749+0000] {logging_mixin.py:137} INFO - [2023-02-16T00:01:45.749+0000] {taskmixin.py:205} WARNING - Dependency <Task(_PythonDecoratedOperator): prepare_email>, send_email already registered for DAG: example_dag_decorator
[2023-02-16T00:01:45.750+0000] {logging_mixin.py:137} INFO - [2023-02-16T00:01:45.750+0000] {taskmixin.py:205} WARNING - Dependency <Task(EmailOperator): send_email>, prepare_email already registered for DAG: example_dag_decorator
[2023-02-16T00:01:45.763+0000] {processor.py:753} INFO - DAG(s) dict_keys(['example_dag_decorator']) retrieved from /home/airflow/.local/lib/python3.7/site-packages/airflow/example_dags/example_dag_decorator.py
[2023-02-16T00:01:45.867+0000] {logging_mixin.py:137} INFO - [2023-02-16T00:01:45.867+0000] {dag.py:2690} INFO - Sync 1 DAGs
[2023-02-16T00:01:45.898+0000] {logging_mixin.py:137} INFO - [2023-02-16T00:01:45.898+0000] {dag.py:3441} INFO - Setting next_dagrun for example_dag_decorator to None, run_after=None
[2023-02-16T00:01:45.931+0000] {processor.py:175} INFO - Processing /home/airflow/.local/lib/python3.7/site-packages/airflow/example_dags/example_dag_decorator.py took 0.208 seconds
[2023-02-16T00:02:16.541+0000] {processor.py:153} INFO - Started process (PID=1069) to work on /home/airflow/.local/lib/python3.7/site-packages/airflow/example_dags/example_dag_decorator.py
[2023-02-16T00:02:16.543+0000] {processor.py:743} INFO - Processing file /home/airflow/.local/lib/python3.7/site-packages/airflow/example_dags/example_dag_decorator.py for tasks to queue
[2023-02-16T00:02:16.544+0000] {logging_mixin.py:137} INFO - [2023-02-16T00:02:16.543+0000] {dagbag.py:538} INFO - Filling up the DagBag from /home/airflow/.local/lib/python3.7/site-packages/airflow/example_dags/example_dag_decorator.py
[2023-02-16T00:02:16.568+0000] {logging_mixin.py:137} INFO - [2023-02-16T00:02:16.568+0000] {taskmixin.py:205} WARNING - Dependency <Task(_PythonDecoratedOperator): prepare_email>, send_email already registered for DAG: example_dag_decorator
[2023-02-16T00:02:16.569+0000] {logging_mixin.py:137} INFO - [2023-02-16T00:02:16.569+0000] {taskmixin.py:205} WARNING - Dependency <Task(EmailOperator): send_email>, prepare_email already registered for DAG: example_dag_decorator
[2023-02-16T00:02:16.586+0000] {processor.py:753} INFO - DAG(s) dict_keys(['example_dag_decorator']) retrieved from /home/airflow/.local/lib/python3.7/site-packages/airflow/example_dags/example_dag_decorator.py
[2023-02-16T00:02:16.715+0000] {logging_mixin.py:137} INFO - [2023-02-16T00:02:16.715+0000] {dag.py:2690} INFO - Sync 1 DAGs
[2023-02-16T00:02:16.754+0000] {logging_mixin.py:137} INFO - [2023-02-16T00:02:16.754+0000] {dag.py:3441} INFO - Setting next_dagrun for example_dag_decorator to None, run_after=None
[2023-02-16T00:02:16.794+0000] {processor.py:175} INFO - Processing /home/airflow/.local/lib/python3.7/site-packages/airflow/example_dags/example_dag_decorator.py took 0.259 seconds
[2023-02-16T00:02:47.588+0000] {processor.py:153} INFO - Started process (PID=1157) to work on /home/airflow/.local/lib/python3.7/site-packages/airflow/example_dags/example_dag_decorator.py
[2023-02-16T00:02:47.589+0000] {processor.py:743} INFO - Processing file /home/airflow/.local/lib/python3.7/site-packages/airflow/example_dags/example_dag_decorator.py for tasks to queue
[2023-02-16T00:02:47.590+0000] {logging_mixin.py:137} INFO - [2023-02-16T00:02:47.590+0000] {dagbag.py:538} INFO - Filling up the DagBag from /home/airflow/.local/lib/python3.7/site-packages/airflow/example_dags/example_dag_decorator.py
[2023-02-16T00:02:47.614+0000] {logging_mixin.py:137} INFO - [2023-02-16T00:02:47.613+0000] {taskmixin.py:205} WARNING - Dependency <Task(_PythonDecoratedOperator): prepare_email>, send_email already registered for DAG: example_dag_decorator
[2023-02-16T00:02:47.615+0000] {logging_mixin.py:137} INFO - [2023-02-16T00:02:47.615+0000] {taskmixin.py:205} WARNING - Dependency <Task(EmailOperator): send_email>, prepare_email already registered for DAG: example_dag_decorator
[2023-02-16T00:02:47.632+0000] {processor.py:753} INFO - DAG(s) dict_keys(['example_dag_decorator']) retrieved from /home/airflow/.local/lib/python3.7/site-packages/airflow/example_dags/example_dag_decorator.py
[2023-02-16T00:02:47.740+0000] {logging_mixin.py:137} INFO - [2023-02-16T00:02:47.740+0000] {dag.py:2690} INFO - Sync 1 DAGs
[2023-02-16T00:02:47.790+0000] {logging_mixin.py:137} INFO - [2023-02-16T00:02:47.789+0000] {dag.py:3441} INFO - Setting next_dagrun for example_dag_decorator to None, run_after=None
[2023-02-16T00:02:47.830+0000] {processor.py:175} INFO - Processing /home/airflow/.local/lib/python3.7/site-packages/airflow/example_dags/example_dag_decorator.py took 0.247 seconds
[2023-02-16T00:03:17.871+0000] {processor.py:153} INFO - Started process (PID=1229) to work on /home/airflow/.local/lib/python3.7/site-packages/airflow/example_dags/example_dag_decorator.py
[2023-02-16T00:03:17.872+0000] {processor.py:743} INFO - Processing file /home/airflow/.local/lib/python3.7/site-packages/airflow/example_dags/example_dag_decorator.py for tasks to queue
[2023-02-16T00:03:17.873+0000] {logging_mixin.py:137} INFO - [2023-02-16T00:03:17.872+0000] {dagbag.py:538} INFO - Filling up the DagBag from /home/airflow/.local/lib/python3.7/site-packages/airflow/example_dags/example_dag_decorator.py
[2023-02-16T00:03:17.891+0000] {logging_mixin.py:137} INFO - [2023-02-16T00:03:17.891+0000] {taskmixin.py:205} WARNING - Dependency <Task(_PythonDecoratedOperator): prepare_email>, send_email already registered for DAG: example_dag_decorator
[2023-02-16T00:03:17.891+0000] {logging_mixin.py:137} INFO - [2023-02-16T00:03:17.891+0000] {taskmixin.py:205} WARNING - Dependency <Task(EmailOperator): send_email>, prepare_email already registered for DAG: example_dag_decorator
[2023-02-16T00:03:17.903+0000] {processor.py:753} INFO - DAG(s) dict_keys(['example_dag_decorator']) retrieved from /home/airflow/.local/lib/python3.7/site-packages/airflow/example_dags/example_dag_decorator.py
[2023-02-16T00:03:18.005+0000] {logging_mixin.py:137} INFO - [2023-02-16T00:03:18.005+0000] {dag.py:2690} INFO - Sync 1 DAGs
[2023-02-16T00:03:18.039+0000] {logging_mixin.py:137} INFO - [2023-02-16T00:03:18.039+0000] {dag.py:3441} INFO - Setting next_dagrun for example_dag_decorator to None, run_after=None
[2023-02-16T00:03:18.073+0000] {processor.py:175} INFO - Processing /home/airflow/.local/lib/python3.7/site-packages/airflow/example_dags/example_dag_decorator.py took 0.208 seconds
[2023-02-16T00:03:48.862+0000] {processor.py:153} INFO - Started process (PID=1301) to work on /home/airflow/.local/lib/python3.7/site-packages/airflow/example_dags/example_dag_decorator.py
[2023-02-16T00:03:48.863+0000] {processor.py:743} INFO - Processing file /home/airflow/.local/lib/python3.7/site-packages/airflow/example_dags/example_dag_decorator.py for tasks to queue
[2023-02-16T00:03:48.864+0000] {logging_mixin.py:137} INFO - [2023-02-16T00:03:48.864+0000] {dagbag.py:538} INFO - Filling up the DagBag from /home/airflow/.local/lib/python3.7/site-packages/airflow/example_dags/example_dag_decorator.py
[2023-02-16T00:03:48.890+0000] {logging_mixin.py:137} INFO - [2023-02-16T00:03:48.889+0000] {taskmixin.py:205} WARNING - Dependency <Task(_PythonDecoratedOperator): prepare_email>, send_email already registered for DAG: example_dag_decorator
[2023-02-16T00:03:48.890+0000] {logging_mixin.py:137} INFO - [2023-02-16T00:03:48.890+0000] {taskmixin.py:205} WARNING - Dependency <Task(EmailOperator): send_email>, prepare_email already registered for DAG: example_dag_decorator
[2023-02-16T00:03:48.909+0000] {processor.py:753} INFO - DAG(s) dict_keys(['example_dag_decorator']) retrieved from /home/airflow/.local/lib/python3.7/site-packages/airflow/example_dags/example_dag_decorator.py
[2023-02-16T00:03:49.028+0000] {logging_mixin.py:137} INFO - [2023-02-16T00:03:49.028+0000] {dag.py:2690} INFO - Sync 1 DAGs
[2023-02-16T00:03:49.067+0000] {logging_mixin.py:137} INFO - [2023-02-16T00:03:49.067+0000] {dag.py:3441} INFO - Setting next_dagrun for example_dag_decorator to None, run_after=None
[2023-02-16T00:03:49.117+0000] {processor.py:175} INFO - Processing /home/airflow/.local/lib/python3.7/site-packages/airflow/example_dags/example_dag_decorator.py took 0.259 seconds
[2023-02-16T00:04:19.173+0000] {processor.py:153} INFO - Started process (PID=1373) to work on /home/airflow/.local/lib/python3.7/site-packages/airflow/example_dags/example_dag_decorator.py
[2023-02-16T00:04:19.175+0000] {processor.py:743} INFO - Processing file /home/airflow/.local/lib/python3.7/site-packages/airflow/example_dags/example_dag_decorator.py for tasks to queue
[2023-02-16T00:04:19.176+0000] {logging_mixin.py:137} INFO - [2023-02-16T00:04:19.175+0000] {dagbag.py:538} INFO - Filling up the DagBag from /home/airflow/.local/lib/python3.7/site-packages/airflow/example_dags/example_dag_decorator.py
[2023-02-16T00:04:19.208+0000] {logging_mixin.py:137} INFO - [2023-02-16T00:04:19.207+0000] {taskmixin.py:205} WARNING - Dependency <Task(_PythonDecoratedOperator): prepare_email>, send_email already registered for DAG: example_dag_decorator
[2023-02-16T00:04:19.208+0000] {logging_mixin.py:137} INFO - [2023-02-16T00:04:19.208+0000] {taskmixin.py:205} WARNING - Dependency <Task(EmailOperator): send_email>, prepare_email already registered for DAG: example_dag_decorator
[2023-02-16T00:04:19.227+0000] {processor.py:753} INFO - DAG(s) dict_keys(['example_dag_decorator']) retrieved from /home/airflow/.local/lib/python3.7/site-packages/airflow/example_dags/example_dag_decorator.py
[2023-02-16T00:04:19.351+0000] {logging_mixin.py:137} INFO - [2023-02-16T00:04:19.351+0000] {dag.py:2690} INFO - Sync 1 DAGs
[2023-02-16T00:04:19.393+0000] {logging_mixin.py:137} INFO - [2023-02-16T00:04:19.393+0000] {dag.py:3441} INFO - Setting next_dagrun for example_dag_decorator to None, run_after=None
[2023-02-16T00:04:19.436+0000] {processor.py:175} INFO - Processing /home/airflow/.local/lib/python3.7/site-packages/airflow/example_dags/example_dag_decorator.py took 0.273 seconds
[2023-02-16T00:04:50.003+0000] {processor.py:153} INFO - Started process (PID=1463) to work on /home/airflow/.local/lib/python3.7/site-packages/airflow/example_dags/example_dag_decorator.py
[2023-02-16T00:04:50.004+0000] {processor.py:743} INFO - Processing file /home/airflow/.local/lib/python3.7/site-packages/airflow/example_dags/example_dag_decorator.py for tasks to queue
[2023-02-16T00:04:50.005+0000] {logging_mixin.py:137} INFO - [2023-02-16T00:04:50.005+0000] {dagbag.py:538} INFO - Filling up the DagBag from /home/airflow/.local/lib/python3.7/site-packages/airflow/example_dags/example_dag_decorator.py
[2023-02-16T00:04:50.038+0000] {logging_mixin.py:137} INFO - [2023-02-16T00:04:50.038+0000] {taskmixin.py:205} WARNING - Dependency <Task(_PythonDecoratedOperator): prepare_email>, send_email already registered for DAG: example_dag_decorator
[2023-02-16T00:04:50.038+0000] {logging_mixin.py:137} INFO - [2023-02-16T00:04:50.038+0000] {taskmixin.py:205} WARNING - Dependency <Task(EmailOperator): send_email>, prepare_email already registered for DAG: example_dag_decorator
[2023-02-16T00:04:50.059+0000] {processor.py:753} INFO - DAG(s) dict_keys(['example_dag_decorator']) retrieved from /home/airflow/.local/lib/python3.7/site-packages/airflow/example_dags/example_dag_decorator.py
[2023-02-16T00:04:50.181+0000] {logging_mixin.py:137} INFO - [2023-02-16T00:04:50.180+0000] {dag.py:2690} INFO - Sync 1 DAGs
[2023-02-16T00:04:50.229+0000] {logging_mixin.py:137} INFO - [2023-02-16T00:04:50.229+0000] {dag.py:3441} INFO - Setting next_dagrun for example_dag_decorator to None, run_after=None
[2023-02-16T00:04:50.274+0000] {processor.py:175} INFO - Processing /home/airflow/.local/lib/python3.7/site-packages/airflow/example_dags/example_dag_decorator.py took 0.275 seconds
[2023-02-16T00:05:20.515+0000] {processor.py:153} INFO - Started process (PID=1535) to work on /home/airflow/.local/lib/python3.7/site-packages/airflow/example_dags/example_dag_decorator.py
[2023-02-16T00:05:20.516+0000] {processor.py:743} INFO - Processing file /home/airflow/.local/lib/python3.7/site-packages/airflow/example_dags/example_dag_decorator.py for tasks to queue
[2023-02-16T00:05:20.517+0000] {logging_mixin.py:137} INFO - [2023-02-16T00:05:20.517+0000] {dagbag.py:538} INFO - Filling up the DagBag from /home/airflow/.local/lib/python3.7/site-packages/airflow/example_dags/example_dag_decorator.py
[2023-02-16T00:05:20.542+0000] {logging_mixin.py:137} INFO - [2023-02-16T00:05:20.542+0000] {taskmixin.py:205} WARNING - Dependency <Task(_PythonDecoratedOperator): prepare_email>, send_email already registered for DAG: example_dag_decorator
[2023-02-16T00:05:20.543+0000] {logging_mixin.py:137} INFO - [2023-02-16T00:05:20.543+0000] {taskmixin.py:205} WARNING - Dependency <Task(EmailOperator): send_email>, prepare_email already registered for DAG: example_dag_decorator
[2023-02-16T00:05:20.554+0000] {processor.py:753} INFO - DAG(s) dict_keys(['example_dag_decorator']) retrieved from /home/airflow/.local/lib/python3.7/site-packages/airflow/example_dags/example_dag_decorator.py
[2023-02-16T00:05:20.654+0000] {logging_mixin.py:137} INFO - [2023-02-16T00:05:20.654+0000] {dag.py:2690} INFO - Sync 1 DAGs
[2023-02-16T00:05:20.690+0000] {logging_mixin.py:137} INFO - [2023-02-16T00:05:20.690+0000] {dag.py:3441} INFO - Setting next_dagrun for example_dag_decorator to None, run_after=None
[2023-02-16T00:05:20.728+0000] {processor.py:175} INFO - Processing /home/airflow/.local/lib/python3.7/site-packages/airflow/example_dags/example_dag_decorator.py took 0.216 seconds
[2023-02-16T00:05:50.839+0000] {processor.py:153} INFO - Started process (PID=1607) to work on /home/airflow/.local/lib/python3.7/site-packages/airflow/example_dags/example_dag_decorator.py
[2023-02-16T00:05:50.841+0000] {processor.py:743} INFO - Processing file /home/airflow/.local/lib/python3.7/site-packages/airflow/example_dags/example_dag_decorator.py for tasks to queue
[2023-02-16T00:05:50.842+0000] {logging_mixin.py:137} INFO - [2023-02-16T00:05:50.842+0000] {dagbag.py:538} INFO - Filling up the DagBag from /home/airflow/.local/lib/python3.7/site-packages/airflow/example_dags/example_dag_decorator.py
[2023-02-16T00:05:50.884+0000] {logging_mixin.py:137} INFO - [2023-02-16T00:05:50.883+0000] {taskmixin.py:205} WARNING - Dependency <Task(_PythonDecoratedOperator): prepare_email>, send_email already registered for DAG: example_dag_decorator
[2023-02-16T00:05:50.884+0000] {logging_mixin.py:137} INFO - [2023-02-16T00:05:50.884+0000] {taskmixin.py:205} WARNING - Dependency <Task(EmailOperator): send_email>, prepare_email already registered for DAG: example_dag_decorator
[2023-02-16T00:05:50.913+0000] {processor.py:753} INFO - DAG(s) dict_keys(['example_dag_decorator']) retrieved from /home/airflow/.local/lib/python3.7/site-packages/airflow/example_dags/example_dag_decorator.py
[2023-02-16T00:05:51.043+0000] {logging_mixin.py:137} INFO - [2023-02-16T00:05:51.043+0000] {dag.py:2690} INFO - Sync 1 DAGs
[2023-02-16T00:05:51.093+0000] {logging_mixin.py:137} INFO - [2023-02-16T00:05:51.092+0000] {dag.py:3441} INFO - Setting next_dagrun for example_dag_decorator to None, run_after=None
[2023-02-16T00:05:51.141+0000] {processor.py:175} INFO - Processing /home/airflow/.local/lib/python3.7/site-packages/airflow/example_dags/example_dag_decorator.py took 0.307 seconds
[2023-02-16T00:06:22.156+0000] {processor.py:153} INFO - Started process (PID=1695) to work on /home/airflow/.local/lib/python3.7/site-packages/airflow/example_dags/example_dag_decorator.py
[2023-02-16T00:06:22.158+0000] {processor.py:743} INFO - Processing file /home/airflow/.local/lib/python3.7/site-packages/airflow/example_dags/example_dag_decorator.py for tasks to queue
[2023-02-16T00:06:22.159+0000] {logging_mixin.py:137} INFO - [2023-02-16T00:06:22.158+0000] {dagbag.py:538} INFO - Filling up the DagBag from /home/airflow/.local/lib/python3.7/site-packages/airflow/example_dags/example_dag_decorator.py
[2023-02-16T00:06:22.193+0000] {logging_mixin.py:137} INFO - [2023-02-16T00:06:22.192+0000] {taskmixin.py:205} WARNING - Dependency <Task(_PythonDecoratedOperator): prepare_email>, send_email already registered for DAG: example_dag_decorator
[2023-02-16T00:06:22.193+0000] {logging_mixin.py:137} INFO - [2023-02-16T00:06:22.193+0000] {taskmixin.py:205} WARNING - Dependency <Task(EmailOperator): send_email>, prepare_email already registered for DAG: example_dag_decorator
[2023-02-16T00:06:22.214+0000] {processor.py:753} INFO - DAG(s) dict_keys(['example_dag_decorator']) retrieved from /home/airflow/.local/lib/python3.7/site-packages/airflow/example_dags/example_dag_decorator.py
[2023-02-16T00:06:22.370+0000] {logging_mixin.py:137} INFO - [2023-02-16T00:06:22.370+0000] {dag.py:2690} INFO - Sync 1 DAGs
[2023-02-16T00:06:22.423+0000] {logging_mixin.py:137} INFO - [2023-02-16T00:06:22.423+0000] {dag.py:3441} INFO - Setting next_dagrun for example_dag_decorator to None, run_after=None
[2023-02-16T00:06:22.469+0000] {processor.py:175} INFO - Processing /home/airflow/.local/lib/python3.7/site-packages/airflow/example_dags/example_dag_decorator.py took 0.318 seconds
[2023-02-16T00:07:57.471+0000] {processor.py:153} INFO - Started process (PID=62) to work on /home/airflow/.local/lib/python3.7/site-packages/airflow/example_dags/example_dag_decorator.py
[2023-02-16T00:07:57.477+0000] {processor.py:743} INFO - Processing file /home/airflow/.local/lib/python3.7/site-packages/airflow/example_dags/example_dag_decorator.py for tasks to queue
[2023-02-16T00:07:57.477+0000] {logging_mixin.py:137} INFO - [2023-02-16T00:07:57.477+0000] {dagbag.py:538} INFO - Filling up the DagBag from /home/airflow/.local/lib/python3.7/site-packages/airflow/example_dags/example_dag_decorator.py
[2023-02-16T00:07:57.505+0000] {logging_mixin.py:137} INFO - [2023-02-16T00:07:57.505+0000] {taskmixin.py:205} WARNING - Dependency <Task(_PythonDecoratedOperator): prepare_email>, send_email already registered for DAG: example_dag_decorator
[2023-02-16T00:07:57.506+0000] {logging_mixin.py:137} INFO - [2023-02-16T00:07:57.506+0000] {taskmixin.py:205} WARNING - Dependency <Task(EmailOperator): send_email>, prepare_email already registered for DAG: example_dag_decorator
[2023-02-16T00:07:57.529+0000] {processor.py:753} INFO - DAG(s) dict_keys(['example_dag_decorator']) retrieved from /home/airflow/.local/lib/python3.7/site-packages/airflow/example_dags/example_dag_decorator.py
[2023-02-16T00:07:57.637+0000] {logging_mixin.py:137} INFO - [2023-02-16T00:07:57.637+0000] {dag.py:2690} INFO - Sync 1 DAGs
[2023-02-16T00:07:57.680+0000] {logging_mixin.py:137} INFO - [2023-02-16T00:07:57.679+0000] {dag.py:3441} INFO - Setting next_dagrun for example_dag_decorator to None, run_after=None
[2023-02-16T00:07:57.734+0000] {processor.py:175} INFO - Processing /home/airflow/.local/lib/python3.7/site-packages/airflow/example_dags/example_dag_decorator.py took 0.267 seconds
[2023-02-16T00:08:28.248+0000] {processor.py:153} INFO - Started process (PID=135) to work on /home/airflow/.local/lib/python3.7/site-packages/airflow/example_dags/example_dag_decorator.py
[2023-02-16T00:08:28.250+0000] {processor.py:743} INFO - Processing file /home/airflow/.local/lib/python3.7/site-packages/airflow/example_dags/example_dag_decorator.py for tasks to queue
[2023-02-16T00:08:28.251+0000] {logging_mixin.py:137} INFO - [2023-02-16T00:08:28.251+0000] {dagbag.py:538} INFO - Filling up the DagBag from /home/airflow/.local/lib/python3.7/site-packages/airflow/example_dags/example_dag_decorator.py
[2023-02-16T00:08:28.275+0000] {logging_mixin.py:137} INFO - [2023-02-16T00:08:28.275+0000] {taskmixin.py:205} WARNING - Dependency <Task(_PythonDecoratedOperator): prepare_email>, send_email already registered for DAG: example_dag_decorator
[2023-02-16T00:08:28.275+0000] {logging_mixin.py:137} INFO - [2023-02-16T00:08:28.275+0000] {taskmixin.py:205} WARNING - Dependency <Task(EmailOperator): send_email>, prepare_email already registered for DAG: example_dag_decorator
[2023-02-16T00:08:28.291+0000] {processor.py:753} INFO - DAG(s) dict_keys(['example_dag_decorator']) retrieved from /home/airflow/.local/lib/python3.7/site-packages/airflow/example_dags/example_dag_decorator.py
[2023-02-16T00:08:28.412+0000] {logging_mixin.py:137} INFO - [2023-02-16T00:08:28.412+0000] {dag.py:2690} INFO - Sync 1 DAGs
[2023-02-16T00:08:28.456+0000] {logging_mixin.py:137} INFO - [2023-02-16T00:08:28.455+0000] {dag.py:3441} INFO - Setting next_dagrun for example_dag_decorator to None, run_after=None
[2023-02-16T00:08:28.493+0000] {processor.py:175} INFO - Processing /home/airflow/.local/lib/python3.7/site-packages/airflow/example_dags/example_dag_decorator.py took 0.250 seconds
[2023-02-16T00:08:59.654+0000] {processor.py:153} INFO - Started process (PID=216) to work on /home/airflow/.local/lib/python3.7/site-packages/airflow/example_dags/example_dag_decorator.py
[2023-02-16T00:08:59.656+0000] {processor.py:743} INFO - Processing file /home/airflow/.local/lib/python3.7/site-packages/airflow/example_dags/example_dag_decorator.py for tasks to queue
[2023-02-16T00:08:59.658+0000] {logging_mixin.py:137} INFO - [2023-02-16T00:08:59.656+0000] {dagbag.py:538} INFO - Filling up the DagBag from /home/airflow/.local/lib/python3.7/site-packages/airflow/example_dags/example_dag_decorator.py
[2023-02-16T00:08:59.700+0000] {logging_mixin.py:137} INFO - [2023-02-16T00:08:59.700+0000] {taskmixin.py:205} WARNING - Dependency <Task(_PythonDecoratedOperator): prepare_email>, send_email already registered for DAG: example_dag_decorator
[2023-02-16T00:08:59.700+0000] {logging_mixin.py:137} INFO - [2023-02-16T00:08:59.700+0000] {taskmixin.py:205} WARNING - Dependency <Task(EmailOperator): send_email>, prepare_email already registered for DAG: example_dag_decorator
[2023-02-16T00:08:59.722+0000] {processor.py:753} INFO - DAG(s) dict_keys(['example_dag_decorator']) retrieved from /home/airflow/.local/lib/python3.7/site-packages/airflow/example_dags/example_dag_decorator.py
[2023-02-16T00:08:59.855+0000] {logging_mixin.py:137} INFO - [2023-02-16T00:08:59.854+0000] {dag.py:2690} INFO - Sync 1 DAGs
[2023-02-16T00:08:59.898+0000] {logging_mixin.py:137} INFO - [2023-02-16T00:08:59.898+0000] {dag.py:3441} INFO - Setting next_dagrun for example_dag_decorator to None, run_after=None
[2023-02-16T00:08:59.938+0000] {processor.py:175} INFO - Processing /home/airflow/.local/lib/python3.7/site-packages/airflow/example_dags/example_dag_decorator.py took 0.288 seconds
[2023-02-16T00:09:30.047+0000] {processor.py:153} INFO - Started process (PID=295) to work on /home/airflow/.local/lib/python3.7/site-packages/airflow/example_dags/example_dag_decorator.py
[2023-02-16T00:09:30.048+0000] {processor.py:743} INFO - Processing file /home/airflow/.local/lib/python3.7/site-packages/airflow/example_dags/example_dag_decorator.py for tasks to queue
[2023-02-16T00:09:30.049+0000] {logging_mixin.py:137} INFO - [2023-02-16T00:09:30.049+0000] {dagbag.py:538} INFO - Filling up the DagBag from /home/airflow/.local/lib/python3.7/site-packages/airflow/example_dags/example_dag_decorator.py
[2023-02-16T00:09:30.074+0000] {logging_mixin.py:137} INFO - [2023-02-16T00:09:30.074+0000] {taskmixin.py:205} WARNING - Dependency <Task(_PythonDecoratedOperator): prepare_email>, send_email already registered for DAG: example_dag_decorator
[2023-02-16T00:09:30.074+0000] {logging_mixin.py:137} INFO - [2023-02-16T00:09:30.074+0000] {taskmixin.py:205} WARNING - Dependency <Task(EmailOperator): send_email>, prepare_email already registered for DAG: example_dag_decorator
[2023-02-16T00:09:30.092+0000] {processor.py:753} INFO - DAG(s) dict_keys(['example_dag_decorator']) retrieved from /home/airflow/.local/lib/python3.7/site-packages/airflow/example_dags/example_dag_decorator.py
[2023-02-16T00:09:30.186+0000] {logging_mixin.py:137} INFO - [2023-02-16T00:09:30.186+0000] {dag.py:2690} INFO - Sync 1 DAGs
[2023-02-16T00:09:30.225+0000] {logging_mixin.py:137} INFO - [2023-02-16T00:09:30.224+0000] {dag.py:3441} INFO - Setting next_dagrun for example_dag_decorator to None, run_after=None
[2023-02-16T00:09:30.259+0000] {processor.py:175} INFO - Processing /home/airflow/.local/lib/python3.7/site-packages/airflow/example_dags/example_dag_decorator.py took 0.216 seconds
[2023-02-16T00:10:00.838+0000] {processor.py:153} INFO - Started process (PID=368) to work on /home/airflow/.local/lib/python3.7/site-packages/airflow/example_dags/example_dag_decorator.py
[2023-02-16T00:10:00.839+0000] {processor.py:743} INFO - Processing file /home/airflow/.local/lib/python3.7/site-packages/airflow/example_dags/example_dag_decorator.py for tasks to queue
[2023-02-16T00:10:00.840+0000] {logging_mixin.py:137} INFO - [2023-02-16T00:10:00.840+0000] {dagbag.py:538} INFO - Filling up the DagBag from /home/airflow/.local/lib/python3.7/site-packages/airflow/example_dags/example_dag_decorator.py
[2023-02-16T00:10:00.863+0000] {logging_mixin.py:137} INFO - [2023-02-16T00:10:00.863+0000] {taskmixin.py:205} WARNING - Dependency <Task(_PythonDecoratedOperator): prepare_email>, send_email already registered for DAG: example_dag_decorator
[2023-02-16T00:10:00.863+0000] {logging_mixin.py:137} INFO - [2023-02-16T00:10:00.863+0000] {taskmixin.py:205} WARNING - Dependency <Task(EmailOperator): send_email>, prepare_email already registered for DAG: example_dag_decorator
[2023-02-16T00:10:00.878+0000] {processor.py:753} INFO - DAG(s) dict_keys(['example_dag_decorator']) retrieved from /home/airflow/.local/lib/python3.7/site-packages/airflow/example_dags/example_dag_decorator.py
[2023-02-16T00:10:00.992+0000] {logging_mixin.py:137} INFO - [2023-02-16T00:10:00.992+0000] {dag.py:2690} INFO - Sync 1 DAGs
[2023-02-16T00:10:01.029+0000] {logging_mixin.py:137} INFO - [2023-02-16T00:10:01.029+0000] {dag.py:3441} INFO - Setting next_dagrun for example_dag_decorator to None, run_after=None
[2023-02-16T00:10:01.062+0000] {processor.py:175} INFO - Processing /home/airflow/.local/lib/python3.7/site-packages/airflow/example_dags/example_dag_decorator.py took 0.229 seconds
[2023-02-16T00:10:31.731+0000] {processor.py:153} INFO - Started process (PID=440) to work on /home/airflow/.local/lib/python3.7/site-packages/airflow/example_dags/example_dag_decorator.py
[2023-02-16T00:10:31.732+0000] {processor.py:743} INFO - Processing file /home/airflow/.local/lib/python3.7/site-packages/airflow/example_dags/example_dag_decorator.py for tasks to queue
[2023-02-16T00:10:31.733+0000] {logging_mixin.py:137} INFO - [2023-02-16T00:10:31.733+0000] {dagbag.py:538} INFO - Filling up the DagBag from /home/airflow/.local/lib/python3.7/site-packages/airflow/example_dags/example_dag_decorator.py
[2023-02-16T00:10:31.757+0000] {logging_mixin.py:137} INFO - [2023-02-16T00:10:31.756+0000] {taskmixin.py:205} WARNING - Dependency <Task(_PythonDecoratedOperator): prepare_email>, send_email already registered for DAG: example_dag_decorator
[2023-02-16T00:10:31.757+0000] {logging_mixin.py:137} INFO - [2023-02-16T00:10:31.757+0000] {taskmixin.py:205} WARNING - Dependency <Task(EmailOperator): send_email>, prepare_email already registered for DAG: example_dag_decorator
[2023-02-16T00:10:31.773+0000] {processor.py:753} INFO - DAG(s) dict_keys(['example_dag_decorator']) retrieved from /home/airflow/.local/lib/python3.7/site-packages/airflow/example_dags/example_dag_decorator.py
[2023-02-16T00:10:31.895+0000] {logging_mixin.py:137} INFO - [2023-02-16T00:10:31.895+0000] {dag.py:2690} INFO - Sync 1 DAGs
[2023-02-16T00:10:31.939+0000] {logging_mixin.py:137} INFO - [2023-02-16T00:10:31.938+0000] {dag.py:3441} INFO - Setting next_dagrun for example_dag_decorator to None, run_after=None
[2023-02-16T00:10:31.979+0000] {processor.py:175} INFO - Processing /home/airflow/.local/lib/python3.7/site-packages/airflow/example_dags/example_dag_decorator.py took 0.253 seconds
[2023-02-16T00:11:02.504+0000] {processor.py:153} INFO - Started process (PID=529) to work on /home/airflow/.local/lib/python3.7/site-packages/airflow/example_dags/example_dag_decorator.py
[2023-02-16T00:11:02.505+0000] {processor.py:743} INFO - Processing file /home/airflow/.local/lib/python3.7/site-packages/airflow/example_dags/example_dag_decorator.py for tasks to queue
[2023-02-16T00:11:02.506+0000] {logging_mixin.py:137} INFO - [2023-02-16T00:11:02.506+0000] {dagbag.py:538} INFO - Filling up the DagBag from /home/airflow/.local/lib/python3.7/site-packages/airflow/example_dags/example_dag_decorator.py
[2023-02-16T00:11:02.531+0000] {logging_mixin.py:137} INFO - [2023-02-16T00:11:02.530+0000] {taskmixin.py:205} WARNING - Dependency <Task(_PythonDecoratedOperator): prepare_email>, send_email already registered for DAG: example_dag_decorator
[2023-02-16T00:11:02.531+0000] {logging_mixin.py:137} INFO - [2023-02-16T00:11:02.531+0000] {taskmixin.py:205} WARNING - Dependency <Task(EmailOperator): send_email>, prepare_email already registered for DAG: example_dag_decorator
[2023-02-16T00:11:02.547+0000] {processor.py:753} INFO - DAG(s) dict_keys(['example_dag_decorator']) retrieved from /home/airflow/.local/lib/python3.7/site-packages/airflow/example_dags/example_dag_decorator.py
[2023-02-16T00:11:02.652+0000] {logging_mixin.py:137} INFO - [2023-02-16T00:11:02.652+0000] {dag.py:2690} INFO - Sync 1 DAGs
[2023-02-16T00:11:02.693+0000] {logging_mixin.py:137} INFO - [2023-02-16T00:11:02.693+0000] {dag.py:3441} INFO - Setting next_dagrun for example_dag_decorator to None, run_after=None
[2023-02-16T00:11:02.738+0000] {processor.py:175} INFO - Processing /home/airflow/.local/lib/python3.7/site-packages/airflow/example_dags/example_dag_decorator.py took 0.238 seconds
[2023-02-16T00:31:33.517+0000] {processor.py:153} INFO - Started process (PID=63) to work on /home/airflow/.local/lib/python3.7/site-packages/airflow/example_dags/example_dag_decorator.py
[2023-02-16T00:31:33.519+0000] {processor.py:743} INFO - Processing file /home/airflow/.local/lib/python3.7/site-packages/airflow/example_dags/example_dag_decorator.py for tasks to queue
[2023-02-16T00:31:33.520+0000] {logging_mixin.py:137} INFO - [2023-02-16T00:31:33.520+0000] {dagbag.py:538} INFO - Filling up the DagBag from /home/airflow/.local/lib/python3.7/site-packages/airflow/example_dags/example_dag_decorator.py
[2023-02-16T00:31:33.556+0000] {logging_mixin.py:137} INFO - [2023-02-16T00:31:33.556+0000] {taskmixin.py:205} WARNING - Dependency <Task(_PythonDecoratedOperator): prepare_email>, send_email already registered for DAG: example_dag_decorator
[2023-02-16T00:31:33.557+0000] {logging_mixin.py:137} INFO - [2023-02-16T00:31:33.557+0000] {taskmixin.py:205} WARNING - Dependency <Task(EmailOperator): send_email>, prepare_email already registered for DAG: example_dag_decorator
[2023-02-16T00:31:33.587+0000] {processor.py:753} INFO - DAG(s) dict_keys(['example_dag_decorator']) retrieved from /home/airflow/.local/lib/python3.7/site-packages/airflow/example_dags/example_dag_decorator.py
[2023-02-16T00:31:33.713+0000] {logging_mixin.py:137} INFO - [2023-02-16T00:31:33.712+0000] {dag.py:2690} INFO - Sync 1 DAGs
[2023-02-16T00:31:33.754+0000] {logging_mixin.py:137} INFO - [2023-02-16T00:31:33.754+0000] {dag.py:3441} INFO - Setting next_dagrun for example_dag_decorator to None, run_after=None
[2023-02-16T00:31:33.797+0000] {processor.py:175} INFO - Processing /home/airflow/.local/lib/python3.7/site-packages/airflow/example_dags/example_dag_decorator.py took 0.286 seconds
[2023-02-16T00:32:04.070+0000] {processor.py:153} INFO - Started process (PID=135) to work on /home/airflow/.local/lib/python3.7/site-packages/airflow/example_dags/example_dag_decorator.py
[2023-02-16T00:32:04.071+0000] {processor.py:743} INFO - Processing file /home/airflow/.local/lib/python3.7/site-packages/airflow/example_dags/example_dag_decorator.py for tasks to queue
[2023-02-16T00:32:04.072+0000] {logging_mixin.py:137} INFO - [2023-02-16T00:32:04.072+0000] {dagbag.py:538} INFO - Filling up the DagBag from /home/airflow/.local/lib/python3.7/site-packages/airflow/example_dags/example_dag_decorator.py
[2023-02-16T00:32:04.101+0000] {logging_mixin.py:137} INFO - [2023-02-16T00:32:04.101+0000] {taskmixin.py:205} WARNING - Dependency <Task(_PythonDecoratedOperator): prepare_email>, send_email already registered for DAG: example_dag_decorator
[2023-02-16T00:32:04.102+0000] {logging_mixin.py:137} INFO - [2023-02-16T00:32:04.102+0000] {taskmixin.py:205} WARNING - Dependency <Task(EmailOperator): send_email>, prepare_email already registered for DAG: example_dag_decorator
[2023-02-16T00:32:04.119+0000] {processor.py:753} INFO - DAG(s) dict_keys(['example_dag_decorator']) retrieved from /home/airflow/.local/lib/python3.7/site-packages/airflow/example_dags/example_dag_decorator.py
[2023-02-16T00:32:04.236+0000] {logging_mixin.py:137} INFO - [2023-02-16T00:32:04.235+0000] {dag.py:2690} INFO - Sync 1 DAGs
[2023-02-16T00:32:04.273+0000] {logging_mixin.py:137} INFO - [2023-02-16T00:32:04.273+0000] {dag.py:3441} INFO - Setting next_dagrun for example_dag_decorator to None, run_after=None
[2023-02-16T00:32:04.309+0000] {processor.py:175} INFO - Processing /home/airflow/.local/lib/python3.7/site-packages/airflow/example_dags/example_dag_decorator.py took 0.243 seconds
