[2023-02-16T00:00:13.233+0000] {processor.py:153} INFO - Started process (PID=764) to work on /home/airflow/.local/lib/python3.7/site-packages/airflow/example_dags/example_external_task_marker_dag.py
[2023-02-16T00:00:13.234+0000] {processor.py:743} INFO - Processing file /home/airflow/.local/lib/python3.7/site-packages/airflow/example_dags/example_external_task_marker_dag.py for tasks to queue
[2023-02-16T00:00:13.234+0000] {logging_mixin.py:137} INFO - [2023-02-16T00:00:13.234+0000] {dagbag.py:538} INFO - Filling up the DagBag from /home/airflow/.local/lib/python3.7/site-packages/airflow/example_dags/example_external_task_marker_dag.py
[2023-02-16T00:00:13.247+0000] {processor.py:753} INFO - DAG(s) dict_keys(['example_external_task_marker_child', 'example_external_task_marker_parent']) retrieved from /home/airflow/.local/lib/python3.7/site-packages/airflow/example_dags/example_external_task_marker_dag.py
[2023-02-16T00:00:13.299+0000] {logging_mixin.py:137} INFO - [2023-02-16T00:00:13.299+0000] {dag.py:2690} INFO - Sync 2 DAGs
[2023-02-16T00:00:13.333+0000] {logging_mixin.py:137} INFO - [2023-02-16T00:00:13.333+0000] {dag.py:3441} INFO - Setting next_dagrun for example_external_task_marker_child to None, run_after=None
[2023-02-16T00:00:13.337+0000] {logging_mixin.py:137} INFO - [2023-02-16T00:00:13.337+0000] {dag.py:3441} INFO - Setting next_dagrun for example_external_task_marker_parent to None, run_after=None
[2023-02-16T00:00:13.363+0000] {processor.py:175} INFO - Processing /home/airflow/.local/lib/python3.7/site-packages/airflow/example_dags/example_external_task_marker_dag.py took 0.134 seconds
[2023-02-16T00:00:44.128+0000] {processor.py:153} INFO - Started process (PID=838) to work on /home/airflow/.local/lib/python3.7/site-packages/airflow/example_dags/example_external_task_marker_dag.py
[2023-02-16T00:00:44.129+0000] {processor.py:743} INFO - Processing file /home/airflow/.local/lib/python3.7/site-packages/airflow/example_dags/example_external_task_marker_dag.py for tasks to queue
[2023-02-16T00:00:44.130+0000] {logging_mixin.py:137} INFO - [2023-02-16T00:00:44.130+0000] {dagbag.py:538} INFO - Filling up the DagBag from /home/airflow/.local/lib/python3.7/site-packages/airflow/example_dags/example_external_task_marker_dag.py
[2023-02-16T00:00:44.146+0000] {processor.py:753} INFO - DAG(s) dict_keys(['example_external_task_marker_parent', 'example_external_task_marker_child']) retrieved from /home/airflow/.local/lib/python3.7/site-packages/airflow/example_dags/example_external_task_marker_dag.py
[2023-02-16T00:00:44.184+0000] {logging_mixin.py:137} INFO - [2023-02-16T00:00:44.184+0000] {dag.py:2690} INFO - Sync 2 DAGs
[2023-02-16T00:00:44.226+0000] {logging_mixin.py:137} INFO - [2023-02-16T00:00:44.225+0000] {dag.py:3441} INFO - Setting next_dagrun for example_external_task_marker_child to None, run_after=None
[2023-02-16T00:00:44.231+0000] {logging_mixin.py:137} INFO - [2023-02-16T00:00:44.231+0000] {dag.py:3441} INFO - Setting next_dagrun for example_external_task_marker_parent to None, run_after=None
[2023-02-16T00:00:44.262+0000] {processor.py:175} INFO - Processing /home/airflow/.local/lib/python3.7/site-packages/airflow/example_dags/example_external_task_marker_dag.py took 0.138 seconds
[2023-02-16T00:01:15.373+0000] {processor.py:153} INFO - Started process (PID=927) to work on /home/airflow/.local/lib/python3.7/site-packages/airflow/example_dags/example_external_task_marker_dag.py
[2023-02-16T00:01:15.374+0000] {processor.py:743} INFO - Processing file /home/airflow/.local/lib/python3.7/site-packages/airflow/example_dags/example_external_task_marker_dag.py for tasks to queue
[2023-02-16T00:01:15.375+0000] {logging_mixin.py:137} INFO - [2023-02-16T00:01:15.375+0000] {dagbag.py:538} INFO - Filling up the DagBag from /home/airflow/.local/lib/python3.7/site-packages/airflow/example_dags/example_external_task_marker_dag.py
[2023-02-16T00:01:15.394+0000] {processor.py:753} INFO - DAG(s) dict_keys(['example_external_task_marker_parent', 'example_external_task_marker_child']) retrieved from /home/airflow/.local/lib/python3.7/site-packages/airflow/example_dags/example_external_task_marker_dag.py
[2023-02-16T00:01:15.433+0000] {logging_mixin.py:137} INFO - [2023-02-16T00:01:15.433+0000] {dag.py:2690} INFO - Sync 2 DAGs
[2023-02-16T00:01:15.486+0000] {logging_mixin.py:137} INFO - [2023-02-16T00:01:15.485+0000] {dag.py:3441} INFO - Setting next_dagrun for example_external_task_marker_child to None, run_after=None
[2023-02-16T00:01:15.490+0000] {logging_mixin.py:137} INFO - [2023-02-16T00:01:15.490+0000] {dag.py:3441} INFO - Setting next_dagrun for example_external_task_marker_parent to None, run_after=None
[2023-02-16T00:01:15.521+0000] {processor.py:175} INFO - Processing /home/airflow/.local/lib/python3.7/site-packages/airflow/example_dags/example_external_task_marker_dag.py took 0.152 seconds
[2023-02-16T00:01:46.080+0000] {processor.py:153} INFO - Started process (PID=999) to work on /home/airflow/.local/lib/python3.7/site-packages/airflow/example_dags/example_external_task_marker_dag.py
[2023-02-16T00:01:46.082+0000] {processor.py:743} INFO - Processing file /home/airflow/.local/lib/python3.7/site-packages/airflow/example_dags/example_external_task_marker_dag.py for tasks to queue
[2023-02-16T00:01:46.082+0000] {logging_mixin.py:137} INFO - [2023-02-16T00:01:46.082+0000] {dagbag.py:538} INFO - Filling up the DagBag from /home/airflow/.local/lib/python3.7/site-packages/airflow/example_dags/example_external_task_marker_dag.py
[2023-02-16T00:01:46.096+0000] {processor.py:753} INFO - DAG(s) dict_keys(['example_external_task_marker_parent', 'example_external_task_marker_child']) retrieved from /home/airflow/.local/lib/python3.7/site-packages/airflow/example_dags/example_external_task_marker_dag.py
[2023-02-16T00:01:46.129+0000] {logging_mixin.py:137} INFO - [2023-02-16T00:01:46.129+0000] {dag.py:2690} INFO - Sync 2 DAGs
[2023-02-16T00:01:46.170+0000] {logging_mixin.py:137} INFO - [2023-02-16T00:01:46.169+0000] {dag.py:3441} INFO - Setting next_dagrun for example_external_task_marker_child to None, run_after=None
[2023-02-16T00:01:46.176+0000] {logging_mixin.py:137} INFO - [2023-02-16T00:01:46.175+0000] {dag.py:3441} INFO - Setting next_dagrun for example_external_task_marker_parent to None, run_after=None
[2023-02-16T00:01:46.219+0000] {processor.py:175} INFO - Processing /home/airflow/.local/lib/python3.7/site-packages/airflow/example_dags/example_external_task_marker_dag.py took 0.146 seconds
[2023-02-16T00:02:16.998+0000] {processor.py:153} INFO - Started process (PID=1072) to work on /home/airflow/.local/lib/python3.7/site-packages/airflow/example_dags/example_external_task_marker_dag.py
[2023-02-16T00:02:16.999+0000] {processor.py:743} INFO - Processing file /home/airflow/.local/lib/python3.7/site-packages/airflow/example_dags/example_external_task_marker_dag.py for tasks to queue
[2023-02-16T00:02:17.000+0000] {logging_mixin.py:137} INFO - [2023-02-16T00:02:17.000+0000] {dagbag.py:538} INFO - Filling up the DagBag from /home/airflow/.local/lib/python3.7/site-packages/airflow/example_dags/example_external_task_marker_dag.py
[2023-02-16T00:02:17.017+0000] {processor.py:753} INFO - DAG(s) dict_keys(['example_external_task_marker_child', 'example_external_task_marker_parent']) retrieved from /home/airflow/.local/lib/python3.7/site-packages/airflow/example_dags/example_external_task_marker_dag.py
[2023-02-16T00:02:17.054+0000] {logging_mixin.py:137} INFO - [2023-02-16T00:02:17.054+0000] {dag.py:2690} INFO - Sync 2 DAGs
[2023-02-16T00:02:17.093+0000] {logging_mixin.py:137} INFO - [2023-02-16T00:02:17.093+0000] {dag.py:3441} INFO - Setting next_dagrun for example_external_task_marker_child to None, run_after=None
[2023-02-16T00:02:17.099+0000] {logging_mixin.py:137} INFO - [2023-02-16T00:02:17.098+0000] {dag.py:3441} INFO - Setting next_dagrun for example_external_task_marker_parent to None, run_after=None
[2023-02-16T00:02:17.130+0000] {processor.py:175} INFO - Processing /home/airflow/.local/lib/python3.7/site-packages/airflow/example_dags/example_external_task_marker_dag.py took 0.138 seconds
[2023-02-16T00:02:48.064+0000] {processor.py:153} INFO - Started process (PID=1160) to work on /home/airflow/.local/lib/python3.7/site-packages/airflow/example_dags/example_external_task_marker_dag.py
[2023-02-16T00:02:48.065+0000] {processor.py:743} INFO - Processing file /home/airflow/.local/lib/python3.7/site-packages/airflow/example_dags/example_external_task_marker_dag.py for tasks to queue
[2023-02-16T00:02:48.066+0000] {logging_mixin.py:137} INFO - [2023-02-16T00:02:48.066+0000] {dagbag.py:538} INFO - Filling up the DagBag from /home/airflow/.local/lib/python3.7/site-packages/airflow/example_dags/example_external_task_marker_dag.py
[2023-02-16T00:02:48.082+0000] {processor.py:753} INFO - DAG(s) dict_keys(['example_external_task_marker_child', 'example_external_task_marker_parent']) retrieved from /home/airflow/.local/lib/python3.7/site-packages/airflow/example_dags/example_external_task_marker_dag.py
[2023-02-16T00:02:48.124+0000] {logging_mixin.py:137} INFO - [2023-02-16T00:02:48.124+0000] {dag.py:2690} INFO - Sync 2 DAGs
[2023-02-16T00:02:48.174+0000] {logging_mixin.py:137} INFO - [2023-02-16T00:02:48.174+0000] {dag.py:3441} INFO - Setting next_dagrun for example_external_task_marker_child to None, run_after=None
[2023-02-16T00:02:48.181+0000] {logging_mixin.py:137} INFO - [2023-02-16T00:02:48.180+0000] {dag.py:3441} INFO - Setting next_dagrun for example_external_task_marker_parent to None, run_after=None
[2023-02-16T00:02:48.221+0000] {processor.py:175} INFO - Processing /home/airflow/.local/lib/python3.7/site-packages/airflow/example_dags/example_external_task_marker_dag.py took 0.163 seconds
[2023-02-16T00:03:18.267+0000] {processor.py:153} INFO - Started process (PID=1232) to work on /home/airflow/.local/lib/python3.7/site-packages/airflow/example_dags/example_external_task_marker_dag.py
[2023-02-16T00:03:18.269+0000] {processor.py:743} INFO - Processing file /home/airflow/.local/lib/python3.7/site-packages/airflow/example_dags/example_external_task_marker_dag.py for tasks to queue
[2023-02-16T00:03:18.270+0000] {logging_mixin.py:137} INFO - [2023-02-16T00:03:18.269+0000] {dagbag.py:538} INFO - Filling up the DagBag from /home/airflow/.local/lib/python3.7/site-packages/airflow/example_dags/example_external_task_marker_dag.py
[2023-02-16T00:03:18.286+0000] {processor.py:753} INFO - DAG(s) dict_keys(['example_external_task_marker_parent', 'example_external_task_marker_child']) retrieved from /home/airflow/.local/lib/python3.7/site-packages/airflow/example_dags/example_external_task_marker_dag.py
[2023-02-16T00:03:18.323+0000] {logging_mixin.py:137} INFO - [2023-02-16T00:03:18.322+0000] {dag.py:2690} INFO - Sync 2 DAGs
[2023-02-16T00:03:18.364+0000] {logging_mixin.py:137} INFO - [2023-02-16T00:03:18.364+0000] {dag.py:3441} INFO - Setting next_dagrun for example_external_task_marker_child to None, run_after=None
[2023-02-16T00:03:18.369+0000] {logging_mixin.py:137} INFO - [2023-02-16T00:03:18.369+0000] {dag.py:3441} INFO - Setting next_dagrun for example_external_task_marker_parent to None, run_after=None
[2023-02-16T00:03:18.400+0000] {processor.py:175} INFO - Processing /home/airflow/.local/lib/python3.7/site-packages/airflow/example_dags/example_external_task_marker_dag.py took 0.138 seconds
[2023-02-16T00:03:49.149+0000] {processor.py:153} INFO - Started process (PID=1304) to work on /home/airflow/.local/lib/python3.7/site-packages/airflow/example_dags/example_external_task_marker_dag.py
[2023-02-16T00:03:49.150+0000] {processor.py:743} INFO - Processing file /home/airflow/.local/lib/python3.7/site-packages/airflow/example_dags/example_external_task_marker_dag.py for tasks to queue
[2023-02-16T00:03:49.152+0000] {logging_mixin.py:137} INFO - [2023-02-16T00:03:49.151+0000] {dagbag.py:538} INFO - Filling up the DagBag from /home/airflow/.local/lib/python3.7/site-packages/airflow/example_dags/example_external_task_marker_dag.py
[2023-02-16T00:03:49.168+0000] {processor.py:753} INFO - DAG(s) dict_keys(['example_external_task_marker_parent', 'example_external_task_marker_child']) retrieved from /home/airflow/.local/lib/python3.7/site-packages/airflow/example_dags/example_external_task_marker_dag.py
[2023-02-16T00:03:49.207+0000] {logging_mixin.py:137} INFO - [2023-02-16T00:03:49.207+0000] {dag.py:2690} INFO - Sync 2 DAGs
[2023-02-16T00:03:49.249+0000] {logging_mixin.py:137} INFO - [2023-02-16T00:03:49.249+0000] {dag.py:3441} INFO - Setting next_dagrun for example_external_task_marker_child to None, run_after=None
[2023-02-16T00:03:49.254+0000] {logging_mixin.py:137} INFO - [2023-02-16T00:03:49.254+0000] {dag.py:3441} INFO - Setting next_dagrun for example_external_task_marker_parent to None, run_after=None
[2023-02-16T00:03:49.286+0000] {processor.py:175} INFO - Processing /home/airflow/.local/lib/python3.7/site-packages/airflow/example_dags/example_external_task_marker_dag.py took 0.141 seconds
[2023-02-16T00:04:19.676+0000] {processor.py:153} INFO - Started process (PID=1383) to work on /home/airflow/.local/lib/python3.7/site-packages/airflow/example_dags/example_external_task_marker_dag.py
[2023-02-16T00:04:19.677+0000] {processor.py:743} INFO - Processing file /home/airflow/.local/lib/python3.7/site-packages/airflow/example_dags/example_external_task_marker_dag.py for tasks to queue
[2023-02-16T00:04:19.678+0000] {logging_mixin.py:137} INFO - [2023-02-16T00:04:19.677+0000] {dagbag.py:538} INFO - Filling up the DagBag from /home/airflow/.local/lib/python3.7/site-packages/airflow/example_dags/example_external_task_marker_dag.py
[2023-02-16T00:04:19.695+0000] {processor.py:753} INFO - DAG(s) dict_keys(['example_external_task_marker_parent', 'example_external_task_marker_child']) retrieved from /home/airflow/.local/lib/python3.7/site-packages/airflow/example_dags/example_external_task_marker_dag.py
[2023-02-16T00:04:19.735+0000] {logging_mixin.py:137} INFO - [2023-02-16T00:04:19.735+0000] {dag.py:2690} INFO - Sync 2 DAGs
[2023-02-16T00:04:19.776+0000] {logging_mixin.py:137} INFO - [2023-02-16T00:04:19.776+0000] {dag.py:3441} INFO - Setting next_dagrun for example_external_task_marker_child to None, run_after=None
[2023-02-16T00:04:19.783+0000] {logging_mixin.py:137} INFO - [2023-02-16T00:04:19.782+0000] {dag.py:3441} INFO - Setting next_dagrun for example_external_task_marker_parent to None, run_after=None
[2023-02-16T00:04:19.820+0000] {processor.py:175} INFO - Processing /home/airflow/.local/lib/python3.7/site-packages/airflow/example_dags/example_external_task_marker_dag.py took 0.148 seconds
[2023-02-16T00:04:50.559+0000] {processor.py:153} INFO - Started process (PID=1466) to work on /home/airflow/.local/lib/python3.7/site-packages/airflow/example_dags/example_external_task_marker_dag.py
[2023-02-16T00:04:50.562+0000] {processor.py:743} INFO - Processing file /home/airflow/.local/lib/python3.7/site-packages/airflow/example_dags/example_external_task_marker_dag.py for tasks to queue
[2023-02-16T00:04:50.564+0000] {logging_mixin.py:137} INFO - [2023-02-16T00:04:50.563+0000] {dagbag.py:538} INFO - Filling up the DagBag from /home/airflow/.local/lib/python3.7/site-packages/airflow/example_dags/example_external_task_marker_dag.py
[2023-02-16T00:04:50.589+0000] {processor.py:753} INFO - DAG(s) dict_keys(['example_external_task_marker_child', 'example_external_task_marker_parent']) retrieved from /home/airflow/.local/lib/python3.7/site-packages/airflow/example_dags/example_external_task_marker_dag.py
[2023-02-16T00:04:50.635+0000] {logging_mixin.py:137} INFO - [2023-02-16T00:04:50.635+0000] {dag.py:2690} INFO - Sync 2 DAGs
[2023-02-16T00:04:50.687+0000] {logging_mixin.py:137} INFO - [2023-02-16T00:04:50.687+0000] {dag.py:3441} INFO - Setting next_dagrun for example_external_task_marker_child to None, run_after=None
[2023-02-16T00:04:50.695+0000] {logging_mixin.py:137} INFO - [2023-02-16T00:04:50.695+0000] {dag.py:3441} INFO - Setting next_dagrun for example_external_task_marker_parent to None, run_after=None
[2023-02-16T00:04:50.738+0000] {processor.py:175} INFO - Processing /home/airflow/.local/lib/python3.7/site-packages/airflow/example_dags/example_external_task_marker_dag.py took 0.184 seconds
[2023-02-16T00:05:20.898+0000] {processor.py:153} INFO - Started process (PID=1538) to work on /home/airflow/.local/lib/python3.7/site-packages/airflow/example_dags/example_external_task_marker_dag.py
[2023-02-16T00:05:20.900+0000] {processor.py:743} INFO - Processing file /home/airflow/.local/lib/python3.7/site-packages/airflow/example_dags/example_external_task_marker_dag.py for tasks to queue
[2023-02-16T00:05:20.900+0000] {logging_mixin.py:137} INFO - [2023-02-16T00:05:20.900+0000] {dagbag.py:538} INFO - Filling up the DagBag from /home/airflow/.local/lib/python3.7/site-packages/airflow/example_dags/example_external_task_marker_dag.py
[2023-02-16T00:05:20.915+0000] {processor.py:753} INFO - DAG(s) dict_keys(['example_external_task_marker_parent', 'example_external_task_marker_child']) retrieved from /home/airflow/.local/lib/python3.7/site-packages/airflow/example_dags/example_external_task_marker_dag.py
[2023-02-16T00:05:20.953+0000] {logging_mixin.py:137} INFO - [2023-02-16T00:05:20.953+0000] {dag.py:2690} INFO - Sync 2 DAGs
[2023-02-16T00:05:20.997+0000] {logging_mixin.py:137} INFO - [2023-02-16T00:05:20.996+0000] {dag.py:3441} INFO - Setting next_dagrun for example_external_task_marker_child to None, run_after=None
[2023-02-16T00:05:21.001+0000] {logging_mixin.py:137} INFO - [2023-02-16T00:05:21.001+0000] {dag.py:3441} INFO - Setting next_dagrun for example_external_task_marker_parent to None, run_after=None
[2023-02-16T00:05:21.032+0000] {processor.py:175} INFO - Processing /home/airflow/.local/lib/python3.7/site-packages/airflow/example_dags/example_external_task_marker_dag.py took 0.138 seconds
[2023-02-16T00:05:51.261+0000] {processor.py:153} INFO - Started process (PID=1610) to work on /home/airflow/.local/lib/python3.7/site-packages/airflow/example_dags/example_external_task_marker_dag.py
[2023-02-16T00:05:51.262+0000] {processor.py:743} INFO - Processing file /home/airflow/.local/lib/python3.7/site-packages/airflow/example_dags/example_external_task_marker_dag.py for tasks to queue
[2023-02-16T00:05:51.263+0000] {logging_mixin.py:137} INFO - [2023-02-16T00:05:51.263+0000] {dagbag.py:538} INFO - Filling up the DagBag from /home/airflow/.local/lib/python3.7/site-packages/airflow/example_dags/example_external_task_marker_dag.py
[2023-02-16T00:05:51.282+0000] {processor.py:753} INFO - DAG(s) dict_keys(['example_external_task_marker_child', 'example_external_task_marker_parent']) retrieved from /home/airflow/.local/lib/python3.7/site-packages/airflow/example_dags/example_external_task_marker_dag.py
[2023-02-16T00:05:51.321+0000] {logging_mixin.py:137} INFO - [2023-02-16T00:05:51.321+0000] {dag.py:2690} INFO - Sync 2 DAGs
[2023-02-16T00:05:51.360+0000] {logging_mixin.py:137} INFO - [2023-02-16T00:05:51.360+0000] {dag.py:3441} INFO - Setting next_dagrun for example_external_task_marker_child to None, run_after=None
[2023-02-16T00:05:51.365+0000] {logging_mixin.py:137} INFO - [2023-02-16T00:05:51.365+0000] {dag.py:3441} INFO - Setting next_dagrun for example_external_task_marker_parent to None, run_after=None
[2023-02-16T00:05:51.398+0000] {processor.py:175} INFO - Processing /home/airflow/.local/lib/python3.7/site-packages/airflow/example_dags/example_external_task_marker_dag.py took 0.141 seconds
[2023-02-16T00:06:22.706+0000] {processor.py:153} INFO - Started process (PID=1698) to work on /home/airflow/.local/lib/python3.7/site-packages/airflow/example_dags/example_external_task_marker_dag.py
[2023-02-16T00:06:22.708+0000] {processor.py:743} INFO - Processing file /home/airflow/.local/lib/python3.7/site-packages/airflow/example_dags/example_external_task_marker_dag.py for tasks to queue
[2023-02-16T00:06:22.709+0000] {logging_mixin.py:137} INFO - [2023-02-16T00:06:22.708+0000] {dagbag.py:538} INFO - Filling up the DagBag from /home/airflow/.local/lib/python3.7/site-packages/airflow/example_dags/example_external_task_marker_dag.py
[2023-02-16T00:06:22.728+0000] {processor.py:753} INFO - DAG(s) dict_keys(['example_external_task_marker_parent', 'example_external_task_marker_child']) retrieved from /home/airflow/.local/lib/python3.7/site-packages/airflow/example_dags/example_external_task_marker_dag.py
[2023-02-16T00:06:22.783+0000] {logging_mixin.py:137} INFO - [2023-02-16T00:06:22.783+0000] {dag.py:2690} INFO - Sync 2 DAGs
[2023-02-16T00:06:22.822+0000] {logging_mixin.py:137} INFO - [2023-02-16T00:06:22.822+0000] {dag.py:3441} INFO - Setting next_dagrun for example_external_task_marker_child to None, run_after=None
[2023-02-16T00:06:22.829+0000] {logging_mixin.py:137} INFO - [2023-02-16T00:06:22.829+0000] {dag.py:3441} INFO - Setting next_dagrun for example_external_task_marker_parent to None, run_after=None
[2023-02-16T00:06:22.865+0000] {processor.py:175} INFO - Processing /home/airflow/.local/lib/python3.7/site-packages/airflow/example_dags/example_external_task_marker_dag.py took 0.161 seconds
[2023-02-16T00:07:58.092+0000] {processor.py:153} INFO - Started process (PID=65) to work on /home/airflow/.local/lib/python3.7/site-packages/airflow/example_dags/example_external_task_marker_dag.py
[2023-02-16T00:07:58.105+0000] {processor.py:743} INFO - Processing file /home/airflow/.local/lib/python3.7/site-packages/airflow/example_dags/example_external_task_marker_dag.py for tasks to queue
[2023-02-16T00:07:58.106+0000] {logging_mixin.py:137} INFO - [2023-02-16T00:07:58.106+0000] {dagbag.py:538} INFO - Filling up the DagBag from /home/airflow/.local/lib/python3.7/site-packages/airflow/example_dags/example_external_task_marker_dag.py
[2023-02-16T00:07:58.129+0000] {processor.py:753} INFO - DAG(s) dict_keys(['example_external_task_marker_child', 'example_external_task_marker_parent']) retrieved from /home/airflow/.local/lib/python3.7/site-packages/airflow/example_dags/example_external_task_marker_dag.py
[2023-02-16T00:07:58.167+0000] {logging_mixin.py:137} INFO - [2023-02-16T00:07:58.167+0000] {dag.py:2690} INFO - Sync 2 DAGs
[2023-02-16T00:07:58.213+0000] {logging_mixin.py:137} INFO - [2023-02-16T00:07:58.213+0000] {dag.py:3441} INFO - Setting next_dagrun for example_external_task_marker_child to None, run_after=None
[2023-02-16T00:07:58.221+0000] {logging_mixin.py:137} INFO - [2023-02-16T00:07:58.221+0000] {dag.py:3441} INFO - Setting next_dagrun for example_external_task_marker_parent to None, run_after=None
[2023-02-16T00:07:58.351+0000] {processor.py:175} INFO - Processing /home/airflow/.local/lib/python3.7/site-packages/airflow/example_dags/example_external_task_marker_dag.py took 0.264 seconds
[2023-02-16T00:08:28.748+0000] {processor.py:153} INFO - Started process (PID=138) to work on /home/airflow/.local/lib/python3.7/site-packages/airflow/example_dags/example_external_task_marker_dag.py
[2023-02-16T00:08:28.750+0000] {processor.py:743} INFO - Processing file /home/airflow/.local/lib/python3.7/site-packages/airflow/example_dags/example_external_task_marker_dag.py for tasks to queue
[2023-02-16T00:08:28.751+0000] {logging_mixin.py:137} INFO - [2023-02-16T00:08:28.750+0000] {dagbag.py:538} INFO - Filling up the DagBag from /home/airflow/.local/lib/python3.7/site-packages/airflow/example_dags/example_external_task_marker_dag.py
[2023-02-16T00:08:28.766+0000] {processor.py:753} INFO - DAG(s) dict_keys(['example_external_task_marker_parent', 'example_external_task_marker_child']) retrieved from /home/airflow/.local/lib/python3.7/site-packages/airflow/example_dags/example_external_task_marker_dag.py
[2023-02-16T00:08:28.807+0000] {logging_mixin.py:137} INFO - [2023-02-16T00:08:28.807+0000] {dag.py:2690} INFO - Sync 2 DAGs
[2023-02-16T00:08:28.849+0000] {logging_mixin.py:137} INFO - [2023-02-16T00:08:28.848+0000] {dag.py:3441} INFO - Setting next_dagrun for example_external_task_marker_child to None, run_after=None
[2023-02-16T00:08:28.854+0000] {logging_mixin.py:137} INFO - [2023-02-16T00:08:28.854+0000] {dag.py:3441} INFO - Setting next_dagrun for example_external_task_marker_parent to None, run_after=None
[2023-02-16T00:08:28.888+0000] {processor.py:175} INFO - Processing /home/airflow/.local/lib/python3.7/site-packages/airflow/example_dags/example_external_task_marker_dag.py took 0.145 seconds
[2023-02-16T00:08:59.970+0000] {processor.py:153} INFO - Started process (PID=219) to work on /home/airflow/.local/lib/python3.7/site-packages/airflow/example_dags/example_external_task_marker_dag.py
[2023-02-16T00:08:59.971+0000] {processor.py:743} INFO - Processing file /home/airflow/.local/lib/python3.7/site-packages/airflow/example_dags/example_external_task_marker_dag.py for tasks to queue
[2023-02-16T00:08:59.972+0000] {logging_mixin.py:137} INFO - [2023-02-16T00:08:59.972+0000] {dagbag.py:538} INFO - Filling up the DagBag from /home/airflow/.local/lib/python3.7/site-packages/airflow/example_dags/example_external_task_marker_dag.py
[2023-02-16T00:08:59.995+0000] {processor.py:753} INFO - DAG(s) dict_keys(['example_external_task_marker_parent', 'example_external_task_marker_child']) retrieved from /home/airflow/.local/lib/python3.7/site-packages/airflow/example_dags/example_external_task_marker_dag.py
[2023-02-16T00:09:00.038+0000] {logging_mixin.py:137} INFO - [2023-02-16T00:09:00.037+0000] {dag.py:2690} INFO - Sync 2 DAGs
[2023-02-16T00:09:00.084+0000] {logging_mixin.py:137} INFO - [2023-02-16T00:09:00.084+0000] {dag.py:3441} INFO - Setting next_dagrun for example_external_task_marker_child to None, run_after=None
[2023-02-16T00:09:00.090+0000] {logging_mixin.py:137} INFO - [2023-02-16T00:09:00.089+0000] {dag.py:3441} INFO - Setting next_dagrun for example_external_task_marker_parent to None, run_after=None
[2023-02-16T00:09:00.124+0000] {processor.py:175} INFO - Processing /home/airflow/.local/lib/python3.7/site-packages/airflow/example_dags/example_external_task_marker_dag.py took 0.159 seconds
[2023-02-16T00:09:30.375+0000] {processor.py:153} INFO - Started process (PID=298) to work on /home/airflow/.local/lib/python3.7/site-packages/airflow/example_dags/example_external_task_marker_dag.py
[2023-02-16T00:09:30.377+0000] {processor.py:743} INFO - Processing file /home/airflow/.local/lib/python3.7/site-packages/airflow/example_dags/example_external_task_marker_dag.py for tasks to queue
[2023-02-16T00:09:30.377+0000] {logging_mixin.py:137} INFO - [2023-02-16T00:09:30.377+0000] {dagbag.py:538} INFO - Filling up the DagBag from /home/airflow/.local/lib/python3.7/site-packages/airflow/example_dags/example_external_task_marker_dag.py
[2023-02-16T00:09:30.394+0000] {processor.py:753} INFO - DAG(s) dict_keys(['example_external_task_marker_child', 'example_external_task_marker_parent']) retrieved from /home/airflow/.local/lib/python3.7/site-packages/airflow/example_dags/example_external_task_marker_dag.py
[2023-02-16T00:09:30.444+0000] {logging_mixin.py:137} INFO - [2023-02-16T00:09:30.444+0000] {dag.py:2690} INFO - Sync 2 DAGs
[2023-02-16T00:09:30.510+0000] {logging_mixin.py:137} INFO - [2023-02-16T00:09:30.509+0000] {dag.py:3441} INFO - Setting next_dagrun for example_external_task_marker_child to None, run_after=None
[2023-02-16T00:09:30.515+0000] {logging_mixin.py:137} INFO - [2023-02-16T00:09:30.515+0000] {dag.py:3441} INFO - Setting next_dagrun for example_external_task_marker_parent to None, run_after=None
[2023-02-16T00:09:30.543+0000] {processor.py:175} INFO - Processing /home/airflow/.local/lib/python3.7/site-packages/airflow/example_dags/example_external_task_marker_dag.py took 0.173 seconds
[2023-02-16T00:10:01.139+0000] {processor.py:153} INFO - Started process (PID=371) to work on /home/airflow/.local/lib/python3.7/site-packages/airflow/example_dags/example_external_task_marker_dag.py
[2023-02-16T00:10:01.142+0000] {processor.py:743} INFO - Processing file /home/airflow/.local/lib/python3.7/site-packages/airflow/example_dags/example_external_task_marker_dag.py for tasks to queue
[2023-02-16T00:10:01.143+0000] {logging_mixin.py:137} INFO - [2023-02-16T00:10:01.143+0000] {dagbag.py:538} INFO - Filling up the DagBag from /home/airflow/.local/lib/python3.7/site-packages/airflow/example_dags/example_external_task_marker_dag.py
[2023-02-16T00:10:01.158+0000] {processor.py:753} INFO - DAG(s) dict_keys(['example_external_task_marker_parent', 'example_external_task_marker_child']) retrieved from /home/airflow/.local/lib/python3.7/site-packages/airflow/example_dags/example_external_task_marker_dag.py
[2023-02-16T00:10:01.196+0000] {logging_mixin.py:137} INFO - [2023-02-16T00:10:01.195+0000] {dag.py:2690} INFO - Sync 2 DAGs
[2023-02-16T00:10:01.253+0000] {logging_mixin.py:137} INFO - [2023-02-16T00:10:01.253+0000] {dag.py:3441} INFO - Setting next_dagrun for example_external_task_marker_child to None, run_after=None
[2023-02-16T00:10:01.260+0000] {logging_mixin.py:137} INFO - [2023-02-16T00:10:01.259+0000] {dag.py:3441} INFO - Setting next_dagrun for example_external_task_marker_parent to None, run_after=None
[2023-02-16T00:10:01.300+0000] {processor.py:175} INFO - Processing /home/airflow/.local/lib/python3.7/site-packages/airflow/example_dags/example_external_task_marker_dag.py took 0.165 seconds
[2023-02-16T00:10:32.049+0000] {processor.py:153} INFO - Started process (PID=443) to work on /home/airflow/.local/lib/python3.7/site-packages/airflow/example_dags/example_external_task_marker_dag.py
[2023-02-16T00:10:32.050+0000] {processor.py:743} INFO - Processing file /home/airflow/.local/lib/python3.7/site-packages/airflow/example_dags/example_external_task_marker_dag.py for tasks to queue
[2023-02-16T00:10:32.052+0000] {logging_mixin.py:137} INFO - [2023-02-16T00:10:32.051+0000] {dagbag.py:538} INFO - Filling up the DagBag from /home/airflow/.local/lib/python3.7/site-packages/airflow/example_dags/example_external_task_marker_dag.py
[2023-02-16T00:10:32.071+0000] {processor.py:753} INFO - DAG(s) dict_keys(['example_external_task_marker_child', 'example_external_task_marker_parent']) retrieved from /home/airflow/.local/lib/python3.7/site-packages/airflow/example_dags/example_external_task_marker_dag.py
[2023-02-16T00:10:32.113+0000] {logging_mixin.py:137} INFO - [2023-02-16T00:10:32.112+0000] {dag.py:2690} INFO - Sync 2 DAGs
[2023-02-16T00:10:32.159+0000] {logging_mixin.py:137} INFO - [2023-02-16T00:10:32.158+0000] {dag.py:3441} INFO - Setting next_dagrun for example_external_task_marker_child to None, run_after=None
[2023-02-16T00:10:32.165+0000] {logging_mixin.py:137} INFO - [2023-02-16T00:10:32.165+0000] {dag.py:3441} INFO - Setting next_dagrun for example_external_task_marker_parent to None, run_after=None
[2023-02-16T00:10:32.201+0000] {processor.py:175} INFO - Processing /home/airflow/.local/lib/python3.7/site-packages/airflow/example_dags/example_external_task_marker_dag.py took 0.157 seconds
[2023-02-16T00:11:02.822+0000] {processor.py:153} INFO - Started process (PID=532) to work on /home/airflow/.local/lib/python3.7/site-packages/airflow/example_dags/example_external_task_marker_dag.py
[2023-02-16T00:11:02.824+0000] {processor.py:743} INFO - Processing file /home/airflow/.local/lib/python3.7/site-packages/airflow/example_dags/example_external_task_marker_dag.py for tasks to queue
[2023-02-16T00:11:02.825+0000] {logging_mixin.py:137} INFO - [2023-02-16T00:11:02.825+0000] {dagbag.py:538} INFO - Filling up the DagBag from /home/airflow/.local/lib/python3.7/site-packages/airflow/example_dags/example_external_task_marker_dag.py
[2023-02-16T00:11:02.861+0000] {processor.py:753} INFO - DAG(s) dict_keys(['example_external_task_marker_parent', 'example_external_task_marker_child']) retrieved from /home/airflow/.local/lib/python3.7/site-packages/airflow/example_dags/example_external_task_marker_dag.py
[2023-02-16T00:11:02.917+0000] {logging_mixin.py:137} INFO - [2023-02-16T00:11:02.916+0000] {dag.py:2690} INFO - Sync 2 DAGs
[2023-02-16T00:11:02.999+0000] {logging_mixin.py:137} INFO - [2023-02-16T00:11:02.999+0000] {dag.py:3441} INFO - Setting next_dagrun for example_external_task_marker_child to None, run_after=None
[2023-02-16T00:11:03.005+0000] {logging_mixin.py:137} INFO - [2023-02-16T00:11:03.004+0000] {dag.py:3441} INFO - Setting next_dagrun for example_external_task_marker_parent to None, run_after=None
[2023-02-16T00:11:03.043+0000] {processor.py:175} INFO - Processing /home/airflow/.local/lib/python3.7/site-packages/airflow/example_dags/example_external_task_marker_dag.py took 0.224 seconds
[2023-02-16T00:31:34.031+0000] {processor.py:153} INFO - Started process (PID=66) to work on /home/airflow/.local/lib/python3.7/site-packages/airflow/example_dags/example_external_task_marker_dag.py
[2023-02-16T00:31:34.032+0000] {processor.py:743} INFO - Processing file /home/airflow/.local/lib/python3.7/site-packages/airflow/example_dags/example_external_task_marker_dag.py for tasks to queue
[2023-02-16T00:31:34.033+0000] {logging_mixin.py:137} INFO - [2023-02-16T00:31:34.033+0000] {dagbag.py:538} INFO - Filling up the DagBag from /home/airflow/.local/lib/python3.7/site-packages/airflow/example_dags/example_external_task_marker_dag.py
[2023-02-16T00:31:34.053+0000] {processor.py:753} INFO - DAG(s) dict_keys(['example_external_task_marker_parent', 'example_external_task_marker_child']) retrieved from /home/airflow/.local/lib/python3.7/site-packages/airflow/example_dags/example_external_task_marker_dag.py
[2023-02-16T00:31:34.151+0000] {logging_mixin.py:137} INFO - [2023-02-16T00:31:34.151+0000] {dag.py:2690} INFO - Sync 2 DAGs
[2023-02-16T00:31:34.192+0000] {logging_mixin.py:137} INFO - [2023-02-16T00:31:34.192+0000] {dag.py:3441} INFO - Setting next_dagrun for example_external_task_marker_child to None, run_after=None
[2023-02-16T00:31:34.199+0000] {logging_mixin.py:137} INFO - [2023-02-16T00:31:34.198+0000] {dag.py:3441} INFO - Setting next_dagrun for example_external_task_marker_parent to None, run_after=None
[2023-02-16T00:31:34.240+0000] {processor.py:175} INFO - Processing /home/airflow/.local/lib/python3.7/site-packages/airflow/example_dags/example_external_task_marker_dag.py took 0.213 seconds
[2023-02-16T00:32:04.400+0000] {processor.py:153} INFO - Started process (PID=138) to work on /home/airflow/.local/lib/python3.7/site-packages/airflow/example_dags/example_external_task_marker_dag.py
[2023-02-16T00:32:04.402+0000] {processor.py:743} INFO - Processing file /home/airflow/.local/lib/python3.7/site-packages/airflow/example_dags/example_external_task_marker_dag.py for tasks to queue
[2023-02-16T00:32:04.403+0000] {logging_mixin.py:137} INFO - [2023-02-16T00:32:04.403+0000] {dagbag.py:538} INFO - Filling up the DagBag from /home/airflow/.local/lib/python3.7/site-packages/airflow/example_dags/example_external_task_marker_dag.py
[2023-02-16T00:32:04.423+0000] {processor.py:753} INFO - DAG(s) dict_keys(['example_external_task_marker_child', 'example_external_task_marker_parent']) retrieved from /home/airflow/.local/lib/python3.7/site-packages/airflow/example_dags/example_external_task_marker_dag.py
[2023-02-16T00:32:04.466+0000] {logging_mixin.py:137} INFO - [2023-02-16T00:32:04.466+0000] {dag.py:2690} INFO - Sync 2 DAGs
[2023-02-16T00:32:04.517+0000] {logging_mixin.py:137} INFO - [2023-02-16T00:32:04.517+0000] {dag.py:3441} INFO - Setting next_dagrun for example_external_task_marker_child to None, run_after=None
[2023-02-16T00:32:04.523+0000] {logging_mixin.py:137} INFO - [2023-02-16T00:32:04.523+0000] {dag.py:3441} INFO - Setting next_dagrun for example_external_task_marker_parent to None, run_after=None
[2023-02-16T00:32:04.560+0000] {processor.py:175} INFO - Processing /home/airflow/.local/lib/python3.7/site-packages/airflow/example_dags/example_external_task_marker_dag.py took 0.165 seconds
