[2023-02-16T00:00:15.188+0000] {processor.py:153} INFO - Started process (PID=785) to work on /home/airflow/.local/lib/python3.7/site-packages/airflow/example_dags/example_xcomargs.py
[2023-02-16T00:00:15.189+0000] {processor.py:743} INFO - Processing file /home/airflow/.local/lib/python3.7/site-packages/airflow/example_dags/example_xcomargs.py for tasks to queue
[2023-02-16T00:00:15.190+0000] {logging_mixin.py:137} INFO - [2023-02-16T00:00:15.189+0000] {dagbag.py:538} INFO - Filling up the DagBag from /home/airflow/.local/lib/python3.7/site-packages/airflow/example_dags/example_xcomargs.py
[2023-02-16T00:00:15.214+0000] {processor.py:753} INFO - DAG(s) dict_keys(['example_xcom_args', 'example_xcom_args_with_operators']) retrieved from /home/airflow/.local/lib/python3.7/site-packages/airflow/example_dags/example_xcomargs.py
[2023-02-16T00:00:15.252+0000] {logging_mixin.py:137} INFO - [2023-02-16T00:00:15.251+0000] {dag.py:2690} INFO - Sync 2 DAGs
[2023-02-16T00:00:15.288+0000] {logging_mixin.py:137} INFO - [2023-02-16T00:00:15.288+0000] {dag.py:3441} INFO - Setting next_dagrun for example_xcom_args to None, run_after=None
[2023-02-16T00:00:15.293+0000] {logging_mixin.py:137} INFO - [2023-02-16T00:00:15.293+0000] {dag.py:3441} INFO - Setting next_dagrun for example_xcom_args_with_operators to None, run_after=None
[2023-02-16T00:00:15.319+0000] {processor.py:175} INFO - Processing /home/airflow/.local/lib/python3.7/site-packages/airflow/example_dags/example_xcomargs.py took 0.137 seconds
[2023-02-16T00:00:46.306+0000] {processor.py:153} INFO - Started process (PID=868) to work on /home/airflow/.local/lib/python3.7/site-packages/airflow/example_dags/example_xcomargs.py
[2023-02-16T00:00:46.307+0000] {processor.py:743} INFO - Processing file /home/airflow/.local/lib/python3.7/site-packages/airflow/example_dags/example_xcomargs.py for tasks to queue
[2023-02-16T00:00:46.308+0000] {logging_mixin.py:137} INFO - [2023-02-16T00:00:46.307+0000] {dagbag.py:538} INFO - Filling up the DagBag from /home/airflow/.local/lib/python3.7/site-packages/airflow/example_dags/example_xcomargs.py
[2023-02-16T00:00:46.343+0000] {processor.py:753} INFO - DAG(s) dict_keys(['example_xcom_args', 'example_xcom_args_with_operators']) retrieved from /home/airflow/.local/lib/python3.7/site-packages/airflow/example_dags/example_xcomargs.py
[2023-02-16T00:00:46.388+0000] {logging_mixin.py:137} INFO - [2023-02-16T00:00:46.388+0000] {dag.py:2690} INFO - Sync 2 DAGs
[2023-02-16T00:00:46.434+0000] {logging_mixin.py:137} INFO - [2023-02-16T00:00:46.434+0000] {dag.py:3441} INFO - Setting next_dagrun for example_xcom_args to None, run_after=None
[2023-02-16T00:00:46.440+0000] {logging_mixin.py:137} INFO - [2023-02-16T00:00:46.440+0000] {dag.py:3441} INFO - Setting next_dagrun for example_xcom_args_with_operators to None, run_after=None
[2023-02-16T00:00:46.474+0000] {processor.py:175} INFO - Processing /home/airflow/.local/lib/python3.7/site-packages/airflow/example_dags/example_xcomargs.py took 0.173 seconds
[2023-02-16T00:01:17.256+0000] {processor.py:153} INFO - Started process (PID=948) to work on /home/airflow/.local/lib/python3.7/site-packages/airflow/example_dags/example_xcomargs.py
[2023-02-16T00:01:17.257+0000] {processor.py:743} INFO - Processing file /home/airflow/.local/lib/python3.7/site-packages/airflow/example_dags/example_xcomargs.py for tasks to queue
[2023-02-16T00:01:17.258+0000] {logging_mixin.py:137} INFO - [2023-02-16T00:01:17.258+0000] {dagbag.py:538} INFO - Filling up the DagBag from /home/airflow/.local/lib/python3.7/site-packages/airflow/example_dags/example_xcomargs.py
[2023-02-16T00:01:17.284+0000] {processor.py:753} INFO - DAG(s) dict_keys(['example_xcom_args', 'example_xcom_args_with_operators']) retrieved from /home/airflow/.local/lib/python3.7/site-packages/airflow/example_dags/example_xcomargs.py
[2023-02-16T00:01:17.319+0000] {logging_mixin.py:137} INFO - [2023-02-16T00:01:17.319+0000] {dag.py:2690} INFO - Sync 2 DAGs
[2023-02-16T00:01:17.357+0000] {logging_mixin.py:137} INFO - [2023-02-16T00:01:17.357+0000] {dag.py:3441} INFO - Setting next_dagrun for example_xcom_args to None, run_after=None
[2023-02-16T00:01:17.362+0000] {logging_mixin.py:137} INFO - [2023-02-16T00:01:17.361+0000] {dag.py:3441} INFO - Setting next_dagrun for example_xcom_args_with_operators to None, run_after=None
[2023-02-16T00:01:17.393+0000] {processor.py:175} INFO - Processing /home/airflow/.local/lib/python3.7/site-packages/airflow/example_dags/example_xcomargs.py took 0.142 seconds
[2023-02-16T00:01:47.983+0000] {processor.py:153} INFO - Started process (PID=1021) to work on /home/airflow/.local/lib/python3.7/site-packages/airflow/example_dags/example_xcomargs.py
[2023-02-16T00:01:47.984+0000] {processor.py:743} INFO - Processing file /home/airflow/.local/lib/python3.7/site-packages/airflow/example_dags/example_xcomargs.py for tasks to queue
[2023-02-16T00:01:47.985+0000] {logging_mixin.py:137} INFO - [2023-02-16T00:01:47.985+0000] {dagbag.py:538} INFO - Filling up the DagBag from /home/airflow/.local/lib/python3.7/site-packages/airflow/example_dags/example_xcomargs.py
[2023-02-16T00:01:48.012+0000] {processor.py:753} INFO - DAG(s) dict_keys(['example_xcom_args', 'example_xcom_args_with_operators']) retrieved from /home/airflow/.local/lib/python3.7/site-packages/airflow/example_dags/example_xcomargs.py
[2023-02-16T00:01:48.049+0000] {logging_mixin.py:137} INFO - [2023-02-16T00:01:48.049+0000] {dag.py:2690} INFO - Sync 2 DAGs
[2023-02-16T00:01:48.090+0000] {logging_mixin.py:137} INFO - [2023-02-16T00:01:48.090+0000] {dag.py:3441} INFO - Setting next_dagrun for example_xcom_args to None, run_after=None
[2023-02-16T00:01:48.096+0000] {logging_mixin.py:137} INFO - [2023-02-16T00:01:48.096+0000] {dag.py:3441} INFO - Setting next_dagrun for example_xcom_args_with_operators to None, run_after=None
[2023-02-16T00:01:48.135+0000] {processor.py:175} INFO - Processing /home/airflow/.local/lib/python3.7/site-packages/airflow/example_dags/example_xcomargs.py took 0.157 seconds
[2023-02-16T00:02:18.878+0000] {processor.py:153} INFO - Started process (PID=1093) to work on /home/airflow/.local/lib/python3.7/site-packages/airflow/example_dags/example_xcomargs.py
[2023-02-16T00:02:18.881+0000] {processor.py:743} INFO - Processing file /home/airflow/.local/lib/python3.7/site-packages/airflow/example_dags/example_xcomargs.py for tasks to queue
[2023-02-16T00:02:18.882+0000] {logging_mixin.py:137} INFO - [2023-02-16T00:02:18.881+0000] {dagbag.py:538} INFO - Filling up the DagBag from /home/airflow/.local/lib/python3.7/site-packages/airflow/example_dags/example_xcomargs.py
[2023-02-16T00:02:18.914+0000] {processor.py:753} INFO - DAG(s) dict_keys(['example_xcom_args_with_operators', 'example_xcom_args']) retrieved from /home/airflow/.local/lib/python3.7/site-packages/airflow/example_dags/example_xcomargs.py
[2023-02-16T00:02:18.958+0000] {logging_mixin.py:137} INFO - [2023-02-16T00:02:18.958+0000] {dag.py:2690} INFO - Sync 2 DAGs
[2023-02-16T00:02:19.012+0000] {logging_mixin.py:137} INFO - [2023-02-16T00:02:19.012+0000] {dag.py:3441} INFO - Setting next_dagrun for example_xcom_args to None, run_after=None
[2023-02-16T00:02:19.019+0000] {logging_mixin.py:137} INFO - [2023-02-16T00:02:19.018+0000] {dag.py:3441} INFO - Setting next_dagrun for example_xcom_args_with_operators to None, run_after=None
[2023-02-16T00:02:19.058+0000] {processor.py:175} INFO - Processing /home/airflow/.local/lib/python3.7/site-packages/airflow/example_dags/example_xcomargs.py took 0.183 seconds
[2023-02-16T00:02:50.522+0000] {processor.py:153} INFO - Started process (PID=1181) to work on /home/airflow/.local/lib/python3.7/site-packages/airflow/example_dags/example_xcomargs.py
[2023-02-16T00:02:50.524+0000] {processor.py:743} INFO - Processing file /home/airflow/.local/lib/python3.7/site-packages/airflow/example_dags/example_xcomargs.py for tasks to queue
[2023-02-16T00:02:50.524+0000] {logging_mixin.py:137} INFO - [2023-02-16T00:02:50.524+0000] {dagbag.py:538} INFO - Filling up the DagBag from /home/airflow/.local/lib/python3.7/site-packages/airflow/example_dags/example_xcomargs.py
[2023-02-16T00:02:50.554+0000] {processor.py:753} INFO - DAG(s) dict_keys(['example_xcom_args_with_operators', 'example_xcom_args']) retrieved from /home/airflow/.local/lib/python3.7/site-packages/airflow/example_dags/example_xcomargs.py
[2023-02-16T00:02:50.589+0000] {logging_mixin.py:137} INFO - [2023-02-16T00:02:50.589+0000] {dag.py:2690} INFO - Sync 2 DAGs
[2023-02-16T00:02:50.620+0000] {logging_mixin.py:137} INFO - [2023-02-16T00:02:50.620+0000] {dag.py:3441} INFO - Setting next_dagrun for example_xcom_args to None, run_after=None
[2023-02-16T00:02:50.624+0000] {logging_mixin.py:137} INFO - [2023-02-16T00:02:50.624+0000] {dag.py:3441} INFO - Setting next_dagrun for example_xcom_args_with_operators to None, run_after=None
[2023-02-16T00:02:50.653+0000] {processor.py:175} INFO - Processing /home/airflow/.local/lib/python3.7/site-packages/airflow/example_dags/example_xcomargs.py took 0.135 seconds
[2023-02-16T00:03:21.250+0000] {processor.py:153} INFO - Started process (PID=1253) to work on /home/airflow/.local/lib/python3.7/site-packages/airflow/example_dags/example_xcomargs.py
[2023-02-16T00:03:21.251+0000] {processor.py:743} INFO - Processing file /home/airflow/.local/lib/python3.7/site-packages/airflow/example_dags/example_xcomargs.py for tasks to queue
[2023-02-16T00:03:21.252+0000] {logging_mixin.py:137} INFO - [2023-02-16T00:03:21.251+0000] {dagbag.py:538} INFO - Filling up the DagBag from /home/airflow/.local/lib/python3.7/site-packages/airflow/example_dags/example_xcomargs.py
[2023-02-16T00:03:21.275+0000] {processor.py:753} INFO - DAG(s) dict_keys(['example_xcom_args_with_operators', 'example_xcom_args']) retrieved from /home/airflow/.local/lib/python3.7/site-packages/airflow/example_dags/example_xcomargs.py
[2023-02-16T00:03:21.308+0000] {logging_mixin.py:137} INFO - [2023-02-16T00:03:21.308+0000] {dag.py:2690} INFO - Sync 2 DAGs
[2023-02-16T00:03:21.338+0000] {logging_mixin.py:137} INFO - [2023-02-16T00:03:21.338+0000] {dag.py:3441} INFO - Setting next_dagrun for example_xcom_args to None, run_after=None
[2023-02-16T00:03:21.344+0000] {logging_mixin.py:137} INFO - [2023-02-16T00:03:21.344+0000] {dag.py:3441} INFO - Setting next_dagrun for example_xcom_args_with_operators to None, run_after=None
[2023-02-16T00:03:21.370+0000] {processor.py:175} INFO - Processing /home/airflow/.local/lib/python3.7/site-packages/airflow/example_dags/example_xcomargs.py took 0.124 seconds
[2023-02-16T00:03:52.332+0000] {processor.py:153} INFO - Started process (PID=1325) to work on /home/airflow/.local/lib/python3.7/site-packages/airflow/example_dags/example_xcomargs.py
[2023-02-16T00:03:52.333+0000] {processor.py:743} INFO - Processing file /home/airflow/.local/lib/python3.7/site-packages/airflow/example_dags/example_xcomargs.py for tasks to queue
[2023-02-16T00:03:52.334+0000] {logging_mixin.py:137} INFO - [2023-02-16T00:03:52.334+0000] {dagbag.py:538} INFO - Filling up the DagBag from /home/airflow/.local/lib/python3.7/site-packages/airflow/example_dags/example_xcomargs.py
[2023-02-16T00:03:52.363+0000] {processor.py:753} INFO - DAG(s) dict_keys(['example_xcom_args_with_operators', 'example_xcom_args']) retrieved from /home/airflow/.local/lib/python3.7/site-packages/airflow/example_dags/example_xcomargs.py
[2023-02-16T00:03:52.403+0000] {logging_mixin.py:137} INFO - [2023-02-16T00:03:52.403+0000] {dag.py:2690} INFO - Sync 2 DAGs
[2023-02-16T00:03:52.447+0000] {logging_mixin.py:137} INFO - [2023-02-16T00:03:52.447+0000] {dag.py:3441} INFO - Setting next_dagrun for example_xcom_args to None, run_after=None
[2023-02-16T00:03:52.453+0000] {logging_mixin.py:137} INFO - [2023-02-16T00:03:52.452+0000] {dag.py:3441} INFO - Setting next_dagrun for example_xcom_args_with_operators to None, run_after=None
[2023-02-16T00:03:52.484+0000] {processor.py:175} INFO - Processing /home/airflow/.local/lib/python3.7/site-packages/airflow/example_dags/example_xcomargs.py took 0.155 seconds
[2023-02-16T00:04:23.350+0000] {processor.py:153} INFO - Started process (PID=1413) to work on /home/airflow/.local/lib/python3.7/site-packages/airflow/example_dags/example_xcomargs.py
[2023-02-16T00:04:23.351+0000] {processor.py:743} INFO - Processing file /home/airflow/.local/lib/python3.7/site-packages/airflow/example_dags/example_xcomargs.py for tasks to queue
[2023-02-16T00:04:23.353+0000] {logging_mixin.py:137} INFO - [2023-02-16T00:04:23.352+0000] {dagbag.py:538} INFO - Filling up the DagBag from /home/airflow/.local/lib/python3.7/site-packages/airflow/example_dags/example_xcomargs.py
[2023-02-16T00:04:23.384+0000] {processor.py:753} INFO - DAG(s) dict_keys(['example_xcom_args_with_operators', 'example_xcom_args']) retrieved from /home/airflow/.local/lib/python3.7/site-packages/airflow/example_dags/example_xcomargs.py
[2023-02-16T00:04:23.425+0000] {logging_mixin.py:137} INFO - [2023-02-16T00:04:23.425+0000] {dag.py:2690} INFO - Sync 2 DAGs
[2023-02-16T00:04:23.464+0000] {logging_mixin.py:137} INFO - [2023-02-16T00:04:23.464+0000] {dag.py:3441} INFO - Setting next_dagrun for example_xcom_args to None, run_after=None
[2023-02-16T00:04:23.469+0000] {logging_mixin.py:137} INFO - [2023-02-16T00:04:23.469+0000] {dag.py:3441} INFO - Setting next_dagrun for example_xcom_args_with_operators to None, run_after=None
[2023-02-16T00:04:23.502+0000] {processor.py:175} INFO - Processing /home/airflow/.local/lib/python3.7/site-packages/airflow/example_dags/example_xcomargs.py took 0.156 seconds
[2023-02-16T00:04:53.881+0000] {processor.py:153} INFO - Started process (PID=1487) to work on /home/airflow/.local/lib/python3.7/site-packages/airflow/example_dags/example_xcomargs.py
[2023-02-16T00:04:53.882+0000] {processor.py:743} INFO - Processing file /home/airflow/.local/lib/python3.7/site-packages/airflow/example_dags/example_xcomargs.py for tasks to queue
[2023-02-16T00:04:53.883+0000] {logging_mixin.py:137} INFO - [2023-02-16T00:04:53.883+0000] {dagbag.py:538} INFO - Filling up the DagBag from /home/airflow/.local/lib/python3.7/site-packages/airflow/example_dags/example_xcomargs.py
[2023-02-16T00:04:53.918+0000] {processor.py:753} INFO - DAG(s) dict_keys(['example_xcom_args', 'example_xcom_args_with_operators']) retrieved from /home/airflow/.local/lib/python3.7/site-packages/airflow/example_dags/example_xcomargs.py
[2023-02-16T00:04:53.957+0000] {logging_mixin.py:137} INFO - [2023-02-16T00:04:53.957+0000] {dag.py:2690} INFO - Sync 2 DAGs
[2023-02-16T00:04:53.999+0000] {logging_mixin.py:137} INFO - [2023-02-16T00:04:53.999+0000] {dag.py:3441} INFO - Setting next_dagrun for example_xcom_args to None, run_after=None
[2023-02-16T00:04:54.006+0000] {logging_mixin.py:137} INFO - [2023-02-16T00:04:54.006+0000] {dag.py:3441} INFO - Setting next_dagrun for example_xcom_args_with_operators to None, run_after=None
[2023-02-16T00:04:54.040+0000] {processor.py:175} INFO - Processing /home/airflow/.local/lib/python3.7/site-packages/airflow/example_dags/example_xcomargs.py took 0.164 seconds
[2023-02-16T00:05:24.277+0000] {processor.py:153} INFO - Started process (PID=1559) to work on /home/airflow/.local/lib/python3.7/site-packages/airflow/example_dags/example_xcomargs.py
[2023-02-16T00:05:24.278+0000] {processor.py:743} INFO - Processing file /home/airflow/.local/lib/python3.7/site-packages/airflow/example_dags/example_xcomargs.py for tasks to queue
[2023-02-16T00:05:24.279+0000] {logging_mixin.py:137} INFO - [2023-02-16T00:05:24.279+0000] {dagbag.py:538} INFO - Filling up the DagBag from /home/airflow/.local/lib/python3.7/site-packages/airflow/example_dags/example_xcomargs.py
[2023-02-16T00:05:24.308+0000] {processor.py:753} INFO - DAG(s) dict_keys(['example_xcom_args', 'example_xcom_args_with_operators']) retrieved from /home/airflow/.local/lib/python3.7/site-packages/airflow/example_dags/example_xcomargs.py
[2023-02-16T00:05:24.346+0000] {logging_mixin.py:137} INFO - [2023-02-16T00:05:24.346+0000] {dag.py:2690} INFO - Sync 2 DAGs
[2023-02-16T00:05:24.391+0000] {logging_mixin.py:137} INFO - [2023-02-16T00:05:24.390+0000] {dag.py:3441} INFO - Setting next_dagrun for example_xcom_args to None, run_after=None
[2023-02-16T00:05:24.397+0000] {logging_mixin.py:137} INFO - [2023-02-16T00:05:24.397+0000] {dag.py:3441} INFO - Setting next_dagrun for example_xcom_args_with_operators to None, run_after=None
[2023-02-16T00:05:24.427+0000] {processor.py:175} INFO - Processing /home/airflow/.local/lib/python3.7/site-packages/airflow/example_dags/example_xcomargs.py took 0.155 seconds
[2023-02-16T00:05:55.233+0000] {processor.py:153} INFO - Started process (PID=1647) to work on /home/airflow/.local/lib/python3.7/site-packages/airflow/example_dags/example_xcomargs.py
[2023-02-16T00:05:55.234+0000] {processor.py:743} INFO - Processing file /home/airflow/.local/lib/python3.7/site-packages/airflow/example_dags/example_xcomargs.py for tasks to queue
[2023-02-16T00:05:55.235+0000] {logging_mixin.py:137} INFO - [2023-02-16T00:05:55.235+0000] {dagbag.py:538} INFO - Filling up the DagBag from /home/airflow/.local/lib/python3.7/site-packages/airflow/example_dags/example_xcomargs.py
[2023-02-16T00:05:55.269+0000] {processor.py:753} INFO - DAG(s) dict_keys(['example_xcom_args', 'example_xcom_args_with_operators']) retrieved from /home/airflow/.local/lib/python3.7/site-packages/airflow/example_dags/example_xcomargs.py
[2023-02-16T00:05:55.315+0000] {logging_mixin.py:137} INFO - [2023-02-16T00:05:55.315+0000] {dag.py:2690} INFO - Sync 2 DAGs
[2023-02-16T00:05:55.371+0000] {logging_mixin.py:137} INFO - [2023-02-16T00:05:55.370+0000] {dag.py:3441} INFO - Setting next_dagrun for example_xcom_args to None, run_after=None
[2023-02-16T00:05:55.378+0000] {logging_mixin.py:137} INFO - [2023-02-16T00:05:55.377+0000] {dag.py:3441} INFO - Setting next_dagrun for example_xcom_args_with_operators to None, run_after=None
[2023-02-16T00:05:55.437+0000] {processor.py:175} INFO - Processing /home/airflow/.local/lib/python3.7/site-packages/airflow/example_dags/example_xcomargs.py took 0.207 seconds
[2023-02-16T00:06:26.025+0000] {processor.py:153} INFO - Started process (PID=1719) to work on /home/airflow/.local/lib/python3.7/site-packages/airflow/example_dags/example_xcomargs.py
[2023-02-16T00:06:26.026+0000] {processor.py:743} INFO - Processing file /home/airflow/.local/lib/python3.7/site-packages/airflow/example_dags/example_xcomargs.py for tasks to queue
[2023-02-16T00:06:26.027+0000] {logging_mixin.py:137} INFO - [2023-02-16T00:06:26.027+0000] {dagbag.py:538} INFO - Filling up the DagBag from /home/airflow/.local/lib/python3.7/site-packages/airflow/example_dags/example_xcomargs.py
[2023-02-16T00:06:26.055+0000] {processor.py:753} INFO - DAG(s) dict_keys(['example_xcom_args', 'example_xcom_args_with_operators']) retrieved from /home/airflow/.local/lib/python3.7/site-packages/airflow/example_dags/example_xcomargs.py
[2023-02-16T00:06:26.094+0000] {logging_mixin.py:137} INFO - [2023-02-16T00:06:26.093+0000] {dag.py:2690} INFO - Sync 2 DAGs
[2023-02-16T00:06:26.133+0000] {logging_mixin.py:137} INFO - [2023-02-16T00:06:26.133+0000] {dag.py:3441} INFO - Setting next_dagrun for example_xcom_args to None, run_after=None
[2023-02-16T00:06:26.137+0000] {logging_mixin.py:137} INFO - [2023-02-16T00:06:26.137+0000] {dag.py:3441} INFO - Setting next_dagrun for example_xcom_args_with_operators to None, run_after=None
[2023-02-16T00:06:26.166+0000] {processor.py:175} INFO - Processing /home/airflow/.local/lib/python3.7/site-packages/airflow/example_dags/example_xcomargs.py took 0.144 seconds
[2023-02-16T00:08:00.841+0000] {processor.py:153} INFO - Started process (PID=86) to work on /home/airflow/.local/lib/python3.7/site-packages/airflow/example_dags/example_xcomargs.py
[2023-02-16T00:08:00.842+0000] {processor.py:743} INFO - Processing file /home/airflow/.local/lib/python3.7/site-packages/airflow/example_dags/example_xcomargs.py for tasks to queue
[2023-02-16T00:08:00.843+0000] {logging_mixin.py:137} INFO - [2023-02-16T00:08:00.843+0000] {dagbag.py:538} INFO - Filling up the DagBag from /home/airflow/.local/lib/python3.7/site-packages/airflow/example_dags/example_xcomargs.py
[2023-02-16T00:08:00.877+0000] {processor.py:753} INFO - DAG(s) dict_keys(['example_xcom_args_with_operators', 'example_xcom_args']) retrieved from /home/airflow/.local/lib/python3.7/site-packages/airflow/example_dags/example_xcomargs.py
[2023-02-16T00:08:00.915+0000] {logging_mixin.py:137} INFO - [2023-02-16T00:08:00.915+0000] {dag.py:2690} INFO - Sync 2 DAGs
[2023-02-16T00:08:00.951+0000] {logging_mixin.py:137} INFO - [2023-02-16T00:08:00.951+0000] {dag.py:3441} INFO - Setting next_dagrun for example_xcom_args to None, run_after=None
[2023-02-16T00:08:00.956+0000] {logging_mixin.py:137} INFO - [2023-02-16T00:08:00.956+0000] {dag.py:3441} INFO - Setting next_dagrun for example_xcom_args_with_operators to None, run_after=None
[2023-02-16T00:08:00.986+0000] {processor.py:175} INFO - Processing /home/airflow/.local/lib/python3.7/site-packages/airflow/example_dags/example_xcomargs.py took 0.148 seconds
[2023-02-16T00:08:31.824+0000] {processor.py:153} INFO - Started process (PID=159) to work on /home/airflow/.local/lib/python3.7/site-packages/airflow/example_dags/example_xcomargs.py
[2023-02-16T00:08:31.825+0000] {processor.py:743} INFO - Processing file /home/airflow/.local/lib/python3.7/site-packages/airflow/example_dags/example_xcomargs.py for tasks to queue
[2023-02-16T00:08:31.826+0000] {logging_mixin.py:137} INFO - [2023-02-16T00:08:31.826+0000] {dagbag.py:538} INFO - Filling up the DagBag from /home/airflow/.local/lib/python3.7/site-packages/airflow/example_dags/example_xcomargs.py
[2023-02-16T00:08:31.865+0000] {processor.py:753} INFO - DAG(s) dict_keys(['example_xcom_args_with_operators', 'example_xcom_args']) retrieved from /home/airflow/.local/lib/python3.7/site-packages/airflow/example_dags/example_xcomargs.py
[2023-02-16T00:08:31.906+0000] {logging_mixin.py:137} INFO - [2023-02-16T00:08:31.906+0000] {dag.py:2690} INFO - Sync 2 DAGs
[2023-02-16T00:08:31.952+0000] {logging_mixin.py:137} INFO - [2023-02-16T00:08:31.952+0000] {dag.py:3441} INFO - Setting next_dagrun for example_xcom_args to None, run_after=None
[2023-02-16T00:08:31.958+0000] {logging_mixin.py:137} INFO - [2023-02-16T00:08:31.958+0000] {dag.py:3441} INFO - Setting next_dagrun for example_xcom_args_with_operators to None, run_after=None
[2023-02-16T00:08:31.994+0000] {processor.py:175} INFO - Processing /home/airflow/.local/lib/python3.7/site-packages/airflow/example_dags/example_xcomargs.py took 0.174 seconds
[2023-02-16T00:09:02.434+0000] {processor.py:153} INFO - Started process (PID=247) to work on /home/airflow/.local/lib/python3.7/site-packages/airflow/example_dags/example_xcomargs.py
[2023-02-16T00:09:02.435+0000] {processor.py:743} INFO - Processing file /home/airflow/.local/lib/python3.7/site-packages/airflow/example_dags/example_xcomargs.py for tasks to queue
[2023-02-16T00:09:02.436+0000] {logging_mixin.py:137} INFO - [2023-02-16T00:09:02.436+0000] {dagbag.py:538} INFO - Filling up the DagBag from /home/airflow/.local/lib/python3.7/site-packages/airflow/example_dags/example_xcomargs.py
[2023-02-16T00:09:02.465+0000] {processor.py:753} INFO - DAG(s) dict_keys(['example_xcom_args', 'example_xcom_args_with_operators']) retrieved from /home/airflow/.local/lib/python3.7/site-packages/airflow/example_dags/example_xcomargs.py
[2023-02-16T00:09:02.506+0000] {logging_mixin.py:137} INFO - [2023-02-16T00:09:02.506+0000] {dag.py:2690} INFO - Sync 2 DAGs
[2023-02-16T00:09:02.545+0000] {logging_mixin.py:137} INFO - [2023-02-16T00:09:02.544+0000] {dag.py:3441} INFO - Setting next_dagrun for example_xcom_args to None, run_after=None
[2023-02-16T00:09:02.550+0000] {logging_mixin.py:137} INFO - [2023-02-16T00:09:02.550+0000] {dag.py:3441} INFO - Setting next_dagrun for example_xcom_args_with_operators to None, run_after=None
[2023-02-16T00:09:02.579+0000] {processor.py:175} INFO - Processing /home/airflow/.local/lib/python3.7/site-packages/airflow/example_dags/example_xcomargs.py took 0.148 seconds
[2023-02-16T00:09:33.383+0000] {processor.py:153} INFO - Started process (PID=319) to work on /home/airflow/.local/lib/python3.7/site-packages/airflow/example_dags/example_xcomargs.py
[2023-02-16T00:09:33.384+0000] {processor.py:743} INFO - Processing file /home/airflow/.local/lib/python3.7/site-packages/airflow/example_dags/example_xcomargs.py for tasks to queue
[2023-02-16T00:09:33.385+0000] {logging_mixin.py:137} INFO - [2023-02-16T00:09:33.385+0000] {dagbag.py:538} INFO - Filling up the DagBag from /home/airflow/.local/lib/python3.7/site-packages/airflow/example_dags/example_xcomargs.py
[2023-02-16T00:09:33.411+0000] {processor.py:753} INFO - DAG(s) dict_keys(['example_xcom_args', 'example_xcom_args_with_operators']) retrieved from /home/airflow/.local/lib/python3.7/site-packages/airflow/example_dags/example_xcomargs.py
[2023-02-16T00:09:33.444+0000] {logging_mixin.py:137} INFO - [2023-02-16T00:09:33.444+0000] {dag.py:2690} INFO - Sync 2 DAGs
[2023-02-16T00:09:33.476+0000] {logging_mixin.py:137} INFO - [2023-02-16T00:09:33.476+0000] {dag.py:3441} INFO - Setting next_dagrun for example_xcom_args to None, run_after=None
[2023-02-16T00:09:33.480+0000] {logging_mixin.py:137} INFO - [2023-02-16T00:09:33.480+0000] {dag.py:3441} INFO - Setting next_dagrun for example_xcom_args_with_operators to None, run_after=None
[2023-02-16T00:09:33.509+0000] {processor.py:175} INFO - Processing /home/airflow/.local/lib/python3.7/site-packages/airflow/example_dags/example_xcomargs.py took 0.130 seconds
[2023-02-16T00:10:04.179+0000] {processor.py:153} INFO - Started process (PID=392) to work on /home/airflow/.local/lib/python3.7/site-packages/airflow/example_dags/example_xcomargs.py
[2023-02-16T00:10:04.182+0000] {processor.py:743} INFO - Processing file /home/airflow/.local/lib/python3.7/site-packages/airflow/example_dags/example_xcomargs.py for tasks to queue
[2023-02-16T00:10:04.183+0000] {logging_mixin.py:137} INFO - [2023-02-16T00:10:04.183+0000] {dagbag.py:538} INFO - Filling up the DagBag from /home/airflow/.local/lib/python3.7/site-packages/airflow/example_dags/example_xcomargs.py
[2023-02-16T00:10:04.225+0000] {processor.py:753} INFO - DAG(s) dict_keys(['example_xcom_args_with_operators', 'example_xcom_args']) retrieved from /home/airflow/.local/lib/python3.7/site-packages/airflow/example_dags/example_xcomargs.py
[2023-02-16T00:10:04.272+0000] {logging_mixin.py:137} INFO - [2023-02-16T00:10:04.271+0000] {dag.py:2690} INFO - Sync 2 DAGs
[2023-02-16T00:10:04.316+0000] {logging_mixin.py:137} INFO - [2023-02-16T00:10:04.316+0000] {dag.py:3441} INFO - Setting next_dagrun for example_xcom_args to None, run_after=None
[2023-02-16T00:10:04.322+0000] {logging_mixin.py:137} INFO - [2023-02-16T00:10:04.321+0000] {dag.py:3441} INFO - Setting next_dagrun for example_xcom_args_with_operators to None, run_after=None
[2023-02-16T00:10:04.357+0000] {processor.py:175} INFO - Processing /home/airflow/.local/lib/python3.7/site-packages/airflow/example_dags/example_xcomargs.py took 0.185 seconds
[2023-02-16T00:10:34.794+0000] {processor.py:153} INFO - Started process (PID=473) to work on /home/airflow/.local/lib/python3.7/site-packages/airflow/example_dags/example_xcomargs.py
[2023-02-16T00:10:34.794+0000] {processor.py:743} INFO - Processing file /home/airflow/.local/lib/python3.7/site-packages/airflow/example_dags/example_xcomargs.py for tasks to queue
[2023-02-16T00:10:34.795+0000] {logging_mixin.py:137} INFO - [2023-02-16T00:10:34.795+0000] {dagbag.py:538} INFO - Filling up the DagBag from /home/airflow/.local/lib/python3.7/site-packages/airflow/example_dags/example_xcomargs.py
[2023-02-16T00:10:34.831+0000] {processor.py:753} INFO - DAG(s) dict_keys(['example_xcom_args_with_operators', 'example_xcom_args']) retrieved from /home/airflow/.local/lib/python3.7/site-packages/airflow/example_dags/example_xcomargs.py
[2023-02-16T00:10:34.885+0000] {logging_mixin.py:137} INFO - [2023-02-16T00:10:34.885+0000] {dag.py:2690} INFO - Sync 2 DAGs
[2023-02-16T00:10:34.940+0000] {logging_mixin.py:137} INFO - [2023-02-16T00:10:34.940+0000] {dag.py:3441} INFO - Setting next_dagrun for example_xcom_args to None, run_after=None
[2023-02-16T00:10:34.945+0000] {logging_mixin.py:137} INFO - [2023-02-16T00:10:34.945+0000] {dag.py:3441} INFO - Setting next_dagrun for example_xcom_args_with_operators to None, run_after=None
[2023-02-16T00:10:34.991+0000] {processor.py:175} INFO - Processing /home/airflow/.local/lib/python3.7/site-packages/airflow/example_dags/example_xcomargs.py took 0.202 seconds
[2023-02-16T00:11:05.064+0000] {processor.py:153} INFO - Started process (PID=553) to work on /home/airflow/.local/lib/python3.7/site-packages/airflow/example_dags/example_xcomargs.py
[2023-02-16T00:11:05.066+0000] {processor.py:743} INFO - Processing file /home/airflow/.local/lib/python3.7/site-packages/airflow/example_dags/example_xcomargs.py for tasks to queue
[2023-02-16T00:11:05.068+0000] {logging_mixin.py:137} INFO - [2023-02-16T00:11:05.067+0000] {dagbag.py:538} INFO - Filling up the DagBag from /home/airflow/.local/lib/python3.7/site-packages/airflow/example_dags/example_xcomargs.py
[2023-02-16T00:11:05.119+0000] {processor.py:753} INFO - DAG(s) dict_keys(['example_xcom_args_with_operators', 'example_xcom_args']) retrieved from /home/airflow/.local/lib/python3.7/site-packages/airflow/example_dags/example_xcomargs.py
[2023-02-16T00:11:05.180+0000] {logging_mixin.py:137} INFO - [2023-02-16T00:11:05.179+0000] {dag.py:2690} INFO - Sync 2 DAGs
[2023-02-16T00:11:05.229+0000] {logging_mixin.py:137} INFO - [2023-02-16T00:11:05.229+0000] {dag.py:3441} INFO - Setting next_dagrun for example_xcom_args to None, run_after=None
[2023-02-16T00:11:05.236+0000] {logging_mixin.py:137} INFO - [2023-02-16T00:11:05.236+0000] {dag.py:3441} INFO - Setting next_dagrun for example_xcom_args_with_operators to None, run_after=None
[2023-02-16T00:11:05.272+0000] {processor.py:175} INFO - Processing /home/airflow/.local/lib/python3.7/site-packages/airflow/example_dags/example_xcomargs.py took 0.215 seconds
[2023-02-16T00:31:36.595+0000] {processor.py:153} INFO - Started process (PID=87) to work on /home/airflow/.local/lib/python3.7/site-packages/airflow/example_dags/example_xcomargs.py
[2023-02-16T00:31:36.601+0000] {processor.py:743} INFO - Processing file /home/airflow/.local/lib/python3.7/site-packages/airflow/example_dags/example_xcomargs.py for tasks to queue
[2023-02-16T00:31:36.601+0000] {logging_mixin.py:137} INFO - [2023-02-16T00:31:36.601+0000] {dagbag.py:538} INFO - Filling up the DagBag from /home/airflow/.local/lib/python3.7/site-packages/airflow/example_dags/example_xcomargs.py
[2023-02-16T00:31:36.632+0000] {processor.py:753} INFO - DAG(s) dict_keys(['example_xcom_args_with_operators', 'example_xcom_args']) retrieved from /home/airflow/.local/lib/python3.7/site-packages/airflow/example_dags/example_xcomargs.py
[2023-02-16T00:31:36.666+0000] {logging_mixin.py:137} INFO - [2023-02-16T00:31:36.665+0000] {dag.py:2690} INFO - Sync 2 DAGs
[2023-02-16T00:31:36.701+0000] {logging_mixin.py:137} INFO - [2023-02-16T00:31:36.700+0000] {dag.py:3441} INFO - Setting next_dagrun for example_xcom_args to None, run_after=None
[2023-02-16T00:31:36.707+0000] {logging_mixin.py:137} INFO - [2023-02-16T00:31:36.707+0000] {dag.py:3441} INFO - Setting next_dagrun for example_xcom_args_with_operators to None, run_after=None
[2023-02-16T00:31:36.763+0000] {processor.py:175} INFO - Processing /home/airflow/.local/lib/python3.7/site-packages/airflow/example_dags/example_xcomargs.py took 0.171 seconds
[2023-02-16T00:32:07.488+0000] {processor.py:153} INFO - Started process (PID=159) to work on /home/airflow/.local/lib/python3.7/site-packages/airflow/example_dags/example_xcomargs.py
[2023-02-16T00:32:07.489+0000] {processor.py:743} INFO - Processing file /home/airflow/.local/lib/python3.7/site-packages/airflow/example_dags/example_xcomargs.py for tasks to queue
[2023-02-16T00:32:07.490+0000] {logging_mixin.py:137} INFO - [2023-02-16T00:32:07.490+0000] {dagbag.py:538} INFO - Filling up the DagBag from /home/airflow/.local/lib/python3.7/site-packages/airflow/example_dags/example_xcomargs.py
[2023-02-16T00:32:07.519+0000] {processor.py:753} INFO - DAG(s) dict_keys(['example_xcom_args_with_operators', 'example_xcom_args']) retrieved from /home/airflow/.local/lib/python3.7/site-packages/airflow/example_dags/example_xcomargs.py
[2023-02-16T00:32:07.557+0000] {logging_mixin.py:137} INFO - [2023-02-16T00:32:07.557+0000] {dag.py:2690} INFO - Sync 2 DAGs
[2023-02-16T00:32:07.597+0000] {logging_mixin.py:137} INFO - [2023-02-16T00:32:07.596+0000] {dag.py:3441} INFO - Setting next_dagrun for example_xcom_args to None, run_after=None
[2023-02-16T00:32:07.602+0000] {logging_mixin.py:137} INFO - [2023-02-16T00:32:07.602+0000] {dag.py:3441} INFO - Setting next_dagrun for example_xcom_args_with_operators to None, run_after=None
[2023-02-16T00:32:07.633+0000] {processor.py:175} INFO - Processing /home/airflow/.local/lib/python3.7/site-packages/airflow/example_dags/example_xcomargs.py took 0.147 seconds
