[2023-02-16T00:00:13.682+0000] {processor.py:153} INFO - Started process (PID=769) to work on /home/airflow/.local/lib/python3.7/site-packages/airflow/example_dags/example_nested_branch_dag.py
[2023-02-16T00:00:13.683+0000] {processor.py:743} INFO - Processing file /home/airflow/.local/lib/python3.7/site-packages/airflow/example_dags/example_nested_branch_dag.py for tasks to queue
[2023-02-16T00:00:13.684+0000] {logging_mixin.py:137} INFO - [2023-02-16T00:00:13.684+0000] {dagbag.py:538} INFO - Filling up the DagBag from /home/airflow/.local/lib/python3.7/site-packages/airflow/example_dags/example_nested_branch_dag.py
[2023-02-16T00:00:13.712+0000] {processor.py:753} INFO - DAG(s) dict_keys(['example_nested_branch_dag']) retrieved from /home/airflow/.local/lib/python3.7/site-packages/airflow/example_dags/example_nested_branch_dag.py
[2023-02-16T00:00:13.741+0000] {logging_mixin.py:137} INFO - [2023-02-16T00:00:13.741+0000] {dag.py:2690} INFO - Sync 1 DAGs
[2023-02-16T00:00:13.777+0000] {logging_mixin.py:137} INFO - [2023-02-16T00:00:13.776+0000] {dag.py:3441} INFO - Setting next_dagrun for example_nested_branch_dag to 2023-02-15T00:00:00+00:00, run_after=2023-02-16T00:00:00+00:00
[2023-02-16T00:00:13.809+0000] {processor.py:175} INFO - Processing /home/airflow/.local/lib/python3.7/site-packages/airflow/example_dags/example_nested_branch_dag.py took 0.131 seconds
[2023-02-16T00:00:44.636+0000] {processor.py:153} INFO - Started process (PID=843) to work on /home/airflow/.local/lib/python3.7/site-packages/airflow/example_dags/example_nested_branch_dag.py
[2023-02-16T00:00:44.636+0000] {processor.py:743} INFO - Processing file /home/airflow/.local/lib/python3.7/site-packages/airflow/example_dags/example_nested_branch_dag.py for tasks to queue
[2023-02-16T00:00:44.637+0000] {logging_mixin.py:137} INFO - [2023-02-16T00:00:44.637+0000] {dagbag.py:538} INFO - Filling up the DagBag from /home/airflow/.local/lib/python3.7/site-packages/airflow/example_dags/example_nested_branch_dag.py
[2023-02-16T00:00:44.682+0000] {processor.py:753} INFO - DAG(s) dict_keys(['example_nested_branch_dag']) retrieved from /home/airflow/.local/lib/python3.7/site-packages/airflow/example_dags/example_nested_branch_dag.py
[2023-02-16T00:00:44.728+0000] {logging_mixin.py:137} INFO - [2023-02-16T00:00:44.728+0000] {dag.py:2690} INFO - Sync 1 DAGs
[2023-02-16T00:00:44.779+0000] {logging_mixin.py:137} INFO - [2023-02-16T00:00:44.779+0000] {dag.py:3441} INFO - Setting next_dagrun for example_nested_branch_dag to 2023-02-15T00:00:00+00:00, run_after=2023-02-16T00:00:00+00:00
[2023-02-16T00:00:44.815+0000] {processor.py:175} INFO - Processing /home/airflow/.local/lib/python3.7/site-packages/airflow/example_dags/example_nested_branch_dag.py took 0.183 seconds
[2023-02-16T00:01:15.828+0000] {processor.py:153} INFO - Started process (PID=932) to work on /home/airflow/.local/lib/python3.7/site-packages/airflow/example_dags/example_nested_branch_dag.py
[2023-02-16T00:01:15.829+0000] {processor.py:743} INFO - Processing file /home/airflow/.local/lib/python3.7/site-packages/airflow/example_dags/example_nested_branch_dag.py for tasks to queue
[2023-02-16T00:01:15.830+0000] {logging_mixin.py:137} INFO - [2023-02-16T00:01:15.830+0000] {dagbag.py:538} INFO - Filling up the DagBag from /home/airflow/.local/lib/python3.7/site-packages/airflow/example_dags/example_nested_branch_dag.py
[2023-02-16T00:01:15.857+0000] {processor.py:753} INFO - DAG(s) dict_keys(['example_nested_branch_dag']) retrieved from /home/airflow/.local/lib/python3.7/site-packages/airflow/example_dags/example_nested_branch_dag.py
[2023-02-16T00:01:15.887+0000] {logging_mixin.py:137} INFO - [2023-02-16T00:01:15.887+0000] {dag.py:2690} INFO - Sync 1 DAGs
[2023-02-16T00:01:15.919+0000] {logging_mixin.py:137} INFO - [2023-02-16T00:01:15.919+0000] {dag.py:3441} INFO - Setting next_dagrun for example_nested_branch_dag to 2023-02-15T00:00:00+00:00, run_after=2023-02-16T00:00:00+00:00
[2023-02-16T00:01:15.949+0000] {processor.py:175} INFO - Processing /home/airflow/.local/lib/python3.7/site-packages/airflow/example_dags/example_nested_branch_dag.py took 0.126 seconds
[2023-02-16T00:01:46.430+0000] {processor.py:153} INFO - Started process (PID=1004) to work on /home/airflow/.local/lib/python3.7/site-packages/airflow/example_dags/example_nested_branch_dag.py
[2023-02-16T00:01:46.431+0000] {processor.py:743} INFO - Processing file /home/airflow/.local/lib/python3.7/site-packages/airflow/example_dags/example_nested_branch_dag.py for tasks to queue
[2023-02-16T00:01:46.432+0000] {logging_mixin.py:137} INFO - [2023-02-16T00:01:46.432+0000] {dagbag.py:538} INFO - Filling up the DagBag from /home/airflow/.local/lib/python3.7/site-packages/airflow/example_dags/example_nested_branch_dag.py
[2023-02-16T00:01:46.462+0000] {processor.py:753} INFO - DAG(s) dict_keys(['example_nested_branch_dag']) retrieved from /home/airflow/.local/lib/python3.7/site-packages/airflow/example_dags/example_nested_branch_dag.py
[2023-02-16T00:01:46.495+0000] {logging_mixin.py:137} INFO - [2023-02-16T00:01:46.495+0000] {dag.py:2690} INFO - Sync 1 DAGs
[2023-02-16T00:01:46.533+0000] {logging_mixin.py:137} INFO - [2023-02-16T00:01:46.533+0000] {dag.py:3441} INFO - Setting next_dagrun for example_nested_branch_dag to 2023-02-15T00:00:00+00:00, run_after=2023-02-16T00:00:00+00:00
[2023-02-16T00:01:46.568+0000] {processor.py:175} INFO - Processing /home/airflow/.local/lib/python3.7/site-packages/airflow/example_dags/example_nested_branch_dag.py took 0.140 seconds
[2023-02-16T00:02:17.357+0000] {processor.py:153} INFO - Started process (PID=1077) to work on /home/airflow/.local/lib/python3.7/site-packages/airflow/example_dags/example_nested_branch_dag.py
[2023-02-16T00:02:17.358+0000] {processor.py:743} INFO - Processing file /home/airflow/.local/lib/python3.7/site-packages/airflow/example_dags/example_nested_branch_dag.py for tasks to queue
[2023-02-16T00:02:17.360+0000] {logging_mixin.py:137} INFO - [2023-02-16T00:02:17.359+0000] {dagbag.py:538} INFO - Filling up the DagBag from /home/airflow/.local/lib/python3.7/site-packages/airflow/example_dags/example_nested_branch_dag.py
[2023-02-16T00:02:17.389+0000] {processor.py:753} INFO - DAG(s) dict_keys(['example_nested_branch_dag']) retrieved from /home/airflow/.local/lib/python3.7/site-packages/airflow/example_dags/example_nested_branch_dag.py
[2023-02-16T00:02:17.423+0000] {logging_mixin.py:137} INFO - [2023-02-16T00:02:17.423+0000] {dag.py:2690} INFO - Sync 1 DAGs
[2023-02-16T00:02:17.466+0000] {logging_mixin.py:137} INFO - [2023-02-16T00:02:17.466+0000] {dag.py:3441} INFO - Setting next_dagrun for example_nested_branch_dag to 2023-02-15T00:00:00+00:00, run_after=2023-02-16T00:00:00+00:00
[2023-02-16T00:02:17.500+0000] {processor.py:175} INFO - Processing /home/airflow/.local/lib/python3.7/site-packages/airflow/example_dags/example_nested_branch_dag.py took 0.149 seconds
[2023-02-16T00:02:48.549+0000] {processor.py:153} INFO - Started process (PID=1165) to work on /home/airflow/.local/lib/python3.7/site-packages/airflow/example_dags/example_nested_branch_dag.py
[2023-02-16T00:02:48.553+0000] {processor.py:743} INFO - Processing file /home/airflow/.local/lib/python3.7/site-packages/airflow/example_dags/example_nested_branch_dag.py for tasks to queue
[2023-02-16T00:02:48.554+0000] {logging_mixin.py:137} INFO - [2023-02-16T00:02:48.554+0000] {dagbag.py:538} INFO - Filling up the DagBag from /home/airflow/.local/lib/python3.7/site-packages/airflow/example_dags/example_nested_branch_dag.py
[2023-02-16T00:02:48.602+0000] {processor.py:753} INFO - DAG(s) dict_keys(['example_nested_branch_dag']) retrieved from /home/airflow/.local/lib/python3.7/site-packages/airflow/example_dags/example_nested_branch_dag.py
[2023-02-16T00:02:48.652+0000] {logging_mixin.py:137} INFO - [2023-02-16T00:02:48.652+0000] {dag.py:2690} INFO - Sync 1 DAGs
[2023-02-16T00:02:48.708+0000] {logging_mixin.py:137} INFO - [2023-02-16T00:02:48.707+0000] {dag.py:3441} INFO - Setting next_dagrun for example_nested_branch_dag to 2023-02-15T00:00:00+00:00, run_after=2023-02-16T00:00:00+00:00
[2023-02-16T00:02:48.749+0000] {processor.py:175} INFO - Processing /home/airflow/.local/lib/python3.7/site-packages/airflow/example_dags/example_nested_branch_dag.py took 0.211 seconds
[2023-02-16T00:03:19.782+0000] {processor.py:153} INFO - Started process (PID=1237) to work on /home/airflow/.local/lib/python3.7/site-packages/airflow/example_dags/example_nested_branch_dag.py
[2023-02-16T00:03:19.783+0000] {processor.py:743} INFO - Processing file /home/airflow/.local/lib/python3.7/site-packages/airflow/example_dags/example_nested_branch_dag.py for tasks to queue
[2023-02-16T00:03:19.784+0000] {logging_mixin.py:137} INFO - [2023-02-16T00:03:19.783+0000] {dagbag.py:538} INFO - Filling up the DagBag from /home/airflow/.local/lib/python3.7/site-packages/airflow/example_dags/example_nested_branch_dag.py
[2023-02-16T00:03:19.822+0000] {processor.py:753} INFO - DAG(s) dict_keys(['example_nested_branch_dag']) retrieved from /home/airflow/.local/lib/python3.7/site-packages/airflow/example_dags/example_nested_branch_dag.py
[2023-02-16T00:03:19.859+0000] {logging_mixin.py:137} INFO - [2023-02-16T00:03:19.859+0000] {dag.py:2690} INFO - Sync 1 DAGs
[2023-02-16T00:03:19.905+0000] {logging_mixin.py:137} INFO - [2023-02-16T00:03:19.905+0000] {dag.py:3441} INFO - Setting next_dagrun for example_nested_branch_dag to 2023-02-15T00:00:00+00:00, run_after=2023-02-16T00:00:00+00:00
[2023-02-16T00:03:19.943+0000] {processor.py:175} INFO - Processing /home/airflow/.local/lib/python3.7/site-packages/airflow/example_dags/example_nested_branch_dag.py took 0.167 seconds
[2023-02-16T00:03:50.567+0000] {processor.py:153} INFO - Started process (PID=1309) to work on /home/airflow/.local/lib/python3.7/site-packages/airflow/example_dags/example_nested_branch_dag.py
[2023-02-16T00:03:50.568+0000] {processor.py:743} INFO - Processing file /home/airflow/.local/lib/python3.7/site-packages/airflow/example_dags/example_nested_branch_dag.py for tasks to queue
[2023-02-16T00:03:50.569+0000] {logging_mixin.py:137} INFO - [2023-02-16T00:03:50.569+0000] {dagbag.py:538} INFO - Filling up the DagBag from /home/airflow/.local/lib/python3.7/site-packages/airflow/example_dags/example_nested_branch_dag.py
[2023-02-16T00:03:50.601+0000] {processor.py:753} INFO - DAG(s) dict_keys(['example_nested_branch_dag']) retrieved from /home/airflow/.local/lib/python3.7/site-packages/airflow/example_dags/example_nested_branch_dag.py
[2023-02-16T00:03:50.641+0000] {logging_mixin.py:137} INFO - [2023-02-16T00:03:50.641+0000] {dag.py:2690} INFO - Sync 1 DAGs
[2023-02-16T00:03:50.688+0000] {logging_mixin.py:137} INFO - [2023-02-16T00:03:50.688+0000] {dag.py:3441} INFO - Setting next_dagrun for example_nested_branch_dag to 2023-02-15T00:00:00+00:00, run_after=2023-02-16T00:00:00+00:00
[2023-02-16T00:03:50.719+0000] {processor.py:175} INFO - Processing /home/airflow/.local/lib/python3.7/site-packages/airflow/example_dags/example_nested_branch_dag.py took 0.157 seconds
[2023-02-16T00:04:21.128+0000] {processor.py:153} INFO - Started process (PID=1397) to work on /home/airflow/.local/lib/python3.7/site-packages/airflow/example_dags/example_nested_branch_dag.py
[2023-02-16T00:04:21.129+0000] {processor.py:743} INFO - Processing file /home/airflow/.local/lib/python3.7/site-packages/airflow/example_dags/example_nested_branch_dag.py for tasks to queue
[2023-02-16T00:04:21.130+0000] {logging_mixin.py:137} INFO - [2023-02-16T00:04:21.130+0000] {dagbag.py:538} INFO - Filling up the DagBag from /home/airflow/.local/lib/python3.7/site-packages/airflow/example_dags/example_nested_branch_dag.py
[2023-02-16T00:04:21.164+0000] {processor.py:753} INFO - DAG(s) dict_keys(['example_nested_branch_dag']) retrieved from /home/airflow/.local/lib/python3.7/site-packages/airflow/example_dags/example_nested_branch_dag.py
[2023-02-16T00:04:21.202+0000] {logging_mixin.py:137} INFO - [2023-02-16T00:04:21.201+0000] {dag.py:2690} INFO - Sync 1 DAGs
[2023-02-16T00:04:21.254+0000] {logging_mixin.py:137} INFO - [2023-02-16T00:04:21.254+0000] {dag.py:3441} INFO - Setting next_dagrun for example_nested_branch_dag to 2023-02-15T00:00:00+00:00, run_after=2023-02-16T00:00:00+00:00
[2023-02-16T00:04:21.298+0000] {processor.py:175} INFO - Processing /home/airflow/.local/lib/python3.7/site-packages/airflow/example_dags/example_nested_branch_dag.py took 0.174 seconds
[2023-02-16T00:04:52.035+0000] {processor.py:153} INFO - Started process (PID=1471) to work on /home/airflow/.local/lib/python3.7/site-packages/airflow/example_dags/example_nested_branch_dag.py
[2023-02-16T00:04:52.036+0000] {processor.py:743} INFO - Processing file /home/airflow/.local/lib/python3.7/site-packages/airflow/example_dags/example_nested_branch_dag.py for tasks to queue
[2023-02-16T00:04:52.036+0000] {logging_mixin.py:137} INFO - [2023-02-16T00:04:52.036+0000] {dagbag.py:538} INFO - Filling up the DagBag from /home/airflow/.local/lib/python3.7/site-packages/airflow/example_dags/example_nested_branch_dag.py
[2023-02-16T00:04:52.072+0000] {processor.py:753} INFO - DAG(s) dict_keys(['example_nested_branch_dag']) retrieved from /home/airflow/.local/lib/python3.7/site-packages/airflow/example_dags/example_nested_branch_dag.py
[2023-02-16T00:04:52.108+0000] {logging_mixin.py:137} INFO - [2023-02-16T00:04:52.107+0000] {dag.py:2690} INFO - Sync 1 DAGs
[2023-02-16T00:04:52.158+0000] {logging_mixin.py:137} INFO - [2023-02-16T00:04:52.158+0000] {dag.py:3441} INFO - Setting next_dagrun for example_nested_branch_dag to 2023-02-15T00:00:00+00:00, run_after=2023-02-16T00:00:00+00:00
[2023-02-16T00:04:52.194+0000] {processor.py:175} INFO - Processing /home/airflow/.local/lib/python3.7/site-packages/airflow/example_dags/example_nested_branch_dag.py took 0.164 seconds
[2023-02-16T00:05:22.243+0000] {processor.py:153} INFO - Started process (PID=1543) to work on /home/airflow/.local/lib/python3.7/site-packages/airflow/example_dags/example_nested_branch_dag.py
[2023-02-16T00:05:22.244+0000] {processor.py:743} INFO - Processing file /home/airflow/.local/lib/python3.7/site-packages/airflow/example_dags/example_nested_branch_dag.py for tasks to queue
[2023-02-16T00:05:22.245+0000] {logging_mixin.py:137} INFO - [2023-02-16T00:05:22.245+0000] {dagbag.py:538} INFO - Filling up the DagBag from /home/airflow/.local/lib/python3.7/site-packages/airflow/example_dags/example_nested_branch_dag.py
[2023-02-16T00:05:22.286+0000] {processor.py:753} INFO - DAG(s) dict_keys(['example_nested_branch_dag']) retrieved from /home/airflow/.local/lib/python3.7/site-packages/airflow/example_dags/example_nested_branch_dag.py
[2023-02-16T00:05:22.325+0000] {logging_mixin.py:137} INFO - [2023-02-16T00:05:22.325+0000] {dag.py:2690} INFO - Sync 1 DAGs
[2023-02-16T00:05:22.372+0000] {logging_mixin.py:137} INFO - [2023-02-16T00:05:22.371+0000] {dag.py:3441} INFO - Setting next_dagrun for example_nested_branch_dag to 2023-02-15T00:00:00+00:00, run_after=2023-02-16T00:00:00+00:00
[2023-02-16T00:05:22.412+0000] {processor.py:175} INFO - Processing /home/airflow/.local/lib/python3.7/site-packages/airflow/example_dags/example_nested_branch_dag.py took 0.175 seconds
[2023-02-16T00:05:52.591+0000] {processor.py:153} INFO - Started process (PID=1615) to work on /home/airflow/.local/lib/python3.7/site-packages/airflow/example_dags/example_nested_branch_dag.py
[2023-02-16T00:05:52.592+0000] {processor.py:743} INFO - Processing file /home/airflow/.local/lib/python3.7/site-packages/airflow/example_dags/example_nested_branch_dag.py for tasks to queue
[2023-02-16T00:05:52.592+0000] {logging_mixin.py:137} INFO - [2023-02-16T00:05:52.592+0000] {dagbag.py:538} INFO - Filling up the DagBag from /home/airflow/.local/lib/python3.7/site-packages/airflow/example_dags/example_nested_branch_dag.py
[2023-02-16T00:05:52.625+0000] {processor.py:753} INFO - DAG(s) dict_keys(['example_nested_branch_dag']) retrieved from /home/airflow/.local/lib/python3.7/site-packages/airflow/example_dags/example_nested_branch_dag.py
[2023-02-16T00:05:52.661+0000] {logging_mixin.py:137} INFO - [2023-02-16T00:05:52.661+0000] {dag.py:2690} INFO - Sync 1 DAGs
[2023-02-16T00:05:52.706+0000] {logging_mixin.py:137} INFO - [2023-02-16T00:05:52.705+0000] {dag.py:3441} INFO - Setting next_dagrun for example_nested_branch_dag to 2023-02-15T00:00:00+00:00, run_after=2023-02-16T00:00:00+00:00
[2023-02-16T00:05:52.742+0000] {processor.py:175} INFO - Processing /home/airflow/.local/lib/python3.7/site-packages/airflow/example_dags/example_nested_branch_dag.py took 0.156 seconds
[2023-02-16T00:06:23.214+0000] {processor.py:153} INFO - Started process (PID=1703) to work on /home/airflow/.local/lib/python3.7/site-packages/airflow/example_dags/example_nested_branch_dag.py
[2023-02-16T00:06:23.216+0000] {processor.py:743} INFO - Processing file /home/airflow/.local/lib/python3.7/site-packages/airflow/example_dags/example_nested_branch_dag.py for tasks to queue
[2023-02-16T00:06:23.217+0000] {logging_mixin.py:137} INFO - [2023-02-16T00:06:23.217+0000] {dagbag.py:538} INFO - Filling up the DagBag from /home/airflow/.local/lib/python3.7/site-packages/airflow/example_dags/example_nested_branch_dag.py
[2023-02-16T00:06:23.262+0000] {processor.py:753} INFO - DAG(s) dict_keys(['example_nested_branch_dag']) retrieved from /home/airflow/.local/lib/python3.7/site-packages/airflow/example_dags/example_nested_branch_dag.py
[2023-02-16T00:06:23.317+0000] {logging_mixin.py:137} INFO - [2023-02-16T00:06:23.317+0000] {dag.py:2690} INFO - Sync 1 DAGs
[2023-02-16T00:06:23.385+0000] {logging_mixin.py:137} INFO - [2023-02-16T00:06:23.385+0000] {dag.py:3441} INFO - Setting next_dagrun for example_nested_branch_dag to 2023-02-15T00:00:00+00:00, run_after=2023-02-16T00:00:00+00:00
[2023-02-16T00:06:23.427+0000] {processor.py:175} INFO - Processing /home/airflow/.local/lib/python3.7/site-packages/airflow/example_dags/example_nested_branch_dag.py took 0.219 seconds
[2023-02-16T00:07:59.008+0000] {processor.py:153} INFO - Started process (PID=70) to work on /home/airflow/.local/lib/python3.7/site-packages/airflow/example_dags/example_nested_branch_dag.py
[2023-02-16T00:07:59.009+0000] {processor.py:743} INFO - Processing file /home/airflow/.local/lib/python3.7/site-packages/airflow/example_dags/example_nested_branch_dag.py for tasks to queue
[2023-02-16T00:07:59.010+0000] {logging_mixin.py:137} INFO - [2023-02-16T00:07:59.010+0000] {dagbag.py:538} INFO - Filling up the DagBag from /home/airflow/.local/lib/python3.7/site-packages/airflow/example_dags/example_nested_branch_dag.py
[2023-02-16T00:07:59.051+0000] {processor.py:753} INFO - DAG(s) dict_keys(['example_nested_branch_dag']) retrieved from /home/airflow/.local/lib/python3.7/site-packages/airflow/example_dags/example_nested_branch_dag.py
[2023-02-16T00:07:59.103+0000] {logging_mixin.py:137} INFO - [2023-02-16T00:07:59.103+0000] {dag.py:2690} INFO - Sync 1 DAGs
[2023-02-16T00:07:59.153+0000] {logging_mixin.py:137} INFO - [2023-02-16T00:07:59.152+0000] {dag.py:3441} INFO - Setting next_dagrun for example_nested_branch_dag to 2023-02-15T00:00:00+00:00, run_after=2023-02-16T00:00:00+00:00
[2023-02-16T00:07:59.195+0000] {processor.py:175} INFO - Processing /home/airflow/.local/lib/python3.7/site-packages/airflow/example_dags/example_nested_branch_dag.py took 0.193 seconds
[2023-02-16T00:08:29.255+0000] {processor.py:153} INFO - Started process (PID=143) to work on /home/airflow/.local/lib/python3.7/site-packages/airflow/example_dags/example_nested_branch_dag.py
[2023-02-16T00:08:29.256+0000] {processor.py:743} INFO - Processing file /home/airflow/.local/lib/python3.7/site-packages/airflow/example_dags/example_nested_branch_dag.py for tasks to queue
[2023-02-16T00:08:29.257+0000] {logging_mixin.py:137} INFO - [2023-02-16T00:08:29.257+0000] {dagbag.py:538} INFO - Filling up the DagBag from /home/airflow/.local/lib/python3.7/site-packages/airflow/example_dags/example_nested_branch_dag.py
[2023-02-16T00:08:29.291+0000] {processor.py:753} INFO - DAG(s) dict_keys(['example_nested_branch_dag']) retrieved from /home/airflow/.local/lib/python3.7/site-packages/airflow/example_dags/example_nested_branch_dag.py
[2023-02-16T00:08:29.329+0000] {logging_mixin.py:137} INFO - [2023-02-16T00:08:29.329+0000] {dag.py:2690} INFO - Sync 1 DAGs
[2023-02-16T00:08:29.372+0000] {logging_mixin.py:137} INFO - [2023-02-16T00:08:29.372+0000] {dag.py:3441} INFO - Setting next_dagrun for example_nested_branch_dag to 2023-02-15T00:00:00+00:00, run_after=2023-02-16T00:00:00+00:00
[2023-02-16T00:08:29.406+0000] {processor.py:175} INFO - Processing /home/airflow/.local/lib/python3.7/site-packages/airflow/example_dags/example_nested_branch_dag.py took 0.154 seconds
[2023-02-16T00:09:00.557+0000] {processor.py:153} INFO - Started process (PID=224) to work on /home/airflow/.local/lib/python3.7/site-packages/airflow/example_dags/example_nested_branch_dag.py
[2023-02-16T00:09:00.558+0000] {processor.py:743} INFO - Processing file /home/airflow/.local/lib/python3.7/site-packages/airflow/example_dags/example_nested_branch_dag.py for tasks to queue
[2023-02-16T00:09:00.560+0000] {logging_mixin.py:137} INFO - [2023-02-16T00:09:00.559+0000] {dagbag.py:538} INFO - Filling up the DagBag from /home/airflow/.local/lib/python3.7/site-packages/airflow/example_dags/example_nested_branch_dag.py
[2023-02-16T00:09:00.603+0000] {processor.py:753} INFO - DAG(s) dict_keys(['example_nested_branch_dag']) retrieved from /home/airflow/.local/lib/python3.7/site-packages/airflow/example_dags/example_nested_branch_dag.py
[2023-02-16T00:09:00.653+0000] {logging_mixin.py:137} INFO - [2023-02-16T00:09:00.652+0000] {dag.py:2690} INFO - Sync 1 DAGs
[2023-02-16T00:09:00.705+0000] {logging_mixin.py:137} INFO - [2023-02-16T00:09:00.705+0000] {dag.py:3441} INFO - Setting next_dagrun for example_nested_branch_dag to 2023-02-15T00:00:00+00:00, run_after=2023-02-16T00:00:00+00:00
[2023-02-16T00:09:00.743+0000] {processor.py:175} INFO - Processing /home/airflow/.local/lib/python3.7/site-packages/airflow/example_dags/example_nested_branch_dag.py took 0.190 seconds
[2023-02-16T00:09:30.890+0000] {processor.py:153} INFO - Started process (PID=303) to work on /home/airflow/.local/lib/python3.7/site-packages/airflow/example_dags/example_nested_branch_dag.py
[2023-02-16T00:09:30.892+0000] {processor.py:743} INFO - Processing file /home/airflow/.local/lib/python3.7/site-packages/airflow/example_dags/example_nested_branch_dag.py for tasks to queue
[2023-02-16T00:09:30.893+0000] {logging_mixin.py:137} INFO - [2023-02-16T00:09:30.892+0000] {dagbag.py:538} INFO - Filling up the DagBag from /home/airflow/.local/lib/python3.7/site-packages/airflow/example_dags/example_nested_branch_dag.py
[2023-02-16T00:09:30.934+0000] {processor.py:753} INFO - DAG(s) dict_keys(['example_nested_branch_dag']) retrieved from /home/airflow/.local/lib/python3.7/site-packages/airflow/example_dags/example_nested_branch_dag.py
[2023-02-16T00:09:30.975+0000] {logging_mixin.py:137} INFO - [2023-02-16T00:09:30.975+0000] {dag.py:2690} INFO - Sync 1 DAGs
[2023-02-16T00:09:31.019+0000] {logging_mixin.py:137} INFO - [2023-02-16T00:09:31.018+0000] {dag.py:3441} INFO - Setting next_dagrun for example_nested_branch_dag to 2023-02-15T00:00:00+00:00, run_after=2023-02-16T00:00:00+00:00
[2023-02-16T00:09:31.050+0000] {processor.py:175} INFO - Processing /home/airflow/.local/lib/python3.7/site-packages/airflow/example_dags/example_nested_branch_dag.py took 0.165 seconds
[2023-02-16T00:10:01.741+0000] {processor.py:153} INFO - Started process (PID=376) to work on /home/airflow/.local/lib/python3.7/site-packages/airflow/example_dags/example_nested_branch_dag.py
[2023-02-16T00:10:01.742+0000] {processor.py:743} INFO - Processing file /home/airflow/.local/lib/python3.7/site-packages/airflow/example_dags/example_nested_branch_dag.py for tasks to queue
[2023-02-16T00:10:01.744+0000] {logging_mixin.py:137} INFO - [2023-02-16T00:10:01.743+0000] {dagbag.py:538} INFO - Filling up the DagBag from /home/airflow/.local/lib/python3.7/site-packages/airflow/example_dags/example_nested_branch_dag.py
[2023-02-16T00:10:01.807+0000] {processor.py:753} INFO - DAG(s) dict_keys(['example_nested_branch_dag']) retrieved from /home/airflow/.local/lib/python3.7/site-packages/airflow/example_dags/example_nested_branch_dag.py
[2023-02-16T00:10:01.900+0000] {logging_mixin.py:137} INFO - [2023-02-16T00:10:01.900+0000] {dag.py:2690} INFO - Sync 1 DAGs
[2023-02-16T00:10:01.951+0000] {logging_mixin.py:137} INFO - [2023-02-16T00:10:01.951+0000] {dag.py:3441} INFO - Setting next_dagrun for example_nested_branch_dag to 2023-02-15T00:00:00+00:00, run_after=2023-02-16T00:00:00+00:00
[2023-02-16T00:10:01.989+0000] {processor.py:175} INFO - Processing /home/airflow/.local/lib/python3.7/site-packages/airflow/example_dags/example_nested_branch_dag.py took 0.255 seconds
[2023-02-16T00:10:32.606+0000] {processor.py:153} INFO - Started process (PID=448) to work on /home/airflow/.local/lib/python3.7/site-packages/airflow/example_dags/example_nested_branch_dag.py
[2023-02-16T00:10:32.607+0000] {processor.py:743} INFO - Processing file /home/airflow/.local/lib/python3.7/site-packages/airflow/example_dags/example_nested_branch_dag.py for tasks to queue
[2023-02-16T00:10:32.608+0000] {logging_mixin.py:137} INFO - [2023-02-16T00:10:32.608+0000] {dagbag.py:538} INFO - Filling up the DagBag from /home/airflow/.local/lib/python3.7/site-packages/airflow/example_dags/example_nested_branch_dag.py
[2023-02-16T00:10:32.646+0000] {processor.py:753} INFO - DAG(s) dict_keys(['example_nested_branch_dag']) retrieved from /home/airflow/.local/lib/python3.7/site-packages/airflow/example_dags/example_nested_branch_dag.py
[2023-02-16T00:10:32.687+0000] {logging_mixin.py:137} INFO - [2023-02-16T00:10:32.687+0000] {dag.py:2690} INFO - Sync 1 DAGs
[2023-02-16T00:10:32.747+0000] {logging_mixin.py:137} INFO - [2023-02-16T00:10:32.746+0000] {dag.py:3441} INFO - Setting next_dagrun for example_nested_branch_dag to 2023-02-15T00:00:00+00:00, run_after=2023-02-16T00:00:00+00:00
[2023-02-16T00:10:32.794+0000] {processor.py:175} INFO - Processing /home/airflow/.local/lib/python3.7/site-packages/airflow/example_dags/example_nested_branch_dag.py took 0.193 seconds
[2023-02-16T00:11:03.469+0000] {processor.py:153} INFO - Started process (PID=537) to work on /home/airflow/.local/lib/python3.7/site-packages/airflow/example_dags/example_nested_branch_dag.py
[2023-02-16T00:11:03.470+0000] {processor.py:743} INFO - Processing file /home/airflow/.local/lib/python3.7/site-packages/airflow/example_dags/example_nested_branch_dag.py for tasks to queue
[2023-02-16T00:11:03.471+0000] {logging_mixin.py:137} INFO - [2023-02-16T00:11:03.471+0000] {dagbag.py:538} INFO - Filling up the DagBag from /home/airflow/.local/lib/python3.7/site-packages/airflow/example_dags/example_nested_branch_dag.py
[2023-02-16T00:11:03.508+0000] {processor.py:753} INFO - DAG(s) dict_keys(['example_nested_branch_dag']) retrieved from /home/airflow/.local/lib/python3.7/site-packages/airflow/example_dags/example_nested_branch_dag.py
[2023-02-16T00:11:03.554+0000] {logging_mixin.py:137} INFO - [2023-02-16T00:11:03.553+0000] {dag.py:2690} INFO - Sync 1 DAGs
[2023-02-16T00:11:03.607+0000] {logging_mixin.py:137} INFO - [2023-02-16T00:11:03.607+0000] {dag.py:3441} INFO - Setting next_dagrun for example_nested_branch_dag to 2023-02-15T00:00:00+00:00, run_after=2023-02-16T00:00:00+00:00
[2023-02-16T00:11:03.644+0000] {processor.py:175} INFO - Processing /home/airflow/.local/lib/python3.7/site-packages/airflow/example_dags/example_nested_branch_dag.py took 0.180 seconds
