[2023-02-16T00:00:13.838+0000] {processor.py:153} INFO - Started process (PID=771) to work on /home/airflow/.local/lib/python3.7/site-packages/airflow/example_dags/example_python_operator.py
[2023-02-16T00:00:13.839+0000] {processor.py:743} INFO - Processing file /home/airflow/.local/lib/python3.7/site-packages/airflow/example_dags/example_python_operator.py for tasks to queue
[2023-02-16T00:00:13.840+0000] {logging_mixin.py:137} INFO - [2023-02-16T00:00:13.839+0000] {dagbag.py:538} INFO - Filling up the DagBag from /home/airflow/.local/lib/python3.7/site-packages/airflow/example_dags/example_python_operator.py
[2023-02-16T00:00:13.861+0000] {logging_mixin.py:137} INFO - [2023-02-16T00:00:13.860+0000] {taskmixin.py:205} WARNING - Dependency <Task(_PythonDecoratedOperator): print_the_context>, log_sql_query already registered for DAG: example_python_operator
[2023-02-16T00:00:13.861+0000] {logging_mixin.py:137} INFO - [2023-02-16T00:00:13.861+0000] {taskmixin.py:205} WARNING - Dependency <Task(_PythonDecoratedOperator): log_sql_query>, print_the_context already registered for DAG: example_python_operator
[2023-02-16T00:00:13.863+0000] {logging_mixin.py:137} INFO - [2023-02-16T00:00:13.862+0000] {taskmixin.py:205} WARNING - Dependency <Task(_PythonDecoratedOperator): print_the_context>, log_sql_query already registered for DAG: example_python_operator
[2023-02-16T00:00:13.863+0000] {logging_mixin.py:137} INFO - [2023-02-16T00:00:13.863+0000] {taskmixin.py:205} WARNING - Dependency <Task(_PythonDecoratedOperator): log_sql_query>, print_the_context already registered for DAG: example_python_operator
[2023-02-16T00:00:13.865+0000] {logging_mixin.py:137} INFO - [2023-02-16T00:00:13.865+0000] {taskmixin.py:205} WARNING - Dependency <Task(_PythonDecoratedOperator): print_the_context>, log_sql_query already registered for DAG: example_python_operator
[2023-02-16T00:00:13.866+0000] {logging_mixin.py:137} INFO - [2023-02-16T00:00:13.866+0000] {taskmixin.py:205} WARNING - Dependency <Task(_PythonDecoratedOperator): log_sql_query>, print_the_context already registered for DAG: example_python_operator
[2023-02-16T00:00:13.868+0000] {logging_mixin.py:137} INFO - [2023-02-16T00:00:13.867+0000] {taskmixin.py:205} WARNING - Dependency <Task(_PythonDecoratedOperator): print_the_context>, log_sql_query already registered for DAG: example_python_operator
[2023-02-16T00:00:13.868+0000] {logging_mixin.py:137} INFO - [2023-02-16T00:00:13.868+0000] {taskmixin.py:205} WARNING - Dependency <Task(_PythonDecoratedOperator): log_sql_query>, print_the_context already registered for DAG: example_python_operator
[2023-02-16T00:00:13.876+0000] {processor.py:753} INFO - DAG(s) dict_keys(['example_python_operator']) retrieved from /home/airflow/.local/lib/python3.7/site-packages/airflow/example_dags/example_python_operator.py
[2023-02-16T00:00:13.907+0000] {logging_mixin.py:137} INFO - [2023-02-16T00:00:13.907+0000] {dag.py:2690} INFO - Sync 1 DAGs
[2023-02-16T00:00:13.939+0000] {logging_mixin.py:137} INFO - [2023-02-16T00:00:13.939+0000] {dag.py:3441} INFO - Setting next_dagrun for example_python_operator to None, run_after=None
[2023-02-16T00:00:14.119+0000] {processor.py:175} INFO - Processing /home/airflow/.local/lib/python3.7/site-packages/airflow/example_dags/example_python_operator.py took 0.284 seconds
[2023-02-16T00:00:44.850+0000] {processor.py:153} INFO - Started process (PID=845) to work on /home/airflow/.local/lib/python3.7/site-packages/airflow/example_dags/example_python_operator.py
[2023-02-16T00:00:44.851+0000] {processor.py:743} INFO - Processing file /home/airflow/.local/lib/python3.7/site-packages/airflow/example_dags/example_python_operator.py for tasks to queue
[2023-02-16T00:00:44.852+0000] {logging_mixin.py:137} INFO - [2023-02-16T00:00:44.851+0000] {dagbag.py:538} INFO - Filling up the DagBag from /home/airflow/.local/lib/python3.7/site-packages/airflow/example_dags/example_python_operator.py
[2023-02-16T00:00:44.881+0000] {logging_mixin.py:137} INFO - [2023-02-16T00:00:44.881+0000] {taskmixin.py:205} WARNING - Dependency <Task(_PythonDecoratedOperator): print_the_context>, log_sql_query already registered for DAG: example_python_operator
[2023-02-16T00:00:44.881+0000] {logging_mixin.py:137} INFO - [2023-02-16T00:00:44.881+0000] {taskmixin.py:205} WARNING - Dependency <Task(_PythonDecoratedOperator): log_sql_query>, print_the_context already registered for DAG: example_python_operator
[2023-02-16T00:00:44.883+0000] {logging_mixin.py:137} INFO - [2023-02-16T00:00:44.883+0000] {taskmixin.py:205} WARNING - Dependency <Task(_PythonDecoratedOperator): print_the_context>, log_sql_query already registered for DAG: example_python_operator
[2023-02-16T00:00:44.883+0000] {logging_mixin.py:137} INFO - [2023-02-16T00:00:44.883+0000] {taskmixin.py:205} WARNING - Dependency <Task(_PythonDecoratedOperator): log_sql_query>, print_the_context already registered for DAG: example_python_operator
[2023-02-16T00:00:44.885+0000] {logging_mixin.py:137} INFO - [2023-02-16T00:00:44.884+0000] {taskmixin.py:205} WARNING - Dependency <Task(_PythonDecoratedOperator): print_the_context>, log_sql_query already registered for DAG: example_python_operator
[2023-02-16T00:00:44.885+0000] {logging_mixin.py:137} INFO - [2023-02-16T00:00:44.885+0000] {taskmixin.py:205} WARNING - Dependency <Task(_PythonDecoratedOperator): log_sql_query>, print_the_context already registered for DAG: example_python_operator
[2023-02-16T00:00:44.886+0000] {logging_mixin.py:137} INFO - [2023-02-16T00:00:44.886+0000] {taskmixin.py:205} WARNING - Dependency <Task(_PythonDecoratedOperator): print_the_context>, log_sql_query already registered for DAG: example_python_operator
[2023-02-16T00:00:44.886+0000] {logging_mixin.py:137} INFO - [2023-02-16T00:00:44.886+0000] {taskmixin.py:205} WARNING - Dependency <Task(_PythonDecoratedOperator): log_sql_query>, print_the_context already registered for DAG: example_python_operator
[2023-02-16T00:00:44.898+0000] {processor.py:753} INFO - DAG(s) dict_keys(['example_python_operator']) retrieved from /home/airflow/.local/lib/python3.7/site-packages/airflow/example_dags/example_python_operator.py
[2023-02-16T00:00:44.940+0000] {logging_mixin.py:137} INFO - [2023-02-16T00:00:44.939+0000] {dag.py:2690} INFO - Sync 1 DAGs
[2023-02-16T00:00:44.985+0000] {logging_mixin.py:137} INFO - [2023-02-16T00:00:44.984+0000] {dag.py:3441} INFO - Setting next_dagrun for example_python_operator to None, run_after=None
[2023-02-16T00:00:45.017+0000] {processor.py:175} INFO - Processing /home/airflow/.local/lib/python3.7/site-packages/airflow/example_dags/example_python_operator.py took 0.174 seconds
[2023-02-16T00:01:16.108+0000] {processor.py:153} INFO - Started process (PID=934) to work on /home/airflow/.local/lib/python3.7/site-packages/airflow/example_dags/example_python_operator.py
[2023-02-16T00:01:16.109+0000] {processor.py:743} INFO - Processing file /home/airflow/.local/lib/python3.7/site-packages/airflow/example_dags/example_python_operator.py for tasks to queue
[2023-02-16T00:01:16.110+0000] {logging_mixin.py:137} INFO - [2023-02-16T00:01:16.110+0000] {dagbag.py:538} INFO - Filling up the DagBag from /home/airflow/.local/lib/python3.7/site-packages/airflow/example_dags/example_python_operator.py
[2023-02-16T00:01:16.125+0000] {logging_mixin.py:137} INFO - [2023-02-16T00:01:16.125+0000] {taskmixin.py:205} WARNING - Dependency <Task(_PythonDecoratedOperator): print_the_context>, log_sql_query already registered for DAG: example_python_operator
[2023-02-16T00:01:16.126+0000] {logging_mixin.py:137} INFO - [2023-02-16T00:01:16.125+0000] {taskmixin.py:205} WARNING - Dependency <Task(_PythonDecoratedOperator): log_sql_query>, print_the_context already registered for DAG: example_python_operator
[2023-02-16T00:01:16.126+0000] {logging_mixin.py:137} INFO - [2023-02-16T00:01:16.126+0000] {taskmixin.py:205} WARNING - Dependency <Task(_PythonDecoratedOperator): print_the_context>, log_sql_query already registered for DAG: example_python_operator
[2023-02-16T00:01:16.126+0000] {logging_mixin.py:137} INFO - [2023-02-16T00:01:16.126+0000] {taskmixin.py:205} WARNING - Dependency <Task(_PythonDecoratedOperator): log_sql_query>, print_the_context already registered for DAG: example_python_operator
[2023-02-16T00:01:16.127+0000] {logging_mixin.py:137} INFO - [2023-02-16T00:01:16.127+0000] {taskmixin.py:205} WARNING - Dependency <Task(_PythonDecoratedOperator): print_the_context>, log_sql_query already registered for DAG: example_python_operator
[2023-02-16T00:01:16.127+0000] {logging_mixin.py:137} INFO - [2023-02-16T00:01:16.127+0000] {taskmixin.py:205} WARNING - Dependency <Task(_PythonDecoratedOperator): log_sql_query>, print_the_context already registered for DAG: example_python_operator
[2023-02-16T00:01:16.128+0000] {logging_mixin.py:137} INFO - [2023-02-16T00:01:16.128+0000] {taskmixin.py:205} WARNING - Dependency <Task(_PythonDecoratedOperator): print_the_context>, log_sql_query already registered for DAG: example_python_operator
[2023-02-16T00:01:16.128+0000] {logging_mixin.py:137} INFO - [2023-02-16T00:01:16.128+0000] {taskmixin.py:205} WARNING - Dependency <Task(_PythonDecoratedOperator): log_sql_query>, print_the_context already registered for DAG: example_python_operator
[2023-02-16T00:01:16.135+0000] {processor.py:753} INFO - DAG(s) dict_keys(['example_python_operator']) retrieved from /home/airflow/.local/lib/python3.7/site-packages/airflow/example_dags/example_python_operator.py
[2023-02-16T00:01:16.164+0000] {logging_mixin.py:137} INFO - [2023-02-16T00:01:16.164+0000] {dag.py:2690} INFO - Sync 1 DAGs
[2023-02-16T00:01:16.199+0000] {logging_mixin.py:137} INFO - [2023-02-16T00:01:16.199+0000] {dag.py:3441} INFO - Setting next_dagrun for example_python_operator to None, run_after=None
[2023-02-16T00:01:16.229+0000] {processor.py:175} INFO - Processing /home/airflow/.local/lib/python3.7/site-packages/airflow/example_dags/example_python_operator.py took 0.125 seconds
[2023-02-16T00:01:46.597+0000] {processor.py:153} INFO - Started process (PID=1006) to work on /home/airflow/.local/lib/python3.7/site-packages/airflow/example_dags/example_python_operator.py
[2023-02-16T00:01:46.598+0000] {processor.py:743} INFO - Processing file /home/airflow/.local/lib/python3.7/site-packages/airflow/example_dags/example_python_operator.py for tasks to queue
[2023-02-16T00:01:46.599+0000] {logging_mixin.py:137} INFO - [2023-02-16T00:01:46.599+0000] {dagbag.py:538} INFO - Filling up the DagBag from /home/airflow/.local/lib/python3.7/site-packages/airflow/example_dags/example_python_operator.py
[2023-02-16T00:01:46.618+0000] {logging_mixin.py:137} INFO - [2023-02-16T00:01:46.618+0000] {taskmixin.py:205} WARNING - Dependency <Task(_PythonDecoratedOperator): print_the_context>, log_sql_query already registered for DAG: example_python_operator
[2023-02-16T00:01:46.618+0000] {logging_mixin.py:137} INFO - [2023-02-16T00:01:46.618+0000] {taskmixin.py:205} WARNING - Dependency <Task(_PythonDecoratedOperator): log_sql_query>, print_the_context already registered for DAG: example_python_operator
[2023-02-16T00:01:46.619+0000] {logging_mixin.py:137} INFO - [2023-02-16T00:01:46.619+0000] {taskmixin.py:205} WARNING - Dependency <Task(_PythonDecoratedOperator): print_the_context>, log_sql_query already registered for DAG: example_python_operator
[2023-02-16T00:01:46.619+0000] {logging_mixin.py:137} INFO - [2023-02-16T00:01:46.619+0000] {taskmixin.py:205} WARNING - Dependency <Task(_PythonDecoratedOperator): log_sql_query>, print_the_context already registered for DAG: example_python_operator
[2023-02-16T00:01:46.620+0000] {logging_mixin.py:137} INFO - [2023-02-16T00:01:46.620+0000] {taskmixin.py:205} WARNING - Dependency <Task(_PythonDecoratedOperator): print_the_context>, log_sql_query already registered for DAG: example_python_operator
[2023-02-16T00:01:46.620+0000] {logging_mixin.py:137} INFO - [2023-02-16T00:01:46.620+0000] {taskmixin.py:205} WARNING - Dependency <Task(_PythonDecoratedOperator): log_sql_query>, print_the_context already registered for DAG: example_python_operator
[2023-02-16T00:01:46.621+0000] {logging_mixin.py:137} INFO - [2023-02-16T00:01:46.621+0000] {taskmixin.py:205} WARNING - Dependency <Task(_PythonDecoratedOperator): print_the_context>, log_sql_query already registered for DAG: example_python_operator
[2023-02-16T00:01:46.621+0000] {logging_mixin.py:137} INFO - [2023-02-16T00:01:46.621+0000] {taskmixin.py:205} WARNING - Dependency <Task(_PythonDecoratedOperator): log_sql_query>, print_the_context already registered for DAG: example_python_operator
[2023-02-16T00:01:46.628+0000] {processor.py:753} INFO - DAG(s) dict_keys(['example_python_operator']) retrieved from /home/airflow/.local/lib/python3.7/site-packages/airflow/example_dags/example_python_operator.py
[2023-02-16T00:01:46.662+0000] {logging_mixin.py:137} INFO - [2023-02-16T00:01:46.662+0000] {dag.py:2690} INFO - Sync 1 DAGs
[2023-02-16T00:01:46.700+0000] {logging_mixin.py:137} INFO - [2023-02-16T00:01:46.700+0000] {dag.py:3441} INFO - Setting next_dagrun for example_python_operator to None, run_after=None
[2023-02-16T00:01:46.734+0000] {processor.py:175} INFO - Processing /home/airflow/.local/lib/python3.7/site-packages/airflow/example_dags/example_python_operator.py took 0.143 seconds
[2023-02-16T00:02:17.532+0000] {processor.py:153} INFO - Started process (PID=1079) to work on /home/airflow/.local/lib/python3.7/site-packages/airflow/example_dags/example_python_operator.py
[2023-02-16T00:02:17.533+0000] {processor.py:743} INFO - Processing file /home/airflow/.local/lib/python3.7/site-packages/airflow/example_dags/example_python_operator.py for tasks to queue
[2023-02-16T00:02:17.534+0000] {logging_mixin.py:137} INFO - [2023-02-16T00:02:17.533+0000] {dagbag.py:538} INFO - Filling up the DagBag from /home/airflow/.local/lib/python3.7/site-packages/airflow/example_dags/example_python_operator.py
[2023-02-16T00:02:17.552+0000] {logging_mixin.py:137} INFO - [2023-02-16T00:02:17.552+0000] {taskmixin.py:205} WARNING - Dependency <Task(_PythonDecoratedOperator): print_the_context>, log_sql_query already registered for DAG: example_python_operator
[2023-02-16T00:02:17.552+0000] {logging_mixin.py:137} INFO - [2023-02-16T00:02:17.552+0000] {taskmixin.py:205} WARNING - Dependency <Task(_PythonDecoratedOperator): log_sql_query>, print_the_context already registered for DAG: example_python_operator
[2023-02-16T00:02:17.553+0000] {logging_mixin.py:137} INFO - [2023-02-16T00:02:17.553+0000] {taskmixin.py:205} WARNING - Dependency <Task(_PythonDecoratedOperator): print_the_context>, log_sql_query already registered for DAG: example_python_operator
[2023-02-16T00:02:17.553+0000] {logging_mixin.py:137} INFO - [2023-02-16T00:02:17.553+0000] {taskmixin.py:205} WARNING - Dependency <Task(_PythonDecoratedOperator): log_sql_query>, print_the_context already registered for DAG: example_python_operator
[2023-02-16T00:02:17.554+0000] {logging_mixin.py:137} INFO - [2023-02-16T00:02:17.554+0000] {taskmixin.py:205} WARNING - Dependency <Task(_PythonDecoratedOperator): print_the_context>, log_sql_query already registered for DAG: example_python_operator
[2023-02-16T00:02:17.554+0000] {logging_mixin.py:137} INFO - [2023-02-16T00:02:17.554+0000] {taskmixin.py:205} WARNING - Dependency <Task(_PythonDecoratedOperator): log_sql_query>, print_the_context already registered for DAG: example_python_operator
[2023-02-16T00:02:17.555+0000] {logging_mixin.py:137} INFO - [2023-02-16T00:02:17.555+0000] {taskmixin.py:205} WARNING - Dependency <Task(_PythonDecoratedOperator): print_the_context>, log_sql_query already registered for DAG: example_python_operator
[2023-02-16T00:02:17.555+0000] {logging_mixin.py:137} INFO - [2023-02-16T00:02:17.555+0000] {taskmixin.py:205} WARNING - Dependency <Task(_PythonDecoratedOperator): log_sql_query>, print_the_context already registered for DAG: example_python_operator
[2023-02-16T00:02:17.562+0000] {processor.py:753} INFO - DAG(s) dict_keys(['example_python_operator']) retrieved from /home/airflow/.local/lib/python3.7/site-packages/airflow/example_dags/example_python_operator.py
[2023-02-16T00:02:17.602+0000] {logging_mixin.py:137} INFO - [2023-02-16T00:02:17.602+0000] {dag.py:2690} INFO - Sync 1 DAGs
[2023-02-16T00:02:17.639+0000] {logging_mixin.py:137} INFO - [2023-02-16T00:02:17.639+0000] {dag.py:3441} INFO - Setting next_dagrun for example_python_operator to None, run_after=None
[2023-02-16T00:02:17.671+0000] {processor.py:175} INFO - Processing /home/airflow/.local/lib/python3.7/site-packages/airflow/example_dags/example_python_operator.py took 0.143 seconds
[2023-02-16T00:02:48.817+0000] {processor.py:153} INFO - Started process (PID=1167) to work on /home/airflow/.local/lib/python3.7/site-packages/airflow/example_dags/example_python_operator.py
[2023-02-16T00:02:48.818+0000] {processor.py:743} INFO - Processing file /home/airflow/.local/lib/python3.7/site-packages/airflow/example_dags/example_python_operator.py for tasks to queue
[2023-02-16T00:02:48.820+0000] {logging_mixin.py:137} INFO - [2023-02-16T00:02:48.819+0000] {dagbag.py:538} INFO - Filling up the DagBag from /home/airflow/.local/lib/python3.7/site-packages/airflow/example_dags/example_python_operator.py
[2023-02-16T00:02:48.855+0000] {logging_mixin.py:137} INFO - [2023-02-16T00:02:48.854+0000] {taskmixin.py:205} WARNING - Dependency <Task(_PythonDecoratedOperator): print_the_context>, log_sql_query already registered for DAG: example_python_operator
[2023-02-16T00:02:48.855+0000] {logging_mixin.py:137} INFO - [2023-02-16T00:02:48.855+0000] {taskmixin.py:205} WARNING - Dependency <Task(_PythonDecoratedOperator): log_sql_query>, print_the_context already registered for DAG: example_python_operator
[2023-02-16T00:02:48.857+0000] {logging_mixin.py:137} INFO - [2023-02-16T00:02:48.856+0000] {taskmixin.py:205} WARNING - Dependency <Task(_PythonDecoratedOperator): print_the_context>, log_sql_query already registered for DAG: example_python_operator
[2023-02-16T00:02:48.857+0000] {logging_mixin.py:137} INFO - [2023-02-16T00:02:48.857+0000] {taskmixin.py:205} WARNING - Dependency <Task(_PythonDecoratedOperator): log_sql_query>, print_the_context already registered for DAG: example_python_operator
[2023-02-16T00:02:48.858+0000] {logging_mixin.py:137} INFO - [2023-02-16T00:02:48.858+0000] {taskmixin.py:205} WARNING - Dependency <Task(_PythonDecoratedOperator): print_the_context>, log_sql_query already registered for DAG: example_python_operator
[2023-02-16T00:02:48.859+0000] {logging_mixin.py:137} INFO - [2023-02-16T00:02:48.859+0000] {taskmixin.py:205} WARNING - Dependency <Task(_PythonDecoratedOperator): log_sql_query>, print_the_context already registered for DAG: example_python_operator
[2023-02-16T00:02:48.864+0000] {logging_mixin.py:137} INFO - [2023-02-16T00:02:48.864+0000] {taskmixin.py:205} WARNING - Dependency <Task(_PythonDecoratedOperator): print_the_context>, log_sql_query already registered for DAG: example_python_operator
[2023-02-16T00:02:48.864+0000] {logging_mixin.py:137} INFO - [2023-02-16T00:02:48.864+0000] {taskmixin.py:205} WARNING - Dependency <Task(_PythonDecoratedOperator): log_sql_query>, print_the_context already registered for DAG: example_python_operator
[2023-02-16T00:02:48.878+0000] {processor.py:753} INFO - DAG(s) dict_keys(['example_python_operator']) retrieved from /home/airflow/.local/lib/python3.7/site-packages/airflow/example_dags/example_python_operator.py
[2023-02-16T00:02:48.944+0000] {logging_mixin.py:137} INFO - [2023-02-16T00:02:48.944+0000] {dag.py:2690} INFO - Sync 1 DAGs
[2023-02-16T00:02:49.021+0000] {logging_mixin.py:137} INFO - [2023-02-16T00:02:49.020+0000] {dag.py:3441} INFO - Setting next_dagrun for example_python_operator to None, run_after=None
[2023-02-16T00:02:49.067+0000] {processor.py:175} INFO - Processing /home/airflow/.local/lib/python3.7/site-packages/airflow/example_dags/example_python_operator.py took 0.256 seconds
[2023-02-16T00:03:19.974+0000] {processor.py:153} INFO - Started process (PID=1239) to work on /home/airflow/.local/lib/python3.7/site-packages/airflow/example_dags/example_python_operator.py
[2023-02-16T00:03:19.975+0000] {processor.py:743} INFO - Processing file /home/airflow/.local/lib/python3.7/site-packages/airflow/example_dags/example_python_operator.py for tasks to queue
[2023-02-16T00:03:19.976+0000] {logging_mixin.py:137} INFO - [2023-02-16T00:03:19.976+0000] {dagbag.py:538} INFO - Filling up the DagBag from /home/airflow/.local/lib/python3.7/site-packages/airflow/example_dags/example_python_operator.py
[2023-02-16T00:03:19.998+0000] {logging_mixin.py:137} INFO - [2023-02-16T00:03:19.997+0000] {taskmixin.py:205} WARNING - Dependency <Task(_PythonDecoratedOperator): print_the_context>, log_sql_query already registered for DAG: example_python_operator
[2023-02-16T00:03:19.998+0000] {logging_mixin.py:137} INFO - [2023-02-16T00:03:19.998+0000] {taskmixin.py:205} WARNING - Dependency <Task(_PythonDecoratedOperator): log_sql_query>, print_the_context already registered for DAG: example_python_operator
[2023-02-16T00:03:19.999+0000] {logging_mixin.py:137} INFO - [2023-02-16T00:03:19.999+0000] {taskmixin.py:205} WARNING - Dependency <Task(_PythonDecoratedOperator): print_the_context>, log_sql_query already registered for DAG: example_python_operator
[2023-02-16T00:03:19.999+0000] {logging_mixin.py:137} INFO - [2023-02-16T00:03:19.999+0000] {taskmixin.py:205} WARNING - Dependency <Task(_PythonDecoratedOperator): log_sql_query>, print_the_context already registered for DAG: example_python_operator
[2023-02-16T00:03:20.000+0000] {logging_mixin.py:137} INFO - [2023-02-16T00:03:20.000+0000] {taskmixin.py:205} WARNING - Dependency <Task(_PythonDecoratedOperator): print_the_context>, log_sql_query already registered for DAG: example_python_operator
[2023-02-16T00:03:20.000+0000] {logging_mixin.py:137} INFO - [2023-02-16T00:03:20.000+0000] {taskmixin.py:205} WARNING - Dependency <Task(_PythonDecoratedOperator): log_sql_query>, print_the_context already registered for DAG: example_python_operator
[2023-02-16T00:03:20.001+0000] {logging_mixin.py:137} INFO - [2023-02-16T00:03:20.001+0000] {taskmixin.py:205} WARNING - Dependency <Task(_PythonDecoratedOperator): print_the_context>, log_sql_query already registered for DAG: example_python_operator
[2023-02-16T00:03:20.002+0000] {logging_mixin.py:137} INFO - [2023-02-16T00:03:20.001+0000] {taskmixin.py:205} WARNING - Dependency <Task(_PythonDecoratedOperator): log_sql_query>, print_the_context already registered for DAG: example_python_operator
[2023-02-16T00:03:20.010+0000] {processor.py:753} INFO - DAG(s) dict_keys(['example_python_operator']) retrieved from /home/airflow/.local/lib/python3.7/site-packages/airflow/example_dags/example_python_operator.py
[2023-02-16T00:03:20.046+0000] {logging_mixin.py:137} INFO - [2023-02-16T00:03:20.045+0000] {dag.py:2690} INFO - Sync 1 DAGs
[2023-02-16T00:03:20.088+0000] {logging_mixin.py:137} INFO - [2023-02-16T00:03:20.088+0000] {dag.py:3441} INFO - Setting next_dagrun for example_python_operator to None, run_after=None
[2023-02-16T00:03:20.122+0000] {processor.py:175} INFO - Processing /home/airflow/.local/lib/python3.7/site-packages/airflow/example_dags/example_python_operator.py took 0.152 seconds
[2023-02-16T00:03:50.911+0000] {processor.py:153} INFO - Started process (PID=1311) to work on /home/airflow/.local/lib/python3.7/site-packages/airflow/example_dags/example_python_operator.py
[2023-02-16T00:03:50.912+0000] {processor.py:743} INFO - Processing file /home/airflow/.local/lib/python3.7/site-packages/airflow/example_dags/example_python_operator.py for tasks to queue
[2023-02-16T00:03:50.913+0000] {logging_mixin.py:137} INFO - [2023-02-16T00:03:50.913+0000] {dagbag.py:538} INFO - Filling up the DagBag from /home/airflow/.local/lib/python3.7/site-packages/airflow/example_dags/example_python_operator.py
[2023-02-16T00:03:50.935+0000] {logging_mixin.py:137} INFO - [2023-02-16T00:03:50.935+0000] {taskmixin.py:205} WARNING - Dependency <Task(_PythonDecoratedOperator): print_the_context>, log_sql_query already registered for DAG: example_python_operator
[2023-02-16T00:03:50.935+0000] {logging_mixin.py:137} INFO - [2023-02-16T00:03:50.935+0000] {taskmixin.py:205} WARNING - Dependency <Task(_PythonDecoratedOperator): log_sql_query>, print_the_context already registered for DAG: example_python_operator
[2023-02-16T00:03:50.936+0000] {logging_mixin.py:137} INFO - [2023-02-16T00:03:50.936+0000] {taskmixin.py:205} WARNING - Dependency <Task(_PythonDecoratedOperator): print_the_context>, log_sql_query already registered for DAG: example_python_operator
[2023-02-16T00:03:50.937+0000] {logging_mixin.py:137} INFO - [2023-02-16T00:03:50.937+0000] {taskmixin.py:205} WARNING - Dependency <Task(_PythonDecoratedOperator): log_sql_query>, print_the_context already registered for DAG: example_python_operator
[2023-02-16T00:03:50.938+0000] {logging_mixin.py:137} INFO - [2023-02-16T00:03:50.937+0000] {taskmixin.py:205} WARNING - Dependency <Task(_PythonDecoratedOperator): print_the_context>, log_sql_query already registered for DAG: example_python_operator
[2023-02-16T00:03:50.938+0000] {logging_mixin.py:137} INFO - [2023-02-16T00:03:50.938+0000] {taskmixin.py:205} WARNING - Dependency <Task(_PythonDecoratedOperator): log_sql_query>, print_the_context already registered for DAG: example_python_operator
[2023-02-16T00:03:50.939+0000] {logging_mixin.py:137} INFO - [2023-02-16T00:03:50.939+0000] {taskmixin.py:205} WARNING - Dependency <Task(_PythonDecoratedOperator): print_the_context>, log_sql_query already registered for DAG: example_python_operator
[2023-02-16T00:03:50.940+0000] {logging_mixin.py:137} INFO - [2023-02-16T00:03:50.939+0000] {taskmixin.py:205} WARNING - Dependency <Task(_PythonDecoratedOperator): log_sql_query>, print_the_context already registered for DAG: example_python_operator
[2023-02-16T00:03:50.947+0000] {processor.py:753} INFO - DAG(s) dict_keys(['example_python_operator']) retrieved from /home/airflow/.local/lib/python3.7/site-packages/airflow/example_dags/example_python_operator.py
[2023-02-16T00:03:50.980+0000] {logging_mixin.py:137} INFO - [2023-02-16T00:03:50.979+0000] {dag.py:2690} INFO - Sync 1 DAGs
[2023-02-16T00:03:51.016+0000] {logging_mixin.py:137} INFO - [2023-02-16T00:03:51.015+0000] {dag.py:3441} INFO - Setting next_dagrun for example_python_operator to None, run_after=None
[2023-02-16T00:03:51.049+0000] {processor.py:175} INFO - Processing /home/airflow/.local/lib/python3.7/site-packages/airflow/example_dags/example_python_operator.py took 0.142 seconds
[2023-02-16T00:04:21.574+0000] {processor.py:153} INFO - Started process (PID=1399) to work on /home/airflow/.local/lib/python3.7/site-packages/airflow/example_dags/example_python_operator.py
[2023-02-16T00:04:21.576+0000] {processor.py:743} INFO - Processing file /home/airflow/.local/lib/python3.7/site-packages/airflow/example_dags/example_python_operator.py for tasks to queue
[2023-02-16T00:04:21.577+0000] {logging_mixin.py:137} INFO - [2023-02-16T00:04:21.577+0000] {dagbag.py:538} INFO - Filling up the DagBag from /home/airflow/.local/lib/python3.7/site-packages/airflow/example_dags/example_python_operator.py
[2023-02-16T00:04:21.631+0000] {logging_mixin.py:137} INFO - [2023-02-16T00:04:21.631+0000] {taskmixin.py:205} WARNING - Dependency <Task(_PythonDecoratedOperator): print_the_context>, log_sql_query already registered for DAG: example_python_operator
[2023-02-16T00:04:21.632+0000] {logging_mixin.py:137} INFO - [2023-02-16T00:04:21.631+0000] {taskmixin.py:205} WARNING - Dependency <Task(_PythonDecoratedOperator): log_sql_query>, print_the_context already registered for DAG: example_python_operator
[2023-02-16T00:04:21.639+0000] {logging_mixin.py:137} INFO - [2023-02-16T00:04:21.638+0000] {taskmixin.py:205} WARNING - Dependency <Task(_PythonDecoratedOperator): print_the_context>, log_sql_query already registered for DAG: example_python_operator
[2023-02-16T00:04:21.639+0000] {logging_mixin.py:137} INFO - [2023-02-16T00:04:21.639+0000] {taskmixin.py:205} WARNING - Dependency <Task(_PythonDecoratedOperator): log_sql_query>, print_the_context already registered for DAG: example_python_operator
[2023-02-16T00:04:21.641+0000] {logging_mixin.py:137} INFO - [2023-02-16T00:04:21.641+0000] {taskmixin.py:205} WARNING - Dependency <Task(_PythonDecoratedOperator): print_the_context>, log_sql_query already registered for DAG: example_python_operator
[2023-02-16T00:04:21.642+0000] {logging_mixin.py:137} INFO - [2023-02-16T00:04:21.642+0000] {taskmixin.py:205} WARNING - Dependency <Task(_PythonDecoratedOperator): log_sql_query>, print_the_context already registered for DAG: example_python_operator
[2023-02-16T00:04:21.643+0000] {logging_mixin.py:137} INFO - [2023-02-16T00:04:21.643+0000] {taskmixin.py:205} WARNING - Dependency <Task(_PythonDecoratedOperator): print_the_context>, log_sql_query already registered for DAG: example_python_operator
[2023-02-16T00:04:21.644+0000] {logging_mixin.py:137} INFO - [2023-02-16T00:04:21.643+0000] {taskmixin.py:205} WARNING - Dependency <Task(_PythonDecoratedOperator): log_sql_query>, print_the_context already registered for DAG: example_python_operator
[2023-02-16T00:04:21.657+0000] {processor.py:753} INFO - DAG(s) dict_keys(['example_python_operator']) retrieved from /home/airflow/.local/lib/python3.7/site-packages/airflow/example_dags/example_python_operator.py
[2023-02-16T00:04:21.702+0000] {logging_mixin.py:137} INFO - [2023-02-16T00:04:21.702+0000] {dag.py:2690} INFO - Sync 1 DAGs
[2023-02-16T00:04:21.748+0000] {logging_mixin.py:137} INFO - [2023-02-16T00:04:21.748+0000] {dag.py:3441} INFO - Setting next_dagrun for example_python_operator to None, run_after=None
[2023-02-16T00:04:21.785+0000] {processor.py:175} INFO - Processing /home/airflow/.local/lib/python3.7/site-packages/airflow/example_dags/example_python_operator.py took 0.223 seconds
[2023-02-16T00:04:52.228+0000] {processor.py:153} INFO - Started process (PID=1473) to work on /home/airflow/.local/lib/python3.7/site-packages/airflow/example_dags/example_python_operator.py
[2023-02-16T00:04:52.229+0000] {processor.py:743} INFO - Processing file /home/airflow/.local/lib/python3.7/site-packages/airflow/example_dags/example_python_operator.py for tasks to queue
[2023-02-16T00:04:52.230+0000] {logging_mixin.py:137} INFO - [2023-02-16T00:04:52.230+0000] {dagbag.py:538} INFO - Filling up the DagBag from /home/airflow/.local/lib/python3.7/site-packages/airflow/example_dags/example_python_operator.py
[2023-02-16T00:04:52.256+0000] {logging_mixin.py:137} INFO - [2023-02-16T00:04:52.256+0000] {taskmixin.py:205} WARNING - Dependency <Task(_PythonDecoratedOperator): print_the_context>, log_sql_query already registered for DAG: example_python_operator
[2023-02-16T00:04:52.256+0000] {logging_mixin.py:137} INFO - [2023-02-16T00:04:52.256+0000] {taskmixin.py:205} WARNING - Dependency <Task(_PythonDecoratedOperator): log_sql_query>, print_the_context already registered for DAG: example_python_operator
[2023-02-16T00:04:52.258+0000] {logging_mixin.py:137} INFO - [2023-02-16T00:04:52.258+0000] {taskmixin.py:205} WARNING - Dependency <Task(_PythonDecoratedOperator): print_the_context>, log_sql_query already registered for DAG: example_python_operator
[2023-02-16T00:04:52.258+0000] {logging_mixin.py:137} INFO - [2023-02-16T00:04:52.258+0000] {taskmixin.py:205} WARNING - Dependency <Task(_PythonDecoratedOperator): log_sql_query>, print_the_context already registered for DAG: example_python_operator
[2023-02-16T00:04:52.260+0000] {logging_mixin.py:137} INFO - [2023-02-16T00:04:52.259+0000] {taskmixin.py:205} WARNING - Dependency <Task(_PythonDecoratedOperator): print_the_context>, log_sql_query already registered for DAG: example_python_operator
[2023-02-16T00:04:52.260+0000] {logging_mixin.py:137} INFO - [2023-02-16T00:04:52.260+0000] {taskmixin.py:205} WARNING - Dependency <Task(_PythonDecoratedOperator): log_sql_query>, print_the_context already registered for DAG: example_python_operator
[2023-02-16T00:04:52.261+0000] {logging_mixin.py:137} INFO - [2023-02-16T00:04:52.261+0000] {taskmixin.py:205} WARNING - Dependency <Task(_PythonDecoratedOperator): print_the_context>, log_sql_query already registered for DAG: example_python_operator
[2023-02-16T00:04:52.262+0000] {logging_mixin.py:137} INFO - [2023-02-16T00:04:52.261+0000] {taskmixin.py:205} WARNING - Dependency <Task(_PythonDecoratedOperator): log_sql_query>, print_the_context already registered for DAG: example_python_operator
[2023-02-16T00:04:52.272+0000] {processor.py:753} INFO - DAG(s) dict_keys(['example_python_operator']) retrieved from /home/airflow/.local/lib/python3.7/site-packages/airflow/example_dags/example_python_operator.py
[2023-02-16T00:04:52.316+0000] {logging_mixin.py:137} INFO - [2023-02-16T00:04:52.315+0000] {dag.py:2690} INFO - Sync 1 DAGs
[2023-02-16T00:04:52.356+0000] {logging_mixin.py:137} INFO - [2023-02-16T00:04:52.356+0000] {dag.py:3441} INFO - Setting next_dagrun for example_python_operator to None, run_after=None
[2023-02-16T00:04:52.391+0000] {processor.py:175} INFO - Processing /home/airflow/.local/lib/python3.7/site-packages/airflow/example_dags/example_python_operator.py took 0.168 seconds
[2023-02-16T00:05:22.444+0000] {processor.py:153} INFO - Started process (PID=1545) to work on /home/airflow/.local/lib/python3.7/site-packages/airflow/example_dags/example_python_operator.py
[2023-02-16T00:05:22.445+0000] {processor.py:743} INFO - Processing file /home/airflow/.local/lib/python3.7/site-packages/airflow/example_dags/example_python_operator.py for tasks to queue
[2023-02-16T00:05:22.446+0000] {logging_mixin.py:137} INFO - [2023-02-16T00:05:22.445+0000] {dagbag.py:538} INFO - Filling up the DagBag from /home/airflow/.local/lib/python3.7/site-packages/airflow/example_dags/example_python_operator.py
[2023-02-16T00:05:22.474+0000] {logging_mixin.py:137} INFO - [2023-02-16T00:05:22.473+0000] {taskmixin.py:205} WARNING - Dependency <Task(_PythonDecoratedOperator): print_the_context>, log_sql_query already registered for DAG: example_python_operator
[2023-02-16T00:05:22.474+0000] {logging_mixin.py:137} INFO - [2023-02-16T00:05:22.474+0000] {taskmixin.py:205} WARNING - Dependency <Task(_PythonDecoratedOperator): log_sql_query>, print_the_context already registered for DAG: example_python_operator
[2023-02-16T00:05:22.476+0000] {logging_mixin.py:137} INFO - [2023-02-16T00:05:22.475+0000] {taskmixin.py:205} WARNING - Dependency <Task(_PythonDecoratedOperator): print_the_context>, log_sql_query already registered for DAG: example_python_operator
[2023-02-16T00:05:22.476+0000] {logging_mixin.py:137} INFO - [2023-02-16T00:05:22.476+0000] {taskmixin.py:205} WARNING - Dependency <Task(_PythonDecoratedOperator): log_sql_query>, print_the_context already registered for DAG: example_python_operator
[2023-02-16T00:05:22.478+0000] {logging_mixin.py:137} INFO - [2023-02-16T00:05:22.478+0000] {taskmixin.py:205} WARNING - Dependency <Task(_PythonDecoratedOperator): print_the_context>, log_sql_query already registered for DAG: example_python_operator
[2023-02-16T00:05:22.478+0000] {logging_mixin.py:137} INFO - [2023-02-16T00:05:22.478+0000] {taskmixin.py:205} WARNING - Dependency <Task(_PythonDecoratedOperator): log_sql_query>, print_the_context already registered for DAG: example_python_operator
[2023-02-16T00:05:22.479+0000] {logging_mixin.py:137} INFO - [2023-02-16T00:05:22.479+0000] {taskmixin.py:205} WARNING - Dependency <Task(_PythonDecoratedOperator): print_the_context>, log_sql_query already registered for DAG: example_python_operator
[2023-02-16T00:05:22.480+0000] {logging_mixin.py:137} INFO - [2023-02-16T00:05:22.479+0000] {taskmixin.py:205} WARNING - Dependency <Task(_PythonDecoratedOperator): log_sql_query>, print_the_context already registered for DAG: example_python_operator
[2023-02-16T00:05:22.490+0000] {processor.py:753} INFO - DAG(s) dict_keys(['example_python_operator']) retrieved from /home/airflow/.local/lib/python3.7/site-packages/airflow/example_dags/example_python_operator.py
[2023-02-16T00:05:22.530+0000] {logging_mixin.py:137} INFO - [2023-02-16T00:05:22.530+0000] {dag.py:2690} INFO - Sync 1 DAGs
[2023-02-16T00:05:22.571+0000] {logging_mixin.py:137} INFO - [2023-02-16T00:05:22.571+0000] {dag.py:3441} INFO - Setting next_dagrun for example_python_operator to None, run_after=None
[2023-02-16T00:05:22.607+0000] {processor.py:175} INFO - Processing /home/airflow/.local/lib/python3.7/site-packages/airflow/example_dags/example_python_operator.py took 0.168 seconds
[2023-02-16T00:05:52.775+0000] {processor.py:153} INFO - Started process (PID=1617) to work on /home/airflow/.local/lib/python3.7/site-packages/airflow/example_dags/example_python_operator.py
[2023-02-16T00:05:52.776+0000] {processor.py:743} INFO - Processing file /home/airflow/.local/lib/python3.7/site-packages/airflow/example_dags/example_python_operator.py for tasks to queue
[2023-02-16T00:05:52.777+0000] {logging_mixin.py:137} INFO - [2023-02-16T00:05:52.777+0000] {dagbag.py:538} INFO - Filling up the DagBag from /home/airflow/.local/lib/python3.7/site-packages/airflow/example_dags/example_python_operator.py
[2023-02-16T00:05:52.807+0000] {logging_mixin.py:137} INFO - [2023-02-16T00:05:52.807+0000] {taskmixin.py:205} WARNING - Dependency <Task(_PythonDecoratedOperator): print_the_context>, log_sql_query already registered for DAG: example_python_operator
[2023-02-16T00:05:52.807+0000] {logging_mixin.py:137} INFO - [2023-02-16T00:05:52.807+0000] {taskmixin.py:205} WARNING - Dependency <Task(_PythonDecoratedOperator): log_sql_query>, print_the_context already registered for DAG: example_python_operator
[2023-02-16T00:05:52.808+0000] {logging_mixin.py:137} INFO - [2023-02-16T00:05:52.808+0000] {taskmixin.py:205} WARNING - Dependency <Task(_PythonDecoratedOperator): print_the_context>, log_sql_query already registered for DAG: example_python_operator
[2023-02-16T00:05:52.808+0000] {logging_mixin.py:137} INFO - [2023-02-16T00:05:52.808+0000] {taskmixin.py:205} WARNING - Dependency <Task(_PythonDecoratedOperator): log_sql_query>, print_the_context already registered for DAG: example_python_operator
[2023-02-16T00:05:52.810+0000] {logging_mixin.py:137} INFO - [2023-02-16T00:05:52.809+0000] {taskmixin.py:205} WARNING - Dependency <Task(_PythonDecoratedOperator): print_the_context>, log_sql_query already registered for DAG: example_python_operator
[2023-02-16T00:05:52.810+0000] {logging_mixin.py:137} INFO - [2023-02-16T00:05:52.810+0000] {taskmixin.py:205} WARNING - Dependency <Task(_PythonDecoratedOperator): log_sql_query>, print_the_context already registered for DAG: example_python_operator
[2023-02-16T00:05:52.811+0000] {logging_mixin.py:137} INFO - [2023-02-16T00:05:52.811+0000] {taskmixin.py:205} WARNING - Dependency <Task(_PythonDecoratedOperator): print_the_context>, log_sql_query already registered for DAG: example_python_operator
[2023-02-16T00:05:52.811+0000] {logging_mixin.py:137} INFO - [2023-02-16T00:05:52.811+0000] {taskmixin.py:205} WARNING - Dependency <Task(_PythonDecoratedOperator): log_sql_query>, print_the_context already registered for DAG: example_python_operator
[2023-02-16T00:05:52.825+0000] {processor.py:753} INFO - DAG(s) dict_keys(['example_python_operator']) retrieved from /home/airflow/.local/lib/python3.7/site-packages/airflow/example_dags/example_python_operator.py
[2023-02-16T00:05:52.868+0000] {logging_mixin.py:137} INFO - [2023-02-16T00:05:52.868+0000] {dag.py:2690} INFO - Sync 1 DAGs
[2023-02-16T00:05:52.914+0000] {logging_mixin.py:137} INFO - [2023-02-16T00:05:52.913+0000] {dag.py:3441} INFO - Setting next_dagrun for example_python_operator to None, run_after=None
[2023-02-16T00:05:52.958+0000] {processor.py:175} INFO - Processing /home/airflow/.local/lib/python3.7/site-packages/airflow/example_dags/example_python_operator.py took 0.186 seconds
[2023-02-16T00:06:23.463+0000] {processor.py:153} INFO - Started process (PID=1705) to work on /home/airflow/.local/lib/python3.7/site-packages/airflow/example_dags/example_python_operator.py
[2023-02-16T00:06:23.463+0000] {processor.py:743} INFO - Processing file /home/airflow/.local/lib/python3.7/site-packages/airflow/example_dags/example_python_operator.py for tasks to queue
[2023-02-16T00:06:23.464+0000] {logging_mixin.py:137} INFO - [2023-02-16T00:06:23.464+0000] {dagbag.py:538} INFO - Filling up the DagBag from /home/airflow/.local/lib/python3.7/site-packages/airflow/example_dags/example_python_operator.py
[2023-02-16T00:06:23.487+0000] {logging_mixin.py:137} INFO - [2023-02-16T00:06:23.487+0000] {taskmixin.py:205} WARNING - Dependency <Task(_PythonDecoratedOperator): print_the_context>, log_sql_query already registered for DAG: example_python_operator
[2023-02-16T00:06:23.487+0000] {logging_mixin.py:137} INFO - [2023-02-16T00:06:23.487+0000] {taskmixin.py:205} WARNING - Dependency <Task(_PythonDecoratedOperator): log_sql_query>, print_the_context already registered for DAG: example_python_operator
[2023-02-16T00:06:23.488+0000] {logging_mixin.py:137} INFO - [2023-02-16T00:06:23.488+0000] {taskmixin.py:205} WARNING - Dependency <Task(_PythonDecoratedOperator): print_the_context>, log_sql_query already registered for DAG: example_python_operator
[2023-02-16T00:06:23.488+0000] {logging_mixin.py:137} INFO - [2023-02-16T00:06:23.488+0000] {taskmixin.py:205} WARNING - Dependency <Task(_PythonDecoratedOperator): log_sql_query>, print_the_context already registered for DAG: example_python_operator
[2023-02-16T00:06:23.490+0000] {logging_mixin.py:137} INFO - [2023-02-16T00:06:23.489+0000] {taskmixin.py:205} WARNING - Dependency <Task(_PythonDecoratedOperator): print_the_context>, log_sql_query already registered for DAG: example_python_operator
[2023-02-16T00:06:23.490+0000] {logging_mixin.py:137} INFO - [2023-02-16T00:06:23.490+0000] {taskmixin.py:205} WARNING - Dependency <Task(_PythonDecoratedOperator): log_sql_query>, print_the_context already registered for DAG: example_python_operator
[2023-02-16T00:06:23.491+0000] {logging_mixin.py:137} INFO - [2023-02-16T00:06:23.491+0000] {taskmixin.py:205} WARNING - Dependency <Task(_PythonDecoratedOperator): print_the_context>, log_sql_query already registered for DAG: example_python_operator
[2023-02-16T00:06:23.492+0000] {logging_mixin.py:137} INFO - [2023-02-16T00:06:23.491+0000] {taskmixin.py:205} WARNING - Dependency <Task(_PythonDecoratedOperator): log_sql_query>, print_the_context already registered for DAG: example_python_operator
[2023-02-16T00:06:23.503+0000] {processor.py:753} INFO - DAG(s) dict_keys(['example_python_operator']) retrieved from /home/airflow/.local/lib/python3.7/site-packages/airflow/example_dags/example_python_operator.py
[2023-02-16T00:06:23.547+0000] {logging_mixin.py:137} INFO - [2023-02-16T00:06:23.546+0000] {dag.py:2690} INFO - Sync 1 DAGs
[2023-02-16T00:06:23.586+0000] {logging_mixin.py:137} INFO - [2023-02-16T00:06:23.586+0000] {dag.py:3441} INFO - Setting next_dagrun for example_python_operator to None, run_after=None
[2023-02-16T00:06:23.623+0000] {processor.py:175} INFO - Processing /home/airflow/.local/lib/python3.7/site-packages/airflow/example_dags/example_python_operator.py took 0.165 seconds
[2023-02-16T00:07:59.226+0000] {processor.py:153} INFO - Started process (PID=72) to work on /home/airflow/.local/lib/python3.7/site-packages/airflow/example_dags/example_python_operator.py
[2023-02-16T00:07:59.227+0000] {processor.py:743} INFO - Processing file /home/airflow/.local/lib/python3.7/site-packages/airflow/example_dags/example_python_operator.py for tasks to queue
[2023-02-16T00:07:59.228+0000] {logging_mixin.py:137} INFO - [2023-02-16T00:07:59.228+0000] {dagbag.py:538} INFO - Filling up the DagBag from /home/airflow/.local/lib/python3.7/site-packages/airflow/example_dags/example_python_operator.py
[2023-02-16T00:07:59.253+0000] {logging_mixin.py:137} INFO - [2023-02-16T00:07:59.253+0000] {taskmixin.py:205} WARNING - Dependency <Task(_PythonDecoratedOperator): print_the_context>, log_sql_query already registered for DAG: example_python_operator
[2023-02-16T00:07:59.253+0000] {logging_mixin.py:137} INFO - [2023-02-16T00:07:59.253+0000] {taskmixin.py:205} WARNING - Dependency <Task(_PythonDecoratedOperator): log_sql_query>, print_the_context already registered for DAG: example_python_operator
[2023-02-16T00:07:59.254+0000] {logging_mixin.py:137} INFO - [2023-02-16T00:07:59.254+0000] {taskmixin.py:205} WARNING - Dependency <Task(_PythonDecoratedOperator): print_the_context>, log_sql_query already registered for DAG: example_python_operator
[2023-02-16T00:07:59.254+0000] {logging_mixin.py:137} INFO - [2023-02-16T00:07:59.254+0000] {taskmixin.py:205} WARNING - Dependency <Task(_PythonDecoratedOperator): log_sql_query>, print_the_context already registered for DAG: example_python_operator
[2023-02-16T00:07:59.255+0000] {logging_mixin.py:137} INFO - [2023-02-16T00:07:59.255+0000] {taskmixin.py:205} WARNING - Dependency <Task(_PythonDecoratedOperator): print_the_context>, log_sql_query already registered for DAG: example_python_operator
[2023-02-16T00:07:59.255+0000] {logging_mixin.py:137} INFO - [2023-02-16T00:07:59.255+0000] {taskmixin.py:205} WARNING - Dependency <Task(_PythonDecoratedOperator): log_sql_query>, print_the_context already registered for DAG: example_python_operator
[2023-02-16T00:07:59.257+0000] {logging_mixin.py:137} INFO - [2023-02-16T00:07:59.256+0000] {taskmixin.py:205} WARNING - Dependency <Task(_PythonDecoratedOperator): print_the_context>, log_sql_query already registered for DAG: example_python_operator
[2023-02-16T00:07:59.257+0000] {logging_mixin.py:137} INFO - [2023-02-16T00:07:59.257+0000] {taskmixin.py:205} WARNING - Dependency <Task(_PythonDecoratedOperator): log_sql_query>, print_the_context already registered for DAG: example_python_operator
[2023-02-16T00:07:59.265+0000] {processor.py:753} INFO - DAG(s) dict_keys(['example_python_operator']) retrieved from /home/airflow/.local/lib/python3.7/site-packages/airflow/example_dags/example_python_operator.py
[2023-02-16T00:07:59.404+0000] {logging_mixin.py:137} INFO - [2023-02-16T00:07:59.403+0000] {dag.py:2690} INFO - Sync 1 DAGs
[2023-02-16T00:07:59.468+0000] {logging_mixin.py:137} INFO - [2023-02-16T00:07:59.468+0000] {dag.py:3441} INFO - Setting next_dagrun for example_python_operator to None, run_after=None
[2023-02-16T00:07:59.511+0000] {processor.py:175} INFO - Processing /home/airflow/.local/lib/python3.7/site-packages/airflow/example_dags/example_python_operator.py took 0.289 seconds
[2023-02-16T00:08:30.441+0000] {processor.py:153} INFO - Started process (PID=145) to work on /home/airflow/.local/lib/python3.7/site-packages/airflow/example_dags/example_python_operator.py
[2023-02-16T00:08:30.442+0000] {processor.py:743} INFO - Processing file /home/airflow/.local/lib/python3.7/site-packages/airflow/example_dags/example_python_operator.py for tasks to queue
[2023-02-16T00:08:30.443+0000] {logging_mixin.py:137} INFO - [2023-02-16T00:08:30.443+0000] {dagbag.py:538} INFO - Filling up the DagBag from /home/airflow/.local/lib/python3.7/site-packages/airflow/example_dags/example_python_operator.py
[2023-02-16T00:08:30.469+0000] {logging_mixin.py:137} INFO - [2023-02-16T00:08:30.469+0000] {taskmixin.py:205} WARNING - Dependency <Task(_PythonDecoratedOperator): print_the_context>, log_sql_query already registered for DAG: example_python_operator
[2023-02-16T00:08:30.470+0000] {logging_mixin.py:137} INFO - [2023-02-16T00:08:30.470+0000] {taskmixin.py:205} WARNING - Dependency <Task(_PythonDecoratedOperator): log_sql_query>, print_the_context already registered for DAG: example_python_operator
[2023-02-16T00:08:30.471+0000] {logging_mixin.py:137} INFO - [2023-02-16T00:08:30.471+0000] {taskmixin.py:205} WARNING - Dependency <Task(_PythonDecoratedOperator): print_the_context>, log_sql_query already registered for DAG: example_python_operator
[2023-02-16T00:08:30.471+0000] {logging_mixin.py:137} INFO - [2023-02-16T00:08:30.471+0000] {taskmixin.py:205} WARNING - Dependency <Task(_PythonDecoratedOperator): log_sql_query>, print_the_context already registered for DAG: example_python_operator
[2023-02-16T00:08:30.472+0000] {logging_mixin.py:137} INFO - [2023-02-16T00:08:30.472+0000] {taskmixin.py:205} WARNING - Dependency <Task(_PythonDecoratedOperator): print_the_context>, log_sql_query already registered for DAG: example_python_operator
[2023-02-16T00:08:30.472+0000] {logging_mixin.py:137} INFO - [2023-02-16T00:08:30.472+0000] {taskmixin.py:205} WARNING - Dependency <Task(_PythonDecoratedOperator): log_sql_query>, print_the_context already registered for DAG: example_python_operator
[2023-02-16T00:08:30.473+0000] {logging_mixin.py:137} INFO - [2023-02-16T00:08:30.473+0000] {taskmixin.py:205} WARNING - Dependency <Task(_PythonDecoratedOperator): print_the_context>, log_sql_query already registered for DAG: example_python_operator
[2023-02-16T00:08:30.474+0000] {logging_mixin.py:137} INFO - [2023-02-16T00:08:30.473+0000] {taskmixin.py:205} WARNING - Dependency <Task(_PythonDecoratedOperator): log_sql_query>, print_the_context already registered for DAG: example_python_operator
[2023-02-16T00:08:30.484+0000] {processor.py:753} INFO - DAG(s) dict_keys(['example_python_operator']) retrieved from /home/airflow/.local/lib/python3.7/site-packages/airflow/example_dags/example_python_operator.py
[2023-02-16T00:08:30.527+0000] {logging_mixin.py:137} INFO - [2023-02-16T00:08:30.527+0000] {dag.py:2690} INFO - Sync 1 DAGs
[2023-02-16T00:08:30.574+0000] {logging_mixin.py:137} INFO - [2023-02-16T00:08:30.574+0000] {dag.py:3441} INFO - Setting next_dagrun for example_python_operator to None, run_after=None
[2023-02-16T00:08:30.611+0000] {processor.py:175} INFO - Processing /home/airflow/.local/lib/python3.7/site-packages/airflow/example_dags/example_python_operator.py took 0.175 seconds
[2023-02-16T00:09:00.819+0000] {processor.py:153} INFO - Started process (PID=233) to work on /home/airflow/.local/lib/python3.7/site-packages/airflow/example_dags/example_python_operator.py
[2023-02-16T00:09:00.820+0000] {processor.py:743} INFO - Processing file /home/airflow/.local/lib/python3.7/site-packages/airflow/example_dags/example_python_operator.py for tasks to queue
[2023-02-16T00:09:00.821+0000] {logging_mixin.py:137} INFO - [2023-02-16T00:09:00.821+0000] {dagbag.py:538} INFO - Filling up the DagBag from /home/airflow/.local/lib/python3.7/site-packages/airflow/example_dags/example_python_operator.py
[2023-02-16T00:09:00.850+0000] {logging_mixin.py:137} INFO - [2023-02-16T00:09:00.850+0000] {taskmixin.py:205} WARNING - Dependency <Task(_PythonDecoratedOperator): print_the_context>, log_sql_query already registered for DAG: example_python_operator
[2023-02-16T00:09:00.850+0000] {logging_mixin.py:137} INFO - [2023-02-16T00:09:00.850+0000] {taskmixin.py:205} WARNING - Dependency <Task(_PythonDecoratedOperator): log_sql_query>, print_the_context already registered for DAG: example_python_operator
[2023-02-16T00:09:00.851+0000] {logging_mixin.py:137} INFO - [2023-02-16T00:09:00.851+0000] {taskmixin.py:205} WARNING - Dependency <Task(_PythonDecoratedOperator): print_the_context>, log_sql_query already registered for DAG: example_python_operator
[2023-02-16T00:09:00.851+0000] {logging_mixin.py:137} INFO - [2023-02-16T00:09:00.851+0000] {taskmixin.py:205} WARNING - Dependency <Task(_PythonDecoratedOperator): log_sql_query>, print_the_context already registered for DAG: example_python_operator
[2023-02-16T00:09:00.852+0000] {logging_mixin.py:137} INFO - [2023-02-16T00:09:00.852+0000] {taskmixin.py:205} WARNING - Dependency <Task(_PythonDecoratedOperator): print_the_context>, log_sql_query already registered for DAG: example_python_operator
[2023-02-16T00:09:00.852+0000] {logging_mixin.py:137} INFO - [2023-02-16T00:09:00.852+0000] {taskmixin.py:205} WARNING - Dependency <Task(_PythonDecoratedOperator): log_sql_query>, print_the_context already registered for DAG: example_python_operator
[2023-02-16T00:09:00.853+0000] {logging_mixin.py:137} INFO - [2023-02-16T00:09:00.853+0000] {taskmixin.py:205} WARNING - Dependency <Task(_PythonDecoratedOperator): print_the_context>, log_sql_query already registered for DAG: example_python_operator
[2023-02-16T00:09:00.854+0000] {logging_mixin.py:137} INFO - [2023-02-16T00:09:00.853+0000] {taskmixin.py:205} WARNING - Dependency <Task(_PythonDecoratedOperator): log_sql_query>, print_the_context already registered for DAG: example_python_operator
[2023-02-16T00:09:00.864+0000] {processor.py:753} INFO - DAG(s) dict_keys(['example_python_operator']) retrieved from /home/airflow/.local/lib/python3.7/site-packages/airflow/example_dags/example_python_operator.py
[2023-02-16T00:09:00.903+0000] {logging_mixin.py:137} INFO - [2023-02-16T00:09:00.903+0000] {dag.py:2690} INFO - Sync 1 DAGs
[2023-02-16T00:09:00.943+0000] {logging_mixin.py:137} INFO - [2023-02-16T00:09:00.943+0000] {dag.py:3441} INFO - Setting next_dagrun for example_python_operator to None, run_after=None
[2023-02-16T00:09:00.986+0000] {processor.py:175} INFO - Processing /home/airflow/.local/lib/python3.7/site-packages/airflow/example_dags/example_python_operator.py took 0.170 seconds
[2023-02-16T00:09:31.081+0000] {processor.py:153} INFO - Started process (PID=305) to work on /home/airflow/.local/lib/python3.7/site-packages/airflow/example_dags/example_python_operator.py
[2023-02-16T00:09:31.082+0000] {processor.py:743} INFO - Processing file /home/airflow/.local/lib/python3.7/site-packages/airflow/example_dags/example_python_operator.py for tasks to queue
[2023-02-16T00:09:31.083+0000] {logging_mixin.py:137} INFO - [2023-02-16T00:09:31.082+0000] {dagbag.py:538} INFO - Filling up the DagBag from /home/airflow/.local/lib/python3.7/site-packages/airflow/example_dags/example_python_operator.py
[2023-02-16T00:09:31.103+0000] {logging_mixin.py:137} INFO - [2023-02-16T00:09:31.103+0000] {taskmixin.py:205} WARNING - Dependency <Task(_PythonDecoratedOperator): print_the_context>, log_sql_query already registered for DAG: example_python_operator
[2023-02-16T00:09:31.103+0000] {logging_mixin.py:137} INFO - [2023-02-16T00:09:31.103+0000] {taskmixin.py:205} WARNING - Dependency <Task(_PythonDecoratedOperator): log_sql_query>, print_the_context already registered for DAG: example_python_operator
[2023-02-16T00:09:31.104+0000] {logging_mixin.py:137} INFO - [2023-02-16T00:09:31.104+0000] {taskmixin.py:205} WARNING - Dependency <Task(_PythonDecoratedOperator): print_the_context>, log_sql_query already registered for DAG: example_python_operator
[2023-02-16T00:09:31.105+0000] {logging_mixin.py:137} INFO - [2023-02-16T00:09:31.104+0000] {taskmixin.py:205} WARNING - Dependency <Task(_PythonDecoratedOperator): log_sql_query>, print_the_context already registered for DAG: example_python_operator
[2023-02-16T00:09:31.106+0000] {logging_mixin.py:137} INFO - [2023-02-16T00:09:31.105+0000] {taskmixin.py:205} WARNING - Dependency <Task(_PythonDecoratedOperator): print_the_context>, log_sql_query already registered for DAG: example_python_operator
[2023-02-16T00:09:31.106+0000] {logging_mixin.py:137} INFO - [2023-02-16T00:09:31.106+0000] {taskmixin.py:205} WARNING - Dependency <Task(_PythonDecoratedOperator): log_sql_query>, print_the_context already registered for DAG: example_python_operator
[2023-02-16T00:09:31.107+0000] {logging_mixin.py:137} INFO - [2023-02-16T00:09:31.107+0000] {taskmixin.py:205} WARNING - Dependency <Task(_PythonDecoratedOperator): print_the_context>, log_sql_query already registered for DAG: example_python_operator
[2023-02-16T00:09:31.107+0000] {logging_mixin.py:137} INFO - [2023-02-16T00:09:31.107+0000] {taskmixin.py:205} WARNING - Dependency <Task(_PythonDecoratedOperator): log_sql_query>, print_the_context already registered for DAG: example_python_operator
[2023-02-16T00:09:31.116+0000] {processor.py:753} INFO - DAG(s) dict_keys(['example_python_operator']) retrieved from /home/airflow/.local/lib/python3.7/site-packages/airflow/example_dags/example_python_operator.py
[2023-02-16T00:09:31.152+0000] {logging_mixin.py:137} INFO - [2023-02-16T00:09:31.152+0000] {dag.py:2690} INFO - Sync 1 DAGs
[2023-02-16T00:09:31.184+0000] {logging_mixin.py:137} INFO - [2023-02-16T00:09:31.184+0000] {dag.py:3441} INFO - Setting next_dagrun for example_python_operator to None, run_after=None
[2023-02-16T00:09:31.214+0000] {processor.py:175} INFO - Processing /home/airflow/.local/lib/python3.7/site-packages/airflow/example_dags/example_python_operator.py took 0.138 seconds
[2023-02-16T00:10:02.018+0000] {processor.py:153} INFO - Started process (PID=378) to work on /home/airflow/.local/lib/python3.7/site-packages/airflow/example_dags/example_python_operator.py
[2023-02-16T00:10:02.019+0000] {processor.py:743} INFO - Processing file /home/airflow/.local/lib/python3.7/site-packages/airflow/example_dags/example_python_operator.py for tasks to queue
[2023-02-16T00:10:02.020+0000] {logging_mixin.py:137} INFO - [2023-02-16T00:10:02.020+0000] {dagbag.py:538} INFO - Filling up the DagBag from /home/airflow/.local/lib/python3.7/site-packages/airflow/example_dags/example_python_operator.py
[2023-02-16T00:10:02.040+0000] {logging_mixin.py:137} INFO - [2023-02-16T00:10:02.040+0000] {taskmixin.py:205} WARNING - Dependency <Task(_PythonDecoratedOperator): print_the_context>, log_sql_query already registered for DAG: example_python_operator
[2023-02-16T00:10:02.041+0000] {logging_mixin.py:137} INFO - [2023-02-16T00:10:02.040+0000] {taskmixin.py:205} WARNING - Dependency <Task(_PythonDecoratedOperator): log_sql_query>, print_the_context already registered for DAG: example_python_operator
[2023-02-16T00:10:02.041+0000] {logging_mixin.py:137} INFO - [2023-02-16T00:10:02.041+0000] {taskmixin.py:205} WARNING - Dependency <Task(_PythonDecoratedOperator): print_the_context>, log_sql_query already registered for DAG: example_python_operator
[2023-02-16T00:10:02.042+0000] {logging_mixin.py:137} INFO - [2023-02-16T00:10:02.042+0000] {taskmixin.py:205} WARNING - Dependency <Task(_PythonDecoratedOperator): log_sql_query>, print_the_context already registered for DAG: example_python_operator
[2023-02-16T00:10:02.043+0000] {logging_mixin.py:137} INFO - [2023-02-16T00:10:02.042+0000] {taskmixin.py:205} WARNING - Dependency <Task(_PythonDecoratedOperator): print_the_context>, log_sql_query already registered for DAG: example_python_operator
[2023-02-16T00:10:02.043+0000] {logging_mixin.py:137} INFO - [2023-02-16T00:10:02.043+0000] {taskmixin.py:205} WARNING - Dependency <Task(_PythonDecoratedOperator): log_sql_query>, print_the_context already registered for DAG: example_python_operator
[2023-02-16T00:10:02.044+0000] {logging_mixin.py:137} INFO - [2023-02-16T00:10:02.044+0000] {taskmixin.py:205} WARNING - Dependency <Task(_PythonDecoratedOperator): print_the_context>, log_sql_query already registered for DAG: example_python_operator
[2023-02-16T00:10:02.044+0000] {logging_mixin.py:137} INFO - [2023-02-16T00:10:02.044+0000] {taskmixin.py:205} WARNING - Dependency <Task(_PythonDecoratedOperator): log_sql_query>, print_the_context already registered for DAG: example_python_operator
[2023-02-16T00:10:02.054+0000] {processor.py:753} INFO - DAG(s) dict_keys(['example_python_operator']) retrieved from /home/airflow/.local/lib/python3.7/site-packages/airflow/example_dags/example_python_operator.py
[2023-02-16T00:10:02.085+0000] {logging_mixin.py:137} INFO - [2023-02-16T00:10:02.085+0000] {dag.py:2690} INFO - Sync 1 DAGs
[2023-02-16T00:10:02.121+0000] {logging_mixin.py:137} INFO - [2023-02-16T00:10:02.121+0000] {dag.py:3441} INFO - Setting next_dagrun for example_python_operator to None, run_after=None
[2023-02-16T00:10:02.155+0000] {processor.py:175} INFO - Processing /home/airflow/.local/lib/python3.7/site-packages/airflow/example_dags/example_python_operator.py took 0.142 seconds
[2023-02-16T00:10:32.834+0000] {processor.py:153} INFO - Started process (PID=450) to work on /home/airflow/.local/lib/python3.7/site-packages/airflow/example_dags/example_python_operator.py
[2023-02-16T00:10:32.834+0000] {processor.py:743} INFO - Processing file /home/airflow/.local/lib/python3.7/site-packages/airflow/example_dags/example_python_operator.py for tasks to queue
[2023-02-16T00:10:32.835+0000] {logging_mixin.py:137} INFO - [2023-02-16T00:10:32.835+0000] {dagbag.py:538} INFO - Filling up the DagBag from /home/airflow/.local/lib/python3.7/site-packages/airflow/example_dags/example_python_operator.py
[2023-02-16T00:10:32.862+0000] {logging_mixin.py:137} INFO - [2023-02-16T00:10:32.862+0000] {taskmixin.py:205} WARNING - Dependency <Task(_PythonDecoratedOperator): print_the_context>, log_sql_query already registered for DAG: example_python_operator
[2023-02-16T00:10:32.862+0000] {logging_mixin.py:137} INFO - [2023-02-16T00:10:32.862+0000] {taskmixin.py:205} WARNING - Dependency <Task(_PythonDecoratedOperator): log_sql_query>, print_the_context already registered for DAG: example_python_operator
[2023-02-16T00:10:32.864+0000] {logging_mixin.py:137} INFO - [2023-02-16T00:10:32.864+0000] {taskmixin.py:205} WARNING - Dependency <Task(_PythonDecoratedOperator): print_the_context>, log_sql_query already registered for DAG: example_python_operator
[2023-02-16T00:10:32.864+0000] {logging_mixin.py:137} INFO - [2023-02-16T00:10:32.864+0000] {taskmixin.py:205} WARNING - Dependency <Task(_PythonDecoratedOperator): log_sql_query>, print_the_context already registered for DAG: example_python_operator
[2023-02-16T00:10:32.866+0000] {logging_mixin.py:137} INFO - [2023-02-16T00:10:32.866+0000] {taskmixin.py:205} WARNING - Dependency <Task(_PythonDecoratedOperator): print_the_context>, log_sql_query already registered for DAG: example_python_operator
[2023-02-16T00:10:32.866+0000] {logging_mixin.py:137} INFO - [2023-02-16T00:10:32.866+0000] {taskmixin.py:205} WARNING - Dependency <Task(_PythonDecoratedOperator): log_sql_query>, print_the_context already registered for DAG: example_python_operator
[2023-02-16T00:10:32.868+0000] {logging_mixin.py:137} INFO - [2023-02-16T00:10:32.868+0000] {taskmixin.py:205} WARNING - Dependency <Task(_PythonDecoratedOperator): print_the_context>, log_sql_query already registered for DAG: example_python_operator
[2023-02-16T00:10:32.868+0000] {logging_mixin.py:137} INFO - [2023-02-16T00:10:32.868+0000] {taskmixin.py:205} WARNING - Dependency <Task(_PythonDecoratedOperator): log_sql_query>, print_the_context already registered for DAG: example_python_operator
[2023-02-16T00:10:32.880+0000] {processor.py:753} INFO - DAG(s) dict_keys(['example_python_operator']) retrieved from /home/airflow/.local/lib/python3.7/site-packages/airflow/example_dags/example_python_operator.py
[2023-02-16T00:10:32.923+0000] {logging_mixin.py:137} INFO - [2023-02-16T00:10:32.922+0000] {dag.py:2690} INFO - Sync 1 DAGs
[2023-02-16T00:10:32.975+0000] {logging_mixin.py:137} INFO - [2023-02-16T00:10:32.974+0000] {dag.py:3441} INFO - Setting next_dagrun for example_python_operator to None, run_after=None
[2023-02-16T00:10:33.019+0000] {processor.py:175} INFO - Processing /home/airflow/.local/lib/python3.7/site-packages/airflow/example_dags/example_python_operator.py took 0.191 seconds
[2023-02-16T00:11:03.679+0000] {processor.py:153} INFO - Started process (PID=539) to work on /home/airflow/.local/lib/python3.7/site-packages/airflow/example_dags/example_python_operator.py
[2023-02-16T00:11:03.681+0000] {processor.py:743} INFO - Processing file /home/airflow/.local/lib/python3.7/site-packages/airflow/example_dags/example_python_operator.py for tasks to queue
[2023-02-16T00:11:03.682+0000] {logging_mixin.py:137} INFO - [2023-02-16T00:11:03.682+0000] {dagbag.py:538} INFO - Filling up the DagBag from /home/airflow/.local/lib/python3.7/site-packages/airflow/example_dags/example_python_operator.py
[2023-02-16T00:11:03.708+0000] {logging_mixin.py:137} INFO - [2023-02-16T00:11:03.708+0000] {taskmixin.py:205} WARNING - Dependency <Task(_PythonDecoratedOperator): print_the_context>, log_sql_query already registered for DAG: example_python_operator
[2023-02-16T00:11:03.708+0000] {logging_mixin.py:137} INFO - [2023-02-16T00:11:03.708+0000] {taskmixin.py:205} WARNING - Dependency <Task(_PythonDecoratedOperator): log_sql_query>, print_the_context already registered for DAG: example_python_operator
[2023-02-16T00:11:03.710+0000] {logging_mixin.py:137} INFO - [2023-02-16T00:11:03.709+0000] {taskmixin.py:205} WARNING - Dependency <Task(_PythonDecoratedOperator): print_the_context>, log_sql_query already registered for DAG: example_python_operator
[2023-02-16T00:11:03.710+0000] {logging_mixin.py:137} INFO - [2023-02-16T00:11:03.710+0000] {taskmixin.py:205} WARNING - Dependency <Task(_PythonDecoratedOperator): log_sql_query>, print_the_context already registered for DAG: example_python_operator
[2023-02-16T00:11:03.711+0000] {logging_mixin.py:137} INFO - [2023-02-16T00:11:03.711+0000] {taskmixin.py:205} WARNING - Dependency <Task(_PythonDecoratedOperator): print_the_context>, log_sql_query already registered for DAG: example_python_operator
[2023-02-16T00:11:03.712+0000] {logging_mixin.py:137} INFO - [2023-02-16T00:11:03.712+0000] {taskmixin.py:205} WARNING - Dependency <Task(_PythonDecoratedOperator): log_sql_query>, print_the_context already registered for DAG: example_python_operator
[2023-02-16T00:11:03.713+0000] {logging_mixin.py:137} INFO - [2023-02-16T00:11:03.713+0000] {taskmixin.py:205} WARNING - Dependency <Task(_PythonDecoratedOperator): print_the_context>, log_sql_query already registered for DAG: example_python_operator
[2023-02-16T00:11:03.714+0000] {logging_mixin.py:137} INFO - [2023-02-16T00:11:03.713+0000] {taskmixin.py:205} WARNING - Dependency <Task(_PythonDecoratedOperator): log_sql_query>, print_the_context already registered for DAG: example_python_operator
[2023-02-16T00:11:03.724+0000] {processor.py:753} INFO - DAG(s) dict_keys(['example_python_operator']) retrieved from /home/airflow/.local/lib/python3.7/site-packages/airflow/example_dags/example_python_operator.py
[2023-02-16T00:11:03.770+0000] {logging_mixin.py:137} INFO - [2023-02-16T00:11:03.769+0000] {dag.py:2690} INFO - Sync 1 DAGs
[2023-02-16T00:11:03.832+0000] {logging_mixin.py:137} INFO - [2023-02-16T00:11:03.831+0000] {dag.py:3441} INFO - Setting next_dagrun for example_python_operator to None, run_after=None
[2023-02-16T00:11:03.871+0000] {processor.py:175} INFO - Processing /home/airflow/.local/lib/python3.7/site-packages/airflow/example_dags/example_python_operator.py took 0.196 seconds
