[2023-02-16T00:00:14.442+0000] {processor.py:153} INFO - Started process (PID=775) to work on /home/airflow/.local/lib/python3.7/site-packages/airflow/example_dags/example_short_circuit_operator.py
[2023-02-16T00:00:14.443+0000] {processor.py:743} INFO - Processing file /home/airflow/.local/lib/python3.7/site-packages/airflow/example_dags/example_short_circuit_operator.py for tasks to queue
[2023-02-16T00:00:14.444+0000] {logging_mixin.py:137} INFO - [2023-02-16T00:00:14.444+0000] {dagbag.py:538} INFO - Filling up the DagBag from /home/airflow/.local/lib/python3.7/site-packages/airflow/example_dags/example_short_circuit_operator.py
[2023-02-16T00:00:14.461+0000] {processor.py:753} INFO - DAG(s) dict_keys(['example_short_circuit_operator']) retrieved from /home/airflow/.local/lib/python3.7/site-packages/airflow/example_dags/example_short_circuit_operator.py
[2023-02-16T00:00:14.492+0000] {logging_mixin.py:137} INFO - [2023-02-16T00:00:14.492+0000] {dag.py:2690} INFO - Sync 1 DAGs
[2023-02-16T00:00:14.531+0000] {logging_mixin.py:137} INFO - [2023-02-16T00:00:14.530+0000] {dag.py:3441} INFO - Setting next_dagrun for example_short_circuit_operator to 2023-02-15T00:00:14.530599+00:00, run_after=2023-02-16T00:00:14.530599+00:00
[2023-02-16T00:00:14.563+0000] {processor.py:175} INFO - Processing /home/airflow/.local/lib/python3.7/site-packages/airflow/example_dags/example_short_circuit_operator.py took 0.127 seconds
[2023-02-16T00:00:45.208+0000] {processor.py:153} INFO - Started process (PID=849) to work on /home/airflow/.local/lib/python3.7/site-packages/airflow/example_dags/example_short_circuit_operator.py
[2023-02-16T00:00:45.208+0000] {processor.py:743} INFO - Processing file /home/airflow/.local/lib/python3.7/site-packages/airflow/example_dags/example_short_circuit_operator.py for tasks to queue
[2023-02-16T00:00:45.209+0000] {logging_mixin.py:137} INFO - [2023-02-16T00:00:45.209+0000] {dagbag.py:538} INFO - Filling up the DagBag from /home/airflow/.local/lib/python3.7/site-packages/airflow/example_dags/example_short_circuit_operator.py
[2023-02-16T00:00:45.226+0000] {processor.py:753} INFO - DAG(s) dict_keys(['example_short_circuit_operator']) retrieved from /home/airflow/.local/lib/python3.7/site-packages/airflow/example_dags/example_short_circuit_operator.py
[2023-02-16T00:00:45.262+0000] {logging_mixin.py:137} INFO - [2023-02-16T00:00:45.262+0000] {dag.py:2690} INFO - Sync 1 DAGs
[2023-02-16T00:00:45.296+0000] {logging_mixin.py:137} INFO - [2023-02-16T00:00:45.296+0000] {dag.py:3441} INFO - Setting next_dagrun for example_short_circuit_operator to 2023-02-15T00:00:45.295802+00:00, run_after=2023-02-16T00:00:45.295802+00:00
[2023-02-16T00:00:45.326+0000] {processor.py:175} INFO - Processing /home/airflow/.local/lib/python3.7/site-packages/airflow/example_dags/example_short_circuit_operator.py took 0.123 seconds
[2023-02-16T00:01:16.404+0000] {processor.py:153} INFO - Started process (PID=938) to work on /home/airflow/.local/lib/python3.7/site-packages/airflow/example_dags/example_short_circuit_operator.py
[2023-02-16T00:01:16.405+0000] {processor.py:743} INFO - Processing file /home/airflow/.local/lib/python3.7/site-packages/airflow/example_dags/example_short_circuit_operator.py for tasks to queue
[2023-02-16T00:01:16.406+0000] {logging_mixin.py:137} INFO - [2023-02-16T00:01:16.406+0000] {dagbag.py:538} INFO - Filling up the DagBag from /home/airflow/.local/lib/python3.7/site-packages/airflow/example_dags/example_short_circuit_operator.py
[2023-02-16T00:01:16.422+0000] {processor.py:753} INFO - DAG(s) dict_keys(['example_short_circuit_operator']) retrieved from /home/airflow/.local/lib/python3.7/site-packages/airflow/example_dags/example_short_circuit_operator.py
[2023-02-16T00:01:16.454+0000] {logging_mixin.py:137} INFO - [2023-02-16T00:01:16.454+0000] {dag.py:2690} INFO - Sync 1 DAGs
[2023-02-16T00:01:16.488+0000] {logging_mixin.py:137} INFO - [2023-02-16T00:01:16.488+0000] {dag.py:3441} INFO - Setting next_dagrun for example_short_circuit_operator to 2023-02-15T00:01:16.488234+00:00, run_after=2023-02-16T00:01:16.488234+00:00
[2023-02-16T00:01:16.526+0000] {processor.py:175} INFO - Processing /home/airflow/.local/lib/python3.7/site-packages/airflow/example_dags/example_short_circuit_operator.py took 0.124 seconds
[2023-02-16T00:01:46.937+0000] {processor.py:153} INFO - Started process (PID=1010) to work on /home/airflow/.local/lib/python3.7/site-packages/airflow/example_dags/example_short_circuit_operator.py
[2023-02-16T00:01:46.939+0000] {processor.py:743} INFO - Processing file /home/airflow/.local/lib/python3.7/site-packages/airflow/example_dags/example_short_circuit_operator.py for tasks to queue
[2023-02-16T00:01:46.940+0000] {logging_mixin.py:137} INFO - [2023-02-16T00:01:46.940+0000] {dagbag.py:538} INFO - Filling up the DagBag from /home/airflow/.local/lib/python3.7/site-packages/airflow/example_dags/example_short_circuit_operator.py
[2023-02-16T00:01:46.956+0000] {processor.py:753} INFO - DAG(s) dict_keys(['example_short_circuit_operator']) retrieved from /home/airflow/.local/lib/python3.7/site-packages/airflow/example_dags/example_short_circuit_operator.py
[2023-02-16T00:01:46.991+0000] {logging_mixin.py:137} INFO - [2023-02-16T00:01:46.991+0000] {dag.py:2690} INFO - Sync 1 DAGs
[2023-02-16T00:01:47.031+0000] {logging_mixin.py:137} INFO - [2023-02-16T00:01:47.030+0000] {dag.py:3441} INFO - Setting next_dagrun for example_short_circuit_operator to 2023-02-15T00:01:47.030438+00:00, run_after=2023-02-16T00:01:47.030438+00:00
[2023-02-16T00:01:47.069+0000] {processor.py:175} INFO - Processing /home/airflow/.local/lib/python3.7/site-packages/airflow/example_dags/example_short_circuit_operator.py took 0.135 seconds
[2023-02-16T00:02:17.867+0000] {processor.py:153} INFO - Started process (PID=1083) to work on /home/airflow/.local/lib/python3.7/site-packages/airflow/example_dags/example_short_circuit_operator.py
[2023-02-16T00:02:17.869+0000] {processor.py:743} INFO - Processing file /home/airflow/.local/lib/python3.7/site-packages/airflow/example_dags/example_short_circuit_operator.py for tasks to queue
[2023-02-16T00:02:17.870+0000] {logging_mixin.py:137} INFO - [2023-02-16T00:02:17.870+0000] {dagbag.py:538} INFO - Filling up the DagBag from /home/airflow/.local/lib/python3.7/site-packages/airflow/example_dags/example_short_circuit_operator.py
[2023-02-16T00:02:17.894+0000] {processor.py:753} INFO - DAG(s) dict_keys(['example_short_circuit_operator']) retrieved from /home/airflow/.local/lib/python3.7/site-packages/airflow/example_dags/example_short_circuit_operator.py
[2023-02-16T00:02:17.929+0000] {logging_mixin.py:137} INFO - [2023-02-16T00:02:17.929+0000] {dag.py:2690} INFO - Sync 1 DAGs
[2023-02-16T00:02:17.972+0000] {logging_mixin.py:137} INFO - [2023-02-16T00:02:17.972+0000] {dag.py:3441} INFO - Setting next_dagrun for example_short_circuit_operator to 2023-02-15T00:02:17.971795+00:00, run_after=2023-02-16T00:02:17.971795+00:00
[2023-02-16T00:02:18.004+0000] {processor.py:175} INFO - Processing /home/airflow/.local/lib/python3.7/site-packages/airflow/example_dags/example_short_circuit_operator.py took 0.146 seconds
[2023-02-16T00:02:49.300+0000] {processor.py:153} INFO - Started process (PID=1171) to work on /home/airflow/.local/lib/python3.7/site-packages/airflow/example_dags/example_short_circuit_operator.py
[2023-02-16T00:02:49.301+0000] {processor.py:743} INFO - Processing file /home/airflow/.local/lib/python3.7/site-packages/airflow/example_dags/example_short_circuit_operator.py for tasks to queue
[2023-02-16T00:02:49.302+0000] {logging_mixin.py:137} INFO - [2023-02-16T00:02:49.302+0000] {dagbag.py:538} INFO - Filling up the DagBag from /home/airflow/.local/lib/python3.7/site-packages/airflow/example_dags/example_short_circuit_operator.py
[2023-02-16T00:02:49.330+0000] {processor.py:753} INFO - DAG(s) dict_keys(['example_short_circuit_operator']) retrieved from /home/airflow/.local/lib/python3.7/site-packages/airflow/example_dags/example_short_circuit_operator.py
[2023-02-16T00:02:49.393+0000] {logging_mixin.py:137} INFO - [2023-02-16T00:02:49.393+0000] {dag.py:2690} INFO - Sync 1 DAGs
[2023-02-16T00:02:49.456+0000] {logging_mixin.py:137} INFO - [2023-02-16T00:02:49.456+0000] {dag.py:3441} INFO - Setting next_dagrun for example_short_circuit_operator to 2023-02-15T00:02:49.456111+00:00, run_after=2023-02-16T00:02:49.456111+00:00
[2023-02-16T00:02:49.497+0000] {processor.py:175} INFO - Processing /home/airflow/.local/lib/python3.7/site-packages/airflow/example_dags/example_short_circuit_operator.py took 0.202 seconds
[2023-02-16T00:03:20.471+0000] {processor.py:153} INFO - Started process (PID=1243) to work on /home/airflow/.local/lib/python3.7/site-packages/airflow/example_dags/example_short_circuit_operator.py
[2023-02-16T00:03:20.473+0000] {processor.py:743} INFO - Processing file /home/airflow/.local/lib/python3.7/site-packages/airflow/example_dags/example_short_circuit_operator.py for tasks to queue
[2023-02-16T00:03:20.474+0000] {logging_mixin.py:137} INFO - [2023-02-16T00:03:20.474+0000] {dagbag.py:538} INFO - Filling up the DagBag from /home/airflow/.local/lib/python3.7/site-packages/airflow/example_dags/example_short_circuit_operator.py
[2023-02-16T00:03:20.496+0000] {processor.py:753} INFO - DAG(s) dict_keys(['example_short_circuit_operator']) retrieved from /home/airflow/.local/lib/python3.7/site-packages/airflow/example_dags/example_short_circuit_operator.py
[2023-02-16T00:03:20.531+0000] {logging_mixin.py:137} INFO - [2023-02-16T00:03:20.531+0000] {dag.py:2690} INFO - Sync 1 DAGs
[2023-02-16T00:03:20.571+0000] {logging_mixin.py:137} INFO - [2023-02-16T00:03:20.571+0000] {dag.py:3441} INFO - Setting next_dagrun for example_short_circuit_operator to 2023-02-15T00:03:20.571328+00:00, run_after=2023-02-16T00:03:20.571328+00:00
[2023-02-16T00:03:20.599+0000] {processor.py:175} INFO - Processing /home/airflow/.local/lib/python3.7/site-packages/airflow/example_dags/example_short_circuit_operator.py took 0.132 seconds
[2023-02-16T00:03:51.381+0000] {processor.py:153} INFO - Started process (PID=1315) to work on /home/airflow/.local/lib/python3.7/site-packages/airflow/example_dags/example_short_circuit_operator.py
[2023-02-16T00:03:51.382+0000] {processor.py:743} INFO - Processing file /home/airflow/.local/lib/python3.7/site-packages/airflow/example_dags/example_short_circuit_operator.py for tasks to queue
[2023-02-16T00:03:51.383+0000] {logging_mixin.py:137} INFO - [2023-02-16T00:03:51.383+0000] {dagbag.py:538} INFO - Filling up the DagBag from /home/airflow/.local/lib/python3.7/site-packages/airflow/example_dags/example_short_circuit_operator.py
[2023-02-16T00:03:51.400+0000] {processor.py:753} INFO - DAG(s) dict_keys(['example_short_circuit_operator']) retrieved from /home/airflow/.local/lib/python3.7/site-packages/airflow/example_dags/example_short_circuit_operator.py
[2023-02-16T00:03:51.437+0000] {logging_mixin.py:137} INFO - [2023-02-16T00:03:51.436+0000] {dag.py:2690} INFO - Sync 1 DAGs
[2023-02-16T00:03:51.478+0000] {logging_mixin.py:137} INFO - [2023-02-16T00:03:51.478+0000] {dag.py:3441} INFO - Setting next_dagrun for example_short_circuit_operator to 2023-02-15T00:03:51.477815+00:00, run_after=2023-02-16T00:03:51.477815+00:00
[2023-02-16T00:03:51.514+0000] {processor.py:175} INFO - Processing /home/airflow/.local/lib/python3.7/site-packages/airflow/example_dags/example_short_circuit_operator.py took 0.137 seconds
[2023-02-16T00:04:21.995+0000] {processor.py:153} INFO - Started process (PID=1403) to work on /home/airflow/.local/lib/python3.7/site-packages/airflow/example_dags/example_short_circuit_operator.py
[2023-02-16T00:04:21.996+0000] {processor.py:743} INFO - Processing file /home/airflow/.local/lib/python3.7/site-packages/airflow/example_dags/example_short_circuit_operator.py for tasks to queue
[2023-02-16T00:04:21.997+0000] {logging_mixin.py:137} INFO - [2023-02-16T00:04:21.997+0000] {dagbag.py:538} INFO - Filling up the DagBag from /home/airflow/.local/lib/python3.7/site-packages/airflow/example_dags/example_short_circuit_operator.py
[2023-02-16T00:04:22.020+0000] {processor.py:753} INFO - DAG(s) dict_keys(['example_short_circuit_operator']) retrieved from /home/airflow/.local/lib/python3.7/site-packages/airflow/example_dags/example_short_circuit_operator.py
[2023-02-16T00:04:22.060+0000] {logging_mixin.py:137} INFO - [2023-02-16T00:04:22.060+0000] {dag.py:2690} INFO - Sync 1 DAGs
[2023-02-16T00:04:22.115+0000] {logging_mixin.py:137} INFO - [2023-02-16T00:04:22.115+0000] {dag.py:3441} INFO - Setting next_dagrun for example_short_circuit_operator to 2023-02-15T00:04:22.114782+00:00, run_after=2023-02-16T00:04:22.114782+00:00
[2023-02-16T00:04:22.160+0000] {processor.py:175} INFO - Processing /home/airflow/.local/lib/python3.7/site-packages/airflow/example_dags/example_short_circuit_operator.py took 0.168 seconds
[2023-02-16T00:04:52.786+0000] {processor.py:153} INFO - Started process (PID=1477) to work on /home/airflow/.local/lib/python3.7/site-packages/airflow/example_dags/example_short_circuit_operator.py
[2023-02-16T00:04:52.787+0000] {processor.py:743} INFO - Processing file /home/airflow/.local/lib/python3.7/site-packages/airflow/example_dags/example_short_circuit_operator.py for tasks to queue
[2023-02-16T00:04:52.788+0000] {logging_mixin.py:137} INFO - [2023-02-16T00:04:52.788+0000] {dagbag.py:538} INFO - Filling up the DagBag from /home/airflow/.local/lib/python3.7/site-packages/airflow/example_dags/example_short_circuit_operator.py
[2023-02-16T00:04:52.810+0000] {processor.py:753} INFO - DAG(s) dict_keys(['example_short_circuit_operator']) retrieved from /home/airflow/.local/lib/python3.7/site-packages/airflow/example_dags/example_short_circuit_operator.py
[2023-02-16T00:04:52.848+0000] {logging_mixin.py:137} INFO - [2023-02-16T00:04:52.848+0000] {dag.py:2690} INFO - Sync 1 DAGs
[2023-02-16T00:04:52.888+0000] {logging_mixin.py:137} INFO - [2023-02-16T00:04:52.888+0000] {dag.py:3441} INFO - Setting next_dagrun for example_short_circuit_operator to 2023-02-15T00:04:52.887819+00:00, run_after=2023-02-16T00:04:52.887819+00:00
[2023-02-16T00:04:52.925+0000] {processor.py:175} INFO - Processing /home/airflow/.local/lib/python3.7/site-packages/airflow/example_dags/example_short_circuit_operator.py took 0.143 seconds
[2023-02-16T00:05:22.999+0000] {processor.py:153} INFO - Started process (PID=1549) to work on /home/airflow/.local/lib/python3.7/site-packages/airflow/example_dags/example_short_circuit_operator.py
[2023-02-16T00:05:23.000+0000] {processor.py:743} INFO - Processing file /home/airflow/.local/lib/python3.7/site-packages/airflow/example_dags/example_short_circuit_operator.py for tasks to queue
[2023-02-16T00:05:23.001+0000] {logging_mixin.py:137} INFO - [2023-02-16T00:05:23.001+0000] {dagbag.py:538} INFO - Filling up the DagBag from /home/airflow/.local/lib/python3.7/site-packages/airflow/example_dags/example_short_circuit_operator.py
[2023-02-16T00:05:23.028+0000] {processor.py:753} INFO - DAG(s) dict_keys(['example_short_circuit_operator']) retrieved from /home/airflow/.local/lib/python3.7/site-packages/airflow/example_dags/example_short_circuit_operator.py
[2023-02-16T00:05:23.064+0000] {logging_mixin.py:137} INFO - [2023-02-16T00:05:23.064+0000] {dag.py:2690} INFO - Sync 1 DAGs
[2023-02-16T00:05:23.113+0000] {logging_mixin.py:137} INFO - [2023-02-16T00:05:23.112+0000] {dag.py:3441} INFO - Setting next_dagrun for example_short_circuit_operator to 2023-02-15T00:05:23.112263+00:00, run_after=2023-02-16T00:05:23.112263+00:00
[2023-02-16T00:05:23.152+0000] {processor.py:175} INFO - Processing /home/airflow/.local/lib/python3.7/site-packages/airflow/example_dags/example_short_circuit_operator.py took 0.161 seconds
[2023-02-16T00:05:54.165+0000] {processor.py:153} INFO - Started process (PID=1630) to work on /home/airflow/.local/lib/python3.7/site-packages/airflow/example_dags/example_short_circuit_operator.py
[2023-02-16T00:05:54.167+0000] {processor.py:743} INFO - Processing file /home/airflow/.local/lib/python3.7/site-packages/airflow/example_dags/example_short_circuit_operator.py for tasks to queue
[2023-02-16T00:05:54.168+0000] {logging_mixin.py:137} INFO - [2023-02-16T00:05:54.168+0000] {dagbag.py:538} INFO - Filling up the DagBag from /home/airflow/.local/lib/python3.7/site-packages/airflow/example_dags/example_short_circuit_operator.py
[2023-02-16T00:05:54.190+0000] {processor.py:753} INFO - DAG(s) dict_keys(['example_short_circuit_operator']) retrieved from /home/airflow/.local/lib/python3.7/site-packages/airflow/example_dags/example_short_circuit_operator.py
[2023-02-16T00:05:54.228+0000] {logging_mixin.py:137} INFO - [2023-02-16T00:05:54.228+0000] {dag.py:2690} INFO - Sync 1 DAGs
[2023-02-16T00:05:54.270+0000] {logging_mixin.py:137} INFO - [2023-02-16T00:05:54.270+0000] {dag.py:3441} INFO - Setting next_dagrun for example_short_circuit_operator to 2023-02-15T00:05:54.270224+00:00, run_after=2023-02-16T00:05:54.270224+00:00
[2023-02-16T00:05:54.310+0000] {processor.py:175} INFO - Processing /home/airflow/.local/lib/python3.7/site-packages/airflow/example_dags/example_short_circuit_operator.py took 0.149 seconds
[2023-02-16T00:06:24.726+0000] {processor.py:153} INFO - Started process (PID=1709) to work on /home/airflow/.local/lib/python3.7/site-packages/airflow/example_dags/example_short_circuit_operator.py
[2023-02-16T00:06:24.727+0000] {processor.py:743} INFO - Processing file /home/airflow/.local/lib/python3.7/site-packages/airflow/example_dags/example_short_circuit_operator.py for tasks to queue
[2023-02-16T00:06:24.728+0000] {logging_mixin.py:137} INFO - [2023-02-16T00:06:24.728+0000] {dagbag.py:538} INFO - Filling up the DagBag from /home/airflow/.local/lib/python3.7/site-packages/airflow/example_dags/example_short_circuit_operator.py
[2023-02-16T00:06:24.750+0000] {processor.py:753} INFO - DAG(s) dict_keys(['example_short_circuit_operator']) retrieved from /home/airflow/.local/lib/python3.7/site-packages/airflow/example_dags/example_short_circuit_operator.py
[2023-02-16T00:06:24.791+0000] {logging_mixin.py:137} INFO - [2023-02-16T00:06:24.791+0000] {dag.py:2690} INFO - Sync 1 DAGs
[2023-02-16T00:06:24.835+0000] {logging_mixin.py:137} INFO - [2023-02-16T00:06:24.835+0000] {dag.py:3441} INFO - Setting next_dagrun for example_short_circuit_operator to 2023-02-15T00:06:24.834893+00:00, run_after=2023-02-16T00:06:24.834893+00:00
[2023-02-16T00:06:24.886+0000] {processor.py:175} INFO - Processing /home/airflow/.local/lib/python3.7/site-packages/airflow/example_dags/example_short_circuit_operator.py took 0.165 seconds
[2023-02-16T00:07:59.940+0000] {processor.py:153} INFO - Started process (PID=76) to work on /home/airflow/.local/lib/python3.7/site-packages/airflow/example_dags/example_short_circuit_operator.py
[2023-02-16T00:07:59.942+0000] {processor.py:743} INFO - Processing file /home/airflow/.local/lib/python3.7/site-packages/airflow/example_dags/example_short_circuit_operator.py for tasks to queue
[2023-02-16T00:07:59.943+0000] {logging_mixin.py:137} INFO - [2023-02-16T00:07:59.942+0000] {dagbag.py:538} INFO - Filling up the DagBag from /home/airflow/.local/lib/python3.7/site-packages/airflow/example_dags/example_short_circuit_operator.py
[2023-02-16T00:07:59.966+0000] {processor.py:753} INFO - DAG(s) dict_keys(['example_short_circuit_operator']) retrieved from /home/airflow/.local/lib/python3.7/site-packages/airflow/example_dags/example_short_circuit_operator.py
[2023-02-16T00:08:00.006+0000] {logging_mixin.py:137} INFO - [2023-02-16T00:08:00.006+0000] {dag.py:2690} INFO - Sync 1 DAGs
[2023-02-16T00:08:00.056+0000] {logging_mixin.py:137} INFO - [2023-02-16T00:08:00.056+0000] {dag.py:3441} INFO - Setting next_dagrun for example_short_circuit_operator to 2023-02-15T00:08:00.055743+00:00, run_after=2023-02-16T00:08:00.055743+00:00
[2023-02-16T00:08:00.091+0000] {processor.py:175} INFO - Processing /home/airflow/.local/lib/python3.7/site-packages/airflow/example_dags/example_short_circuit_operator.py took 0.155 seconds
[2023-02-16T00:08:30.816+0000] {processor.py:153} INFO - Started process (PID=149) to work on /home/airflow/.local/lib/python3.7/site-packages/airflow/example_dags/example_short_circuit_operator.py
[2023-02-16T00:08:30.817+0000] {processor.py:743} INFO - Processing file /home/airflow/.local/lib/python3.7/site-packages/airflow/example_dags/example_short_circuit_operator.py for tasks to queue
[2023-02-16T00:08:30.818+0000] {logging_mixin.py:137} INFO - [2023-02-16T00:08:30.818+0000] {dagbag.py:538} INFO - Filling up the DagBag from /home/airflow/.local/lib/python3.7/site-packages/airflow/example_dags/example_short_circuit_operator.py
[2023-02-16T00:08:30.841+0000] {processor.py:753} INFO - DAG(s) dict_keys(['example_short_circuit_operator']) retrieved from /home/airflow/.local/lib/python3.7/site-packages/airflow/example_dags/example_short_circuit_operator.py
[2023-02-16T00:08:30.878+0000] {logging_mixin.py:137} INFO - [2023-02-16T00:08:30.878+0000] {dag.py:2690} INFO - Sync 1 DAGs
[2023-02-16T00:08:30.919+0000] {logging_mixin.py:137} INFO - [2023-02-16T00:08:30.919+0000] {dag.py:3441} INFO - Setting next_dagrun for example_short_circuit_operator to 2023-02-15T00:08:30.919328+00:00, run_after=2023-02-16T00:08:30.919328+00:00
[2023-02-16T00:08:30.957+0000] {processor.py:175} INFO - Processing /home/airflow/.local/lib/python3.7/site-packages/airflow/example_dags/example_short_circuit_operator.py took 0.146 seconds
[2023-02-16T00:09:01.367+0000] {processor.py:153} INFO - Started process (PID=237) to work on /home/airflow/.local/lib/python3.7/site-packages/airflow/example_dags/example_short_circuit_operator.py
[2023-02-16T00:09:01.369+0000] {processor.py:743} INFO - Processing file /home/airflow/.local/lib/python3.7/site-packages/airflow/example_dags/example_short_circuit_operator.py for tasks to queue
[2023-02-16T00:09:01.369+0000] {logging_mixin.py:137} INFO - [2023-02-16T00:09:01.369+0000] {dagbag.py:538} INFO - Filling up the DagBag from /home/airflow/.local/lib/python3.7/site-packages/airflow/example_dags/example_short_circuit_operator.py
[2023-02-16T00:09:01.392+0000] {processor.py:753} INFO - DAG(s) dict_keys(['example_short_circuit_operator']) retrieved from /home/airflow/.local/lib/python3.7/site-packages/airflow/example_dags/example_short_circuit_operator.py
[2023-02-16T00:09:01.434+0000] {logging_mixin.py:137} INFO - [2023-02-16T00:09:01.434+0000] {dag.py:2690} INFO - Sync 1 DAGs
[2023-02-16T00:09:01.482+0000] {logging_mixin.py:137} INFO - [2023-02-16T00:09:01.481+0000] {dag.py:3441} INFO - Setting next_dagrun for example_short_circuit_operator to 2023-02-15T00:09:01.481337+00:00, run_after=2023-02-16T00:09:01.481337+00:00
[2023-02-16T00:09:01.520+0000] {processor.py:175} INFO - Processing /home/airflow/.local/lib/python3.7/site-packages/airflow/example_dags/example_short_circuit_operator.py took 0.159 seconds
[2023-02-16T00:09:32.388+0000] {processor.py:153} INFO - Started process (PID=309) to work on /home/airflow/.local/lib/python3.7/site-packages/airflow/example_dags/example_short_circuit_operator.py
[2023-02-16T00:09:32.389+0000] {processor.py:743} INFO - Processing file /home/airflow/.local/lib/python3.7/site-packages/airflow/example_dags/example_short_circuit_operator.py for tasks to queue
[2023-02-16T00:09:32.390+0000] {logging_mixin.py:137} INFO - [2023-02-16T00:09:32.390+0000] {dagbag.py:538} INFO - Filling up the DagBag from /home/airflow/.local/lib/python3.7/site-packages/airflow/example_dags/example_short_circuit_operator.py
[2023-02-16T00:09:32.412+0000] {processor.py:753} INFO - DAG(s) dict_keys(['example_short_circuit_operator']) retrieved from /home/airflow/.local/lib/python3.7/site-packages/airflow/example_dags/example_short_circuit_operator.py
[2023-02-16T00:09:32.454+0000] {logging_mixin.py:137} INFO - [2023-02-16T00:09:32.454+0000] {dag.py:2690} INFO - Sync 1 DAGs
[2023-02-16T00:09:32.502+0000] {logging_mixin.py:137} INFO - [2023-02-16T00:09:32.501+0000] {dag.py:3441} INFO - Setting next_dagrun for example_short_circuit_operator to 2023-02-15T00:09:32.501389+00:00, run_after=2023-02-16T00:09:32.501389+00:00
[2023-02-16T00:09:32.540+0000] {processor.py:175} INFO - Processing /home/airflow/.local/lib/python3.7/site-packages/airflow/example_dags/example_short_circuit_operator.py took 0.159 seconds
[2023-02-16T00:10:03.240+0000] {processor.py:153} INFO - Started process (PID=382) to work on /home/airflow/.local/lib/python3.7/site-packages/airflow/example_dags/example_short_circuit_operator.py
[2023-02-16T00:10:03.242+0000] {processor.py:743} INFO - Processing file /home/airflow/.local/lib/python3.7/site-packages/airflow/example_dags/example_short_circuit_operator.py for tasks to queue
[2023-02-16T00:10:03.242+0000] {logging_mixin.py:137} INFO - [2023-02-16T00:10:03.242+0000] {dagbag.py:538} INFO - Filling up the DagBag from /home/airflow/.local/lib/python3.7/site-packages/airflow/example_dags/example_short_circuit_operator.py
[2023-02-16T00:10:03.261+0000] {processor.py:753} INFO - DAG(s) dict_keys(['example_short_circuit_operator']) retrieved from /home/airflow/.local/lib/python3.7/site-packages/airflow/example_dags/example_short_circuit_operator.py
[2023-02-16T00:10:03.301+0000] {logging_mixin.py:137} INFO - [2023-02-16T00:10:03.301+0000] {dag.py:2690} INFO - Sync 1 DAGs
[2023-02-16T00:10:03.350+0000] {logging_mixin.py:137} INFO - [2023-02-16T00:10:03.350+0000] {dag.py:3441} INFO - Setting next_dagrun for example_short_circuit_operator to 2023-02-15T00:10:03.350042+00:00, run_after=2023-02-16T00:10:03.350042+00:00
[2023-02-16T00:10:03.388+0000] {processor.py:175} INFO - Processing /home/airflow/.local/lib/python3.7/site-packages/airflow/example_dags/example_short_circuit_operator.py took 0.153 seconds
[2023-02-16T00:10:33.504+0000] {processor.py:153} INFO - Started process (PID=460) to work on /home/airflow/.local/lib/python3.7/site-packages/airflow/example_dags/example_short_circuit_operator.py
[2023-02-16T00:10:33.505+0000] {processor.py:743} INFO - Processing file /home/airflow/.local/lib/python3.7/site-packages/airflow/example_dags/example_short_circuit_operator.py for tasks to queue
[2023-02-16T00:10:33.506+0000] {logging_mixin.py:137} INFO - [2023-02-16T00:10:33.506+0000] {dagbag.py:538} INFO - Filling up the DagBag from /home/airflow/.local/lib/python3.7/site-packages/airflow/example_dags/example_short_circuit_operator.py
[2023-02-16T00:10:33.531+0000] {processor.py:753} INFO - DAG(s) dict_keys(['example_short_circuit_operator']) retrieved from /home/airflow/.local/lib/python3.7/site-packages/airflow/example_dags/example_short_circuit_operator.py
[2023-02-16T00:10:33.565+0000] {logging_mixin.py:137} INFO - [2023-02-16T00:10:33.565+0000] {dag.py:2690} INFO - Sync 1 DAGs
[2023-02-16T00:10:33.602+0000] {logging_mixin.py:137} INFO - [2023-02-16T00:10:33.602+0000] {dag.py:3441} INFO - Setting next_dagrun for example_short_circuit_operator to 2023-02-15T00:10:33.602026+00:00, run_after=2023-02-16T00:10:33.602026+00:00
[2023-02-16T00:10:33.639+0000] {processor.py:175} INFO - Processing /home/airflow/.local/lib/python3.7/site-packages/airflow/example_dags/example_short_circuit_operator.py took 0.140 seconds
[2023-02-16T00:11:04.078+0000] {processor.py:153} INFO - Started process (PID=543) to work on /home/airflow/.local/lib/python3.7/site-packages/airflow/example_dags/example_short_circuit_operator.py
[2023-02-16T00:11:04.080+0000] {processor.py:743} INFO - Processing file /home/airflow/.local/lib/python3.7/site-packages/airflow/example_dags/example_short_circuit_operator.py for tasks to queue
[2023-02-16T00:11:04.080+0000] {logging_mixin.py:137} INFO - [2023-02-16T00:11:04.080+0000] {dagbag.py:538} INFO - Filling up the DagBag from /home/airflow/.local/lib/python3.7/site-packages/airflow/example_dags/example_short_circuit_operator.py
[2023-02-16T00:11:04.100+0000] {processor.py:753} INFO - DAG(s) dict_keys(['example_short_circuit_operator']) retrieved from /home/airflow/.local/lib/python3.7/site-packages/airflow/example_dags/example_short_circuit_operator.py
[2023-02-16T00:11:04.138+0000] {logging_mixin.py:137} INFO - [2023-02-16T00:11:04.138+0000] {dag.py:2690} INFO - Sync 1 DAGs
[2023-02-16T00:11:04.181+0000] {logging_mixin.py:137} INFO - [2023-02-16T00:11:04.181+0000] {dag.py:3441} INFO - Setting next_dagrun for example_short_circuit_operator to 2023-02-15T00:11:04.181286+00:00, run_after=2023-02-16T00:11:04.181286+00:00
[2023-02-16T00:11:04.211+0000] {processor.py:175} INFO - Processing /home/airflow/.local/lib/python3.7/site-packages/airflow/example_dags/example_short_circuit_operator.py took 0.137 seconds
[2023-02-16T00:31:35.333+0000] {processor.py:153} INFO - Started process (PID=77) to work on /home/airflow/.local/lib/python3.7/site-packages/airflow/example_dags/example_short_circuit_operator.py
[2023-02-16T00:31:35.334+0000] {processor.py:743} INFO - Processing file /home/airflow/.local/lib/python3.7/site-packages/airflow/example_dags/example_short_circuit_operator.py for tasks to queue
[2023-02-16T00:31:35.335+0000] {logging_mixin.py:137} INFO - [2023-02-16T00:31:35.335+0000] {dagbag.py:538} INFO - Filling up the DagBag from /home/airflow/.local/lib/python3.7/site-packages/airflow/example_dags/example_short_circuit_operator.py
[2023-02-16T00:31:35.367+0000] {processor.py:753} INFO - DAG(s) dict_keys(['example_short_circuit_operator']) retrieved from /home/airflow/.local/lib/python3.7/site-packages/airflow/example_dags/example_short_circuit_operator.py
[2023-02-16T00:31:35.403+0000] {logging_mixin.py:137} INFO - [2023-02-16T00:31:35.403+0000] {dag.py:2690} INFO - Sync 1 DAGs
[2023-02-16T00:31:35.440+0000] {logging_mixin.py:137} INFO - [2023-02-16T00:31:35.440+0000] {dag.py:3441} INFO - Setting next_dagrun for example_short_circuit_operator to 2023-02-15T00:31:35.439756+00:00, run_after=2023-02-16T00:31:35.439756+00:00
[2023-02-16T00:31:35.471+0000] {processor.py:175} INFO - Processing /home/airflow/.local/lib/python3.7/site-packages/airflow/example_dags/example_short_circuit_operator.py took 0.143 seconds
[2023-02-16T00:32:05.553+0000] {processor.py:153} INFO - Started process (PID=149) to work on /home/airflow/.local/lib/python3.7/site-packages/airflow/example_dags/example_short_circuit_operator.py
[2023-02-16T00:32:05.554+0000] {processor.py:743} INFO - Processing file /home/airflow/.local/lib/python3.7/site-packages/airflow/example_dags/example_short_circuit_operator.py for tasks to queue
[2023-02-16T00:32:05.555+0000] {logging_mixin.py:137} INFO - [2023-02-16T00:32:05.555+0000] {dagbag.py:538} INFO - Filling up the DagBag from /home/airflow/.local/lib/python3.7/site-packages/airflow/example_dags/example_short_circuit_operator.py
[2023-02-16T00:32:05.579+0000] {processor.py:753} INFO - DAG(s) dict_keys(['example_short_circuit_operator']) retrieved from /home/airflow/.local/lib/python3.7/site-packages/airflow/example_dags/example_short_circuit_operator.py
[2023-02-16T00:32:05.616+0000] {logging_mixin.py:137} INFO - [2023-02-16T00:32:05.616+0000] {dag.py:2690} INFO - Sync 1 DAGs
[2023-02-16T00:32:05.656+0000] {logging_mixin.py:137} INFO - [2023-02-16T00:32:05.656+0000] {dag.py:3441} INFO - Setting next_dagrun for example_short_circuit_operator to 2023-02-15T00:32:05.655901+00:00, run_after=2023-02-16T00:32:05.655901+00:00
[2023-02-16T00:32:05.697+0000] {processor.py:175} INFO - Processing /home/airflow/.local/lib/python3.7/site-packages/airflow/example_dags/example_short_circuit_operator.py took 0.147 seconds
