[2023-02-16T00:00:14.766+0000] {processor.py:153} INFO - Started process (PID=780) to work on /home/airflow/.local/lib/python3.7/site-packages/airflow/example_dags/example_task_group_decorator.py
[2023-02-16T00:00:14.767+0000] {processor.py:743} INFO - Processing file /home/airflow/.local/lib/python3.7/site-packages/airflow/example_dags/example_task_group_decorator.py for tasks to queue
[2023-02-16T00:00:14.767+0000] {logging_mixin.py:137} INFO - [2023-02-16T00:00:14.767+0000] {dagbag.py:538} INFO - Filling up the DagBag from /home/airflow/.local/lib/python3.7/site-packages/airflow/example_dags/example_task_group_decorator.py
[2023-02-16T00:00:14.800+0000] {processor.py:753} INFO - DAG(s) dict_keys(['example_task_group_decorator']) retrieved from /home/airflow/.local/lib/python3.7/site-packages/airflow/example_dags/example_task_group_decorator.py
[2023-02-16T00:00:14.834+0000] {logging_mixin.py:137} INFO - [2023-02-16T00:00:14.834+0000] {dag.py:2690} INFO - Sync 1 DAGs
[2023-02-16T00:00:14.878+0000] {logging_mixin.py:137} INFO - [2023-02-16T00:00:14.877+0000] {dag.py:3441} INFO - Setting next_dagrun for example_task_group_decorator to 2023-02-15T00:00:14.877579+00:00, run_after=2023-02-16T00:00:14.877579+00:00
[2023-02-16T00:00:14.912+0000] {processor.py:175} INFO - Processing /home/airflow/.local/lib/python3.7/site-packages/airflow/example_dags/example_task_group_decorator.py took 0.150 seconds
[2023-02-16T00:00:45.673+0000] {processor.py:153} INFO - Started process (PID=854) to work on /home/airflow/.local/lib/python3.7/site-packages/airflow/example_dags/example_task_group_decorator.py
[2023-02-16T00:00:45.674+0000] {processor.py:743} INFO - Processing file /home/airflow/.local/lib/python3.7/site-packages/airflow/example_dags/example_task_group_decorator.py for tasks to queue
[2023-02-16T00:00:45.674+0000] {logging_mixin.py:137} INFO - [2023-02-16T00:00:45.674+0000] {dagbag.py:538} INFO - Filling up the DagBag from /home/airflow/.local/lib/python3.7/site-packages/airflow/example_dags/example_task_group_decorator.py
[2023-02-16T00:00:45.711+0000] {processor.py:753} INFO - DAG(s) dict_keys(['example_task_group_decorator']) retrieved from /home/airflow/.local/lib/python3.7/site-packages/airflow/example_dags/example_task_group_decorator.py
[2023-02-16T00:00:45.751+0000] {logging_mixin.py:137} INFO - [2023-02-16T00:00:45.751+0000] {dag.py:2690} INFO - Sync 1 DAGs
[2023-02-16T00:00:45.820+0000] {logging_mixin.py:137} INFO - [2023-02-16T00:00:45.819+0000] {dag.py:3441} INFO - Setting next_dagrun for example_task_group_decorator to 2023-02-15T00:00:45.819503+00:00, run_after=2023-02-16T00:00:45.819503+00:00
[2023-02-16T00:00:45.863+0000] {processor.py:175} INFO - Processing /home/airflow/.local/lib/python3.7/site-packages/airflow/example_dags/example_task_group_decorator.py took 0.194 seconds
[2023-02-16T00:01:16.878+0000] {processor.py:153} INFO - Started process (PID=943) to work on /home/airflow/.local/lib/python3.7/site-packages/airflow/example_dags/example_task_group_decorator.py
[2023-02-16T00:01:16.879+0000] {processor.py:743} INFO - Processing file /home/airflow/.local/lib/python3.7/site-packages/airflow/example_dags/example_task_group_decorator.py for tasks to queue
[2023-02-16T00:01:16.880+0000] {logging_mixin.py:137} INFO - [2023-02-16T00:01:16.880+0000] {dagbag.py:538} INFO - Filling up the DagBag from /home/airflow/.local/lib/python3.7/site-packages/airflow/example_dags/example_task_group_decorator.py
[2023-02-16T00:01:16.912+0000] {processor.py:753} INFO - DAG(s) dict_keys(['example_task_group_decorator']) retrieved from /home/airflow/.local/lib/python3.7/site-packages/airflow/example_dags/example_task_group_decorator.py
[2023-02-16T00:01:16.945+0000] {logging_mixin.py:137} INFO - [2023-02-16T00:01:16.945+0000] {dag.py:2690} INFO - Sync 1 DAGs
[2023-02-16T00:01:16.979+0000] {logging_mixin.py:137} INFO - [2023-02-16T00:01:16.979+0000] {dag.py:3441} INFO - Setting next_dagrun for example_task_group_decorator to 2023-02-15T00:01:16.979213+00:00, run_after=2023-02-16T00:01:16.979213+00:00
[2023-02-16T00:01:17.012+0000] {processor.py:175} INFO - Processing /home/airflow/.local/lib/python3.7/site-packages/airflow/example_dags/example_task_group_decorator.py took 0.138 seconds
[2023-02-16T00:01:47.427+0000] {processor.py:153} INFO - Started process (PID=1015) to work on /home/airflow/.local/lib/python3.7/site-packages/airflow/example_dags/example_task_group_decorator.py
[2023-02-16T00:01:47.428+0000] {processor.py:743} INFO - Processing file /home/airflow/.local/lib/python3.7/site-packages/airflow/example_dags/example_task_group_decorator.py for tasks to queue
[2023-02-16T00:01:47.430+0000] {logging_mixin.py:137} INFO - [2023-02-16T00:01:47.429+0000] {dagbag.py:538} INFO - Filling up the DagBag from /home/airflow/.local/lib/python3.7/site-packages/airflow/example_dags/example_task_group_decorator.py
[2023-02-16T00:01:47.462+0000] {processor.py:753} INFO - DAG(s) dict_keys(['example_task_group_decorator']) retrieved from /home/airflow/.local/lib/python3.7/site-packages/airflow/example_dags/example_task_group_decorator.py
[2023-02-16T00:01:47.496+0000] {logging_mixin.py:137} INFO - [2023-02-16T00:01:47.496+0000] {dag.py:2690} INFO - Sync 1 DAGs
[2023-02-16T00:01:47.535+0000] {logging_mixin.py:137} INFO - [2023-02-16T00:01:47.535+0000] {dag.py:3441} INFO - Setting next_dagrun for example_task_group_decorator to 2023-02-15T00:01:47.534657+00:00, run_after=2023-02-16T00:01:47.534657+00:00
[2023-02-16T00:01:47.573+0000] {processor.py:175} INFO - Processing /home/airflow/.local/lib/python3.7/site-packages/airflow/example_dags/example_task_group_decorator.py took 0.152 seconds
[2023-02-16T00:02:18.418+0000] {processor.py:153} INFO - Started process (PID=1088) to work on /home/airflow/.local/lib/python3.7/site-packages/airflow/example_dags/example_task_group_decorator.py
[2023-02-16T00:02:18.420+0000] {processor.py:743} INFO - Processing file /home/airflow/.local/lib/python3.7/site-packages/airflow/example_dags/example_task_group_decorator.py for tasks to queue
[2023-02-16T00:02:18.420+0000] {logging_mixin.py:137} INFO - [2023-02-16T00:02:18.420+0000] {dagbag.py:538} INFO - Filling up the DagBag from /home/airflow/.local/lib/python3.7/site-packages/airflow/example_dags/example_task_group_decorator.py
[2023-02-16T00:02:18.458+0000] {processor.py:753} INFO - DAG(s) dict_keys(['example_task_group_decorator']) retrieved from /home/airflow/.local/lib/python3.7/site-packages/airflow/example_dags/example_task_group_decorator.py
[2023-02-16T00:02:18.494+0000] {logging_mixin.py:137} INFO - [2023-02-16T00:02:18.494+0000] {dag.py:2690} INFO - Sync 1 DAGs
[2023-02-16T00:02:18.535+0000] {logging_mixin.py:137} INFO - [2023-02-16T00:02:18.534+0000] {dag.py:3441} INFO - Setting next_dagrun for example_task_group_decorator to 2023-02-15T00:02:18.534580+00:00, run_after=2023-02-16T00:02:18.534580+00:00
[2023-02-16T00:02:18.570+0000] {processor.py:175} INFO - Processing /home/airflow/.local/lib/python3.7/site-packages/airflow/example_dags/example_task_group_decorator.py took 0.156 seconds
[2023-02-16T00:02:50.016+0000] {processor.py:153} INFO - Started process (PID=1176) to work on /home/airflow/.local/lib/python3.7/site-packages/airflow/example_dags/example_task_group_decorator.py
[2023-02-16T00:02:50.018+0000] {processor.py:743} INFO - Processing file /home/airflow/.local/lib/python3.7/site-packages/airflow/example_dags/example_task_group_decorator.py for tasks to queue
[2023-02-16T00:02:50.019+0000] {logging_mixin.py:137} INFO - [2023-02-16T00:02:50.019+0000] {dagbag.py:538} INFO - Filling up the DagBag from /home/airflow/.local/lib/python3.7/site-packages/airflow/example_dags/example_task_group_decorator.py
[2023-02-16T00:02:50.069+0000] {processor.py:753} INFO - DAG(s) dict_keys(['example_task_group_decorator']) retrieved from /home/airflow/.local/lib/python3.7/site-packages/airflow/example_dags/example_task_group_decorator.py
[2023-02-16T00:02:50.107+0000] {logging_mixin.py:137} INFO - [2023-02-16T00:02:50.107+0000] {dag.py:2690} INFO - Sync 1 DAGs
[2023-02-16T00:02:50.139+0000] {logging_mixin.py:137} INFO - [2023-02-16T00:02:50.139+0000] {dag.py:3441} INFO - Setting next_dagrun for example_task_group_decorator to 2023-02-15T00:02:50.139229+00:00, run_after=2023-02-16T00:02:50.139229+00:00
[2023-02-16T00:02:50.179+0000] {processor.py:175} INFO - Processing /home/airflow/.local/lib/python3.7/site-packages/airflow/example_dags/example_task_group_decorator.py took 0.169 seconds
[2023-02-16T00:03:20.918+0000] {processor.py:153} INFO - Started process (PID=1248) to work on /home/airflow/.local/lib/python3.7/site-packages/airflow/example_dags/example_task_group_decorator.py
[2023-02-16T00:03:20.920+0000] {processor.py:743} INFO - Processing file /home/airflow/.local/lib/python3.7/site-packages/airflow/example_dags/example_task_group_decorator.py for tasks to queue
[2023-02-16T00:03:20.921+0000] {logging_mixin.py:137} INFO - [2023-02-16T00:03:20.921+0000] {dagbag.py:538} INFO - Filling up the DagBag from /home/airflow/.local/lib/python3.7/site-packages/airflow/example_dags/example_task_group_decorator.py
[2023-02-16T00:03:20.955+0000] {processor.py:753} INFO - DAG(s) dict_keys(['example_task_group_decorator']) retrieved from /home/airflow/.local/lib/python3.7/site-packages/airflow/example_dags/example_task_group_decorator.py
[2023-02-16T00:03:20.986+0000] {logging_mixin.py:137} INFO - [2023-02-16T00:03:20.985+0000] {dag.py:2690} INFO - Sync 1 DAGs
[2023-02-16T00:03:21.017+0000] {logging_mixin.py:137} INFO - [2023-02-16T00:03:21.017+0000] {dag.py:3441} INFO - Setting next_dagrun for example_task_group_decorator to 2023-02-15T00:03:21.017445+00:00, run_after=2023-02-16T00:03:21.017445+00:00
[2023-02-16T00:03:21.050+0000] {processor.py:175} INFO - Processing /home/airflow/.local/lib/python3.7/site-packages/airflow/example_dags/example_task_group_decorator.py took 0.135 seconds
[2023-02-16T00:03:51.844+0000] {processor.py:153} INFO - Started process (PID=1320) to work on /home/airflow/.local/lib/python3.7/site-packages/airflow/example_dags/example_task_group_decorator.py
[2023-02-16T00:03:51.845+0000] {processor.py:743} INFO - Processing file /home/airflow/.local/lib/python3.7/site-packages/airflow/example_dags/example_task_group_decorator.py for tasks to queue
[2023-02-16T00:03:51.846+0000] {logging_mixin.py:137} INFO - [2023-02-16T00:03:51.846+0000] {dagbag.py:538} INFO - Filling up the DagBag from /home/airflow/.local/lib/python3.7/site-packages/airflow/example_dags/example_task_group_decorator.py
[2023-02-16T00:03:51.885+0000] {processor.py:753} INFO - DAG(s) dict_keys(['example_task_group_decorator']) retrieved from /home/airflow/.local/lib/python3.7/site-packages/airflow/example_dags/example_task_group_decorator.py
[2023-02-16T00:03:51.931+0000] {logging_mixin.py:137} INFO - [2023-02-16T00:03:51.931+0000] {dag.py:2690} INFO - Sync 1 DAGs
[2023-02-16T00:03:51.970+0000] {logging_mixin.py:137} INFO - [2023-02-16T00:03:51.969+0000] {dag.py:3441} INFO - Setting next_dagrun for example_task_group_decorator to 2023-02-15T00:03:51.969454+00:00, run_after=2023-02-16T00:03:51.969454+00:00
[2023-02-16T00:03:52.007+0000] {processor.py:175} INFO - Processing /home/airflow/.local/lib/python3.7/site-packages/airflow/example_dags/example_task_group_decorator.py took 0.166 seconds
[2023-02-16T00:04:22.848+0000] {processor.py:153} INFO - Started process (PID=1408) to work on /home/airflow/.local/lib/python3.7/site-packages/airflow/example_dags/example_task_group_decorator.py
[2023-02-16T00:04:22.850+0000] {processor.py:743} INFO - Processing file /home/airflow/.local/lib/python3.7/site-packages/airflow/example_dags/example_task_group_decorator.py for tasks to queue
[2023-02-16T00:04:22.851+0000] {logging_mixin.py:137} INFO - [2023-02-16T00:04:22.851+0000] {dagbag.py:538} INFO - Filling up the DagBag from /home/airflow/.local/lib/python3.7/site-packages/airflow/example_dags/example_task_group_decorator.py
[2023-02-16T00:04:22.944+0000] {processor.py:753} INFO - DAG(s) dict_keys(['example_task_group_decorator']) retrieved from /home/airflow/.local/lib/python3.7/site-packages/airflow/example_dags/example_task_group_decorator.py
[2023-02-16T00:04:23.030+0000] {logging_mixin.py:137} INFO - [2023-02-16T00:04:23.029+0000] {dag.py:2690} INFO - Sync 1 DAGs
[2023-02-16T00:04:23.112+0000] {logging_mixin.py:137} INFO - [2023-02-16T00:04:23.112+0000] {dag.py:3441} INFO - Setting next_dagrun for example_task_group_decorator to 2023-02-15T00:04:23.111900+00:00, run_after=2023-02-16T00:04:23.111900+00:00
[2023-02-16T00:04:23.152+0000] {processor.py:175} INFO - Processing /home/airflow/.local/lib/python3.7/site-packages/airflow/example_dags/example_task_group_decorator.py took 0.309 seconds
[2023-02-16T00:04:53.487+0000] {processor.py:153} INFO - Started process (PID=1482) to work on /home/airflow/.local/lib/python3.7/site-packages/airflow/example_dags/example_task_group_decorator.py
[2023-02-16T00:04:53.489+0000] {processor.py:743} INFO - Processing file /home/airflow/.local/lib/python3.7/site-packages/airflow/example_dags/example_task_group_decorator.py for tasks to queue
[2023-02-16T00:04:53.491+0000] {logging_mixin.py:137} INFO - [2023-02-16T00:04:53.490+0000] {dagbag.py:538} INFO - Filling up the DagBag from /home/airflow/.local/lib/python3.7/site-packages/airflow/example_dags/example_task_group_decorator.py
[2023-02-16T00:04:53.534+0000] {processor.py:753} INFO - DAG(s) dict_keys(['example_task_group_decorator']) retrieved from /home/airflow/.local/lib/python3.7/site-packages/airflow/example_dags/example_task_group_decorator.py
[2023-02-16T00:04:53.575+0000] {logging_mixin.py:137} INFO - [2023-02-16T00:04:53.575+0000] {dag.py:2690} INFO - Sync 1 DAGs
[2023-02-16T00:04:53.617+0000] {logging_mixin.py:137} INFO - [2023-02-16T00:04:53.617+0000] {dag.py:3441} INFO - Setting next_dagrun for example_task_group_decorator to 2023-02-15T00:04:53.616734+00:00, run_after=2023-02-16T00:04:53.616734+00:00
[2023-02-16T00:04:53.662+0000] {processor.py:175} INFO - Processing /home/airflow/.local/lib/python3.7/site-packages/airflow/example_dags/example_task_group_decorator.py took 0.180 seconds
[2023-02-16T00:05:23.749+0000] {processor.py:153} INFO - Started process (PID=1554) to work on /home/airflow/.local/lib/python3.7/site-packages/airflow/example_dags/example_task_group_decorator.py
[2023-02-16T00:05:23.750+0000] {processor.py:743} INFO - Processing file /home/airflow/.local/lib/python3.7/site-packages/airflow/example_dags/example_task_group_decorator.py for tasks to queue
[2023-02-16T00:05:23.751+0000] {logging_mixin.py:137} INFO - [2023-02-16T00:05:23.751+0000] {dagbag.py:538} INFO - Filling up the DagBag from /home/airflow/.local/lib/python3.7/site-packages/airflow/example_dags/example_task_group_decorator.py
[2023-02-16T00:05:23.790+0000] {processor.py:753} INFO - DAG(s) dict_keys(['example_task_group_decorator']) retrieved from /home/airflow/.local/lib/python3.7/site-packages/airflow/example_dags/example_task_group_decorator.py
[2023-02-16T00:05:23.824+0000] {logging_mixin.py:137} INFO - [2023-02-16T00:05:23.823+0000] {dag.py:2690} INFO - Sync 1 DAGs
[2023-02-16T00:05:23.862+0000] {logging_mixin.py:137} INFO - [2023-02-16T00:05:23.862+0000] {dag.py:3441} INFO - Setting next_dagrun for example_task_group_decorator to 2023-02-15T00:05:23.862211+00:00, run_after=2023-02-16T00:05:23.862211+00:00
[2023-02-16T00:05:23.903+0000] {processor.py:175} INFO - Processing /home/airflow/.local/lib/python3.7/site-packages/airflow/example_dags/example_task_group_decorator.py took 0.158 seconds
[2023-02-16T00:05:54.813+0000] {processor.py:153} INFO - Started process (PID=1642) to work on /home/airflow/.local/lib/python3.7/site-packages/airflow/example_dags/example_task_group_decorator.py
[2023-02-16T00:05:54.815+0000] {processor.py:743} INFO - Processing file /home/airflow/.local/lib/python3.7/site-packages/airflow/example_dags/example_task_group_decorator.py for tasks to queue
[2023-02-16T00:05:54.816+0000] {logging_mixin.py:137} INFO - [2023-02-16T00:05:54.816+0000] {dagbag.py:538} INFO - Filling up the DagBag from /home/airflow/.local/lib/python3.7/site-packages/airflow/example_dags/example_task_group_decorator.py
[2023-02-16T00:05:54.870+0000] {processor.py:753} INFO - DAG(s) dict_keys(['example_task_group_decorator']) retrieved from /home/airflow/.local/lib/python3.7/site-packages/airflow/example_dags/example_task_group_decorator.py
[2023-02-16T00:05:54.916+0000] {logging_mixin.py:137} INFO - [2023-02-16T00:05:54.916+0000] {dag.py:2690} INFO - Sync 1 DAGs
[2023-02-16T00:05:54.971+0000] {logging_mixin.py:137} INFO - [2023-02-16T00:05:54.971+0000] {dag.py:3441} INFO - Setting next_dagrun for example_task_group_decorator to 2023-02-15T00:05:54.971204+00:00, run_after=2023-02-16T00:05:54.971204+00:00
[2023-02-16T00:05:55.010+0000] {processor.py:175} INFO - Processing /home/airflow/.local/lib/python3.7/site-packages/airflow/example_dags/example_task_group_decorator.py took 0.201 seconds
[2023-02-16T00:06:25.503+0000] {processor.py:153} INFO - Started process (PID=1714) to work on /home/airflow/.local/lib/python3.7/site-packages/airflow/example_dags/example_task_group_decorator.py
[2023-02-16T00:06:25.505+0000] {processor.py:743} INFO - Processing file /home/airflow/.local/lib/python3.7/site-packages/airflow/example_dags/example_task_group_decorator.py for tasks to queue
[2023-02-16T00:06:25.506+0000] {logging_mixin.py:137} INFO - [2023-02-16T00:06:25.505+0000] {dagbag.py:538} INFO - Filling up the DagBag from /home/airflow/.local/lib/python3.7/site-packages/airflow/example_dags/example_task_group_decorator.py
[2023-02-16T00:06:25.556+0000] {processor.py:753} INFO - DAG(s) dict_keys(['example_task_group_decorator']) retrieved from /home/airflow/.local/lib/python3.7/site-packages/airflow/example_dags/example_task_group_decorator.py
[2023-02-16T00:06:25.595+0000] {logging_mixin.py:137} INFO - [2023-02-16T00:06:25.595+0000] {dag.py:2690} INFO - Sync 1 DAGs
[2023-02-16T00:06:25.639+0000] {logging_mixin.py:137} INFO - [2023-02-16T00:06:25.639+0000] {dag.py:3441} INFO - Setting next_dagrun for example_task_group_decorator to 2023-02-15T00:06:25.638743+00:00, run_after=2023-02-16T00:06:25.638743+00:00
[2023-02-16T00:06:25.676+0000] {processor.py:175} INFO - Processing /home/airflow/.local/lib/python3.7/site-packages/airflow/example_dags/example_task_group_decorator.py took 0.178 seconds
[2023-02-16T00:08:00.383+0000] {processor.py:153} INFO - Started process (PID=81) to work on /home/airflow/.local/lib/python3.7/site-packages/airflow/example_dags/example_task_group_decorator.py
[2023-02-16T00:08:00.384+0000] {processor.py:743} INFO - Processing file /home/airflow/.local/lib/python3.7/site-packages/airflow/example_dags/example_task_group_decorator.py for tasks to queue
[2023-02-16T00:08:00.386+0000] {logging_mixin.py:137} INFO - [2023-02-16T00:08:00.386+0000] {dagbag.py:538} INFO - Filling up the DagBag from /home/airflow/.local/lib/python3.7/site-packages/airflow/example_dags/example_task_group_decorator.py
[2023-02-16T00:08:00.447+0000] {processor.py:753} INFO - DAG(s) dict_keys(['example_task_group_decorator']) retrieved from /home/airflow/.local/lib/python3.7/site-packages/airflow/example_dags/example_task_group_decorator.py
[2023-02-16T00:08:00.488+0000] {logging_mixin.py:137} INFO - [2023-02-16T00:08:00.487+0000] {dag.py:2690} INFO - Sync 1 DAGs
[2023-02-16T00:08:00.525+0000] {logging_mixin.py:137} INFO - [2023-02-16T00:08:00.525+0000] {dag.py:3441} INFO - Setting next_dagrun for example_task_group_decorator to 2023-02-15T00:08:00.524669+00:00, run_after=2023-02-16T00:08:00.524669+00:00
[2023-02-16T00:08:00.565+0000] {processor.py:175} INFO - Processing /home/airflow/.local/lib/python3.7/site-packages/airflow/example_dags/example_task_group_decorator.py took 0.186 seconds
[2023-02-16T00:08:31.344+0000] {processor.py:153} INFO - Started process (PID=154) to work on /home/airflow/.local/lib/python3.7/site-packages/airflow/example_dags/example_task_group_decorator.py
[2023-02-16T00:08:31.345+0000] {processor.py:743} INFO - Processing file /home/airflow/.local/lib/python3.7/site-packages/airflow/example_dags/example_task_group_decorator.py for tasks to queue
[2023-02-16T00:08:31.346+0000] {logging_mixin.py:137} INFO - [2023-02-16T00:08:31.346+0000] {dagbag.py:538} INFO - Filling up the DagBag from /home/airflow/.local/lib/python3.7/site-packages/airflow/example_dags/example_task_group_decorator.py
[2023-02-16T00:08:31.380+0000] {processor.py:753} INFO - DAG(s) dict_keys(['example_task_group_decorator']) retrieved from /home/airflow/.local/lib/python3.7/site-packages/airflow/example_dags/example_task_group_decorator.py
[2023-02-16T00:08:31.415+0000] {logging_mixin.py:137} INFO - [2023-02-16T00:08:31.415+0000] {dag.py:2690} INFO - Sync 1 DAGs
[2023-02-16T00:08:31.455+0000] {logging_mixin.py:137} INFO - [2023-02-16T00:08:31.455+0000] {dag.py:3441} INFO - Setting next_dagrun for example_task_group_decorator to 2023-02-15T00:08:31.454872+00:00, run_after=2023-02-16T00:08:31.454872+00:00
[2023-02-16T00:08:31.493+0000] {processor.py:175} INFO - Processing /home/airflow/.local/lib/python3.7/site-packages/airflow/example_dags/example_task_group_decorator.py took 0.154 seconds
[2023-02-16T00:09:02.074+0000] {processor.py:153} INFO - Started process (PID=242) to work on /home/airflow/.local/lib/python3.7/site-packages/airflow/example_dags/example_task_group_decorator.py
[2023-02-16T00:09:02.075+0000] {processor.py:743} INFO - Processing file /home/airflow/.local/lib/python3.7/site-packages/airflow/example_dags/example_task_group_decorator.py for tasks to queue
[2023-02-16T00:09:02.076+0000] {logging_mixin.py:137} INFO - [2023-02-16T00:09:02.076+0000] {dagbag.py:538} INFO - Filling up the DagBag from /home/airflow/.local/lib/python3.7/site-packages/airflow/example_dags/example_task_group_decorator.py
[2023-02-16T00:09:02.113+0000] {processor.py:753} INFO - DAG(s) dict_keys(['example_task_group_decorator']) retrieved from /home/airflow/.local/lib/python3.7/site-packages/airflow/example_dags/example_task_group_decorator.py
[2023-02-16T00:09:02.146+0000] {logging_mixin.py:137} INFO - [2023-02-16T00:09:02.146+0000] {dag.py:2690} INFO - Sync 1 DAGs
[2023-02-16T00:09:02.180+0000] {logging_mixin.py:137} INFO - [2023-02-16T00:09:02.180+0000] {dag.py:3441} INFO - Setting next_dagrun for example_task_group_decorator to 2023-02-15T00:09:02.180270+00:00, run_after=2023-02-16T00:09:02.180270+00:00
[2023-02-16T00:09:02.218+0000] {processor.py:175} INFO - Processing /home/airflow/.local/lib/python3.7/site-packages/airflow/example_dags/example_task_group_decorator.py took 0.148 seconds
[2023-02-16T00:09:32.945+0000] {processor.py:153} INFO - Started process (PID=314) to work on /home/airflow/.local/lib/python3.7/site-packages/airflow/example_dags/example_task_group_decorator.py
[2023-02-16T00:09:32.947+0000] {processor.py:743} INFO - Processing file /home/airflow/.local/lib/python3.7/site-packages/airflow/example_dags/example_task_group_decorator.py for tasks to queue
[2023-02-16T00:09:32.947+0000] {logging_mixin.py:137} INFO - [2023-02-16T00:09:32.947+0000] {dagbag.py:538} INFO - Filling up the DagBag from /home/airflow/.local/lib/python3.7/site-packages/airflow/example_dags/example_task_group_decorator.py
[2023-02-16T00:09:32.989+0000] {processor.py:753} INFO - DAG(s) dict_keys(['example_task_group_decorator']) retrieved from /home/airflow/.local/lib/python3.7/site-packages/airflow/example_dags/example_task_group_decorator.py
[2023-02-16T00:09:33.026+0000] {logging_mixin.py:137} INFO - [2023-02-16T00:09:33.026+0000] {dag.py:2690} INFO - Sync 1 DAGs
[2023-02-16T00:09:33.067+0000] {logging_mixin.py:137} INFO - [2023-02-16T00:09:33.066+0000] {dag.py:3441} INFO - Setting next_dagrun for example_task_group_decorator to 2023-02-15T00:09:33.066506+00:00, run_after=2023-02-16T00:09:33.066506+00:00
[2023-02-16T00:09:33.102+0000] {processor.py:175} INFO - Processing /home/airflow/.local/lib/python3.7/site-packages/airflow/example_dags/example_task_group_decorator.py took 0.161 seconds
[2023-02-16T00:10:03.766+0000] {processor.py:153} INFO - Started process (PID=387) to work on /home/airflow/.local/lib/python3.7/site-packages/airflow/example_dags/example_task_group_decorator.py
[2023-02-16T00:10:03.767+0000] {processor.py:743} INFO - Processing file /home/airflow/.local/lib/python3.7/site-packages/airflow/example_dags/example_task_group_decorator.py for tasks to queue
[2023-02-16T00:10:03.768+0000] {logging_mixin.py:137} INFO - [2023-02-16T00:10:03.768+0000] {dagbag.py:538} INFO - Filling up the DagBag from /home/airflow/.local/lib/python3.7/site-packages/airflow/example_dags/example_task_group_decorator.py
[2023-02-16T00:10:03.811+0000] {processor.py:753} INFO - DAG(s) dict_keys(['example_task_group_decorator']) retrieved from /home/airflow/.local/lib/python3.7/site-packages/airflow/example_dags/example_task_group_decorator.py
[2023-02-16T00:10:03.857+0000] {logging_mixin.py:137} INFO - [2023-02-16T00:10:03.857+0000] {dag.py:2690} INFO - Sync 1 DAGs
[2023-02-16T00:10:03.898+0000] {logging_mixin.py:137} INFO - [2023-02-16T00:10:03.898+0000] {dag.py:3441} INFO - Setting next_dagrun for example_task_group_decorator to 2023-02-15T00:10:03.898132+00:00, run_after=2023-02-16T00:10:03.898132+00:00
[2023-02-16T00:10:03.938+0000] {processor.py:175} INFO - Processing /home/airflow/.local/lib/python3.7/site-packages/airflow/example_dags/example_task_group_decorator.py took 0.176 seconds
[2023-02-16T00:10:34.218+0000] {processor.py:153} INFO - Started process (PID=467) to work on /home/airflow/.local/lib/python3.7/site-packages/airflow/example_dags/example_task_group_decorator.py
[2023-02-16T00:10:34.219+0000] {processor.py:743} INFO - Processing file /home/airflow/.local/lib/python3.7/site-packages/airflow/example_dags/example_task_group_decorator.py for tasks to queue
[2023-02-16T00:10:34.220+0000] {logging_mixin.py:137} INFO - [2023-02-16T00:10:34.220+0000] {dagbag.py:538} INFO - Filling up the DagBag from /home/airflow/.local/lib/python3.7/site-packages/airflow/example_dags/example_task_group_decorator.py
[2023-02-16T00:10:34.265+0000] {processor.py:753} INFO - DAG(s) dict_keys(['example_task_group_decorator']) retrieved from /home/airflow/.local/lib/python3.7/site-packages/airflow/example_dags/example_task_group_decorator.py
[2023-02-16T00:10:34.318+0000] {logging_mixin.py:137} INFO - [2023-02-16T00:10:34.318+0000] {dag.py:2690} INFO - Sync 1 DAGs
[2023-02-16T00:10:34.371+0000] {logging_mixin.py:137} INFO - [2023-02-16T00:10:34.371+0000] {dag.py:3441} INFO - Setting next_dagrun for example_task_group_decorator to 2023-02-15T00:10:34.370831+00:00, run_after=2023-02-16T00:10:34.370831+00:00
[2023-02-16T00:10:34.426+0000] {processor.py:175} INFO - Processing /home/airflow/.local/lib/python3.7/site-packages/airflow/example_dags/example_task_group_decorator.py took 0.214 seconds
[2023-02-16T00:11:04.521+0000] {processor.py:153} INFO - Started process (PID=548) to work on /home/airflow/.local/lib/python3.7/site-packages/airflow/example_dags/example_task_group_decorator.py
[2023-02-16T00:11:04.523+0000] {processor.py:743} INFO - Processing file /home/airflow/.local/lib/python3.7/site-packages/airflow/example_dags/example_task_group_decorator.py for tasks to queue
[2023-02-16T00:11:04.524+0000] {logging_mixin.py:137} INFO - [2023-02-16T00:11:04.524+0000] {dagbag.py:538} INFO - Filling up the DagBag from /home/airflow/.local/lib/python3.7/site-packages/airflow/example_dags/example_task_group_decorator.py
[2023-02-16T00:11:04.569+0000] {processor.py:753} INFO - DAG(s) dict_keys(['example_task_group_decorator']) retrieved from /home/airflow/.local/lib/python3.7/site-packages/airflow/example_dags/example_task_group_decorator.py
[2023-02-16T00:11:04.612+0000] {logging_mixin.py:137} INFO - [2023-02-16T00:11:04.612+0000] {dag.py:2690} INFO - Sync 1 DAGs
[2023-02-16T00:11:04.653+0000] {logging_mixin.py:137} INFO - [2023-02-16T00:11:04.653+0000] {dag.py:3441} INFO - Setting next_dagrun for example_task_group_decorator to 2023-02-15T00:11:04.653255+00:00, run_after=2023-02-16T00:11:04.653255+00:00
[2023-02-16T00:11:04.689+0000] {processor.py:175} INFO - Processing /home/airflow/.local/lib/python3.7/site-packages/airflow/example_dags/example_task_group_decorator.py took 0.172 seconds
[2023-02-16T00:31:35.882+0000] {processor.py:153} INFO - Started process (PID=82) to work on /home/airflow/.local/lib/python3.7/site-packages/airflow/example_dags/example_task_group_decorator.py
[2023-02-16T00:31:35.884+0000] {processor.py:743} INFO - Processing file /home/airflow/.local/lib/python3.7/site-packages/airflow/example_dags/example_task_group_decorator.py for tasks to queue
[2023-02-16T00:31:35.885+0000] {logging_mixin.py:137} INFO - [2023-02-16T00:31:35.885+0000] {dagbag.py:538} INFO - Filling up the DagBag from /home/airflow/.local/lib/python3.7/site-packages/airflow/example_dags/example_task_group_decorator.py
[2023-02-16T00:31:35.930+0000] {processor.py:753} INFO - DAG(s) dict_keys(['example_task_group_decorator']) retrieved from /home/airflow/.local/lib/python3.7/site-packages/airflow/example_dags/example_task_group_decorator.py
[2023-02-16T00:31:35.973+0000] {logging_mixin.py:137} INFO - [2023-02-16T00:31:35.973+0000] {dag.py:2690} INFO - Sync 1 DAGs
[2023-02-16T00:31:36.024+0000] {logging_mixin.py:137} INFO - [2023-02-16T00:31:36.024+0000] {dag.py:3441} INFO - Setting next_dagrun for example_task_group_decorator to 2023-02-15T00:31:36.024154+00:00, run_after=2023-02-16T00:31:36.024154+00:00
[2023-02-16T00:31:36.059+0000] {processor.py:175} INFO - Processing /home/airflow/.local/lib/python3.7/site-packages/airflow/example_dags/example_task_group_decorator.py took 0.181 seconds
[2023-02-16T00:32:06.130+0000] {processor.py:153} INFO - Started process (PID=154) to work on /home/airflow/.local/lib/python3.7/site-packages/airflow/example_dags/example_task_group_decorator.py
[2023-02-16T00:32:06.131+0000] {processor.py:743} INFO - Processing file /home/airflow/.local/lib/python3.7/site-packages/airflow/example_dags/example_task_group_decorator.py for tasks to queue
[2023-02-16T00:32:06.132+0000] {logging_mixin.py:137} INFO - [2023-02-16T00:32:06.131+0000] {dagbag.py:538} INFO - Filling up the DagBag from /home/airflow/.local/lib/python3.7/site-packages/airflow/example_dags/example_task_group_decorator.py
[2023-02-16T00:32:06.167+0000] {processor.py:753} INFO - DAG(s) dict_keys(['example_task_group_decorator']) retrieved from /home/airflow/.local/lib/python3.7/site-packages/airflow/example_dags/example_task_group_decorator.py
[2023-02-16T00:32:06.207+0000] {logging_mixin.py:137} INFO - [2023-02-16T00:32:06.206+0000] {dag.py:2690} INFO - Sync 1 DAGs
[2023-02-16T00:32:06.254+0000] {logging_mixin.py:137} INFO - [2023-02-16T00:32:06.254+0000] {dag.py:3441} INFO - Setting next_dagrun for example_task_group_decorator to 2023-02-15T00:32:06.253914+00:00, run_after=2023-02-16T00:32:06.253914+00:00
[2023-02-16T00:32:06.292+0000] {processor.py:175} INFO - Processing /home/airflow/.local/lib/python3.7/site-packages/airflow/example_dags/example_task_group_decorator.py took 0.169 seconds
