[2023-02-16T00:00:14.594+0000] {processor.py:153} INFO - Started process (PID=778) to work on /home/airflow/.local/lib/python3.7/site-packages/airflow/example_dags/example_subdag_operator.py
[2023-02-16T00:00:14.594+0000] {processor.py:743} INFO - Processing file /home/airflow/.local/lib/python3.7/site-packages/airflow/example_dags/example_subdag_operator.py for tasks to queue
[2023-02-16T00:00:14.595+0000] {logging_mixin.py:137} INFO - [2023-02-16T00:00:14.595+0000] {dagbag.py:538} INFO - Filling up the DagBag from /home/airflow/.local/lib/python3.7/site-packages/airflow/example_dags/example_subdag_operator.py
[2023-02-16T00:00:14.631+0000] {processor.py:753} INFO - DAG(s) dict_keys(['example_subdag_operator.section-1', 'example_subdag_operator.section-2', 'example_subdag_operator']) retrieved from /home/airflow/.local/lib/python3.7/site-packages/airflow/example_dags/example_subdag_operator.py
[2023-02-16T00:00:14.652+0000] {logging_mixin.py:137} INFO - [2023-02-16T00:00:14.652+0000] {dag.py:2690} INFO - Sync 3 DAGs
[2023-02-16T00:00:14.689+0000] {logging_mixin.py:137} INFO - [2023-02-16T00:00:14.689+0000] {dag.py:3441} INFO - Setting next_dagrun for example_subdag_operator to 2022-01-01T00:00:00+00:00, run_after=2022-01-01T00:00:00+00:00
[2023-02-16T00:00:14.693+0000] {logging_mixin.py:137} INFO - [2023-02-16T00:00:14.693+0000] {dag.py:3441} INFO - Setting next_dagrun for example_subdag_operator.section-1 to None, run_after=None
[2023-02-16T00:00:14.695+0000] {logging_mixin.py:137} INFO - [2023-02-16T00:00:14.695+0000] {dag.py:3441} INFO - Setting next_dagrun for example_subdag_operator.section-2 to None, run_after=None
[2023-02-16T00:00:14.705+0000] {logging_mixin.py:137} INFO - [2023-02-16T00:00:14.705+0000] {dag.py:2690} INFO - Sync 2 DAGs
[2023-02-16T00:00:14.714+0000] {logging_mixin.py:137} INFO - [2023-02-16T00:00:14.714+0000] {dag.py:3441} INFO - Setting next_dagrun for example_subdag_operator.section-1 to None, run_after=None
[2023-02-16T00:00:14.714+0000] {logging_mixin.py:137} INFO - [2023-02-16T00:00:14.714+0000] {dag.py:3441} INFO - Setting next_dagrun for example_subdag_operator.section-2 to None, run_after=None
[2023-02-16T00:00:14.735+0000] {processor.py:175} INFO - Processing /home/airflow/.local/lib/python3.7/site-packages/airflow/example_dags/example_subdag_operator.py took 0.147 seconds
[2023-02-16T00:00:45.480+0000] {processor.py:153} INFO - Started process (PID=852) to work on /home/airflow/.local/lib/python3.7/site-packages/airflow/example_dags/example_subdag_operator.py
[2023-02-16T00:00:45.481+0000] {processor.py:743} INFO - Processing file /home/airflow/.local/lib/python3.7/site-packages/airflow/example_dags/example_subdag_operator.py for tasks to queue
[2023-02-16T00:00:45.482+0000] {logging_mixin.py:137} INFO - [2023-02-16T00:00:45.482+0000] {dagbag.py:538} INFO - Filling up the DagBag from /home/airflow/.local/lib/python3.7/site-packages/airflow/example_dags/example_subdag_operator.py
[2023-02-16T00:00:45.526+0000] {processor.py:753} INFO - DAG(s) dict_keys(['example_subdag_operator.section-1', 'example_subdag_operator.section-2', 'example_subdag_operator']) retrieved from /home/airflow/.local/lib/python3.7/site-packages/airflow/example_dags/example_subdag_operator.py
[2023-02-16T00:00:45.549+0000] {logging_mixin.py:137} INFO - [2023-02-16T00:00:45.549+0000] {dag.py:2690} INFO - Sync 3 DAGs
[2023-02-16T00:00:45.586+0000] {logging_mixin.py:137} INFO - [2023-02-16T00:00:45.585+0000] {dag.py:3441} INFO - Setting next_dagrun for example_subdag_operator to 2022-01-01T00:00:00+00:00, run_after=2022-01-01T00:00:00+00:00
[2023-02-16T00:00:45.590+0000] {logging_mixin.py:137} INFO - [2023-02-16T00:00:45.590+0000] {dag.py:3441} INFO - Setting next_dagrun for example_subdag_operator.section-1 to None, run_after=None
[2023-02-16T00:00:45.591+0000] {logging_mixin.py:137} INFO - [2023-02-16T00:00:45.591+0000] {dag.py:3441} INFO - Setting next_dagrun for example_subdag_operator.section-2 to None, run_after=None
[2023-02-16T00:00:45.604+0000] {logging_mixin.py:137} INFO - [2023-02-16T00:00:45.604+0000] {dag.py:2690} INFO - Sync 2 DAGs
[2023-02-16T00:00:45.614+0000] {logging_mixin.py:137} INFO - [2023-02-16T00:00:45.614+0000] {dag.py:3441} INFO - Setting next_dagrun for example_subdag_operator.section-1 to None, run_after=None
[2023-02-16T00:00:45.614+0000] {logging_mixin.py:137} INFO - [2023-02-16T00:00:45.614+0000] {dag.py:3441} INFO - Setting next_dagrun for example_subdag_operator.section-2 to None, run_after=None
[2023-02-16T00:00:45.641+0000] {processor.py:175} INFO - Processing /home/airflow/.local/lib/python3.7/site-packages/airflow/example_dags/example_subdag_operator.py took 0.164 seconds
[2023-02-16T00:01:16.700+0000] {processor.py:153} INFO - Started process (PID=941) to work on /home/airflow/.local/lib/python3.7/site-packages/airflow/example_dags/example_subdag_operator.py
[2023-02-16T00:01:16.702+0000] {processor.py:743} INFO - Processing file /home/airflow/.local/lib/python3.7/site-packages/airflow/example_dags/example_subdag_operator.py for tasks to queue
[2023-02-16T00:01:16.703+0000] {logging_mixin.py:137} INFO - [2023-02-16T00:01:16.703+0000] {dagbag.py:538} INFO - Filling up the DagBag from /home/airflow/.local/lib/python3.7/site-packages/airflow/example_dags/example_subdag_operator.py
[2023-02-16T00:01:16.738+0000] {processor.py:753} INFO - DAG(s) dict_keys(['example_subdag_operator.section-1', 'example_subdag_operator.section-2', 'example_subdag_operator']) retrieved from /home/airflow/.local/lib/python3.7/site-packages/airflow/example_dags/example_subdag_operator.py
[2023-02-16T00:01:16.768+0000] {logging_mixin.py:137} INFO - [2023-02-16T00:01:16.768+0000] {dag.py:2690} INFO - Sync 3 DAGs
[2023-02-16T00:01:16.804+0000] {logging_mixin.py:137} INFO - [2023-02-16T00:01:16.803+0000] {dag.py:3441} INFO - Setting next_dagrun for example_subdag_operator to 2022-01-01T00:00:00+00:00, run_after=2022-01-01T00:00:00+00:00
[2023-02-16T00:01:16.810+0000] {logging_mixin.py:137} INFO - [2023-02-16T00:01:16.810+0000] {dag.py:3441} INFO - Setting next_dagrun for example_subdag_operator.section-1 to None, run_after=None
[2023-02-16T00:01:16.812+0000] {logging_mixin.py:137} INFO - [2023-02-16T00:01:16.811+0000] {dag.py:3441} INFO - Setting next_dagrun for example_subdag_operator.section-2 to None, run_after=None
[2023-02-16T00:01:16.821+0000] {logging_mixin.py:137} INFO - [2023-02-16T00:01:16.820+0000] {dag.py:2690} INFO - Sync 2 DAGs
[2023-02-16T00:01:16.828+0000] {logging_mixin.py:137} INFO - [2023-02-16T00:01:16.828+0000] {dag.py:3441} INFO - Setting next_dagrun for example_subdag_operator.section-1 to None, run_after=None
[2023-02-16T00:01:16.829+0000] {logging_mixin.py:137} INFO - [2023-02-16T00:01:16.828+0000] {dag.py:3441} INFO - Setting next_dagrun for example_subdag_operator.section-2 to None, run_after=None
[2023-02-16T00:01:16.848+0000] {processor.py:175} INFO - Processing /home/airflow/.local/lib/python3.7/site-packages/airflow/example_dags/example_subdag_operator.py took 0.152 seconds
[2023-02-16T00:01:47.208+0000] {processor.py:153} INFO - Started process (PID=1013) to work on /home/airflow/.local/lib/python3.7/site-packages/airflow/example_dags/example_subdag_operator.py
[2023-02-16T00:01:47.210+0000] {processor.py:743} INFO - Processing file /home/airflow/.local/lib/python3.7/site-packages/airflow/example_dags/example_subdag_operator.py for tasks to queue
[2023-02-16T00:01:47.211+0000] {logging_mixin.py:137} INFO - [2023-02-16T00:01:47.210+0000] {dagbag.py:538} INFO - Filling up the DagBag from /home/airflow/.local/lib/python3.7/site-packages/airflow/example_dags/example_subdag_operator.py
[2023-02-16T00:01:47.253+0000] {processor.py:753} INFO - DAG(s) dict_keys(['example_subdag_operator.section-1', 'example_subdag_operator.section-2', 'example_subdag_operator']) retrieved from /home/airflow/.local/lib/python3.7/site-packages/airflow/example_dags/example_subdag_operator.py
[2023-02-16T00:01:47.282+0000] {logging_mixin.py:137} INFO - [2023-02-16T00:01:47.282+0000] {dag.py:2690} INFO - Sync 3 DAGs
[2023-02-16T00:01:47.329+0000] {logging_mixin.py:137} INFO - [2023-02-16T00:01:47.329+0000] {dag.py:3441} INFO - Setting next_dagrun for example_subdag_operator to 2022-01-01T00:00:00+00:00, run_after=2022-01-01T00:00:00+00:00
[2023-02-16T00:01:47.340+0000] {logging_mixin.py:137} INFO - [2023-02-16T00:01:47.340+0000] {dag.py:3441} INFO - Setting next_dagrun for example_subdag_operator.section-1 to None, run_after=None
[2023-02-16T00:01:47.343+0000] {logging_mixin.py:137} INFO - [2023-02-16T00:01:47.342+0000] {dag.py:3441} INFO - Setting next_dagrun for example_subdag_operator.section-2 to None, run_after=None
[2023-02-16T00:01:47.354+0000] {logging_mixin.py:137} INFO - [2023-02-16T00:01:47.354+0000] {dag.py:2690} INFO - Sync 2 DAGs
[2023-02-16T00:01:47.365+0000] {logging_mixin.py:137} INFO - [2023-02-16T00:01:47.365+0000] {dag.py:3441} INFO - Setting next_dagrun for example_subdag_operator.section-1 to None, run_after=None
[2023-02-16T00:01:47.365+0000] {logging_mixin.py:137} INFO - [2023-02-16T00:01:47.365+0000] {dag.py:3441} INFO - Setting next_dagrun for example_subdag_operator.section-2 to None, run_after=None
[2023-02-16T00:01:47.392+0000] {processor.py:175} INFO - Processing /home/airflow/.local/lib/python3.7/site-packages/airflow/example_dags/example_subdag_operator.py took 0.188 seconds
[2023-02-16T00:02:18.195+0000] {processor.py:153} INFO - Started process (PID=1086) to work on /home/airflow/.local/lib/python3.7/site-packages/airflow/example_dags/example_subdag_operator.py
[2023-02-16T00:02:18.197+0000] {processor.py:743} INFO - Processing file /home/airflow/.local/lib/python3.7/site-packages/airflow/example_dags/example_subdag_operator.py for tasks to queue
[2023-02-16T00:02:18.197+0000] {logging_mixin.py:137} INFO - [2023-02-16T00:02:18.197+0000] {dagbag.py:538} INFO - Filling up the DagBag from /home/airflow/.local/lib/python3.7/site-packages/airflow/example_dags/example_subdag_operator.py
[2023-02-16T00:02:18.250+0000] {processor.py:753} INFO - DAG(s) dict_keys(['example_subdag_operator.section-1', 'example_subdag_operator.section-2', 'example_subdag_operator']) retrieved from /home/airflow/.local/lib/python3.7/site-packages/airflow/example_dags/example_subdag_operator.py
[2023-02-16T00:02:18.282+0000] {logging_mixin.py:137} INFO - [2023-02-16T00:02:18.282+0000] {dag.py:2690} INFO - Sync 3 DAGs
[2023-02-16T00:02:18.328+0000] {logging_mixin.py:137} INFO - [2023-02-16T00:02:18.328+0000] {dag.py:3441} INFO - Setting next_dagrun for example_subdag_operator to 2022-01-01T00:00:00+00:00, run_after=2022-01-01T00:00:00+00:00
[2023-02-16T00:02:18.334+0000] {logging_mixin.py:137} INFO - [2023-02-16T00:02:18.333+0000] {dag.py:3441} INFO - Setting next_dagrun for example_subdag_operator.section-1 to None, run_after=None
[2023-02-16T00:02:18.335+0000] {logging_mixin.py:137} INFO - [2023-02-16T00:02:18.335+0000] {dag.py:3441} INFO - Setting next_dagrun for example_subdag_operator.section-2 to None, run_after=None
[2023-02-16T00:02:18.349+0000] {logging_mixin.py:137} INFO - [2023-02-16T00:02:18.349+0000] {dag.py:2690} INFO - Sync 2 DAGs
[2023-02-16T00:02:18.360+0000] {logging_mixin.py:137} INFO - [2023-02-16T00:02:18.360+0000] {dag.py:3441} INFO - Setting next_dagrun for example_subdag_operator.section-1 to None, run_after=None
[2023-02-16T00:02:18.361+0000] {logging_mixin.py:137} INFO - [2023-02-16T00:02:18.360+0000] {dag.py:3441} INFO - Setting next_dagrun for example_subdag_operator.section-2 to None, run_after=None
[2023-02-16T00:02:18.386+0000] {processor.py:175} INFO - Processing /home/airflow/.local/lib/python3.7/site-packages/airflow/example_dags/example_subdag_operator.py took 0.195 seconds
[2023-02-16T00:02:49.714+0000] {processor.py:153} INFO - Started process (PID=1174) to work on /home/airflow/.local/lib/python3.7/site-packages/airflow/example_dags/example_subdag_operator.py
[2023-02-16T00:02:49.715+0000] {processor.py:743} INFO - Processing file /home/airflow/.local/lib/python3.7/site-packages/airflow/example_dags/example_subdag_operator.py for tasks to queue
[2023-02-16T00:02:49.717+0000] {logging_mixin.py:137} INFO - [2023-02-16T00:02:49.716+0000] {dagbag.py:538} INFO - Filling up the DagBag from /home/airflow/.local/lib/python3.7/site-packages/airflow/example_dags/example_subdag_operator.py
[2023-02-16T00:02:49.798+0000] {processor.py:753} INFO - DAG(s) dict_keys(['example_subdag_operator.section-1', 'example_subdag_operator.section-2', 'example_subdag_operator']) retrieved from /home/airflow/.local/lib/python3.7/site-packages/airflow/example_dags/example_subdag_operator.py
[2023-02-16T00:02:49.860+0000] {logging_mixin.py:137} INFO - [2023-02-16T00:02:49.859+0000] {dag.py:2690} INFO - Sync 3 DAGs
[2023-02-16T00:02:49.940+0000] {logging_mixin.py:137} INFO - [2023-02-16T00:02:49.939+0000] {dag.py:3441} INFO - Setting next_dagrun for example_subdag_operator to 2022-01-01T00:00:00+00:00, run_after=2022-01-01T00:00:00+00:00
[2023-02-16T00:02:49.946+0000] {logging_mixin.py:137} INFO - [2023-02-16T00:02:49.946+0000] {dag.py:3441} INFO - Setting next_dagrun for example_subdag_operator.section-1 to None, run_after=None
[2023-02-16T00:02:49.948+0000] {logging_mixin.py:137} INFO - [2023-02-16T00:02:49.948+0000] {dag.py:3441} INFO - Setting next_dagrun for example_subdag_operator.section-2 to None, run_after=None
[2023-02-16T00:02:49.960+0000] {logging_mixin.py:137} INFO - [2023-02-16T00:02:49.960+0000] {dag.py:2690} INFO - Sync 2 DAGs
[2023-02-16T00:02:49.970+0000] {logging_mixin.py:137} INFO - [2023-02-16T00:02:49.970+0000] {dag.py:3441} INFO - Setting next_dagrun for example_subdag_operator.section-1 to None, run_after=None
[2023-02-16T00:02:49.971+0000] {logging_mixin.py:137} INFO - [2023-02-16T00:02:49.971+0000] {dag.py:3441} INFO - Setting next_dagrun for example_subdag_operator.section-2 to None, run_after=None
[2023-02-16T00:02:49.999+0000] {processor.py:175} INFO - Processing /home/airflow/.local/lib/python3.7/site-packages/airflow/example_dags/example_subdag_operator.py took 0.290 seconds
[2023-02-16T00:03:20.771+0000] {processor.py:153} INFO - Started process (PID=1246) to work on /home/airflow/.local/lib/python3.7/site-packages/airflow/example_dags/example_subdag_operator.py
[2023-02-16T00:03:20.773+0000] {processor.py:743} INFO - Processing file /home/airflow/.local/lib/python3.7/site-packages/airflow/example_dags/example_subdag_operator.py for tasks to queue
[2023-02-16T00:03:20.774+0000] {logging_mixin.py:137} INFO - [2023-02-16T00:03:20.774+0000] {dagbag.py:538} INFO - Filling up the DagBag from /home/airflow/.local/lib/python3.7/site-packages/airflow/example_dags/example_subdag_operator.py
[2023-02-16T00:03:20.812+0000] {processor.py:753} INFO - DAG(s) dict_keys(['example_subdag_operator.section-1', 'example_subdag_operator.section-2', 'example_subdag_operator']) retrieved from /home/airflow/.local/lib/python3.7/site-packages/airflow/example_dags/example_subdag_operator.py
[2023-02-16T00:03:20.834+0000] {logging_mixin.py:137} INFO - [2023-02-16T00:03:20.834+0000] {dag.py:2690} INFO - Sync 3 DAGs
[2023-02-16T00:03:20.864+0000] {logging_mixin.py:137} INFO - [2023-02-16T00:03:20.863+0000] {dag.py:3441} INFO - Setting next_dagrun for example_subdag_operator to 2022-01-01T00:00:00+00:00, run_after=2022-01-01T00:00:00+00:00
[2023-02-16T00:03:20.868+0000] {logging_mixin.py:137} INFO - [2023-02-16T00:03:20.867+0000] {dag.py:3441} INFO - Setting next_dagrun for example_subdag_operator.section-1 to None, run_after=None
[2023-02-16T00:03:20.869+0000] {logging_mixin.py:137} INFO - [2023-02-16T00:03:20.869+0000] {dag.py:3441} INFO - Setting next_dagrun for example_subdag_operator.section-2 to None, run_after=None
[2023-02-16T00:03:20.877+0000] {logging_mixin.py:137} INFO - [2023-02-16T00:03:20.877+0000] {dag.py:2690} INFO - Sync 2 DAGs
[2023-02-16T00:03:20.884+0000] {logging_mixin.py:137} INFO - [2023-02-16T00:03:20.884+0000] {dag.py:3441} INFO - Setting next_dagrun for example_subdag_operator.section-1 to None, run_after=None
[2023-02-16T00:03:20.885+0000] {logging_mixin.py:137} INFO - [2023-02-16T00:03:20.885+0000] {dag.py:3441} INFO - Setting next_dagrun for example_subdag_operator.section-2 to None, run_after=None
[2023-02-16T00:03:20.905+0000] {processor.py:175} INFO - Processing /home/airflow/.local/lib/python3.7/site-packages/airflow/example_dags/example_subdag_operator.py took 0.137 seconds
[2023-02-16T00:03:51.692+0000] {processor.py:153} INFO - Started process (PID=1318) to work on /home/airflow/.local/lib/python3.7/site-packages/airflow/example_dags/example_subdag_operator.py
[2023-02-16T00:03:51.693+0000] {processor.py:743} INFO - Processing file /home/airflow/.local/lib/python3.7/site-packages/airflow/example_dags/example_subdag_operator.py for tasks to queue
[2023-02-16T00:03:51.694+0000] {logging_mixin.py:137} INFO - [2023-02-16T00:03:51.694+0000] {dagbag.py:538} INFO - Filling up the DagBag from /home/airflow/.local/lib/python3.7/site-packages/airflow/example_dags/example_subdag_operator.py
[2023-02-16T00:03:51.730+0000] {processor.py:753} INFO - DAG(s) dict_keys(['example_subdag_operator.section-1', 'example_subdag_operator.section-2', 'example_subdag_operator']) retrieved from /home/airflow/.local/lib/python3.7/site-packages/airflow/example_dags/example_subdag_operator.py
[2023-02-16T00:03:51.757+0000] {logging_mixin.py:137} INFO - [2023-02-16T00:03:51.756+0000] {dag.py:2690} INFO - Sync 3 DAGs
[2023-02-16T00:03:51.798+0000] {logging_mixin.py:137} INFO - [2023-02-16T00:03:51.798+0000] {dag.py:3441} INFO - Setting next_dagrun for example_subdag_operator to 2022-01-01T00:00:00+00:00, run_after=2022-01-01T00:00:00+00:00
[2023-02-16T00:03:51.803+0000] {logging_mixin.py:137} INFO - [2023-02-16T00:03:51.802+0000] {dag.py:3441} INFO - Setting next_dagrun for example_subdag_operator.section-1 to None, run_after=None
[2023-02-16T00:03:51.805+0000] {logging_mixin.py:137} INFO - [2023-02-16T00:03:51.805+0000] {dag.py:3441} INFO - Setting next_dagrun for example_subdag_operator.section-2 to None, run_after=None
[2023-02-16T00:03:51.817+0000] {logging_mixin.py:137} INFO - [2023-02-16T00:03:51.817+0000] {dag.py:2690} INFO - Sync 2 DAGs
[2023-02-16T00:03:51.827+0000] {logging_mixin.py:137} INFO - [2023-02-16T00:03:51.827+0000] {dag.py:3441} INFO - Setting next_dagrun for example_subdag_operator.section-1 to None, run_after=None
[2023-02-16T00:03:51.828+0000] {logging_mixin.py:137} INFO - [2023-02-16T00:03:51.828+0000] {dag.py:3441} INFO - Setting next_dagrun for example_subdag_operator.section-2 to None, run_after=None
[2023-02-16T00:03:51.847+0000] {processor.py:175} INFO - Processing /home/airflow/.local/lib/python3.7/site-packages/airflow/example_dags/example_subdag_operator.py took 0.160 seconds
[2023-02-16T00:04:22.588+0000] {processor.py:153} INFO - Started process (PID=1406) to work on /home/airflow/.local/lib/python3.7/site-packages/airflow/example_dags/example_subdag_operator.py
[2023-02-16T00:04:22.591+0000] {processor.py:743} INFO - Processing file /home/airflow/.local/lib/python3.7/site-packages/airflow/example_dags/example_subdag_operator.py for tasks to queue
[2023-02-16T00:04:22.593+0000] {logging_mixin.py:137} INFO - [2023-02-16T00:04:22.592+0000] {dagbag.py:538} INFO - Filling up the DagBag from /home/airflow/.local/lib/python3.7/site-packages/airflow/example_dags/example_subdag_operator.py
[2023-02-16T00:04:22.648+0000] {processor.py:753} INFO - DAG(s) dict_keys(['example_subdag_operator.section-1', 'example_subdag_operator.section-2', 'example_subdag_operator']) retrieved from /home/airflow/.local/lib/python3.7/site-packages/airflow/example_dags/example_subdag_operator.py
[2023-02-16T00:04:22.679+0000] {logging_mixin.py:137} INFO - [2023-02-16T00:04:22.679+0000] {dag.py:2690} INFO - Sync 3 DAGs
[2023-02-16T00:04:22.729+0000] {logging_mixin.py:137} INFO - [2023-02-16T00:04:22.729+0000] {dag.py:3441} INFO - Setting next_dagrun for example_subdag_operator to 2022-01-01T00:00:00+00:00, run_after=2022-01-01T00:00:00+00:00
[2023-02-16T00:04:22.748+0000] {logging_mixin.py:137} INFO - [2023-02-16T00:04:22.748+0000] {dag.py:3441} INFO - Setting next_dagrun for example_subdag_operator.section-1 to None, run_after=None
[2023-02-16T00:04:22.751+0000] {logging_mixin.py:137} INFO - [2023-02-16T00:04:22.751+0000] {dag.py:3441} INFO - Setting next_dagrun for example_subdag_operator.section-2 to None, run_after=None
[2023-02-16T00:04:22.771+0000] {logging_mixin.py:137} INFO - [2023-02-16T00:04:22.770+0000] {dag.py:2690} INFO - Sync 2 DAGs
[2023-02-16T00:04:22.785+0000] {logging_mixin.py:137} INFO - [2023-02-16T00:04:22.785+0000] {dag.py:3441} INFO - Setting next_dagrun for example_subdag_operator.section-1 to None, run_after=None
[2023-02-16T00:04:22.786+0000] {logging_mixin.py:137} INFO - [2023-02-16T00:04:22.786+0000] {dag.py:3441} INFO - Setting next_dagrun for example_subdag_operator.section-2 to None, run_after=None
[2023-02-16T00:04:22.823+0000] {processor.py:175} INFO - Processing /home/airflow/.local/lib/python3.7/site-packages/airflow/example_dags/example_subdag_operator.py took 0.243 seconds
[2023-02-16T00:04:53.310+0000] {processor.py:153} INFO - Started process (PID=1480) to work on /home/airflow/.local/lib/python3.7/site-packages/airflow/example_dags/example_subdag_operator.py
[2023-02-16T00:04:53.312+0000] {processor.py:743} INFO - Processing file /home/airflow/.local/lib/python3.7/site-packages/airflow/example_dags/example_subdag_operator.py for tasks to queue
[2023-02-16T00:04:53.313+0000] {logging_mixin.py:137} INFO - [2023-02-16T00:04:53.313+0000] {dagbag.py:538} INFO - Filling up the DagBag from /home/airflow/.local/lib/python3.7/site-packages/airflow/example_dags/example_subdag_operator.py
[2023-02-16T00:04:53.355+0000] {processor.py:753} INFO - DAG(s) dict_keys(['example_subdag_operator.section-1', 'example_subdag_operator.section-2', 'example_subdag_operator']) retrieved from /home/airflow/.local/lib/python3.7/site-packages/airflow/example_dags/example_subdag_operator.py
[2023-02-16T00:04:53.382+0000] {logging_mixin.py:137} INFO - [2023-02-16T00:04:53.382+0000] {dag.py:2690} INFO - Sync 3 DAGs
[2023-02-16T00:04:53.420+0000] {logging_mixin.py:137} INFO - [2023-02-16T00:04:53.420+0000] {dag.py:3441} INFO - Setting next_dagrun for example_subdag_operator to 2022-01-01T00:00:00+00:00, run_after=2022-01-01T00:00:00+00:00
[2023-02-16T00:04:53.425+0000] {logging_mixin.py:137} INFO - [2023-02-16T00:04:53.425+0000] {dag.py:3441} INFO - Setting next_dagrun for example_subdag_operator.section-1 to None, run_after=None
[2023-02-16T00:04:53.427+0000] {logging_mixin.py:137} INFO - [2023-02-16T00:04:53.427+0000] {dag.py:3441} INFO - Setting next_dagrun for example_subdag_operator.section-2 to None, run_after=None
[2023-02-16T00:04:53.440+0000] {logging_mixin.py:137} INFO - [2023-02-16T00:04:53.439+0000] {dag.py:2690} INFO - Sync 2 DAGs
[2023-02-16T00:04:53.450+0000] {logging_mixin.py:137} INFO - [2023-02-16T00:04:53.450+0000] {dag.py:3441} INFO - Setting next_dagrun for example_subdag_operator.section-1 to None, run_after=None
[2023-02-16T00:04:53.451+0000] {logging_mixin.py:137} INFO - [2023-02-16T00:04:53.451+0000] {dag.py:3441} INFO - Setting next_dagrun for example_subdag_operator.section-2 to None, run_after=None
[2023-02-16T00:04:53.473+0000] {processor.py:175} INFO - Processing /home/airflow/.local/lib/python3.7/site-packages/airflow/example_dags/example_subdag_operator.py took 0.169 seconds
[2023-02-16T00:05:23.575+0000] {processor.py:153} INFO - Started process (PID=1552) to work on /home/airflow/.local/lib/python3.7/site-packages/airflow/example_dags/example_subdag_operator.py
[2023-02-16T00:05:23.577+0000] {processor.py:743} INFO - Processing file /home/airflow/.local/lib/python3.7/site-packages/airflow/example_dags/example_subdag_operator.py for tasks to queue
[2023-02-16T00:05:23.578+0000] {logging_mixin.py:137} INFO - [2023-02-16T00:05:23.577+0000] {dagbag.py:538} INFO - Filling up the DagBag from /home/airflow/.local/lib/python3.7/site-packages/airflow/example_dags/example_subdag_operator.py
[2023-02-16T00:05:23.623+0000] {processor.py:753} INFO - DAG(s) dict_keys(['example_subdag_operator.section-1', 'example_subdag_operator.section-2', 'example_subdag_operator']) retrieved from /home/airflow/.local/lib/python3.7/site-packages/airflow/example_dags/example_subdag_operator.py
[2023-02-16T00:05:23.647+0000] {logging_mixin.py:137} INFO - [2023-02-16T00:05:23.647+0000] {dag.py:2690} INFO - Sync 3 DAGs
[2023-02-16T00:05:23.680+0000] {logging_mixin.py:137} INFO - [2023-02-16T00:05:23.680+0000] {dag.py:3441} INFO - Setting next_dagrun for example_subdag_operator to 2022-01-01T00:00:00+00:00, run_after=2022-01-01T00:00:00+00:00
[2023-02-16T00:05:23.684+0000] {logging_mixin.py:137} INFO - [2023-02-16T00:05:23.684+0000] {dag.py:3441} INFO - Setting next_dagrun for example_subdag_operator.section-1 to None, run_after=None
[2023-02-16T00:05:23.686+0000] {logging_mixin.py:137} INFO - [2023-02-16T00:05:23.685+0000] {dag.py:3441} INFO - Setting next_dagrun for example_subdag_operator.section-2 to None, run_after=None
[2023-02-16T00:05:23.696+0000] {logging_mixin.py:137} INFO - [2023-02-16T00:05:23.696+0000] {dag.py:2690} INFO - Sync 2 DAGs
[2023-02-16T00:05:23.703+0000] {logging_mixin.py:137} INFO - [2023-02-16T00:05:23.703+0000] {dag.py:3441} INFO - Setting next_dagrun for example_subdag_operator.section-1 to None, run_after=None
[2023-02-16T00:05:23.704+0000] {logging_mixin.py:137} INFO - [2023-02-16T00:05:23.704+0000] {dag.py:3441} INFO - Setting next_dagrun for example_subdag_operator.section-2 to None, run_after=None
[2023-02-16T00:05:23.725+0000] {processor.py:175} INFO - Processing /home/airflow/.local/lib/python3.7/site-packages/airflow/example_dags/example_subdag_operator.py took 0.155 seconds
[2023-02-16T00:05:54.531+0000] {processor.py:153} INFO - Started process (PID=1633) to work on /home/airflow/.local/lib/python3.7/site-packages/airflow/example_dags/example_subdag_operator.py
[2023-02-16T00:05:54.539+0000] {processor.py:743} INFO - Processing file /home/airflow/.local/lib/python3.7/site-packages/airflow/example_dags/example_subdag_operator.py for tasks to queue
[2023-02-16T00:05:54.540+0000] {logging_mixin.py:137} INFO - [2023-02-16T00:05:54.540+0000] {dagbag.py:538} INFO - Filling up the DagBag from /home/airflow/.local/lib/python3.7/site-packages/airflow/example_dags/example_subdag_operator.py
[2023-02-16T00:05:54.589+0000] {processor.py:753} INFO - DAG(s) dict_keys(['example_subdag_operator.section-1', 'example_subdag_operator.section-2', 'example_subdag_operator']) retrieved from /home/airflow/.local/lib/python3.7/site-packages/airflow/example_dags/example_subdag_operator.py
[2023-02-16T00:05:54.615+0000] {logging_mixin.py:137} INFO - [2023-02-16T00:05:54.614+0000] {dag.py:2690} INFO - Sync 3 DAGs
[2023-02-16T00:05:54.670+0000] {logging_mixin.py:137} INFO - [2023-02-16T00:05:54.670+0000] {dag.py:3441} INFO - Setting next_dagrun for example_subdag_operator to 2022-01-01T00:00:00+00:00, run_after=2022-01-01T00:00:00+00:00
[2023-02-16T00:05:54.677+0000] {logging_mixin.py:137} INFO - [2023-02-16T00:05:54.676+0000] {dag.py:3441} INFO - Setting next_dagrun for example_subdag_operator.section-1 to None, run_after=None
[2023-02-16T00:05:54.678+0000] {logging_mixin.py:137} INFO - [2023-02-16T00:05:54.678+0000] {dag.py:3441} INFO - Setting next_dagrun for example_subdag_operator.section-2 to None, run_after=None
[2023-02-16T00:05:54.692+0000] {logging_mixin.py:137} INFO - [2023-02-16T00:05:54.692+0000] {dag.py:2690} INFO - Sync 2 DAGs
[2023-02-16T00:05:54.709+0000] {logging_mixin.py:137} INFO - [2023-02-16T00:05:54.709+0000] {dag.py:3441} INFO - Setting next_dagrun for example_subdag_operator.section-1 to None, run_after=None
[2023-02-16T00:05:54.710+0000] {logging_mixin.py:137} INFO - [2023-02-16T00:05:54.710+0000] {dag.py:3441} INFO - Setting next_dagrun for example_subdag_operator.section-2 to None, run_after=None
[2023-02-16T00:05:54.780+0000] {processor.py:175} INFO - Processing /home/airflow/.local/lib/python3.7/site-packages/airflow/example_dags/example_subdag_operator.py took 0.252 seconds
[2023-02-16T00:06:25.300+0000] {processor.py:153} INFO - Started process (PID=1712) to work on /home/airflow/.local/lib/python3.7/site-packages/airflow/example_dags/example_subdag_operator.py
[2023-02-16T00:06:25.302+0000] {processor.py:743} INFO - Processing file /home/airflow/.local/lib/python3.7/site-packages/airflow/example_dags/example_subdag_operator.py for tasks to queue
[2023-02-16T00:06:25.303+0000] {logging_mixin.py:137} INFO - [2023-02-16T00:06:25.303+0000] {dagbag.py:538} INFO - Filling up the DagBag from /home/airflow/.local/lib/python3.7/site-packages/airflow/example_dags/example_subdag_operator.py
[2023-02-16T00:06:25.347+0000] {processor.py:753} INFO - DAG(s) dict_keys(['example_subdag_operator.section-1', 'example_subdag_operator.section-2', 'example_subdag_operator']) retrieved from /home/airflow/.local/lib/python3.7/site-packages/airflow/example_dags/example_subdag_operator.py
[2023-02-16T00:06:25.383+0000] {logging_mixin.py:137} INFO - [2023-02-16T00:06:25.383+0000] {dag.py:2690} INFO - Sync 3 DAGs
[2023-02-16T00:06:25.432+0000] {logging_mixin.py:137} INFO - [2023-02-16T00:06:25.432+0000] {dag.py:3441} INFO - Setting next_dagrun for example_subdag_operator to 2022-01-01T00:00:00+00:00, run_after=2022-01-01T00:00:00+00:00
[2023-02-16T00:06:25.439+0000] {logging_mixin.py:137} INFO - [2023-02-16T00:06:25.439+0000] {dag.py:3441} INFO - Setting next_dagrun for example_subdag_operator.section-1 to None, run_after=None
[2023-02-16T00:06:25.441+0000] {logging_mixin.py:137} INFO - [2023-02-16T00:06:25.441+0000] {dag.py:3441} INFO - Setting next_dagrun for example_subdag_operator.section-2 to None, run_after=None
[2023-02-16T00:06:25.454+0000] {logging_mixin.py:137} INFO - [2023-02-16T00:06:25.454+0000] {dag.py:2690} INFO - Sync 2 DAGs
[2023-02-16T00:06:25.466+0000] {logging_mixin.py:137} INFO - [2023-02-16T00:06:25.466+0000] {dag.py:3441} INFO - Setting next_dagrun for example_subdag_operator.section-1 to None, run_after=None
[2023-02-16T00:06:25.467+0000] {logging_mixin.py:137} INFO - [2023-02-16T00:06:25.467+0000] {dag.py:3441} INFO - Setting next_dagrun for example_subdag_operator.section-2 to None, run_after=None
[2023-02-16T00:06:25.497+0000] {processor.py:175} INFO - Processing /home/airflow/.local/lib/python3.7/site-packages/airflow/example_dags/example_subdag_operator.py took 0.203 seconds
[2023-02-16T00:08:00.142+0000] {processor.py:153} INFO - Started process (PID=79) to work on /home/airflow/.local/lib/python3.7/site-packages/airflow/example_dags/example_subdag_operator.py
[2023-02-16T00:08:00.143+0000] {processor.py:743} INFO - Processing file /home/airflow/.local/lib/python3.7/site-packages/airflow/example_dags/example_subdag_operator.py for tasks to queue
[2023-02-16T00:08:00.144+0000] {logging_mixin.py:137} INFO - [2023-02-16T00:08:00.144+0000] {dagbag.py:538} INFO - Filling up the DagBag from /home/airflow/.local/lib/python3.7/site-packages/airflow/example_dags/example_subdag_operator.py
[2023-02-16T00:08:00.207+0000] {processor.py:753} INFO - DAG(s) dict_keys(['example_subdag_operator.section-1', 'example_subdag_operator.section-2', 'example_subdag_operator']) retrieved from /home/airflow/.local/lib/python3.7/site-packages/airflow/example_dags/example_subdag_operator.py
[2023-02-16T00:08:00.245+0000] {logging_mixin.py:137} INFO - [2023-02-16T00:08:00.245+0000] {dag.py:2690} INFO - Sync 3 DAGs
[2023-02-16T00:08:00.290+0000] {logging_mixin.py:137} INFO - [2023-02-16T00:08:00.290+0000] {dag.py:3441} INFO - Setting next_dagrun for example_subdag_operator to 2022-01-01T00:00:00+00:00, run_after=2022-01-01T00:00:00+00:00
[2023-02-16T00:08:00.295+0000] {logging_mixin.py:137} INFO - [2023-02-16T00:08:00.295+0000] {dag.py:3441} INFO - Setting next_dagrun for example_subdag_operator.section-1 to None, run_after=None
[2023-02-16T00:08:00.297+0000] {logging_mixin.py:137} INFO - [2023-02-16T00:08:00.297+0000] {dag.py:3441} INFO - Setting next_dagrun for example_subdag_operator.section-2 to None, run_after=None
[2023-02-16T00:08:00.310+0000] {logging_mixin.py:137} INFO - [2023-02-16T00:08:00.309+0000] {dag.py:2690} INFO - Sync 2 DAGs
[2023-02-16T00:08:00.319+0000] {logging_mixin.py:137} INFO - [2023-02-16T00:08:00.319+0000] {dag.py:3441} INFO - Setting next_dagrun for example_subdag_operator.section-1 to None, run_after=None
[2023-02-16T00:08:00.320+0000] {logging_mixin.py:137} INFO - [2023-02-16T00:08:00.320+0000] {dag.py:3441} INFO - Setting next_dagrun for example_subdag_operator.section-2 to None, run_after=None
[2023-02-16T00:08:00.342+0000] {processor.py:175} INFO - Processing /home/airflow/.local/lib/python3.7/site-packages/airflow/example_dags/example_subdag_operator.py took 0.205 seconds
[2023-02-16T00:08:31.163+0000] {processor.py:153} INFO - Started process (PID=152) to work on /home/airflow/.local/lib/python3.7/site-packages/airflow/example_dags/example_subdag_operator.py
[2023-02-16T00:08:31.164+0000] {processor.py:743} INFO - Processing file /home/airflow/.local/lib/python3.7/site-packages/airflow/example_dags/example_subdag_operator.py for tasks to queue
[2023-02-16T00:08:31.165+0000] {logging_mixin.py:137} INFO - [2023-02-16T00:08:31.165+0000] {dagbag.py:538} INFO - Filling up the DagBag from /home/airflow/.local/lib/python3.7/site-packages/airflow/example_dags/example_subdag_operator.py
[2023-02-16T00:08:31.204+0000] {processor.py:753} INFO - DAG(s) dict_keys(['example_subdag_operator.section-1', 'example_subdag_operator.section-2', 'example_subdag_operator']) retrieved from /home/airflow/.local/lib/python3.7/site-packages/airflow/example_dags/example_subdag_operator.py
[2023-02-16T00:08:31.227+0000] {logging_mixin.py:137} INFO - [2023-02-16T00:08:31.227+0000] {dag.py:2690} INFO - Sync 3 DAGs
[2023-02-16T00:08:31.268+0000] {logging_mixin.py:137} INFO - [2023-02-16T00:08:31.268+0000] {dag.py:3441} INFO - Setting next_dagrun for example_subdag_operator to 2022-01-01T00:00:00+00:00, run_after=2022-01-01T00:00:00+00:00
[2023-02-16T00:08:31.273+0000] {logging_mixin.py:137} INFO - [2023-02-16T00:08:31.272+0000] {dag.py:3441} INFO - Setting next_dagrun for example_subdag_operator.section-1 to None, run_after=None
[2023-02-16T00:08:31.274+0000] {logging_mixin.py:137} INFO - [2023-02-16T00:08:31.274+0000] {dag.py:3441} INFO - Setting next_dagrun for example_subdag_operator.section-2 to None, run_after=None
[2023-02-16T00:08:31.285+0000] {logging_mixin.py:137} INFO - [2023-02-16T00:08:31.285+0000] {dag.py:2690} INFO - Sync 2 DAGs
[2023-02-16T00:08:31.293+0000] {logging_mixin.py:137} INFO - [2023-02-16T00:08:31.293+0000] {dag.py:3441} INFO - Setting next_dagrun for example_subdag_operator.section-1 to None, run_after=None
[2023-02-16T00:08:31.294+0000] {logging_mixin.py:137} INFO - [2023-02-16T00:08:31.294+0000] {dag.py:3441} INFO - Setting next_dagrun for example_subdag_operator.section-2 to None, run_after=None
[2023-02-16T00:08:31.314+0000] {processor.py:175} INFO - Processing /home/airflow/.local/lib/python3.7/site-packages/airflow/example_dags/example_subdag_operator.py took 0.156 seconds
[2023-02-16T00:09:01.714+0000] {processor.py:153} INFO - Started process (PID=240) to work on /home/airflow/.local/lib/python3.7/site-packages/airflow/example_dags/example_subdag_operator.py
[2023-02-16T00:09:01.715+0000] {processor.py:743} INFO - Processing file /home/airflow/.local/lib/python3.7/site-packages/airflow/example_dags/example_subdag_operator.py for tasks to queue
[2023-02-16T00:09:01.716+0000] {logging_mixin.py:137} INFO - [2023-02-16T00:09:01.716+0000] {dagbag.py:538} INFO - Filling up the DagBag from /home/airflow/.local/lib/python3.7/site-packages/airflow/example_dags/example_subdag_operator.py
[2023-02-16T00:09:01.762+0000] {processor.py:753} INFO - DAG(s) dict_keys(['example_subdag_operator.section-1', 'example_subdag_operator.section-2', 'example_subdag_operator']) retrieved from /home/airflow/.local/lib/python3.7/site-packages/airflow/example_dags/example_subdag_operator.py
[2023-02-16T00:09:01.793+0000] {logging_mixin.py:137} INFO - [2023-02-16T00:09:01.792+0000] {dag.py:2690} INFO - Sync 3 DAGs
[2023-02-16T00:09:01.834+0000] {logging_mixin.py:137} INFO - [2023-02-16T00:09:01.834+0000] {dag.py:3441} INFO - Setting next_dagrun for example_subdag_operator to 2022-01-01T00:00:00+00:00, run_after=2022-01-01T00:00:00+00:00
[2023-02-16T00:09:01.839+0000] {logging_mixin.py:137} INFO - [2023-02-16T00:09:01.839+0000] {dag.py:3441} INFO - Setting next_dagrun for example_subdag_operator.section-1 to None, run_after=None
[2023-02-16T00:09:01.841+0000] {logging_mixin.py:137} INFO - [2023-02-16T00:09:01.840+0000] {dag.py:3441} INFO - Setting next_dagrun for example_subdag_operator.section-2 to None, run_after=None
[2023-02-16T00:09:01.852+0000] {logging_mixin.py:137} INFO - [2023-02-16T00:09:01.851+0000] {dag.py:2690} INFO - Sync 2 DAGs
[2023-02-16T00:09:01.860+0000] {logging_mixin.py:137} INFO - [2023-02-16T00:09:01.860+0000] {dag.py:3441} INFO - Setting next_dagrun for example_subdag_operator.section-1 to None, run_after=None
[2023-02-16T00:09:01.861+0000] {logging_mixin.py:137} INFO - [2023-02-16T00:09:01.861+0000] {dag.py:3441} INFO - Setting next_dagrun for example_subdag_operator.section-2 to None, run_after=None
[2023-02-16T00:09:01.885+0000] {processor.py:175} INFO - Processing /home/airflow/.local/lib/python3.7/site-packages/airflow/example_dags/example_subdag_operator.py took 0.176 seconds
[2023-02-16T00:09:32.749+0000] {processor.py:153} INFO - Started process (PID=312) to work on /home/airflow/.local/lib/python3.7/site-packages/airflow/example_dags/example_subdag_operator.py
[2023-02-16T00:09:32.750+0000] {processor.py:743} INFO - Processing file /home/airflow/.local/lib/python3.7/site-packages/airflow/example_dags/example_subdag_operator.py for tasks to queue
[2023-02-16T00:09:32.751+0000] {logging_mixin.py:137} INFO - [2023-02-16T00:09:32.751+0000] {dagbag.py:538} INFO - Filling up the DagBag from /home/airflow/.local/lib/python3.7/site-packages/airflow/example_dags/example_subdag_operator.py
[2023-02-16T00:09:32.797+0000] {processor.py:753} INFO - DAG(s) dict_keys(['example_subdag_operator.section-1', 'example_subdag_operator.section-2', 'example_subdag_operator']) retrieved from /home/airflow/.local/lib/python3.7/site-packages/airflow/example_dags/example_subdag_operator.py
[2023-02-16T00:09:32.823+0000] {logging_mixin.py:137} INFO - [2023-02-16T00:09:32.823+0000] {dag.py:2690} INFO - Sync 3 DAGs
[2023-02-16T00:09:32.861+0000] {logging_mixin.py:137} INFO - [2023-02-16T00:09:32.861+0000] {dag.py:3441} INFO - Setting next_dagrun for example_subdag_operator to 2022-01-01T00:00:00+00:00, run_after=2022-01-01T00:00:00+00:00
[2023-02-16T00:09:32.866+0000] {logging_mixin.py:137} INFO - [2023-02-16T00:09:32.866+0000] {dag.py:3441} INFO - Setting next_dagrun for example_subdag_operator.section-1 to None, run_after=None
[2023-02-16T00:09:32.868+0000] {logging_mixin.py:137} INFO - [2023-02-16T00:09:32.868+0000] {dag.py:3441} INFO - Setting next_dagrun for example_subdag_operator.section-2 to None, run_after=None
[2023-02-16T00:09:32.880+0000] {logging_mixin.py:137} INFO - [2023-02-16T00:09:32.880+0000] {dag.py:2690} INFO - Sync 2 DAGs
[2023-02-16T00:09:32.890+0000] {logging_mixin.py:137} INFO - [2023-02-16T00:09:32.890+0000] {dag.py:3441} INFO - Setting next_dagrun for example_subdag_operator.section-1 to None, run_after=None
[2023-02-16T00:09:32.891+0000] {logging_mixin.py:137} INFO - [2023-02-16T00:09:32.890+0000] {dag.py:3441} INFO - Setting next_dagrun for example_subdag_operator.section-2 to None, run_after=None
[2023-02-16T00:09:32.915+0000] {processor.py:175} INFO - Processing /home/airflow/.local/lib/python3.7/site-packages/airflow/example_dags/example_subdag_operator.py took 0.172 seconds
[2023-02-16T00:10:03.561+0000] {processor.py:153} INFO - Started process (PID=385) to work on /home/airflow/.local/lib/python3.7/site-packages/airflow/example_dags/example_subdag_operator.py
[2023-02-16T00:10:03.562+0000] {processor.py:743} INFO - Processing file /home/airflow/.local/lib/python3.7/site-packages/airflow/example_dags/example_subdag_operator.py for tasks to queue
[2023-02-16T00:10:03.564+0000] {logging_mixin.py:137} INFO - [2023-02-16T00:10:03.563+0000] {dagbag.py:538} INFO - Filling up the DagBag from /home/airflow/.local/lib/python3.7/site-packages/airflow/example_dags/example_subdag_operator.py
[2023-02-16T00:10:03.607+0000] {processor.py:753} INFO - DAG(s) dict_keys(['example_subdag_operator.section-1', 'example_subdag_operator.section-2', 'example_subdag_operator']) retrieved from /home/airflow/.local/lib/python3.7/site-packages/airflow/example_dags/example_subdag_operator.py
[2023-02-16T00:10:03.631+0000] {logging_mixin.py:137} INFO - [2023-02-16T00:10:03.631+0000] {dag.py:2690} INFO - Sync 3 DAGs
[2023-02-16T00:10:03.673+0000] {logging_mixin.py:137} INFO - [2023-02-16T00:10:03.673+0000] {dag.py:3441} INFO - Setting next_dagrun for example_subdag_operator to 2022-01-01T00:00:00+00:00, run_after=2022-01-01T00:00:00+00:00
[2023-02-16T00:10:03.680+0000] {logging_mixin.py:137} INFO - [2023-02-16T00:10:03.680+0000] {dag.py:3441} INFO - Setting next_dagrun for example_subdag_operator.section-1 to None, run_after=None
[2023-02-16T00:10:03.682+0000] {logging_mixin.py:137} INFO - [2023-02-16T00:10:03.682+0000] {dag.py:3441} INFO - Setting next_dagrun for example_subdag_operator.section-2 to None, run_after=None
[2023-02-16T00:10:03.697+0000] {logging_mixin.py:137} INFO - [2023-02-16T00:10:03.696+0000] {dag.py:2690} INFO - Sync 2 DAGs
[2023-02-16T00:10:03.709+0000] {logging_mixin.py:137} INFO - [2023-02-16T00:10:03.709+0000] {dag.py:3441} INFO - Setting next_dagrun for example_subdag_operator.section-1 to None, run_after=None
[2023-02-16T00:10:03.710+0000] {logging_mixin.py:137} INFO - [2023-02-16T00:10:03.709+0000] {dag.py:3441} INFO - Setting next_dagrun for example_subdag_operator.section-2 to None, run_after=None
[2023-02-16T00:10:03.735+0000] {processor.py:175} INFO - Processing /home/airflow/.local/lib/python3.7/site-packages/airflow/example_dags/example_subdag_operator.py took 0.179 seconds
[2023-02-16T00:10:34.035+0000] {processor.py:153} INFO - Started process (PID=465) to work on /home/airflow/.local/lib/python3.7/site-packages/airflow/example_dags/example_subdag_operator.py
[2023-02-16T00:10:34.035+0000] {processor.py:743} INFO - Processing file /home/airflow/.local/lib/python3.7/site-packages/airflow/example_dags/example_subdag_operator.py for tasks to queue
[2023-02-16T00:10:34.037+0000] {logging_mixin.py:137} INFO - [2023-02-16T00:10:34.036+0000] {dagbag.py:538} INFO - Filling up the DagBag from /home/airflow/.local/lib/python3.7/site-packages/airflow/example_dags/example_subdag_operator.py
[2023-02-16T00:10:34.084+0000] {processor.py:753} INFO - DAG(s) dict_keys(['example_subdag_operator.section-1', 'example_subdag_operator.section-2', 'example_subdag_operator']) retrieved from /home/airflow/.local/lib/python3.7/site-packages/airflow/example_dags/example_subdag_operator.py
[2023-02-16T00:10:34.109+0000] {logging_mixin.py:137} INFO - [2023-02-16T00:10:34.109+0000] {dag.py:2690} INFO - Sync 3 DAGs
[2023-02-16T00:10:34.149+0000] {logging_mixin.py:137} INFO - [2023-02-16T00:10:34.149+0000] {dag.py:3441} INFO - Setting next_dagrun for example_subdag_operator to 2022-01-01T00:00:00+00:00, run_after=2022-01-01T00:00:00+00:00
[2023-02-16T00:10:34.154+0000] {logging_mixin.py:137} INFO - [2023-02-16T00:10:34.154+0000] {dag.py:3441} INFO - Setting next_dagrun for example_subdag_operator.section-1 to None, run_after=None
[2023-02-16T00:10:34.156+0000] {logging_mixin.py:137} INFO - [2023-02-16T00:10:34.156+0000] {dag.py:3441} INFO - Setting next_dagrun for example_subdag_operator.section-2 to None, run_after=None
[2023-02-16T00:10:34.168+0000] {logging_mixin.py:137} INFO - [2023-02-16T00:10:34.167+0000] {dag.py:2690} INFO - Sync 2 DAGs
[2023-02-16T00:10:34.178+0000] {logging_mixin.py:137} INFO - [2023-02-16T00:10:34.178+0000] {dag.py:3441} INFO - Setting next_dagrun for example_subdag_operator.section-1 to None, run_after=None
[2023-02-16T00:10:34.179+0000] {logging_mixin.py:137} INFO - [2023-02-16T00:10:34.178+0000] {dag.py:3441} INFO - Setting next_dagrun for example_subdag_operator.section-2 to None, run_after=None
[2023-02-16T00:10:34.206+0000] {processor.py:175} INFO - Processing /home/airflow/.local/lib/python3.7/site-packages/airflow/example_dags/example_subdag_operator.py took 0.177 seconds
[2023-02-16T00:11:04.327+0000] {processor.py:153} INFO - Started process (PID=546) to work on /home/airflow/.local/lib/python3.7/site-packages/airflow/example_dags/example_subdag_operator.py
[2023-02-16T00:11:04.328+0000] {processor.py:743} INFO - Processing file /home/airflow/.local/lib/python3.7/site-packages/airflow/example_dags/example_subdag_operator.py for tasks to queue
[2023-02-16T00:11:04.329+0000] {logging_mixin.py:137} INFO - [2023-02-16T00:11:04.329+0000] {dagbag.py:538} INFO - Filling up the DagBag from /home/airflow/.local/lib/python3.7/site-packages/airflow/example_dags/example_subdag_operator.py
[2023-02-16T00:11:04.369+0000] {processor.py:753} INFO - DAG(s) dict_keys(['example_subdag_operator.section-1', 'example_subdag_operator.section-2', 'example_subdag_operator']) retrieved from /home/airflow/.local/lib/python3.7/site-packages/airflow/example_dags/example_subdag_operator.py
[2023-02-16T00:11:04.395+0000] {logging_mixin.py:137} INFO - [2023-02-16T00:11:04.395+0000] {dag.py:2690} INFO - Sync 3 DAGs
[2023-02-16T00:11:04.437+0000] {logging_mixin.py:137} INFO - [2023-02-16T00:11:04.437+0000] {dag.py:3441} INFO - Setting next_dagrun for example_subdag_operator to 2022-01-01T00:00:00+00:00, run_after=2022-01-01T00:00:00+00:00
[2023-02-16T00:11:04.443+0000] {logging_mixin.py:137} INFO - [2023-02-16T00:11:04.443+0000] {dag.py:3441} INFO - Setting next_dagrun for example_subdag_operator.section-1 to None, run_after=None
[2023-02-16T00:11:04.445+0000] {logging_mixin.py:137} INFO - [2023-02-16T00:11:04.445+0000] {dag.py:3441} INFO - Setting next_dagrun for example_subdag_operator.section-2 to None, run_after=None
[2023-02-16T00:11:04.457+0000] {logging_mixin.py:137} INFO - [2023-02-16T00:11:04.457+0000] {dag.py:2690} INFO - Sync 2 DAGs
[2023-02-16T00:11:04.467+0000] {logging_mixin.py:137} INFO - [2023-02-16T00:11:04.467+0000] {dag.py:3441} INFO - Setting next_dagrun for example_subdag_operator.section-1 to None, run_after=None
[2023-02-16T00:11:04.468+0000] {logging_mixin.py:137} INFO - [2023-02-16T00:11:04.468+0000] {dag.py:3441} INFO - Setting next_dagrun for example_subdag_operator.section-2 to None, run_after=None
[2023-02-16T00:11:04.488+0000] {processor.py:175} INFO - Processing /home/airflow/.local/lib/python3.7/site-packages/airflow/example_dags/example_subdag_operator.py took 0.167 seconds
[2023-02-16T00:31:35.674+0000] {processor.py:153} INFO - Started process (PID=80) to work on /home/airflow/.local/lib/python3.7/site-packages/airflow/example_dags/example_subdag_operator.py
[2023-02-16T00:31:35.675+0000] {processor.py:743} INFO - Processing file /home/airflow/.local/lib/python3.7/site-packages/airflow/example_dags/example_subdag_operator.py for tasks to queue
[2023-02-16T00:31:35.677+0000] {logging_mixin.py:137} INFO - [2023-02-16T00:31:35.676+0000] {dagbag.py:538} INFO - Filling up the DagBag from /home/airflow/.local/lib/python3.7/site-packages/airflow/example_dags/example_subdag_operator.py
[2023-02-16T00:31:35.733+0000] {processor.py:753} INFO - DAG(s) dict_keys(['example_subdag_operator.section-1', 'example_subdag_operator.section-2', 'example_subdag_operator']) retrieved from /home/airflow/.local/lib/python3.7/site-packages/airflow/example_dags/example_subdag_operator.py
[2023-02-16T00:31:35.764+0000] {logging_mixin.py:137} INFO - [2023-02-16T00:31:35.764+0000] {dag.py:2690} INFO - Sync 3 DAGs
[2023-02-16T00:31:35.805+0000] {logging_mixin.py:137} INFO - [2023-02-16T00:31:35.805+0000] {dag.py:3441} INFO - Setting next_dagrun for example_subdag_operator to 2022-01-01T00:00:00+00:00, run_after=2022-01-01T00:00:00+00:00
[2023-02-16T00:31:35.810+0000] {logging_mixin.py:137} INFO - [2023-02-16T00:31:35.810+0000] {dag.py:3441} INFO - Setting next_dagrun for example_subdag_operator.section-1 to None, run_after=None
[2023-02-16T00:31:35.812+0000] {logging_mixin.py:137} INFO - [2023-02-16T00:31:35.812+0000] {dag.py:3441} INFO - Setting next_dagrun for example_subdag_operator.section-2 to None, run_after=None
[2023-02-16T00:31:35.825+0000] {logging_mixin.py:137} INFO - [2023-02-16T00:31:35.825+0000] {dag.py:2690} INFO - Sync 2 DAGs
[2023-02-16T00:31:35.835+0000] {logging_mixin.py:137} INFO - [2023-02-16T00:31:35.835+0000] {dag.py:3441} INFO - Setting next_dagrun for example_subdag_operator.section-1 to None, run_after=None
[2023-02-16T00:31:35.836+0000] {logging_mixin.py:137} INFO - [2023-02-16T00:31:35.835+0000] {dag.py:3441} INFO - Setting next_dagrun for example_subdag_operator.section-2 to None, run_after=None
[2023-02-16T00:31:35.860+0000] {processor.py:175} INFO - Processing /home/airflow/.local/lib/python3.7/site-packages/airflow/example_dags/example_subdag_operator.py took 0.191 seconds
[2023-02-16T00:32:05.916+0000] {processor.py:153} INFO - Started process (PID=153) to work on /home/airflow/.local/lib/python3.7/site-packages/airflow/example_dags/example_subdag_operator.py
[2023-02-16T00:32:05.917+0000] {processor.py:743} INFO - Processing file /home/airflow/.local/lib/python3.7/site-packages/airflow/example_dags/example_subdag_operator.py for tasks to queue
[2023-02-16T00:32:05.918+0000] {logging_mixin.py:137} INFO - [2023-02-16T00:32:05.918+0000] {dagbag.py:538} INFO - Filling up the DagBag from /home/airflow/.local/lib/python3.7/site-packages/airflow/example_dags/example_subdag_operator.py
[2023-02-16T00:32:05.973+0000] {processor.py:753} INFO - DAG(s) dict_keys(['example_subdag_operator.section-1', 'example_subdag_operator.section-2', 'example_subdag_operator']) retrieved from /home/airflow/.local/lib/python3.7/site-packages/airflow/example_dags/example_subdag_operator.py
[2023-02-16T00:32:06.000+0000] {logging_mixin.py:137} INFO - [2023-02-16T00:32:06.000+0000] {dag.py:2690} INFO - Sync 3 DAGs
[2023-02-16T00:32:06.038+0000] {logging_mixin.py:137} INFO - [2023-02-16T00:32:06.038+0000] {dag.py:3441} INFO - Setting next_dagrun for example_subdag_operator to 2022-01-01T00:00:00+00:00, run_after=2022-01-01T00:00:00+00:00
[2023-02-16T00:32:06.043+0000] {logging_mixin.py:137} INFO - [2023-02-16T00:32:06.043+0000] {dag.py:3441} INFO - Setting next_dagrun for example_subdag_operator.section-1 to None, run_after=None
[2023-02-16T00:32:06.045+0000] {logging_mixin.py:137} INFO - [2023-02-16T00:32:06.045+0000] {dag.py:3441} INFO - Setting next_dagrun for example_subdag_operator.section-2 to None, run_after=None
[2023-02-16T00:32:06.059+0000] {logging_mixin.py:137} INFO - [2023-02-16T00:32:06.059+0000] {dag.py:2690} INFO - Sync 2 DAGs
[2023-02-16T00:32:06.073+0000] {logging_mixin.py:137} INFO - [2023-02-16T00:32:06.073+0000] {dag.py:3441} INFO - Setting next_dagrun for example_subdag_operator.section-1 to None, run_after=None
[2023-02-16T00:32:06.074+0000] {logging_mixin.py:137} INFO - [2023-02-16T00:32:06.074+0000] {dag.py:3441} INFO - Setting next_dagrun for example_subdag_operator.section-2 to None, run_after=None
[2023-02-16T00:32:06.100+0000] {processor.py:175} INFO - Processing /home/airflow/.local/lib/python3.7/site-packages/airflow/example_dags/example_subdag_operator.py took 0.189 seconds
