[2023-02-16T00:00:12.451+0000] {processor.py:153} INFO - Started process (PID=759) to work on /home/airflow/.local/lib/python3.7/site-packages/airflow/example_dags/example_branch_python_dop_operator_3.py
[2023-02-16T00:00:12.452+0000] {processor.py:743} INFO - Processing file /home/airflow/.local/lib/python3.7/site-packages/airflow/example_dags/example_branch_python_dop_operator_3.py for tasks to queue
[2023-02-16T00:00:12.453+0000] {logging_mixin.py:137} INFO - [2023-02-16T00:00:12.453+0000] {dagbag.py:538} INFO - Filling up the DagBag from /home/airflow/.local/lib/python3.7/site-packages/airflow/example_dags/example_branch_python_dop_operator_3.py
[2023-02-16T00:00:12.498+0000] {processor.py:753} INFO - DAG(s) dict_keys(['example_branch_dop_operator_v3']) retrieved from /home/airflow/.local/lib/python3.7/site-packages/airflow/example_dags/example_branch_python_dop_operator_3.py
[2023-02-16T00:00:12.544+0000] {logging_mixin.py:137} INFO - [2023-02-16T00:00:12.544+0000] {dag.py:2690} INFO - Sync 1 DAGs
[2023-02-16T00:00:12.607+0000] {logging_mixin.py:137} INFO - [2023-02-16T00:00:12.607+0000] {dag.py:3441} INFO - Setting next_dagrun for example_branch_dop_operator_v3 to 2023-02-15T23:59:00+00:00, run_after=2023-02-16T00:00:00+00:00
[2023-02-16T00:00:12.649+0000] {processor.py:175} INFO - Processing /home/airflow/.local/lib/python3.7/site-packages/airflow/example_dags/example_branch_python_dop_operator_3.py took 0.204 seconds
[2023-02-16T00:00:43.489+0000] {processor.py:153} INFO - Started process (PID=833) to work on /home/airflow/.local/lib/python3.7/site-packages/airflow/example_dags/example_branch_python_dop_operator_3.py
[2023-02-16T00:00:43.490+0000] {processor.py:743} INFO - Processing file /home/airflow/.local/lib/python3.7/site-packages/airflow/example_dags/example_branch_python_dop_operator_3.py for tasks to queue
[2023-02-16T00:00:43.491+0000] {logging_mixin.py:137} INFO - [2023-02-16T00:00:43.491+0000] {dagbag.py:538} INFO - Filling up the DagBag from /home/airflow/.local/lib/python3.7/site-packages/airflow/example_dags/example_branch_python_dop_operator_3.py
[2023-02-16T00:00:43.529+0000] {processor.py:753} INFO - DAG(s) dict_keys(['example_branch_dop_operator_v3']) retrieved from /home/airflow/.local/lib/python3.7/site-packages/airflow/example_dags/example_branch_python_dop_operator_3.py
[2023-02-16T00:00:43.570+0000] {logging_mixin.py:137} INFO - [2023-02-16T00:00:43.570+0000] {dag.py:2690} INFO - Sync 1 DAGs
[2023-02-16T00:00:43.623+0000] {logging_mixin.py:137} INFO - [2023-02-16T00:00:43.623+0000] {dag.py:3441} INFO - Setting next_dagrun for example_branch_dop_operator_v3 to 2023-02-15T23:59:00+00:00, run_after=2023-02-16T00:00:00+00:00
[2023-02-16T00:00:43.656+0000] {processor.py:175} INFO - Processing /home/airflow/.local/lib/python3.7/site-packages/airflow/example_dags/example_branch_python_dop_operator_3.py took 0.172 seconds
[2023-02-16T00:01:14.641+0000] {processor.py:153} INFO - Started process (PID=922) to work on /home/airflow/.local/lib/python3.7/site-packages/airflow/example_dags/example_branch_python_dop_operator_3.py
[2023-02-16T00:01:14.642+0000] {processor.py:743} INFO - Processing file /home/airflow/.local/lib/python3.7/site-packages/airflow/example_dags/example_branch_python_dop_operator_3.py for tasks to queue
[2023-02-16T00:01:14.643+0000] {logging_mixin.py:137} INFO - [2023-02-16T00:01:14.643+0000] {dagbag.py:538} INFO - Filling up the DagBag from /home/airflow/.local/lib/python3.7/site-packages/airflow/example_dags/example_branch_python_dop_operator_3.py
[2023-02-16T00:01:14.672+0000] {processor.py:753} INFO - DAG(s) dict_keys(['example_branch_dop_operator_v3']) retrieved from /home/airflow/.local/lib/python3.7/site-packages/airflow/example_dags/example_branch_python_dop_operator_3.py
[2023-02-16T00:01:14.707+0000] {logging_mixin.py:137} INFO - [2023-02-16T00:01:14.707+0000] {dag.py:2690} INFO - Sync 1 DAGs
[2023-02-16T00:01:14.748+0000] {logging_mixin.py:137} INFO - [2023-02-16T00:01:14.748+0000] {dag.py:3441} INFO - Setting next_dagrun for example_branch_dop_operator_v3 to 2023-02-16T00:00:00+00:00, run_after=2023-02-16T00:01:00+00:00
[2023-02-16T00:01:14.785+0000] {processor.py:175} INFO - Processing /home/airflow/.local/lib/python3.7/site-packages/airflow/example_dags/example_branch_python_dop_operator_3.py took 0.149 seconds
[2023-02-16T00:01:45.527+0000] {processor.py:153} INFO - Started process (PID=994) to work on /home/airflow/.local/lib/python3.7/site-packages/airflow/example_dags/example_branch_python_dop_operator_3.py
[2023-02-16T00:01:45.529+0000] {processor.py:743} INFO - Processing file /home/airflow/.local/lib/python3.7/site-packages/airflow/example_dags/example_branch_python_dop_operator_3.py for tasks to queue
[2023-02-16T00:01:45.531+0000] {logging_mixin.py:137} INFO - [2023-02-16T00:01:45.530+0000] {dagbag.py:538} INFO - Filling up the DagBag from /home/airflow/.local/lib/python3.7/site-packages/airflow/example_dags/example_branch_python_dop_operator_3.py
[2023-02-16T00:01:45.564+0000] {processor.py:753} INFO - DAG(s) dict_keys(['example_branch_dop_operator_v3']) retrieved from /home/airflow/.local/lib/python3.7/site-packages/airflow/example_dags/example_branch_python_dop_operator_3.py
[2023-02-16T00:01:45.622+0000] {logging_mixin.py:137} INFO - [2023-02-16T00:01:45.621+0000] {dag.py:2690} INFO - Sync 1 DAGs
[2023-02-16T00:01:45.670+0000] {logging_mixin.py:137} INFO - [2023-02-16T00:01:45.669+0000] {dag.py:3441} INFO - Setting next_dagrun for example_branch_dop_operator_v3 to 2023-02-16T00:00:00+00:00, run_after=2023-02-16T00:01:00+00:00
[2023-02-16T00:01:45.699+0000] {processor.py:175} INFO - Processing /home/airflow/.local/lib/python3.7/site-packages/airflow/example_dags/example_branch_python_dop_operator_3.py took 0.176 seconds
[2023-02-16T00:02:16.134+0000] {processor.py:153} INFO - Started process (PID=1067) to work on /home/airflow/.local/lib/python3.7/site-packages/airflow/example_dags/example_branch_python_dop_operator_3.py
[2023-02-16T00:02:16.135+0000] {processor.py:743} INFO - Processing file /home/airflow/.local/lib/python3.7/site-packages/airflow/example_dags/example_branch_python_dop_operator_3.py for tasks to queue
[2023-02-16T00:02:16.136+0000] {logging_mixin.py:137} INFO - [2023-02-16T00:02:16.136+0000] {dagbag.py:538} INFO - Filling up the DagBag from /home/airflow/.local/lib/python3.7/site-packages/airflow/example_dags/example_branch_python_dop_operator_3.py
[2023-02-16T00:02:16.169+0000] {processor.py:753} INFO - DAG(s) dict_keys(['example_branch_dop_operator_v3']) retrieved from /home/airflow/.local/lib/python3.7/site-packages/airflow/example_dags/example_branch_python_dop_operator_3.py
[2023-02-16T00:02:16.203+0000] {logging_mixin.py:137} INFO - [2023-02-16T00:02:16.203+0000] {dag.py:2690} INFO - Sync 1 DAGs
[2023-02-16T00:02:16.254+0000] {logging_mixin.py:137} INFO - [2023-02-16T00:02:16.254+0000] {dag.py:3441} INFO - Setting next_dagrun for example_branch_dop_operator_v3 to 2023-02-16T00:01:00+00:00, run_after=2023-02-16T00:02:00+00:00
[2023-02-16T00:02:16.300+0000] {processor.py:175} INFO - Processing /home/airflow/.local/lib/python3.7/site-packages/airflow/example_dags/example_branch_python_dop_operator_3.py took 0.173 seconds
[2023-02-16T00:02:47.189+0000] {processor.py:153} INFO - Started process (PID=1148) to work on /home/airflow/.local/lib/python3.7/site-packages/airflow/example_dags/example_branch_python_dop_operator_3.py
[2023-02-16T00:02:47.190+0000] {processor.py:743} INFO - Processing file /home/airflow/.local/lib/python3.7/site-packages/airflow/example_dags/example_branch_python_dop_operator_3.py for tasks to queue
[2023-02-16T00:02:47.191+0000] {logging_mixin.py:137} INFO - [2023-02-16T00:02:47.191+0000] {dagbag.py:538} INFO - Filling up the DagBag from /home/airflow/.local/lib/python3.7/site-packages/airflow/example_dags/example_branch_python_dop_operator_3.py
[2023-02-16T00:02:47.229+0000] {processor.py:753} INFO - DAG(s) dict_keys(['example_branch_dop_operator_v3']) retrieved from /home/airflow/.local/lib/python3.7/site-packages/airflow/example_dags/example_branch_python_dop_operator_3.py
[2023-02-16T00:02:47.266+0000] {logging_mixin.py:137} INFO - [2023-02-16T00:02:47.266+0000] {dag.py:2690} INFO - Sync 1 DAGs
[2023-02-16T00:02:47.318+0000] {logging_mixin.py:137} INFO - [2023-02-16T00:02:47.317+0000] {dag.py:3441} INFO - Setting next_dagrun for example_branch_dop_operator_v3 to 2023-02-16T00:01:00+00:00, run_after=2023-02-16T00:02:00+00:00
[2023-02-16T00:02:47.357+0000] {processor.py:175} INFO - Processing /home/airflow/.local/lib/python3.7/site-packages/airflow/example_dags/example_branch_python_dop_operator_3.py took 0.171 seconds
[2023-02-16T00:03:17.688+0000] {processor.py:153} INFO - Started process (PID=1227) to work on /home/airflow/.local/lib/python3.7/site-packages/airflow/example_dags/example_branch_python_dop_operator_3.py
[2023-02-16T00:03:17.690+0000] {processor.py:743} INFO - Processing file /home/airflow/.local/lib/python3.7/site-packages/airflow/example_dags/example_branch_python_dop_operator_3.py for tasks to queue
[2023-02-16T00:03:17.692+0000] {logging_mixin.py:137} INFO - [2023-02-16T00:03:17.692+0000] {dagbag.py:538} INFO - Filling up the DagBag from /home/airflow/.local/lib/python3.7/site-packages/airflow/example_dags/example_branch_python_dop_operator_3.py
[2023-02-16T00:03:17.725+0000] {processor.py:753} INFO - DAG(s) dict_keys(['example_branch_dop_operator_v3']) retrieved from /home/airflow/.local/lib/python3.7/site-packages/airflow/example_dags/example_branch_python_dop_operator_3.py
[2023-02-16T00:03:17.761+0000] {logging_mixin.py:137} INFO - [2023-02-16T00:03:17.760+0000] {dag.py:2690} INFO - Sync 1 DAGs
[2023-02-16T00:03:17.806+0000] {logging_mixin.py:137} INFO - [2023-02-16T00:03:17.806+0000] {dag.py:3441} INFO - Setting next_dagrun for example_branch_dop_operator_v3 to 2023-02-16T00:02:00+00:00, run_after=2023-02-16T00:03:00+00:00
[2023-02-16T00:03:17.839+0000] {processor.py:175} INFO - Processing /home/airflow/.local/lib/python3.7/site-packages/airflow/example_dags/example_branch_python_dop_operator_3.py took 0.156 seconds
[2023-02-16T00:03:48.508+0000] {processor.py:153} INFO - Started process (PID=1299) to work on /home/airflow/.local/lib/python3.7/site-packages/airflow/example_dags/example_branch_python_dop_operator_3.py
[2023-02-16T00:03:48.509+0000] {processor.py:743} INFO - Processing file /home/airflow/.local/lib/python3.7/site-packages/airflow/example_dags/example_branch_python_dop_operator_3.py for tasks to queue
[2023-02-16T00:03:48.510+0000] {logging_mixin.py:137} INFO - [2023-02-16T00:03:48.510+0000] {dagbag.py:538} INFO - Filling up the DagBag from /home/airflow/.local/lib/python3.7/site-packages/airflow/example_dags/example_branch_python_dop_operator_3.py
[2023-02-16T00:03:48.542+0000] {processor.py:753} INFO - DAG(s) dict_keys(['example_branch_dop_operator_v3']) retrieved from /home/airflow/.local/lib/python3.7/site-packages/airflow/example_dags/example_branch_python_dop_operator_3.py
[2023-02-16T00:03:48.576+0000] {logging_mixin.py:137} INFO - [2023-02-16T00:03:48.576+0000] {dag.py:2690} INFO - Sync 1 DAGs
[2023-02-16T00:03:48.631+0000] {logging_mixin.py:137} INFO - [2023-02-16T00:03:48.630+0000] {dag.py:3441} INFO - Setting next_dagrun for example_branch_dop_operator_v3 to 2023-02-16T00:02:00+00:00, run_after=2023-02-16T00:03:00+00:00
[2023-02-16T00:03:48.665+0000] {processor.py:175} INFO - Processing /home/airflow/.local/lib/python3.7/site-packages/airflow/example_dags/example_branch_python_dop_operator_3.py took 0.161 seconds
[2023-02-16T00:04:18.766+0000] {processor.py:153} INFO - Started process (PID=1371) to work on /home/airflow/.local/lib/python3.7/site-packages/airflow/example_dags/example_branch_python_dop_operator_3.py
[2023-02-16T00:04:18.768+0000] {processor.py:743} INFO - Processing file /home/airflow/.local/lib/python3.7/site-packages/airflow/example_dags/example_branch_python_dop_operator_3.py for tasks to queue
[2023-02-16T00:04:18.769+0000] {logging_mixin.py:137} INFO - [2023-02-16T00:04:18.768+0000] {dagbag.py:538} INFO - Filling up the DagBag from /home/airflow/.local/lib/python3.7/site-packages/airflow/example_dags/example_branch_python_dop_operator_3.py
[2023-02-16T00:04:18.808+0000] {processor.py:753} INFO - DAG(s) dict_keys(['example_branch_dop_operator_v3']) retrieved from /home/airflow/.local/lib/python3.7/site-packages/airflow/example_dags/example_branch_python_dop_operator_3.py
[2023-02-16T00:04:18.848+0000] {logging_mixin.py:137} INFO - [2023-02-16T00:04:18.848+0000] {dag.py:2690} INFO - Sync 1 DAGs
[2023-02-16T00:04:18.907+0000] {logging_mixin.py:137} INFO - [2023-02-16T00:04:18.906+0000] {dag.py:3441} INFO - Setting next_dagrun for example_branch_dop_operator_v3 to 2023-02-16T00:03:00+00:00, run_after=2023-02-16T00:04:00+00:00
[2023-02-16T00:04:18.945+0000] {processor.py:175} INFO - Processing /home/airflow/.local/lib/python3.7/site-packages/airflow/example_dags/example_branch_python_dop_operator_3.py took 0.185 seconds
[2023-02-16T00:04:49.783+0000] {processor.py:153} INFO - Started process (PID=1461) to work on /home/airflow/.local/lib/python3.7/site-packages/airflow/example_dags/example_branch_python_dop_operator_3.py
[2023-02-16T00:04:49.785+0000] {processor.py:743} INFO - Processing file /home/airflow/.local/lib/python3.7/site-packages/airflow/example_dags/example_branch_python_dop_operator_3.py for tasks to queue
[2023-02-16T00:04:49.787+0000] {logging_mixin.py:137} INFO - [2023-02-16T00:04:49.786+0000] {dagbag.py:538} INFO - Filling up the DagBag from /home/airflow/.local/lib/python3.7/site-packages/airflow/example_dags/example_branch_python_dop_operator_3.py
[2023-02-16T00:04:49.826+0000] {processor.py:753} INFO - DAG(s) dict_keys(['example_branch_dop_operator_v3']) retrieved from /home/airflow/.local/lib/python3.7/site-packages/airflow/example_dags/example_branch_python_dop_operator_3.py
[2023-02-16T00:04:49.864+0000] {logging_mixin.py:137} INFO - [2023-02-16T00:04:49.864+0000] {dag.py:2690} INFO - Sync 1 DAGs
[2023-02-16T00:04:49.923+0000] {logging_mixin.py:137} INFO - [2023-02-16T00:04:49.922+0000] {dag.py:3441} INFO - Setting next_dagrun for example_branch_dop_operator_v3 to 2023-02-16T00:03:00+00:00, run_after=2023-02-16T00:04:00+00:00
[2023-02-16T00:04:49.966+0000] {processor.py:175} INFO - Processing /home/airflow/.local/lib/python3.7/site-packages/airflow/example_dags/example_branch_python_dop_operator_3.py took 0.187 seconds
[2023-02-16T00:05:20.336+0000] {processor.py:153} INFO - Started process (PID=1533) to work on /home/airflow/.local/lib/python3.7/site-packages/airflow/example_dags/example_branch_python_dop_operator_3.py
[2023-02-16T00:05:20.338+0000] {processor.py:743} INFO - Processing file /home/airflow/.local/lib/python3.7/site-packages/airflow/example_dags/example_branch_python_dop_operator_3.py for tasks to queue
[2023-02-16T00:05:20.339+0000] {logging_mixin.py:137} INFO - [2023-02-16T00:05:20.339+0000] {dagbag.py:538} INFO - Filling up the DagBag from /home/airflow/.local/lib/python3.7/site-packages/airflow/example_dags/example_branch_python_dop_operator_3.py
[2023-02-16T00:05:20.374+0000] {processor.py:753} INFO - DAG(s) dict_keys(['example_branch_dop_operator_v3']) retrieved from /home/airflow/.local/lib/python3.7/site-packages/airflow/example_dags/example_branch_python_dop_operator_3.py
[2023-02-16T00:05:20.408+0000] {logging_mixin.py:137} INFO - [2023-02-16T00:05:20.408+0000] {dag.py:2690} INFO - Sync 1 DAGs
[2023-02-16T00:05:20.459+0000] {logging_mixin.py:137} INFO - [2023-02-16T00:05:20.458+0000] {dag.py:3441} INFO - Setting next_dagrun for example_branch_dop_operator_v3 to 2023-02-16T00:04:00+00:00, run_after=2023-02-16T00:05:00+00:00
[2023-02-16T00:05:20.490+0000] {processor.py:175} INFO - Processing /home/airflow/.local/lib/python3.7/site-packages/airflow/example_dags/example_branch_python_dop_operator_3.py took 0.159 seconds
[2023-02-16T00:05:50.620+0000] {processor.py:153} INFO - Started process (PID=1605) to work on /home/airflow/.local/lib/python3.7/site-packages/airflow/example_dags/example_branch_python_dop_operator_3.py
[2023-02-16T00:05:50.621+0000] {processor.py:743} INFO - Processing file /home/airflow/.local/lib/python3.7/site-packages/airflow/example_dags/example_branch_python_dop_operator_3.py for tasks to queue
[2023-02-16T00:05:50.622+0000] {logging_mixin.py:137} INFO - [2023-02-16T00:05:50.622+0000] {dagbag.py:538} INFO - Filling up the DagBag from /home/airflow/.local/lib/python3.7/site-packages/airflow/example_dags/example_branch_python_dop_operator_3.py
[2023-02-16T00:05:50.657+0000] {processor.py:753} INFO - DAG(s) dict_keys(['example_branch_dop_operator_v3']) retrieved from /home/airflow/.local/lib/python3.7/site-packages/airflow/example_dags/example_branch_python_dop_operator_3.py
[2023-02-16T00:05:50.696+0000] {logging_mixin.py:137} INFO - [2023-02-16T00:05:50.695+0000] {dag.py:2690} INFO - Sync 1 DAGs
[2023-02-16T00:05:50.753+0000] {logging_mixin.py:137} INFO - [2023-02-16T00:05:50.753+0000] {dag.py:3441} INFO - Setting next_dagrun for example_branch_dop_operator_v3 to 2023-02-16T00:04:00+00:00, run_after=2023-02-16T00:05:00+00:00
[2023-02-16T00:05:50.790+0000] {processor.py:175} INFO - Processing /home/airflow/.local/lib/python3.7/site-packages/airflow/example_dags/example_branch_python_dop_operator_3.py took 0.175 seconds
[2023-02-16T00:06:21.942+0000] {processor.py:153} INFO - Started process (PID=1693) to work on /home/airflow/.local/lib/python3.7/site-packages/airflow/example_dags/example_branch_python_dop_operator_3.py
[2023-02-16T00:06:21.945+0000] {processor.py:743} INFO - Processing file /home/airflow/.local/lib/python3.7/site-packages/airflow/example_dags/example_branch_python_dop_operator_3.py for tasks to queue
[2023-02-16T00:06:21.946+0000] {logging_mixin.py:137} INFO - [2023-02-16T00:06:21.946+0000] {dagbag.py:538} INFO - Filling up the DagBag from /home/airflow/.local/lib/python3.7/site-packages/airflow/example_dags/example_branch_python_dop_operator_3.py
[2023-02-16T00:06:21.986+0000] {processor.py:753} INFO - DAG(s) dict_keys(['example_branch_dop_operator_v3']) retrieved from /home/airflow/.local/lib/python3.7/site-packages/airflow/example_dags/example_branch_python_dop_operator_3.py
[2023-02-16T00:06:22.025+0000] {logging_mixin.py:137} INFO - [2023-02-16T00:06:22.024+0000] {dag.py:2690} INFO - Sync 1 DAGs
[2023-02-16T00:06:22.076+0000] {logging_mixin.py:137} INFO - [2023-02-16T00:06:22.076+0000] {dag.py:3441} INFO - Setting next_dagrun for example_branch_dop_operator_v3 to 2023-02-16T00:05:00+00:00, run_after=2023-02-16T00:06:00+00:00
[2023-02-16T00:06:22.126+0000] {processor.py:175} INFO - Processing /home/airflow/.local/lib/python3.7/site-packages/airflow/example_dags/example_branch_python_dop_operator_3.py took 0.189 seconds
[2023-02-16T00:07:57.284+0000] {processor.py:153} INFO - Started process (PID=60) to work on /home/airflow/.local/lib/python3.7/site-packages/airflow/example_dags/example_branch_python_dop_operator_3.py
[2023-02-16T00:07:57.285+0000] {processor.py:743} INFO - Processing file /home/airflow/.local/lib/python3.7/site-packages/airflow/example_dags/example_branch_python_dop_operator_3.py for tasks to queue
[2023-02-16T00:07:57.286+0000] {logging_mixin.py:137} INFO - [2023-02-16T00:07:57.285+0000] {dagbag.py:538} INFO - Filling up the DagBag from /home/airflow/.local/lib/python3.7/site-packages/airflow/example_dags/example_branch_python_dop_operator_3.py
[2023-02-16T00:07:57.318+0000] {processor.py:753} INFO - DAG(s) dict_keys(['example_branch_dop_operator_v3']) retrieved from /home/airflow/.local/lib/python3.7/site-packages/airflow/example_dags/example_branch_python_dop_operator_3.py
[2023-02-16T00:07:57.351+0000] {logging_mixin.py:137} INFO - [2023-02-16T00:07:57.351+0000] {dag.py:2690} INFO - Sync 1 DAGs
[2023-02-16T00:07:57.398+0000] {logging_mixin.py:137} INFO - [2023-02-16T00:07:57.398+0000] {dag.py:3441} INFO - Setting next_dagrun for example_branch_dop_operator_v3 to 2023-02-16T00:06:00+00:00, run_after=2023-02-16T00:07:00+00:00
[2023-02-16T00:07:57.440+0000] {processor.py:175} INFO - Processing /home/airflow/.local/lib/python3.7/site-packages/airflow/example_dags/example_branch_python_dop_operator_3.py took 0.160 seconds
[2023-02-16T00:08:28.060+0000] {processor.py:153} INFO - Started process (PID=133) to work on /home/airflow/.local/lib/python3.7/site-packages/airflow/example_dags/example_branch_python_dop_operator_3.py
[2023-02-16T00:08:28.061+0000] {processor.py:743} INFO - Processing file /home/airflow/.local/lib/python3.7/site-packages/airflow/example_dags/example_branch_python_dop_operator_3.py for tasks to queue
[2023-02-16T00:08:28.063+0000] {logging_mixin.py:137} INFO - [2023-02-16T00:08:28.062+0000] {dagbag.py:538} INFO - Filling up the DagBag from /home/airflow/.local/lib/python3.7/site-packages/airflow/example_dags/example_branch_python_dop_operator_3.py
[2023-02-16T00:08:28.100+0000] {processor.py:753} INFO - DAG(s) dict_keys(['example_branch_dop_operator_v3']) retrieved from /home/airflow/.local/lib/python3.7/site-packages/airflow/example_dags/example_branch_python_dop_operator_3.py
[2023-02-16T00:08:28.134+0000] {logging_mixin.py:137} INFO - [2023-02-16T00:08:28.133+0000] {dag.py:2690} INFO - Sync 1 DAGs
[2023-02-16T00:08:28.184+0000] {logging_mixin.py:137} INFO - [2023-02-16T00:08:28.184+0000] {dag.py:3441} INFO - Setting next_dagrun for example_branch_dop_operator_v3 to 2023-02-16T00:07:00+00:00, run_after=2023-02-16T00:08:00+00:00
[2023-02-16T00:08:28.218+0000] {processor.py:175} INFO - Processing /home/airflow/.local/lib/python3.7/site-packages/airflow/example_dags/example_branch_python_dop_operator_3.py took 0.163 seconds
[2023-02-16T00:08:59.222+0000] {processor.py:153} INFO - Started process (PID=212) to work on /home/airflow/.local/lib/python3.7/site-packages/airflow/example_dags/example_branch_python_dop_operator_3.py
[2023-02-16T00:08:59.224+0000] {processor.py:743} INFO - Processing file /home/airflow/.local/lib/python3.7/site-packages/airflow/example_dags/example_branch_python_dop_operator_3.py for tasks to queue
[2023-02-16T00:08:59.226+0000] {logging_mixin.py:137} INFO - [2023-02-16T00:08:59.225+0000] {dagbag.py:538} INFO - Filling up the DagBag from /home/airflow/.local/lib/python3.7/site-packages/airflow/example_dags/example_branch_python_dop_operator_3.py
[2023-02-16T00:08:59.266+0000] {processor.py:753} INFO - DAG(s) dict_keys(['example_branch_dop_operator_v3']) retrieved from /home/airflow/.local/lib/python3.7/site-packages/airflow/example_dags/example_branch_python_dop_operator_3.py
[2023-02-16T00:08:59.312+0000] {logging_mixin.py:137} INFO - [2023-02-16T00:08:59.312+0000] {dag.py:2690} INFO - Sync 1 DAGs
[2023-02-16T00:08:59.374+0000] {logging_mixin.py:137} INFO - [2023-02-16T00:08:59.374+0000] {dag.py:3441} INFO - Setting next_dagrun for example_branch_dop_operator_v3 to 2023-02-16T00:07:00+00:00, run_after=2023-02-16T00:08:00+00:00
[2023-02-16T00:08:59.415+0000] {processor.py:175} INFO - Processing /home/airflow/.local/lib/python3.7/site-packages/airflow/example_dags/example_branch_python_dop_operator_3.py took 0.197 seconds
[2023-02-16T00:09:29.834+0000] {processor.py:153} INFO - Started process (PID=293) to work on /home/airflow/.local/lib/python3.7/site-packages/airflow/example_dags/example_branch_python_dop_operator_3.py
[2023-02-16T00:09:29.835+0000] {processor.py:743} INFO - Processing file /home/airflow/.local/lib/python3.7/site-packages/airflow/example_dags/example_branch_python_dop_operator_3.py for tasks to queue
[2023-02-16T00:09:29.836+0000] {logging_mixin.py:137} INFO - [2023-02-16T00:09:29.835+0000] {dagbag.py:538} INFO - Filling up the DagBag from /home/airflow/.local/lib/python3.7/site-packages/airflow/example_dags/example_branch_python_dop_operator_3.py
[2023-02-16T00:09:29.873+0000] {processor.py:753} INFO - DAG(s) dict_keys(['example_branch_dop_operator_v3']) retrieved from /home/airflow/.local/lib/python3.7/site-packages/airflow/example_dags/example_branch_python_dop_operator_3.py
[2023-02-16T00:09:29.918+0000] {logging_mixin.py:137} INFO - [2023-02-16T00:09:29.917+0000] {dag.py:2690} INFO - Sync 1 DAGs
[2023-02-16T00:09:29.969+0000] {logging_mixin.py:137} INFO - [2023-02-16T00:09:29.969+0000] {dag.py:3441} INFO - Setting next_dagrun for example_branch_dop_operator_v3 to 2023-02-16T00:08:00+00:00, run_after=2023-02-16T00:09:00+00:00
[2023-02-16T00:09:30.009+0000] {processor.py:175} INFO - Processing /home/airflow/.local/lib/python3.7/site-packages/airflow/example_dags/example_branch_python_dop_operator_3.py took 0.180 seconds
[2023-02-16T00:10:00.646+0000] {processor.py:153} INFO - Started process (PID=366) to work on /home/airflow/.local/lib/python3.7/site-packages/airflow/example_dags/example_branch_python_dop_operator_3.py
[2023-02-16T00:10:00.648+0000] {processor.py:743} INFO - Processing file /home/airflow/.local/lib/python3.7/site-packages/airflow/example_dags/example_branch_python_dop_operator_3.py for tasks to queue
[2023-02-16T00:10:00.649+0000] {logging_mixin.py:137} INFO - [2023-02-16T00:10:00.649+0000] {dagbag.py:538} INFO - Filling up the DagBag from /home/airflow/.local/lib/python3.7/site-packages/airflow/example_dags/example_branch_python_dop_operator_3.py
[2023-02-16T00:10:00.685+0000] {processor.py:753} INFO - DAG(s) dict_keys(['example_branch_dop_operator_v3']) retrieved from /home/airflow/.local/lib/python3.7/site-packages/airflow/example_dags/example_branch_python_dop_operator_3.py
[2023-02-16T00:10:00.721+0000] {logging_mixin.py:137} INFO - [2023-02-16T00:10:00.721+0000] {dag.py:2690} INFO - Sync 1 DAGs
[2023-02-16T00:10:00.773+0000] {logging_mixin.py:137} INFO - [2023-02-16T00:10:00.772+0000] {dag.py:3441} INFO - Setting next_dagrun for example_branch_dop_operator_v3 to 2023-02-16T00:09:00+00:00, run_after=2023-02-16T00:10:00+00:00
[2023-02-16T00:10:00.808+0000] {processor.py:175} INFO - Processing /home/airflow/.local/lib/python3.7/site-packages/airflow/example_dags/example_branch_python_dop_operator_3.py took 0.166 seconds
[2023-02-16T00:10:31.534+0000] {processor.py:153} INFO - Started process (PID=438) to work on /home/airflow/.local/lib/python3.7/site-packages/airflow/example_dags/example_branch_python_dop_operator_3.py
[2023-02-16T00:10:31.535+0000] {processor.py:743} INFO - Processing file /home/airflow/.local/lib/python3.7/site-packages/airflow/example_dags/example_branch_python_dop_operator_3.py for tasks to queue
[2023-02-16T00:10:31.536+0000] {logging_mixin.py:137} INFO - [2023-02-16T00:10:31.535+0000] {dagbag.py:538} INFO - Filling up the DagBag from /home/airflow/.local/lib/python3.7/site-packages/airflow/example_dags/example_branch_python_dop_operator_3.py
[2023-02-16T00:10:31.574+0000] {processor.py:753} INFO - DAG(s) dict_keys(['example_branch_dop_operator_v3']) retrieved from /home/airflow/.local/lib/python3.7/site-packages/airflow/example_dags/example_branch_python_dop_operator_3.py
[2023-02-16T00:10:31.611+0000] {logging_mixin.py:137} INFO - [2023-02-16T00:10:31.610+0000] {dag.py:2690} INFO - Sync 1 DAGs
[2023-02-16T00:10:31.664+0000] {logging_mixin.py:137} INFO - [2023-02-16T00:10:31.664+0000] {dag.py:3441} INFO - Setting next_dagrun for example_branch_dop_operator_v3 to 2023-02-16T00:09:00+00:00, run_after=2023-02-16T00:10:00+00:00
[2023-02-16T00:10:31.700+0000] {processor.py:175} INFO - Processing /home/airflow/.local/lib/python3.7/site-packages/airflow/example_dags/example_branch_python_dop_operator_3.py took 0.170 seconds
[2023-02-16T00:11:02.316+0000] {processor.py:153} INFO - Started process (PID=527) to work on /home/airflow/.local/lib/python3.7/site-packages/airflow/example_dags/example_branch_python_dop_operator_3.py
[2023-02-16T00:11:02.317+0000] {processor.py:743} INFO - Processing file /home/airflow/.local/lib/python3.7/site-packages/airflow/example_dags/example_branch_python_dop_operator_3.py for tasks to queue
[2023-02-16T00:11:02.318+0000] {logging_mixin.py:137} INFO - [2023-02-16T00:11:02.318+0000] {dagbag.py:538} INFO - Filling up the DagBag from /home/airflow/.local/lib/python3.7/site-packages/airflow/example_dags/example_branch_python_dop_operator_3.py
[2023-02-16T00:11:02.349+0000] {processor.py:753} INFO - DAG(s) dict_keys(['example_branch_dop_operator_v3']) retrieved from /home/airflow/.local/lib/python3.7/site-packages/airflow/example_dags/example_branch_python_dop_operator_3.py
[2023-02-16T00:11:02.384+0000] {logging_mixin.py:137} INFO - [2023-02-16T00:11:02.383+0000] {dag.py:2690} INFO - Sync 1 DAGs
[2023-02-16T00:11:02.439+0000] {logging_mixin.py:137} INFO - [2023-02-16T00:11:02.439+0000] {dag.py:3441} INFO - Setting next_dagrun for example_branch_dop_operator_v3 to 2023-02-16T00:10:00+00:00, run_after=2023-02-16T00:11:00+00:00
[2023-02-16T00:11:02.474+0000] {processor.py:175} INFO - Processing /home/airflow/.local/lib/python3.7/site-packages/airflow/example_dags/example_branch_python_dop_operator_3.py took 0.161 seconds
