[2023-02-16T00:00:15.349+0000] {processor.py:153} INFO - Started process (PID=787) to work on /home/airflow/.local/lib/python3.7/site-packages/airflow/example_dags/tutorial_dag.py
[2023-02-16T00:00:15.349+0000] {processor.py:743} INFO - Processing file /home/airflow/.local/lib/python3.7/site-packages/airflow/example_dags/tutorial_dag.py for tasks to queue
[2023-02-16T00:00:15.350+0000] {logging_mixin.py:137} INFO - [2023-02-16T00:00:15.350+0000] {dagbag.py:538} INFO - Filling up the DagBag from /home/airflow/.local/lib/python3.7/site-packages/airflow/example_dags/tutorial_dag.py
[2023-02-16T00:00:15.362+0000] {processor.py:753} INFO - DAG(s) dict_keys(['tutorial_dag']) retrieved from /home/airflow/.local/lib/python3.7/site-packages/airflow/example_dags/tutorial_dag.py
[2023-02-16T00:00:15.393+0000] {logging_mixin.py:137} INFO - [2023-02-16T00:00:15.393+0000] {dag.py:2690} INFO - Sync 1 DAGs
[2023-02-16T00:00:15.432+0000] {logging_mixin.py:137} INFO - [2023-02-16T00:00:15.432+0000] {dag.py:3441} INFO - Setting next_dagrun for tutorial_dag to None, run_after=None
[2023-02-16T00:00:15.465+0000] {processor.py:175} INFO - Processing /home/airflow/.local/lib/python3.7/site-packages/airflow/example_dags/tutorial_dag.py took 0.120 seconds
[2023-02-16T00:00:46.501+0000] {processor.py:153} INFO - Started process (PID=870) to work on /home/airflow/.local/lib/python3.7/site-packages/airflow/example_dags/tutorial_dag.py
[2023-02-16T00:00:46.502+0000] {processor.py:743} INFO - Processing file /home/airflow/.local/lib/python3.7/site-packages/airflow/example_dags/tutorial_dag.py for tasks to queue
[2023-02-16T00:00:46.503+0000] {logging_mixin.py:137} INFO - [2023-02-16T00:00:46.503+0000] {dagbag.py:538} INFO - Filling up the DagBag from /home/airflow/.local/lib/python3.7/site-packages/airflow/example_dags/tutorial_dag.py
[2023-02-16T00:00:46.517+0000] {processor.py:753} INFO - DAG(s) dict_keys(['tutorial_dag']) retrieved from /home/airflow/.local/lib/python3.7/site-packages/airflow/example_dags/tutorial_dag.py
[2023-02-16T00:00:46.549+0000] {logging_mixin.py:137} INFO - [2023-02-16T00:00:46.549+0000] {dag.py:2690} INFO - Sync 1 DAGs
[2023-02-16T00:00:46.598+0000] {logging_mixin.py:137} INFO - [2023-02-16T00:00:46.598+0000] {dag.py:3441} INFO - Setting next_dagrun for tutorial_dag to None, run_after=None
[2023-02-16T00:00:46.632+0000] {processor.py:175} INFO - Processing /home/airflow/.local/lib/python3.7/site-packages/airflow/example_dags/tutorial_dag.py took 0.135 seconds
[2023-02-16T00:01:17.422+0000] {processor.py:153} INFO - Started process (PID=950) to work on /home/airflow/.local/lib/python3.7/site-packages/airflow/example_dags/tutorial_dag.py
[2023-02-16T00:01:17.423+0000] {processor.py:743} INFO - Processing file /home/airflow/.local/lib/python3.7/site-packages/airflow/example_dags/tutorial_dag.py for tasks to queue
[2023-02-16T00:01:17.424+0000] {logging_mixin.py:137} INFO - [2023-02-16T00:01:17.424+0000] {dagbag.py:538} INFO - Filling up the DagBag from /home/airflow/.local/lib/python3.7/site-packages/airflow/example_dags/tutorial_dag.py
[2023-02-16T00:01:17.436+0000] {processor.py:753} INFO - DAG(s) dict_keys(['tutorial_dag']) retrieved from /home/airflow/.local/lib/python3.7/site-packages/airflow/example_dags/tutorial_dag.py
[2023-02-16T00:01:17.472+0000] {logging_mixin.py:137} INFO - [2023-02-16T00:01:17.472+0000] {dag.py:2690} INFO - Sync 1 DAGs
[2023-02-16T00:01:17.505+0000] {logging_mixin.py:137} INFO - [2023-02-16T00:01:17.505+0000] {dag.py:3441} INFO - Setting next_dagrun for tutorial_dag to None, run_after=None
[2023-02-16T00:01:17.537+0000] {processor.py:175} INFO - Processing /home/airflow/.local/lib/python3.7/site-packages/airflow/example_dags/tutorial_dag.py took 0.118 seconds
[2023-02-16T00:01:48.170+0000] {processor.py:153} INFO - Started process (PID=1023) to work on /home/airflow/.local/lib/python3.7/site-packages/airflow/example_dags/tutorial_dag.py
[2023-02-16T00:01:48.171+0000] {processor.py:743} INFO - Processing file /home/airflow/.local/lib/python3.7/site-packages/airflow/example_dags/tutorial_dag.py for tasks to queue
[2023-02-16T00:01:48.171+0000] {logging_mixin.py:137} INFO - [2023-02-16T00:01:48.171+0000] {dagbag.py:538} INFO - Filling up the DagBag from /home/airflow/.local/lib/python3.7/site-packages/airflow/example_dags/tutorial_dag.py
[2023-02-16T00:01:48.187+0000] {processor.py:753} INFO - DAG(s) dict_keys(['tutorial_dag']) retrieved from /home/airflow/.local/lib/python3.7/site-packages/airflow/example_dags/tutorial_dag.py
[2023-02-16T00:01:48.215+0000] {logging_mixin.py:137} INFO - [2023-02-16T00:01:48.215+0000] {dag.py:2690} INFO - Sync 1 DAGs
[2023-02-16T00:01:48.253+0000] {logging_mixin.py:137} INFO - [2023-02-16T00:01:48.253+0000] {dag.py:3441} INFO - Setting next_dagrun for tutorial_dag to None, run_after=None
[2023-02-16T00:01:48.288+0000] {processor.py:175} INFO - Processing /home/airflow/.local/lib/python3.7/site-packages/airflow/example_dags/tutorial_dag.py took 0.122 seconds
[2023-02-16T00:02:19.090+0000] {processor.py:153} INFO - Started process (PID=1095) to work on /home/airflow/.local/lib/python3.7/site-packages/airflow/example_dags/tutorial_dag.py
[2023-02-16T00:02:19.091+0000] {processor.py:743} INFO - Processing file /home/airflow/.local/lib/python3.7/site-packages/airflow/example_dags/tutorial_dag.py for tasks to queue
[2023-02-16T00:02:19.092+0000] {logging_mixin.py:137} INFO - [2023-02-16T00:02:19.092+0000] {dagbag.py:538} INFO - Filling up the DagBag from /home/airflow/.local/lib/python3.7/site-packages/airflow/example_dags/tutorial_dag.py
[2023-02-16T00:02:19.107+0000] {processor.py:753} INFO - DAG(s) dict_keys(['tutorial_dag']) retrieved from /home/airflow/.local/lib/python3.7/site-packages/airflow/example_dags/tutorial_dag.py
[2023-02-16T00:02:19.139+0000] {logging_mixin.py:137} INFO - [2023-02-16T00:02:19.139+0000] {dag.py:2690} INFO - Sync 1 DAGs
[2023-02-16T00:02:19.180+0000] {logging_mixin.py:137} INFO - [2023-02-16T00:02:19.180+0000] {dag.py:3441} INFO - Setting next_dagrun for tutorial_dag to None, run_after=None
[2023-02-16T00:02:19.214+0000] {processor.py:175} INFO - Processing /home/airflow/.local/lib/python3.7/site-packages/airflow/example_dags/tutorial_dag.py took 0.129 seconds
[2023-02-16T00:02:50.688+0000] {processor.py:153} INFO - Started process (PID=1183) to work on /home/airflow/.local/lib/python3.7/site-packages/airflow/example_dags/tutorial_dag.py
[2023-02-16T00:02:50.689+0000] {processor.py:743} INFO - Processing file /home/airflow/.local/lib/python3.7/site-packages/airflow/example_dags/tutorial_dag.py for tasks to queue
[2023-02-16T00:02:50.690+0000] {logging_mixin.py:137} INFO - [2023-02-16T00:02:50.690+0000] {dagbag.py:538} INFO - Filling up the DagBag from /home/airflow/.local/lib/python3.7/site-packages/airflow/example_dags/tutorial_dag.py
[2023-02-16T00:02:50.703+0000] {processor.py:753} INFO - DAG(s) dict_keys(['tutorial_dag']) retrieved from /home/airflow/.local/lib/python3.7/site-packages/airflow/example_dags/tutorial_dag.py
[2023-02-16T00:02:50.732+0000] {logging_mixin.py:137} INFO - [2023-02-16T00:02:50.732+0000] {dag.py:2690} INFO - Sync 1 DAGs
[2023-02-16T00:02:50.768+0000] {logging_mixin.py:137} INFO - [2023-02-16T00:02:50.768+0000] {dag.py:3441} INFO - Setting next_dagrun for tutorial_dag to None, run_after=None
[2023-02-16T00:02:50.809+0000] {processor.py:175} INFO - Processing /home/airflow/.local/lib/python3.7/site-packages/airflow/example_dags/tutorial_dag.py took 0.126 seconds
[2023-02-16T00:03:21.399+0000] {processor.py:153} INFO - Started process (PID=1255) to work on /home/airflow/.local/lib/python3.7/site-packages/airflow/example_dags/tutorial_dag.py
[2023-02-16T00:03:21.401+0000] {processor.py:743} INFO - Processing file /home/airflow/.local/lib/python3.7/site-packages/airflow/example_dags/tutorial_dag.py for tasks to queue
[2023-02-16T00:03:21.401+0000] {logging_mixin.py:137} INFO - [2023-02-16T00:03:21.401+0000] {dagbag.py:538} INFO - Filling up the DagBag from /home/airflow/.local/lib/python3.7/site-packages/airflow/example_dags/tutorial_dag.py
[2023-02-16T00:03:21.413+0000] {processor.py:753} INFO - DAG(s) dict_keys(['tutorial_dag']) retrieved from /home/airflow/.local/lib/python3.7/site-packages/airflow/example_dags/tutorial_dag.py
[2023-02-16T00:03:21.445+0000] {logging_mixin.py:137} INFO - [2023-02-16T00:03:21.445+0000] {dag.py:2690} INFO - Sync 1 DAGs
[2023-02-16T00:03:21.475+0000] {logging_mixin.py:137} INFO - [2023-02-16T00:03:21.475+0000] {dag.py:3441} INFO - Setting next_dagrun for tutorial_dag to None, run_after=None
[2023-02-16T00:03:21.563+0000] {processor.py:175} INFO - Processing /home/airflow/.local/lib/python3.7/site-packages/airflow/example_dags/tutorial_dag.py took 0.167 seconds
[2023-02-16T00:03:52.506+0000] {processor.py:153} INFO - Started process (PID=1327) to work on /home/airflow/.local/lib/python3.7/site-packages/airflow/example_dags/tutorial_dag.py
[2023-02-16T00:03:52.508+0000] {processor.py:743} INFO - Processing file /home/airflow/.local/lib/python3.7/site-packages/airflow/example_dags/tutorial_dag.py for tasks to queue
[2023-02-16T00:03:52.509+0000] {logging_mixin.py:137} INFO - [2023-02-16T00:03:52.509+0000] {dagbag.py:538} INFO - Filling up the DagBag from /home/airflow/.local/lib/python3.7/site-packages/airflow/example_dags/tutorial_dag.py
[2023-02-16T00:03:52.522+0000] {processor.py:753} INFO - DAG(s) dict_keys(['tutorial_dag']) retrieved from /home/airflow/.local/lib/python3.7/site-packages/airflow/example_dags/tutorial_dag.py
[2023-02-16T00:03:52.555+0000] {logging_mixin.py:137} INFO - [2023-02-16T00:03:52.554+0000] {dag.py:2690} INFO - Sync 1 DAGs
[2023-02-16T00:03:52.598+0000] {logging_mixin.py:137} INFO - [2023-02-16T00:03:52.598+0000] {dag.py:3441} INFO - Setting next_dagrun for tutorial_dag to None, run_after=None
[2023-02-16T00:03:52.631+0000] {processor.py:175} INFO - Processing /home/airflow/.local/lib/python3.7/site-packages/airflow/example_dags/tutorial_dag.py took 0.130 seconds
[2023-02-16T00:04:23.534+0000] {processor.py:153} INFO - Started process (PID=1415) to work on /home/airflow/.local/lib/python3.7/site-packages/airflow/example_dags/tutorial_dag.py
[2023-02-16T00:04:23.535+0000] {processor.py:743} INFO - Processing file /home/airflow/.local/lib/python3.7/site-packages/airflow/example_dags/tutorial_dag.py for tasks to queue
[2023-02-16T00:04:23.537+0000] {logging_mixin.py:137} INFO - [2023-02-16T00:04:23.536+0000] {dagbag.py:538} INFO - Filling up the DagBag from /home/airflow/.local/lib/python3.7/site-packages/airflow/example_dags/tutorial_dag.py
[2023-02-16T00:04:23.553+0000] {processor.py:753} INFO - DAG(s) dict_keys(['tutorial_dag']) retrieved from /home/airflow/.local/lib/python3.7/site-packages/airflow/example_dags/tutorial_dag.py
[2023-02-16T00:04:23.586+0000] {logging_mixin.py:137} INFO - [2023-02-16T00:04:23.586+0000] {dag.py:2690} INFO - Sync 1 DAGs
[2023-02-16T00:04:23.623+0000] {logging_mixin.py:137} INFO - [2023-02-16T00:04:23.623+0000] {dag.py:3441} INFO - Setting next_dagrun for tutorial_dag to None, run_after=None
[2023-02-16T00:04:23.653+0000] {processor.py:175} INFO - Processing /home/airflow/.local/lib/python3.7/site-packages/airflow/example_dags/tutorial_dag.py took 0.125 seconds
[2023-02-16T00:04:54.074+0000] {processor.py:153} INFO - Started process (PID=1489) to work on /home/airflow/.local/lib/python3.7/site-packages/airflow/example_dags/tutorial_dag.py
[2023-02-16T00:04:54.076+0000] {processor.py:743} INFO - Processing file /home/airflow/.local/lib/python3.7/site-packages/airflow/example_dags/tutorial_dag.py for tasks to queue
[2023-02-16T00:04:54.077+0000] {logging_mixin.py:137} INFO - [2023-02-16T00:04:54.076+0000] {dagbag.py:538} INFO - Filling up the DagBag from /home/airflow/.local/lib/python3.7/site-packages/airflow/example_dags/tutorial_dag.py
[2023-02-16T00:04:54.095+0000] {processor.py:753} INFO - DAG(s) dict_keys(['tutorial_dag']) retrieved from /home/airflow/.local/lib/python3.7/site-packages/airflow/example_dags/tutorial_dag.py
[2023-02-16T00:04:54.135+0000] {logging_mixin.py:137} INFO - [2023-02-16T00:04:54.135+0000] {dag.py:2690} INFO - Sync 1 DAGs
[2023-02-16T00:04:54.181+0000] {logging_mixin.py:137} INFO - [2023-02-16T00:04:54.181+0000] {dag.py:3441} INFO - Setting next_dagrun for tutorial_dag to None, run_after=None
[2023-02-16T00:04:54.219+0000] {processor.py:175} INFO - Processing /home/airflow/.local/lib/python3.7/site-packages/airflow/example_dags/tutorial_dag.py took 0.149 seconds
[2023-02-16T00:05:24.459+0000] {processor.py:153} INFO - Started process (PID=1561) to work on /home/airflow/.local/lib/python3.7/site-packages/airflow/example_dags/tutorial_dag.py
[2023-02-16T00:05:24.460+0000] {processor.py:743} INFO - Processing file /home/airflow/.local/lib/python3.7/site-packages/airflow/example_dags/tutorial_dag.py for tasks to queue
[2023-02-16T00:05:24.461+0000] {logging_mixin.py:137} INFO - [2023-02-16T00:05:24.461+0000] {dagbag.py:538} INFO - Filling up the DagBag from /home/airflow/.local/lib/python3.7/site-packages/airflow/example_dags/tutorial_dag.py
[2023-02-16T00:05:24.476+0000] {processor.py:753} INFO - DAG(s) dict_keys(['tutorial_dag']) retrieved from /home/airflow/.local/lib/python3.7/site-packages/airflow/example_dags/tutorial_dag.py
[2023-02-16T00:05:24.513+0000] {logging_mixin.py:137} INFO - [2023-02-16T00:05:24.513+0000] {dag.py:2690} INFO - Sync 1 DAGs
[2023-02-16T00:05:24.553+0000] {logging_mixin.py:137} INFO - [2023-02-16T00:05:24.552+0000] {dag.py:3441} INFO - Setting next_dagrun for tutorial_dag to None, run_after=None
[2023-02-16T00:05:24.587+0000] {processor.py:175} INFO - Processing /home/airflow/.local/lib/python3.7/site-packages/airflow/example_dags/tutorial_dag.py took 0.134 seconds
[2023-02-16T00:05:55.488+0000] {processor.py:153} INFO - Started process (PID=1649) to work on /home/airflow/.local/lib/python3.7/site-packages/airflow/example_dags/tutorial_dag.py
[2023-02-16T00:05:55.490+0000] {processor.py:743} INFO - Processing file /home/airflow/.local/lib/python3.7/site-packages/airflow/example_dags/tutorial_dag.py for tasks to queue
[2023-02-16T00:05:55.492+0000] {logging_mixin.py:137} INFO - [2023-02-16T00:05:55.492+0000] {dagbag.py:538} INFO - Filling up the DagBag from /home/airflow/.local/lib/python3.7/site-packages/airflow/example_dags/tutorial_dag.py
[2023-02-16T00:05:55.525+0000] {processor.py:753} INFO - DAG(s) dict_keys(['tutorial_dag']) retrieved from /home/airflow/.local/lib/python3.7/site-packages/airflow/example_dags/tutorial_dag.py
[2023-02-16T00:05:55.575+0000] {logging_mixin.py:137} INFO - [2023-02-16T00:05:55.575+0000] {dag.py:2690} INFO - Sync 1 DAGs
[2023-02-16T00:05:55.625+0000] {logging_mixin.py:137} INFO - [2023-02-16T00:05:55.624+0000] {dag.py:3441} INFO - Setting next_dagrun for tutorial_dag to None, run_after=None
[2023-02-16T00:05:55.677+0000] {processor.py:175} INFO - Processing /home/airflow/.local/lib/python3.7/site-packages/airflow/example_dags/tutorial_dag.py took 0.195 seconds
[2023-02-16T00:06:26.196+0000] {processor.py:153} INFO - Started process (PID=1721) to work on /home/airflow/.local/lib/python3.7/site-packages/airflow/example_dags/tutorial_dag.py
[2023-02-16T00:06:26.198+0000] {processor.py:743} INFO - Processing file /home/airflow/.local/lib/python3.7/site-packages/airflow/example_dags/tutorial_dag.py for tasks to queue
[2023-02-16T00:06:26.199+0000] {logging_mixin.py:137} INFO - [2023-02-16T00:06:26.198+0000] {dagbag.py:538} INFO - Filling up the DagBag from /home/airflow/.local/lib/python3.7/site-packages/airflow/example_dags/tutorial_dag.py
[2023-02-16T00:06:26.212+0000] {processor.py:753} INFO - DAG(s) dict_keys(['tutorial_dag']) retrieved from /home/airflow/.local/lib/python3.7/site-packages/airflow/example_dags/tutorial_dag.py
[2023-02-16T00:06:26.242+0000] {logging_mixin.py:137} INFO - [2023-02-16T00:06:26.242+0000] {dag.py:2690} INFO - Sync 1 DAGs
[2023-02-16T00:06:26.277+0000] {logging_mixin.py:137} INFO - [2023-02-16T00:06:26.277+0000] {dag.py:3441} INFO - Setting next_dagrun for tutorial_dag to None, run_after=None
[2023-02-16T00:06:26.313+0000] {processor.py:175} INFO - Processing /home/airflow/.local/lib/python3.7/site-packages/airflow/example_dags/tutorial_dag.py took 0.122 seconds
[2023-02-16T00:08:01.016+0000] {processor.py:153} INFO - Started process (PID=88) to work on /home/airflow/.local/lib/python3.7/site-packages/airflow/example_dags/tutorial_dag.py
[2023-02-16T00:08:01.017+0000] {processor.py:743} INFO - Processing file /home/airflow/.local/lib/python3.7/site-packages/airflow/example_dags/tutorial_dag.py for tasks to queue
[2023-02-16T00:08:01.019+0000] {logging_mixin.py:137} INFO - [2023-02-16T00:08:01.019+0000] {dagbag.py:538} INFO - Filling up the DagBag from /home/airflow/.local/lib/python3.7/site-packages/airflow/example_dags/tutorial_dag.py
[2023-02-16T00:08:01.038+0000] {processor.py:753} INFO - DAG(s) dict_keys(['tutorial_dag']) retrieved from /home/airflow/.local/lib/python3.7/site-packages/airflow/example_dags/tutorial_dag.py
[2023-02-16T00:08:01.073+0000] {logging_mixin.py:137} INFO - [2023-02-16T00:08:01.073+0000] {dag.py:2690} INFO - Sync 1 DAGs
[2023-02-16T00:08:01.111+0000] {logging_mixin.py:137} INFO - [2023-02-16T00:08:01.111+0000] {dag.py:3441} INFO - Setting next_dagrun for tutorial_dag to None, run_after=None
[2023-02-16T00:08:01.145+0000] {processor.py:175} INFO - Processing /home/airflow/.local/lib/python3.7/site-packages/airflow/example_dags/tutorial_dag.py took 0.133 seconds
[2023-02-16T00:08:32.006+0000] {processor.py:153} INFO - Started process (PID=161) to work on /home/airflow/.local/lib/python3.7/site-packages/airflow/example_dags/tutorial_dag.py
[2023-02-16T00:08:32.007+0000] {processor.py:743} INFO - Processing file /home/airflow/.local/lib/python3.7/site-packages/airflow/example_dags/tutorial_dag.py for tasks to queue
[2023-02-16T00:08:32.007+0000] {logging_mixin.py:137} INFO - [2023-02-16T00:08:32.007+0000] {dagbag.py:538} INFO - Filling up the DagBag from /home/airflow/.local/lib/python3.7/site-packages/airflow/example_dags/tutorial_dag.py
[2023-02-16T00:08:32.023+0000] {processor.py:753} INFO - DAG(s) dict_keys(['tutorial_dag']) retrieved from /home/airflow/.local/lib/python3.7/site-packages/airflow/example_dags/tutorial_dag.py
[2023-02-16T00:08:32.066+0000] {logging_mixin.py:137} INFO - [2023-02-16T00:08:32.066+0000] {dag.py:2690} INFO - Sync 1 DAGs
[2023-02-16T00:08:32.127+0000] {logging_mixin.py:137} INFO - [2023-02-16T00:08:32.127+0000] {dag.py:3441} INFO - Setting next_dagrun for tutorial_dag to None, run_after=None
[2023-02-16T00:08:32.174+0000] {processor.py:175} INFO - Processing /home/airflow/.local/lib/python3.7/site-packages/airflow/example_dags/tutorial_dag.py took 0.173 seconds
[2023-02-16T00:09:02.605+0000] {processor.py:153} INFO - Started process (PID=249) to work on /home/airflow/.local/lib/python3.7/site-packages/airflow/example_dags/tutorial_dag.py
[2023-02-16T00:09:02.606+0000] {processor.py:743} INFO - Processing file /home/airflow/.local/lib/python3.7/site-packages/airflow/example_dags/tutorial_dag.py for tasks to queue
[2023-02-16T00:09:02.607+0000] {logging_mixin.py:137} INFO - [2023-02-16T00:09:02.607+0000] {dagbag.py:538} INFO - Filling up the DagBag from /home/airflow/.local/lib/python3.7/site-packages/airflow/example_dags/tutorial_dag.py
[2023-02-16T00:09:02.621+0000] {processor.py:753} INFO - DAG(s) dict_keys(['tutorial_dag']) retrieved from /home/airflow/.local/lib/python3.7/site-packages/airflow/example_dags/tutorial_dag.py
[2023-02-16T00:09:02.653+0000] {logging_mixin.py:137} INFO - [2023-02-16T00:09:02.653+0000] {dag.py:2690} INFO - Sync 1 DAGs
[2023-02-16T00:09:02.688+0000] {logging_mixin.py:137} INFO - [2023-02-16T00:09:02.688+0000] {dag.py:3441} INFO - Setting next_dagrun for tutorial_dag to None, run_after=None
[2023-02-16T00:09:02.721+0000] {processor.py:175} INFO - Processing /home/airflow/.local/lib/python3.7/site-packages/airflow/example_dags/tutorial_dag.py took 0.120 seconds
[2023-02-16T00:09:33.535+0000] {processor.py:153} INFO - Started process (PID=321) to work on /home/airflow/.local/lib/python3.7/site-packages/airflow/example_dags/tutorial_dag.py
[2023-02-16T00:09:33.536+0000] {processor.py:743} INFO - Processing file /home/airflow/.local/lib/python3.7/site-packages/airflow/example_dags/tutorial_dag.py for tasks to queue
[2023-02-16T00:09:33.537+0000] {logging_mixin.py:137} INFO - [2023-02-16T00:09:33.537+0000] {dagbag.py:538} INFO - Filling up the DagBag from /home/airflow/.local/lib/python3.7/site-packages/airflow/example_dags/tutorial_dag.py
[2023-02-16T00:09:33.552+0000] {processor.py:753} INFO - DAG(s) dict_keys(['tutorial_dag']) retrieved from /home/airflow/.local/lib/python3.7/site-packages/airflow/example_dags/tutorial_dag.py
[2023-02-16T00:09:33.581+0000] {logging_mixin.py:137} INFO - [2023-02-16T00:09:33.581+0000] {dag.py:2690} INFO - Sync 1 DAGs
[2023-02-16T00:09:33.619+0000] {logging_mixin.py:137} INFO - [2023-02-16T00:09:33.619+0000] {dag.py:3441} INFO - Setting next_dagrun for tutorial_dag to None, run_after=None
[2023-02-16T00:09:33.650+0000] {processor.py:175} INFO - Processing /home/airflow/.local/lib/python3.7/site-packages/airflow/example_dags/tutorial_dag.py took 0.120 seconds
[2023-02-16T00:10:04.385+0000] {processor.py:153} INFO - Started process (PID=394) to work on /home/airflow/.local/lib/python3.7/site-packages/airflow/example_dags/tutorial_dag.py
[2023-02-16T00:10:04.386+0000] {processor.py:743} INFO - Processing file /home/airflow/.local/lib/python3.7/site-packages/airflow/example_dags/tutorial_dag.py for tasks to queue
[2023-02-16T00:10:04.387+0000] {logging_mixin.py:137} INFO - [2023-02-16T00:10:04.387+0000] {dagbag.py:538} INFO - Filling up the DagBag from /home/airflow/.local/lib/python3.7/site-packages/airflow/example_dags/tutorial_dag.py
[2023-02-16T00:10:04.405+0000] {processor.py:753} INFO - DAG(s) dict_keys(['tutorial_dag']) retrieved from /home/airflow/.local/lib/python3.7/site-packages/airflow/example_dags/tutorial_dag.py
[2023-02-16T00:10:04.440+0000] {logging_mixin.py:137} INFO - [2023-02-16T00:10:04.440+0000] {dag.py:2690} INFO - Sync 1 DAGs
[2023-02-16T00:10:04.480+0000] {logging_mixin.py:137} INFO - [2023-02-16T00:10:04.480+0000] {dag.py:3441} INFO - Setting next_dagrun for tutorial_dag to None, run_after=None
[2023-02-16T00:10:04.515+0000] {processor.py:175} INFO - Processing /home/airflow/.local/lib/python3.7/site-packages/airflow/example_dags/tutorial_dag.py took 0.136 seconds
[2023-02-16T00:10:35.040+0000] {processor.py:153} INFO - Started process (PID=482) to work on /home/airflow/.local/lib/python3.7/site-packages/airflow/example_dags/tutorial_dag.py
[2023-02-16T00:10:35.041+0000] {processor.py:743} INFO - Processing file /home/airflow/.local/lib/python3.7/site-packages/airflow/example_dags/tutorial_dag.py for tasks to queue
[2023-02-16T00:10:35.042+0000] {logging_mixin.py:137} INFO - [2023-02-16T00:10:35.042+0000] {dagbag.py:538} INFO - Filling up the DagBag from /home/airflow/.local/lib/python3.7/site-packages/airflow/example_dags/tutorial_dag.py
[2023-02-16T00:10:35.065+0000] {processor.py:753} INFO - DAG(s) dict_keys(['tutorial_dag']) retrieved from /home/airflow/.local/lib/python3.7/site-packages/airflow/example_dags/tutorial_dag.py
[2023-02-16T00:10:35.101+0000] {logging_mixin.py:137} INFO - [2023-02-16T00:10:35.101+0000] {dag.py:2690} INFO - Sync 1 DAGs
[2023-02-16T00:10:35.166+0000] {logging_mixin.py:137} INFO - [2023-02-16T00:10:35.165+0000] {dag.py:3441} INFO - Setting next_dagrun for tutorial_dag to None, run_after=None
[2023-02-16T00:10:35.212+0000] {processor.py:175} INFO - Processing /home/airflow/.local/lib/python3.7/site-packages/airflow/example_dags/tutorial_dag.py took 0.180 seconds
[2023-02-16T00:11:05.478+0000] {processor.py:153} INFO - Started process (PID=555) to work on /home/airflow/.local/lib/python3.7/site-packages/airflow/example_dags/tutorial_dag.py
[2023-02-16T00:11:05.479+0000] {processor.py:743} INFO - Processing file /home/airflow/.local/lib/python3.7/site-packages/airflow/example_dags/tutorial_dag.py for tasks to queue
[2023-02-16T00:11:05.480+0000] {logging_mixin.py:137} INFO - [2023-02-16T00:11:05.480+0000] {dagbag.py:538} INFO - Filling up the DagBag from /home/airflow/.local/lib/python3.7/site-packages/airflow/example_dags/tutorial_dag.py
[2023-02-16T00:11:05.494+0000] {processor.py:753} INFO - DAG(s) dict_keys(['tutorial_dag']) retrieved from /home/airflow/.local/lib/python3.7/site-packages/airflow/example_dags/tutorial_dag.py
[2023-02-16T00:11:05.529+0000] {logging_mixin.py:137} INFO - [2023-02-16T00:11:05.528+0000] {dag.py:2690} INFO - Sync 1 DAGs
[2023-02-16T00:11:05.567+0000] {logging_mixin.py:137} INFO - [2023-02-16T00:11:05.567+0000] {dag.py:3441} INFO - Setting next_dagrun for tutorial_dag to None, run_after=None
[2023-02-16T00:11:05.598+0000] {processor.py:175} INFO - Processing /home/airflow/.local/lib/python3.7/site-packages/airflow/example_dags/tutorial_dag.py took 0.125 seconds
[2023-02-16T00:31:36.787+0000] {processor.py:153} INFO - Started process (PID=89) to work on /home/airflow/.local/lib/python3.7/site-packages/airflow/example_dags/tutorial_dag.py
[2023-02-16T00:31:36.788+0000] {processor.py:743} INFO - Processing file /home/airflow/.local/lib/python3.7/site-packages/airflow/example_dags/tutorial_dag.py for tasks to queue
[2023-02-16T00:31:36.790+0000] {logging_mixin.py:137} INFO - [2023-02-16T00:31:36.790+0000] {dagbag.py:538} INFO - Filling up the DagBag from /home/airflow/.local/lib/python3.7/site-packages/airflow/example_dags/tutorial_dag.py
[2023-02-16T00:31:36.812+0000] {processor.py:753} INFO - DAG(s) dict_keys(['tutorial_dag']) retrieved from /home/airflow/.local/lib/python3.7/site-packages/airflow/example_dags/tutorial_dag.py
[2023-02-16T00:31:36.846+0000] {logging_mixin.py:137} INFO - [2023-02-16T00:31:36.846+0000] {dag.py:2690} INFO - Sync 1 DAGs
[2023-02-16T00:31:36.879+0000] {logging_mixin.py:137} INFO - [2023-02-16T00:31:36.879+0000] {dag.py:3441} INFO - Setting next_dagrun for tutorial_dag to None, run_after=None
[2023-02-16T00:31:36.908+0000] {processor.py:175} INFO - Processing /home/airflow/.local/lib/python3.7/site-packages/airflow/example_dags/tutorial_dag.py took 0.124 seconds
[2023-02-16T00:32:07.659+0000] {processor.py:153} INFO - Started process (PID=168) to work on /home/airflow/.local/lib/python3.7/site-packages/airflow/example_dags/tutorial_dag.py
[2023-02-16T00:32:07.660+0000] {processor.py:743} INFO - Processing file /home/airflow/.local/lib/python3.7/site-packages/airflow/example_dags/tutorial_dag.py for tasks to queue
[2023-02-16T00:32:07.661+0000] {logging_mixin.py:137} INFO - [2023-02-16T00:32:07.661+0000] {dagbag.py:538} INFO - Filling up the DagBag from /home/airflow/.local/lib/python3.7/site-packages/airflow/example_dags/tutorial_dag.py
[2023-02-16T00:32:07.677+0000] {processor.py:753} INFO - DAG(s) dict_keys(['tutorial_dag']) retrieved from /home/airflow/.local/lib/python3.7/site-packages/airflow/example_dags/tutorial_dag.py
[2023-02-16T00:32:07.707+0000] {logging_mixin.py:137} INFO - [2023-02-16T00:32:07.707+0000] {dag.py:2690} INFO - Sync 1 DAGs
[2023-02-16T00:32:07.754+0000] {logging_mixin.py:137} INFO - [2023-02-16T00:32:07.754+0000] {dag.py:3441} INFO - Setting next_dagrun for tutorial_dag to None, run_after=None
[2023-02-16T00:32:07.794+0000] {processor.py:175} INFO - Processing /home/airflow/.local/lib/python3.7/site-packages/airflow/example_dags/tutorial_dag.py took 0.138 seconds
