[2023-02-16T00:00:15.247+0000] {processor.py:153} INFO - Started process (PID=786) to work on /home/airflow/.local/lib/python3.7/site-packages/airflow/example_dags/tutorial.py
[2023-02-16T00:00:15.248+0000] {processor.py:743} INFO - Processing file /home/airflow/.local/lib/python3.7/site-packages/airflow/example_dags/tutorial.py for tasks to queue
[2023-02-16T00:00:15.249+0000] {logging_mixin.py:137} INFO - [2023-02-16T00:00:15.248+0000] {dagbag.py:538} INFO - Filling up the DagBag from /home/airflow/.local/lib/python3.7/site-packages/airflow/example_dags/tutorial.py
[2023-02-16T00:00:15.262+0000] {processor.py:753} INFO - DAG(s) dict_keys(['tutorial']) retrieved from /home/airflow/.local/lib/python3.7/site-packages/airflow/example_dags/tutorial.py
[2023-02-16T00:00:15.297+0000] {logging_mixin.py:137} INFO - [2023-02-16T00:00:15.296+0000] {dag.py:2690} INFO - Sync 1 DAGs
[2023-02-16T00:00:15.339+0000] {logging_mixin.py:137} INFO - [2023-02-16T00:00:15.338+0000] {dag.py:3441} INFO - Setting next_dagrun for tutorial to 2023-02-15T00:00:15.338714+00:00, run_after=2023-02-16T00:00:15.338714+00:00
[2023-02-16T00:00:15.368+0000] {processor.py:175} INFO - Processing /home/airflow/.local/lib/python3.7/site-packages/airflow/example_dags/tutorial.py took 0.125 seconds
[2023-02-16T00:00:46.450+0000] {processor.py:153} INFO - Started process (PID=869) to work on /home/airflow/.local/lib/python3.7/site-packages/airflow/example_dags/tutorial.py
[2023-02-16T00:00:46.451+0000] {processor.py:743} INFO - Processing file /home/airflow/.local/lib/python3.7/site-packages/airflow/example_dags/tutorial.py for tasks to queue
[2023-02-16T00:00:46.453+0000] {logging_mixin.py:137} INFO - [2023-02-16T00:00:46.452+0000] {dagbag.py:538} INFO - Filling up the DagBag from /home/airflow/.local/lib/python3.7/site-packages/airflow/example_dags/tutorial.py
[2023-02-16T00:00:46.474+0000] {processor.py:753} INFO - DAG(s) dict_keys(['tutorial']) retrieved from /home/airflow/.local/lib/python3.7/site-packages/airflow/example_dags/tutorial.py
[2023-02-16T00:00:46.508+0000] {logging_mixin.py:137} INFO - [2023-02-16T00:00:46.508+0000] {dag.py:2690} INFO - Sync 1 DAGs
[2023-02-16T00:00:46.553+0000] {logging_mixin.py:137} INFO - [2023-02-16T00:00:46.552+0000] {dag.py:3441} INFO - Setting next_dagrun for tutorial to 2023-02-15T00:00:46.552527+00:00, run_after=2023-02-16T00:00:46.552527+00:00
[2023-02-16T00:00:46.594+0000] {processor.py:175} INFO - Processing /home/airflow/.local/lib/python3.7/site-packages/airflow/example_dags/tutorial.py took 0.149 seconds
[2023-02-16T00:01:17.345+0000] {processor.py:153} INFO - Started process (PID=949) to work on /home/airflow/.local/lib/python3.7/site-packages/airflow/example_dags/tutorial.py
[2023-02-16T00:01:17.346+0000] {processor.py:743} INFO - Processing file /home/airflow/.local/lib/python3.7/site-packages/airflow/example_dags/tutorial.py for tasks to queue
[2023-02-16T00:01:17.347+0000] {logging_mixin.py:137} INFO - [2023-02-16T00:01:17.346+0000] {dagbag.py:538} INFO - Filling up the DagBag from /home/airflow/.local/lib/python3.7/site-packages/airflow/example_dags/tutorial.py
[2023-02-16T00:01:17.361+0000] {processor.py:753} INFO - DAG(s) dict_keys(['tutorial']) retrieved from /home/airflow/.local/lib/python3.7/site-packages/airflow/example_dags/tutorial.py
[2023-02-16T00:01:17.395+0000] {logging_mixin.py:137} INFO - [2023-02-16T00:01:17.394+0000] {dag.py:2690} INFO - Sync 1 DAGs
[2023-02-16T00:01:17.430+0000] {logging_mixin.py:137} INFO - [2023-02-16T00:01:17.430+0000] {dag.py:3441} INFO - Setting next_dagrun for tutorial to 2023-02-15T00:01:17.430061+00:00, run_after=2023-02-16T00:01:17.430061+00:00
[2023-02-16T00:01:17.461+0000] {processor.py:175} INFO - Processing /home/airflow/.local/lib/python3.7/site-packages/airflow/example_dags/tutorial.py took 0.120 seconds
[2023-02-16T00:01:48.077+0000] {processor.py:153} INFO - Started process (PID=1022) to work on /home/airflow/.local/lib/python3.7/site-packages/airflow/example_dags/tutorial.py
[2023-02-16T00:01:48.078+0000] {processor.py:743} INFO - Processing file /home/airflow/.local/lib/python3.7/site-packages/airflow/example_dags/tutorial.py for tasks to queue
[2023-02-16T00:01:48.079+0000] {logging_mixin.py:137} INFO - [2023-02-16T00:01:48.078+0000] {dagbag.py:538} INFO - Filling up the DagBag from /home/airflow/.local/lib/python3.7/site-packages/airflow/example_dags/tutorial.py
[2023-02-16T00:01:48.098+0000] {processor.py:753} INFO - DAG(s) dict_keys(['tutorial']) retrieved from /home/airflow/.local/lib/python3.7/site-packages/airflow/example_dags/tutorial.py
[2023-02-16T00:01:48.145+0000] {logging_mixin.py:137} INFO - [2023-02-16T00:01:48.145+0000] {dag.py:2690} INFO - Sync 1 DAGs
[2023-02-16T00:01:48.189+0000] {logging_mixin.py:137} INFO - [2023-02-16T00:01:48.189+0000] {dag.py:3441} INFO - Setting next_dagrun for tutorial to 2023-02-15T00:01:48.189177+00:00, run_after=2023-02-16T00:01:48.189177+00:00
[2023-02-16T00:01:48.223+0000] {processor.py:175} INFO - Processing /home/airflow/.local/lib/python3.7/site-packages/airflow/example_dags/tutorial.py took 0.149 seconds
[2023-02-16T00:02:18.932+0000] {processor.py:153} INFO - Started process (PID=1094) to work on /home/airflow/.local/lib/python3.7/site-packages/airflow/example_dags/tutorial.py
[2023-02-16T00:02:18.933+0000] {processor.py:743} INFO - Processing file /home/airflow/.local/lib/python3.7/site-packages/airflow/example_dags/tutorial.py for tasks to queue
[2023-02-16T00:02:18.934+0000] {logging_mixin.py:137} INFO - [2023-02-16T00:02:18.934+0000] {dagbag.py:538} INFO - Filling up the DagBag from /home/airflow/.local/lib/python3.7/site-packages/airflow/example_dags/tutorial.py
[2023-02-16T00:02:18.950+0000] {processor.py:753} INFO - DAG(s) dict_keys(['tutorial']) retrieved from /home/airflow/.local/lib/python3.7/site-packages/airflow/example_dags/tutorial.py
[2023-02-16T00:02:18.992+0000] {logging_mixin.py:137} INFO - [2023-02-16T00:02:18.991+0000] {dag.py:2690} INFO - Sync 1 DAGs
[2023-02-16T00:02:19.046+0000] {logging_mixin.py:137} INFO - [2023-02-16T00:02:19.045+0000] {dag.py:3441} INFO - Setting next_dagrun for tutorial to 2023-02-15T00:02:19.045663+00:00, run_after=2023-02-16T00:02:19.045663+00:00
[2023-02-16T00:02:19.085+0000] {processor.py:175} INFO - Processing /home/airflow/.local/lib/python3.7/site-packages/airflow/example_dags/tutorial.py took 0.159 seconds
[2023-02-16T00:02:50.682+0000] {processor.py:153} INFO - Started process (PID=1182) to work on /home/airflow/.local/lib/python3.7/site-packages/airflow/example_dags/tutorial.py
[2023-02-16T00:02:50.684+0000] {processor.py:743} INFO - Processing file /home/airflow/.local/lib/python3.7/site-packages/airflow/example_dags/tutorial.py for tasks to queue
[2023-02-16T00:02:50.684+0000] {logging_mixin.py:137} INFO - [2023-02-16T00:02:50.684+0000] {dagbag.py:538} INFO - Filling up the DagBag from /home/airflow/.local/lib/python3.7/site-packages/airflow/example_dags/tutorial.py
[2023-02-16T00:02:50.698+0000] {processor.py:753} INFO - DAG(s) dict_keys(['tutorial']) retrieved from /home/airflow/.local/lib/python3.7/site-packages/airflow/example_dags/tutorial.py
[2023-02-16T00:02:50.732+0000] {logging_mixin.py:137} INFO - [2023-02-16T00:02:50.732+0000] {dag.py:2690} INFO - Sync 1 DAGs
[2023-02-16T00:02:50.766+0000] {logging_mixin.py:137} INFO - [2023-02-16T00:02:50.766+0000] {dag.py:3441} INFO - Setting next_dagrun for tutorial to 2023-02-15T00:02:50.765678+00:00, run_after=2023-02-16T00:02:50.765678+00:00
[2023-02-16T00:02:50.805+0000] {processor.py:175} INFO - Processing /home/airflow/.local/lib/python3.7/site-packages/airflow/example_dags/tutorial.py took 0.129 seconds
[2023-02-16T00:03:21.361+0000] {processor.py:153} INFO - Started process (PID=1254) to work on /home/airflow/.local/lib/python3.7/site-packages/airflow/example_dags/tutorial.py
[2023-02-16T00:03:21.363+0000] {processor.py:743} INFO - Processing file /home/airflow/.local/lib/python3.7/site-packages/airflow/example_dags/tutorial.py for tasks to queue
[2023-02-16T00:03:21.364+0000] {logging_mixin.py:137} INFO - [2023-02-16T00:03:21.363+0000] {dagbag.py:538} INFO - Filling up the DagBag from /home/airflow/.local/lib/python3.7/site-packages/airflow/example_dags/tutorial.py
[2023-02-16T00:03:21.380+0000] {processor.py:753} INFO - DAG(s) dict_keys(['tutorial']) retrieved from /home/airflow/.local/lib/python3.7/site-packages/airflow/example_dags/tutorial.py
[2023-02-16T00:03:21.409+0000] {logging_mixin.py:137} INFO - [2023-02-16T00:03:21.409+0000] {dag.py:2690} INFO - Sync 1 DAGs
[2023-02-16T00:03:21.440+0000] {logging_mixin.py:137} INFO - [2023-02-16T00:03:21.440+0000] {dag.py:3441} INFO - Setting next_dagrun for tutorial to 2023-02-15T00:03:21.440270+00:00, run_after=2023-02-16T00:03:21.440270+00:00
[2023-02-16T00:03:21.475+0000] {processor.py:175} INFO - Processing /home/airflow/.local/lib/python3.7/site-packages/airflow/example_dags/tutorial.py took 0.118 seconds
[2023-02-16T00:03:52.347+0000] {processor.py:153} INFO - Started process (PID=1326) to work on /home/airflow/.local/lib/python3.7/site-packages/airflow/example_dags/tutorial.py
[2023-02-16T00:03:52.348+0000] {processor.py:743} INFO - Processing file /home/airflow/.local/lib/python3.7/site-packages/airflow/example_dags/tutorial.py for tasks to queue
[2023-02-16T00:03:52.349+0000] {logging_mixin.py:137} INFO - [2023-02-16T00:03:52.349+0000] {dagbag.py:538} INFO - Filling up the DagBag from /home/airflow/.local/lib/python3.7/site-packages/airflow/example_dags/tutorial.py
[2023-02-16T00:03:52.365+0000] {processor.py:753} INFO - DAG(s) dict_keys(['tutorial']) retrieved from /home/airflow/.local/lib/python3.7/site-packages/airflow/example_dags/tutorial.py
[2023-02-16T00:03:52.398+0000] {logging_mixin.py:137} INFO - [2023-02-16T00:03:52.397+0000] {dag.py:2690} INFO - Sync 1 DAGs
[2023-02-16T00:03:52.441+0000] {logging_mixin.py:137} INFO - [2023-02-16T00:03:52.440+0000] {dag.py:3441} INFO - Setting next_dagrun for tutorial to 2023-02-15T00:03:52.440699+00:00, run_after=2023-02-16T00:03:52.440699+00:00
[2023-02-16T00:03:52.476+0000] {processor.py:175} INFO - Processing /home/airflow/.local/lib/python3.7/site-packages/airflow/example_dags/tutorial.py took 0.133 seconds
[2023-02-16T00:04:23.376+0000] {processor.py:153} INFO - Started process (PID=1414) to work on /home/airflow/.local/lib/python3.7/site-packages/airflow/example_dags/tutorial.py
[2023-02-16T00:04:23.377+0000] {processor.py:743} INFO - Processing file /home/airflow/.local/lib/python3.7/site-packages/airflow/example_dags/tutorial.py for tasks to queue
[2023-02-16T00:04:23.378+0000] {logging_mixin.py:137} INFO - [2023-02-16T00:04:23.378+0000] {dagbag.py:538} INFO - Filling up the DagBag from /home/airflow/.local/lib/python3.7/site-packages/airflow/example_dags/tutorial.py
[2023-02-16T00:04:23.393+0000] {processor.py:753} INFO - DAG(s) dict_keys(['tutorial']) retrieved from /home/airflow/.local/lib/python3.7/site-packages/airflow/example_dags/tutorial.py
[2023-02-16T00:04:23.429+0000] {logging_mixin.py:137} INFO - [2023-02-16T00:04:23.429+0000] {dag.py:2690} INFO - Sync 1 DAGs
[2023-02-16T00:04:23.470+0000] {logging_mixin.py:137} INFO - [2023-02-16T00:04:23.469+0000] {dag.py:3441} INFO - Setting next_dagrun for tutorial to 2023-02-15T00:04:23.469514+00:00, run_after=2023-02-16T00:04:23.469514+00:00
[2023-02-16T00:04:23.504+0000] {processor.py:175} INFO - Processing /home/airflow/.local/lib/python3.7/site-packages/airflow/example_dags/tutorial.py took 0.131 seconds
[2023-02-16T00:04:54.016+0000] {processor.py:153} INFO - Started process (PID=1488) to work on /home/airflow/.local/lib/python3.7/site-packages/airflow/example_dags/tutorial.py
[2023-02-16T00:04:54.018+0000] {processor.py:743} INFO - Processing file /home/airflow/.local/lib/python3.7/site-packages/airflow/example_dags/tutorial.py for tasks to queue
[2023-02-16T00:04:54.018+0000] {logging_mixin.py:137} INFO - [2023-02-16T00:04:54.018+0000] {dagbag.py:538} INFO - Filling up the DagBag from /home/airflow/.local/lib/python3.7/site-packages/airflow/example_dags/tutorial.py
[2023-02-16T00:04:54.037+0000] {processor.py:753} INFO - DAG(s) dict_keys(['tutorial']) retrieved from /home/airflow/.local/lib/python3.7/site-packages/airflow/example_dags/tutorial.py
[2023-02-16T00:04:54.075+0000] {logging_mixin.py:137} INFO - [2023-02-16T00:04:54.075+0000] {dag.py:2690} INFO - Sync 1 DAGs
[2023-02-16T00:04:54.123+0000] {logging_mixin.py:137} INFO - [2023-02-16T00:04:54.123+0000] {dag.py:3441} INFO - Setting next_dagrun for tutorial to 2023-02-15T00:04:54.123137+00:00, run_after=2023-02-16T00:04:54.123137+00:00
[2023-02-16T00:04:54.160+0000] {processor.py:175} INFO - Processing /home/airflow/.local/lib/python3.7/site-packages/airflow/example_dags/tutorial.py took 0.149 seconds
[2023-02-16T00:05:24.415+0000] {processor.py:153} INFO - Started process (PID=1560) to work on /home/airflow/.local/lib/python3.7/site-packages/airflow/example_dags/tutorial.py
[2023-02-16T00:05:24.416+0000] {processor.py:743} INFO - Processing file /home/airflow/.local/lib/python3.7/site-packages/airflow/example_dags/tutorial.py for tasks to queue
[2023-02-16T00:05:24.417+0000] {logging_mixin.py:137} INFO - [2023-02-16T00:05:24.416+0000] {dagbag.py:538} INFO - Filling up the DagBag from /home/airflow/.local/lib/python3.7/site-packages/airflow/example_dags/tutorial.py
[2023-02-16T00:05:24.435+0000] {processor.py:753} INFO - DAG(s) dict_keys(['tutorial']) retrieved from /home/airflow/.local/lib/python3.7/site-packages/airflow/example_dags/tutorial.py
[2023-02-16T00:05:24.470+0000] {logging_mixin.py:137} INFO - [2023-02-16T00:05:24.470+0000] {dag.py:2690} INFO - Sync 1 DAGs
[2023-02-16T00:05:24.516+0000] {logging_mixin.py:137} INFO - [2023-02-16T00:05:24.516+0000] {dag.py:3441} INFO - Setting next_dagrun for tutorial to 2023-02-15T00:05:24.515994+00:00, run_after=2023-02-16T00:05:24.515994+00:00
[2023-02-16T00:05:24.549+0000] {processor.py:175} INFO - Processing /home/airflow/.local/lib/python3.7/site-packages/airflow/example_dags/tutorial.py took 0.138 seconds
[2023-02-16T00:05:55.452+0000] {processor.py:153} INFO - Started process (PID=1648) to work on /home/airflow/.local/lib/python3.7/site-packages/airflow/example_dags/tutorial.py
[2023-02-16T00:05:55.454+0000] {processor.py:743} INFO - Processing file /home/airflow/.local/lib/python3.7/site-packages/airflow/example_dags/tutorial.py for tasks to queue
[2023-02-16T00:05:55.455+0000] {logging_mixin.py:137} INFO - [2023-02-16T00:05:55.455+0000] {dagbag.py:538} INFO - Filling up the DagBag from /home/airflow/.local/lib/python3.7/site-packages/airflow/example_dags/tutorial.py
[2023-02-16T00:05:55.479+0000] {processor.py:753} INFO - DAG(s) dict_keys(['tutorial']) retrieved from /home/airflow/.local/lib/python3.7/site-packages/airflow/example_dags/tutorial.py
[2023-02-16T00:05:55.524+0000] {logging_mixin.py:137} INFO - [2023-02-16T00:05:55.524+0000] {dag.py:2690} INFO - Sync 1 DAGs
[2023-02-16T00:05:55.573+0000] {logging_mixin.py:137} INFO - [2023-02-16T00:05:55.573+0000] {dag.py:3441} INFO - Setting next_dagrun for tutorial to 2023-02-15T00:05:55.572995+00:00, run_after=2023-02-16T00:05:55.572995+00:00
[2023-02-16T00:05:55.615+0000] {processor.py:175} INFO - Processing /home/airflow/.local/lib/python3.7/site-packages/airflow/example_dags/tutorial.py took 0.168 seconds
[2023-02-16T00:06:26.177+0000] {processor.py:153} INFO - Started process (PID=1720) to work on /home/airflow/.local/lib/python3.7/site-packages/airflow/example_dags/tutorial.py
[2023-02-16T00:06:26.178+0000] {processor.py:743} INFO - Processing file /home/airflow/.local/lib/python3.7/site-packages/airflow/example_dags/tutorial.py for tasks to queue
[2023-02-16T00:06:26.179+0000] {logging_mixin.py:137} INFO - [2023-02-16T00:06:26.179+0000] {dagbag.py:538} INFO - Filling up the DagBag from /home/airflow/.local/lib/python3.7/site-packages/airflow/example_dags/tutorial.py
[2023-02-16T00:06:26.193+0000] {processor.py:753} INFO - DAG(s) dict_keys(['tutorial']) retrieved from /home/airflow/.local/lib/python3.7/site-packages/airflow/example_dags/tutorial.py
[2023-02-16T00:06:26.227+0000] {logging_mixin.py:137} INFO - [2023-02-16T00:06:26.227+0000] {dag.py:2690} INFO - Sync 1 DAGs
[2023-02-16T00:06:26.260+0000] {logging_mixin.py:137} INFO - [2023-02-16T00:06:26.260+0000] {dag.py:3441} INFO - Setting next_dagrun for tutorial to 2023-02-15T00:06:26.260562+00:00, run_after=2023-02-16T00:06:26.260562+00:00
[2023-02-16T00:06:26.291+0000] {processor.py:175} INFO - Processing /home/airflow/.local/lib/python3.7/site-packages/airflow/example_dags/tutorial.py took 0.117 seconds
[2023-02-16T00:08:00.934+0000] {processor.py:153} INFO - Started process (PID=87) to work on /home/airflow/.local/lib/python3.7/site-packages/airflow/example_dags/tutorial.py
[2023-02-16T00:08:00.935+0000] {processor.py:743} INFO - Processing file /home/airflow/.local/lib/python3.7/site-packages/airflow/example_dags/tutorial.py for tasks to queue
[2023-02-16T00:08:00.937+0000] {logging_mixin.py:137} INFO - [2023-02-16T00:08:00.936+0000] {dagbag.py:538} INFO - Filling up the DagBag from /home/airflow/.local/lib/python3.7/site-packages/airflow/example_dags/tutorial.py
[2023-02-16T00:08:00.956+0000] {processor.py:753} INFO - DAG(s) dict_keys(['tutorial']) retrieved from /home/airflow/.local/lib/python3.7/site-packages/airflow/example_dags/tutorial.py
[2023-02-16T00:08:00.988+0000] {logging_mixin.py:137} INFO - [2023-02-16T00:08:00.987+0000] {dag.py:2690} INFO - Sync 1 DAGs
[2023-02-16T00:08:01.032+0000] {logging_mixin.py:137} INFO - [2023-02-16T00:08:01.031+0000] {dag.py:3441} INFO - Setting next_dagrun for tutorial to 2023-02-15T00:08:01.031631+00:00, run_after=2023-02-16T00:08:01.031631+00:00
[2023-02-16T00:08:01.065+0000] {processor.py:175} INFO - Processing /home/airflow/.local/lib/python3.7/site-packages/airflow/example_dags/tutorial.py took 0.135 seconds
[2023-02-16T00:08:31.853+0000] {processor.py:153} INFO - Started process (PID=160) to work on /home/airflow/.local/lib/python3.7/site-packages/airflow/example_dags/tutorial.py
[2023-02-16T00:08:31.855+0000] {processor.py:743} INFO - Processing file /home/airflow/.local/lib/python3.7/site-packages/airflow/example_dags/tutorial.py for tasks to queue
[2023-02-16T00:08:31.856+0000] {logging_mixin.py:137} INFO - [2023-02-16T00:08:31.855+0000] {dagbag.py:538} INFO - Filling up the DagBag from /home/airflow/.local/lib/python3.7/site-packages/airflow/example_dags/tutorial.py
[2023-02-16T00:08:31.873+0000] {processor.py:753} INFO - DAG(s) dict_keys(['tutorial']) retrieved from /home/airflow/.local/lib/python3.7/site-packages/airflow/example_dags/tutorial.py
[2023-02-16T00:08:31.906+0000] {logging_mixin.py:137} INFO - [2023-02-16T00:08:31.906+0000] {dag.py:2690} INFO - Sync 1 DAGs
[2023-02-16T00:08:31.945+0000] {logging_mixin.py:137} INFO - [2023-02-16T00:08:31.945+0000] {dag.py:3441} INFO - Setting next_dagrun for tutorial to 2023-02-15T00:08:31.944885+00:00, run_after=2023-02-16T00:08:31.944885+00:00
[2023-02-16T00:08:31.977+0000] {processor.py:175} INFO - Processing /home/airflow/.local/lib/python3.7/site-packages/airflow/example_dags/tutorial.py took 0.129 seconds
[2023-02-16T00:09:02.557+0000] {processor.py:153} INFO - Started process (PID=248) to work on /home/airflow/.local/lib/python3.7/site-packages/airflow/example_dags/tutorial.py
[2023-02-16T00:09:02.559+0000] {processor.py:743} INFO - Processing file /home/airflow/.local/lib/python3.7/site-packages/airflow/example_dags/tutorial.py for tasks to queue
[2023-02-16T00:09:02.560+0000] {logging_mixin.py:137} INFO - [2023-02-16T00:09:02.560+0000] {dagbag.py:538} INFO - Filling up the DagBag from /home/airflow/.local/lib/python3.7/site-packages/airflow/example_dags/tutorial.py
[2023-02-16T00:09:02.574+0000] {processor.py:753} INFO - DAG(s) dict_keys(['tutorial']) retrieved from /home/airflow/.local/lib/python3.7/site-packages/airflow/example_dags/tutorial.py
[2023-02-16T00:09:02.607+0000] {logging_mixin.py:137} INFO - [2023-02-16T00:09:02.606+0000] {dag.py:2690} INFO - Sync 1 DAGs
[2023-02-16T00:09:02.642+0000] {logging_mixin.py:137} INFO - [2023-02-16T00:09:02.642+0000] {dag.py:3441} INFO - Setting next_dagrun for tutorial to 2023-02-15T00:09:02.641957+00:00, run_after=2023-02-16T00:09:02.641957+00:00
[2023-02-16T00:09:02.673+0000] {processor.py:175} INFO - Processing /home/airflow/.local/lib/python3.7/site-packages/airflow/example_dags/tutorial.py took 0.120 seconds
[2023-02-16T00:09:33.432+0000] {processor.py:153} INFO - Started process (PID=320) to work on /home/airflow/.local/lib/python3.7/site-packages/airflow/example_dags/tutorial.py
[2023-02-16T00:09:33.433+0000] {processor.py:743} INFO - Processing file /home/airflow/.local/lib/python3.7/site-packages/airflow/example_dags/tutorial.py for tasks to queue
[2023-02-16T00:09:33.434+0000] {logging_mixin.py:137} INFO - [2023-02-16T00:09:33.434+0000] {dagbag.py:538} INFO - Filling up the DagBag from /home/airflow/.local/lib/python3.7/site-packages/airflow/example_dags/tutorial.py
[2023-02-16T00:09:33.450+0000] {processor.py:753} INFO - DAG(s) dict_keys(['tutorial']) retrieved from /home/airflow/.local/lib/python3.7/site-packages/airflow/example_dags/tutorial.py
[2023-02-16T00:09:33.480+0000] {logging_mixin.py:137} INFO - [2023-02-16T00:09:33.480+0000] {dag.py:2690} INFO - Sync 1 DAGs
[2023-02-16T00:09:33.515+0000] {logging_mixin.py:137} INFO - [2023-02-16T00:09:33.514+0000] {dag.py:3441} INFO - Setting next_dagrun for tutorial to 2023-02-15T00:09:33.514626+00:00, run_after=2023-02-16T00:09:33.514626+00:00
[2023-02-16T00:09:33.545+0000] {processor.py:175} INFO - Processing /home/airflow/.local/lib/python3.7/site-packages/airflow/example_dags/tutorial.py took 0.116 seconds
[2023-02-16T00:10:04.333+0000] {processor.py:153} INFO - Started process (PID=393) to work on /home/airflow/.local/lib/python3.7/site-packages/airflow/example_dags/tutorial.py
[2023-02-16T00:10:04.335+0000] {processor.py:743} INFO - Processing file /home/airflow/.local/lib/python3.7/site-packages/airflow/example_dags/tutorial.py for tasks to queue
[2023-02-16T00:10:04.336+0000] {logging_mixin.py:137} INFO - [2023-02-16T00:10:04.335+0000] {dagbag.py:538} INFO - Filling up the DagBag from /home/airflow/.local/lib/python3.7/site-packages/airflow/example_dags/tutorial.py
[2023-02-16T00:10:04.355+0000] {processor.py:753} INFO - DAG(s) dict_keys(['tutorial']) retrieved from /home/airflow/.local/lib/python3.7/site-packages/airflow/example_dags/tutorial.py
[2023-02-16T00:10:04.392+0000] {logging_mixin.py:137} INFO - [2023-02-16T00:10:04.392+0000] {dag.py:2690} INFO - Sync 1 DAGs
[2023-02-16T00:10:04.432+0000] {logging_mixin.py:137} INFO - [2023-02-16T00:10:04.431+0000] {dag.py:3441} INFO - Setting next_dagrun for tutorial to 2023-02-15T00:10:04.431603+00:00, run_after=2023-02-16T00:10:04.431603+00:00
[2023-02-16T00:10:04.464+0000] {processor.py:175} INFO - Processing /home/airflow/.local/lib/python3.7/site-packages/airflow/example_dags/tutorial.py took 0.135 seconds
[2023-02-16T00:10:34.958+0000] {processor.py:153} INFO - Started process (PID=481) to work on /home/airflow/.local/lib/python3.7/site-packages/airflow/example_dags/tutorial.py
[2023-02-16T00:10:34.964+0000] {processor.py:743} INFO - Processing file /home/airflow/.local/lib/python3.7/site-packages/airflow/example_dags/tutorial.py for tasks to queue
[2023-02-16T00:10:34.966+0000] {logging_mixin.py:137} INFO - [2023-02-16T00:10:34.966+0000] {dagbag.py:538} INFO - Filling up the DagBag from /home/airflow/.local/lib/python3.7/site-packages/airflow/example_dags/tutorial.py
[2023-02-16T00:10:35.013+0000] {processor.py:753} INFO - DAG(s) dict_keys(['tutorial']) retrieved from /home/airflow/.local/lib/python3.7/site-packages/airflow/example_dags/tutorial.py
[2023-02-16T00:10:35.063+0000] {logging_mixin.py:137} INFO - [2023-02-16T00:10:35.062+0000] {dag.py:2690} INFO - Sync 1 DAGs
[2023-02-16T00:10:35.127+0000] {logging_mixin.py:137} INFO - [2023-02-16T00:10:35.127+0000] {dag.py:3441} INFO - Setting next_dagrun for tutorial to 2023-02-15T00:10:35.126742+00:00, run_after=2023-02-16T00:10:35.126742+00:00
[2023-02-16T00:10:35.175+0000] {processor.py:175} INFO - Processing /home/airflow/.local/lib/python3.7/site-packages/airflow/example_dags/tutorial.py took 0.232 seconds
[2023-02-16T00:11:05.309+0000] {processor.py:153} INFO - Started process (PID=554) to work on /home/airflow/.local/lib/python3.7/site-packages/airflow/example_dags/tutorial.py
[2023-02-16T00:11:05.310+0000] {processor.py:743} INFO - Processing file /home/airflow/.local/lib/python3.7/site-packages/airflow/example_dags/tutorial.py for tasks to queue
[2023-02-16T00:11:05.311+0000] {logging_mixin.py:137} INFO - [2023-02-16T00:11:05.311+0000] {dagbag.py:538} INFO - Filling up the DagBag from /home/airflow/.local/lib/python3.7/site-packages/airflow/example_dags/tutorial.py
[2023-02-16T00:11:05.334+0000] {processor.py:753} INFO - DAG(s) dict_keys(['tutorial']) retrieved from /home/airflow/.local/lib/python3.7/site-packages/airflow/example_dags/tutorial.py
[2023-02-16T00:11:05.372+0000] {logging_mixin.py:137} INFO - [2023-02-16T00:11:05.371+0000] {dag.py:2690} INFO - Sync 1 DAGs
[2023-02-16T00:11:05.415+0000] {logging_mixin.py:137} INFO - [2023-02-16T00:11:05.415+0000] {dag.py:3441} INFO - Setting next_dagrun for tutorial to 2023-02-15T00:11:05.415137+00:00, run_after=2023-02-16T00:11:05.415137+00:00
[2023-02-16T00:11:05.448+0000] {processor.py:175} INFO - Processing /home/airflow/.local/lib/python3.7/site-packages/airflow/example_dags/tutorial.py took 0.144 seconds
[2023-02-16T00:31:36.611+0000] {processor.py:153} INFO - Started process (PID=88) to work on /home/airflow/.local/lib/python3.7/site-packages/airflow/example_dags/tutorial.py
[2023-02-16T00:31:36.621+0000] {processor.py:743} INFO - Processing file /home/airflow/.local/lib/python3.7/site-packages/airflow/example_dags/tutorial.py for tasks to queue
[2023-02-16T00:31:36.622+0000] {logging_mixin.py:137} INFO - [2023-02-16T00:31:36.622+0000] {dagbag.py:538} INFO - Filling up the DagBag from /home/airflow/.local/lib/python3.7/site-packages/airflow/example_dags/tutorial.py
[2023-02-16T00:31:36.643+0000] {processor.py:753} INFO - DAG(s) dict_keys(['tutorial']) retrieved from /home/airflow/.local/lib/python3.7/site-packages/airflow/example_dags/tutorial.py
[2023-02-16T00:31:36.676+0000] {logging_mixin.py:137} INFO - [2023-02-16T00:31:36.675+0000] {dag.py:2690} INFO - Sync 1 DAGs
[2023-02-16T00:31:36.711+0000] {logging_mixin.py:137} INFO - [2023-02-16T00:31:36.711+0000] {dag.py:3441} INFO - Setting next_dagrun for tutorial to 2023-02-15T00:31:36.711468+00:00, run_after=2023-02-16T00:31:36.711468+00:00
[2023-02-16T00:31:36.787+0000] {processor.py:175} INFO - Processing /home/airflow/.local/lib/python3.7/site-packages/airflow/example_dags/tutorial.py took 0.181 seconds
[2023-02-16T00:32:07.520+0000] {processor.py:153} INFO - Started process (PID=160) to work on /home/airflow/.local/lib/python3.7/site-packages/airflow/example_dags/tutorial.py
[2023-02-16T00:32:07.521+0000] {processor.py:743} INFO - Processing file /home/airflow/.local/lib/python3.7/site-packages/airflow/example_dags/tutorial.py for tasks to queue
[2023-02-16T00:32:07.522+0000] {logging_mixin.py:137} INFO - [2023-02-16T00:32:07.521+0000] {dagbag.py:538} INFO - Filling up the DagBag from /home/airflow/.local/lib/python3.7/site-packages/airflow/example_dags/tutorial.py
[2023-02-16T00:32:07.539+0000] {processor.py:753} INFO - DAG(s) dict_keys(['tutorial']) retrieved from /home/airflow/.local/lib/python3.7/site-packages/airflow/example_dags/tutorial.py
[2023-02-16T00:32:07.572+0000] {logging_mixin.py:137} INFO - [2023-02-16T00:32:07.572+0000] {dag.py:2690} INFO - Sync 1 DAGs
[2023-02-16T00:32:07.614+0000] {logging_mixin.py:137} INFO - [2023-02-16T00:32:07.614+0000] {dag.py:3441} INFO - Setting next_dagrun for tutorial to 2023-02-15T00:32:07.614229+00:00, run_after=2023-02-16T00:32:07.614229+00:00
[2023-02-16T00:32:07.647+0000] {processor.py:175} INFO - Processing /home/airflow/.local/lib/python3.7/site-packages/airflow/example_dags/tutorial.py took 0.131 seconds
