[2023-02-15T01:08:19.071+0000] {taskinstance.py:1083} INFO - Dependencies all met for <TaskInstance: my_dag.accurate scheduled__2023-02-14T00:00:00+00:00 [queued]>
[2023-02-15T01:08:19.098+0000] {taskinstance.py:1083} INFO - Dependencies all met for <TaskInstance: my_dag.accurate scheduled__2023-02-14T00:00:00+00:00 [queued]>
[2023-02-15T01:08:19.098+0000] {taskinstance.py:1279} INFO - 
--------------------------------------------------------------------------------
[2023-02-15T01:08:19.099+0000] {taskinstance.py:1280} INFO - Starting attempt 1 of 1
[2023-02-15T01:08:19.099+0000] {taskinstance.py:1281} INFO - 
--------------------------------------------------------------------------------
[2023-02-15T01:08:19.130+0000] {taskinstance.py:1300} INFO - Executing <Task(BashOperator): accurate> on 2023-02-14 00:00:00+00:00
[2023-02-15T01:08:19.137+0000] {standard_task_runner.py:55} INFO - Started process 483 to run task
[2023-02-15T01:08:19.142+0000] {standard_task_runner.py:82} INFO - Running: ['***', 'tasks', 'run', 'my_dag', 'accurate', 'scheduled__2023-02-14T00:00:00+00:00', '--job-id', '9', '--raw', '--subdir', 'DAGS_FOLDER/firts_dag.py', '--cfg-path', '/tmp/tmpfpnk24v8']
[2023-02-15T01:08:19.143+0000] {standard_task_runner.py:83} INFO - Job 9: Subtask accurate
[2023-02-15T01:08:19.257+0000] {task_command.py:388} INFO - Running <TaskInstance: my_dag.accurate scheduled__2023-02-14T00:00:00+00:00 [running]> on host ca65f84028ad
[2023-02-15T01:08:19.383+0000] {taskinstance.py:1509} INFO - Exporting the following env vars:
AIRFLOW_CTX_DAG_OWNER=***
AIRFLOW_CTX_DAG_ID=my_dag
AIRFLOW_CTX_TASK_ID=accurate
AIRFLOW_CTX_EXECUTION_DATE=2023-02-14T00:00:00+00:00
AIRFLOW_CTX_TRY_NUMBER=1
AIRFLOW_CTX_DAG_RUN_ID=scheduled__2023-02-14T00:00:00+00:00
[2023-02-15T01:08:19.385+0000] {subprocess.py:63} INFO - Tmp dir root location: 
 /tmp
[2023-02-15T01:08:19.386+0000] {subprocess.py:75} INFO - Running command: ['/bin/bash', '-c', "echo 'accurate'"]
[2023-02-15T01:08:19.411+0000] {subprocess.py:86} INFO - Output:
[2023-02-15T01:08:19.415+0000] {subprocess.py:93} INFO - accurate
[2023-02-15T01:08:19.416+0000] {subprocess.py:97} INFO - Command exited with return code 0
[2023-02-15T01:08:19.456+0000] {taskinstance.py:1323} INFO - Marking task as SUCCESS. dag_id=my_dag, task_id=accurate, execution_date=20230214T000000, start_date=20230215T010819, end_date=20230215T010819
[2023-02-15T01:08:19.512+0000] {local_task_job.py:208} INFO - Task exited with return code 0
[2023-02-15T01:08:19.557+0000] {taskinstance.py:2578} INFO - 0 downstream tasks scheduled from follow-on schedule check
